2014-10-21 13:14:47|   0.1|  0.1|INFORM|FME 2014 SP2 (20140606 - Build 14338 - WIN32)
2014-10-21 13:14:47|   0.1|  0.0|INFORM|FME_HOME is 'C:\apps\FME\'
2014-10-21 13:14:47|   0.1|  0.0|INFORM|FME ESRI Edition (node locked-crc)
2014-10-21 13:14:47|   0.1|  0.0|INFORM|Serial Number: S0601A0917
2014-10-21 13:14:47|   0.1|  0.0|INFORM|Permanent License.
2014-10-21 13:14:47|   0.1|  0.0|INFORM|Machine host name is: SVV-55247
2014-10-21 13:14:47|   0.1|  0.0|INFORM|START - ProcessID: 3912, peak process memory usage: 49360 kB, current process memory usage: 49360 kB
2014-10-21 13:14:47|   0.1|  0.0|INFORM|FME Configuration: Command line arguments are `C:\apps\FME\fme.exe' `C:/DATA/Standardisering/NVDB/Harmonisering/SOSI-eksempler\wb-xlate-141389008175_3540' `LOG_STANDARDOUT' `YES' `LogCount' `C:\Users\knjetl\AppData\Local\Temp\wb-xlate-counts-141389008180_3540'
2014-10-21 13:14:47|   0.2|  0.1|INFORM|Shared directories for formats are : \\SVV1P04AUSER01\KNJETL$\documents\FME\Formats;C:\apps\FME\datasources
2014-10-21 13:14:47|   0.2|  0.0|INFORM|Shared directories for transformers are : \\SVV1P04AUSER01\KNJETL$\documents\FME\Transformers;C:\apps\FME\transformers
2014-10-21 13:14:47|   0.2|  0.0|INFORM|Shared directories for coordinate systems are : \\SVV1P04AUSER01\KNJETL$\documents\FME\CoordinateSystems
2014-10-21 13:14:47|   0.2|  0.0|INFORM|Shared directories for coordinate system exceptions are : \\SVV1P04AUSER01\KNJETL$\documents\FME\CoordinateSystemExceptions
2014-10-21 13:14:47|   0.2|  0.0|INFORM|Shared directories for coordinate system grid overrides are : \\SVV1P04AUSER01\KNJETL$\documents\FME\CoordinateSystemGridOverrides
2014-10-21 13:14:47|   0.2|  0.0|INFORM|Shared directories for CS-MAP transformation exceptions are : \\SVV1P04AUSER01\KNJETL$\documents\FME\CsmapTransformationExceptions
2014-10-21 13:14:47|   0.2|  0.0|INFORM|Shared directories for transformer categories are : \\SVV1P04AUSER01\KNJETL$\documents\FME\TransformerCategories
2014-10-21 13:14:47|   0.2|  0.0|INFORM|FME Configuration: Reader Keyword is `GDMMAPPERSOSI_1'
2014-10-21 13:14:47|   0.2|  0.0|INFORM|FME Configuration: Writer Keyword is `MULTI_WRITER'
2014-10-21 13:14:47|   0.2|  0.0|INFORM|FME Configuration: Writer Group Definition Keyword is `MULTI_WRITER_DEF'
2014-10-21 13:14:47|   0.2|  0.0|INFORM|FME Configuration: Reader type is `GDMMAPPERSOSI'
2014-10-21 13:14:47|   0.2|  0.0|INFORM|FME Configuration: Writer type is `MULTI_WRITER'
2014-10-21 13:14:47|   0.2|  0.0|INFORM|FME Configuration: No destination coordinate system set
2014-10-21 13:14:47|   0.2|  0.0|INFORM|FME Configuration: Current working directory is `C:\DATA\Standardisering\NVDB\Harmonisering\SOSI-eksempler'
2014-10-21 13:14:47|   0.2|  0.0|INFORM|FME Configuration: Temporary directory is `C:\Users\knjetl\AppData\Local\Temp'
2014-10-21 13:14:47|   0.2|  0.0|INFORM|FME Configuration: FME_HOME is `C:\apps\FME\'
2014-10-21 13:14:47|   0.2|  0.0|INFORM|FME Configuration: FME_BASE is 'no'
2014-10-21 13:14:47|   0.2|  0.0|INFORM|FME Configuration: FME_MF_DIR is 'C:\DATA\Standardisering\NVDB\Harmonisering\SOSI-eksempler/'
2014-10-21 13:14:47|   0.2|  0.0|INFORM|FME Configuration: FME_MF_NAME is 'gdmmappersosi2none.fmw'
2014-10-21 13:14:47|   0.2|  0.0|INFORM|FME Configuration: FME_PRODUCT_NAME is 'FME(R) 2014 SP2'
2014-10-21 13:14:47|   0.2|  0.0|INFORM|System Status: 301491MB of disk space available in the FME temporary directory (C:\Users\knjetl\AppData\Local\Temp\)
2014-10-21 13:14:47|   0.2|  0.0|INFORM|System Status: 3908MB of virtual memory available
2014-10-21 13:14:47|   0.2|  0.0|INFORM|Operating System: Microsoft Windows 7 64-bit Service Pack 1 (Build 7601)
2014-10-21 13:14:47|   0.2|  0.0|INFORM|FME Platform: WIN32
2014-10-21 13:14:47|   0.2|  0.0|INFORM|Locale: nb_NO
2014-10-21 13:14:47|   0.2|  0.0|INFORM|Code Page: 1252  (ANSI - latin I)
2014-10-21 13:14:47|   0.2|  0.0|INFORM|FME Configuration: Process limit is 4095 MB (out of 32673 MB physical memory and 4095 MB address space)
2014-10-21 13:14:47|   0.2|  0.0|INFORM|FME Configuration: Start freeing memory when process usage exceeds 2895 MB of memory or 3495 MB of address space
2014-10-21 13:14:47|   0.2|  0.0|INFORM|FME Configuration: Stop freeing memory when process usage is below 2171 MB of memory and 2621 MB of address space
2014-10-21 13:14:47|   0.2|  0.0|INFORM|FME Configuration: Autodetermining optimal maximum number of objects in memory
2014-10-21 13:14:47|   0.2|  0.0|INFORM|FME Configuration: Reading 5 dataset(s) with GDMMAPPERSOSI reader identified by GDMMAPPERSOSI_1
2014-10-21 13:14:47|   0.3|  0.0|INFORM|MULTI_READER(GDMMAPPERSOSI_1): Will continue past member reader failures
2014-10-21 13:14:47|   0.3|  0.0|INFORM|MULTI_READER(GDMMAPPERSOSI_1): Adding GDMMAPPERSOSI Reader with keyword GDMMAPPERSOSI_1
2014-10-21 13:14:47|   0.3|  0.0|INFORM|Using Multi Reader $Revision: 114961 $ ( $Date: 2014-01-08 16:53:06 -0800 (Wed, 08 Jan 2014) $ ) with keyword `GDMMAPPERSOSI_1' to read multiple datasets
2014-10-21 13:14:47|   0.3|  0.0|INFORM|Trying to find a DYNAMIC plugin for reader named `GDMMAPPERSOSI'
2014-10-21 13:14:47|   0.3|  0.0|INFORM|Loaded module 'GDMMAPPERSOSI' from file 'C:\apps\FME\plugins/gdmmapper\GLFMEReaderWriter.dll'
2014-10-21 13:14:47|   0.3|  0.0|INFORM|FME internal API version is '3.7 20140327'.  The 'GDMMAPPERSOSI' module was built with FME API version '3.7 20131121'
2014-10-21 13:14:47|   0.3|  0.0|INFORM|GDMMapper - Åpner : C:\DATA\Standardisering\NVDB\Harmonisering\SOSI-eksempler\NVDB_Kum_83_mal_33.sos
2014-10-21 13:14:47|   0.3|  0.0|INFORM|Using FFS Reader $Revision: 111206 $ ( $Date: 2013-10-17 15:15:31 -0700 (Thu, 17 Oct 2013) $ ) to read features from FME Feature Stores in directory `C:\Users\knjetl\AppData\Local\Temp\GDMMapper\'
2014-10-21 13:14:47|   0.3|  0.0|STATS |Restoring 19 feature(s) from FME feature store file `C:\Users\knjetl\AppData\Local\Temp\GDMMapper\C-_DATA_Standardisering_NVDB_Harmonisering_SOSI-eksempler_NVDB_Kum_83_mal_33.sos.ffs'
2014-10-21 13:14:47|   0.5|  0.2|INFORM|FME Configuration: Source coordinate system for reader R_1[FFS] set to `EPSG:25833' as read from input data
2014-10-21 13:14:47|   0.5|  0.0|INFORM|Coordinate System `EPSG:25833' parameters: CS_NAME=`ETRS89.UTM-33N' DESC_NM=`Transverse Mercator (ETRS89-TM33)' DT_NAME=`ETRS89/01' GROUP=`UTMN' MAP_SCL=`1' MAX_LAT=`84.5' MAX_LNG=`22.1333333333333' MIN_LAT=`31.05' MIN_LNG=`10.8833333333333' PARM1=`15' PROJ=`TM' QUAD=`1' SCL_RED=`0.9996' SOURCE=`EPSG, V6.3, 25833 [Large and medium scale topographic mappi]' UNIT=`Meter' X_OFF=`500000' Y_OFF=`0.0' ZERO_X=`0.0001' ZERO_Y=`0.0001' 
2014-10-21 13:14:47|   0.5|  0.0|INFORM|Lagrer parmetre til fil : C:\Users\knjetl\AppData\Local\Temp\GDMMapper\C-_DATA_Standardisering_NVDB_Harmonisering_SOSI-eksempler_NVDB_Kum_83_mal_33.sos_RS.prm
2014-10-21 13:14:47|   0.5|  0.0|INFORM|Using MultiWriter $Revision: 59162 $ ( $Date: 2009-04-07 10:04:59 -0700 (Tue, 07 Apr 2009) $ ) with keyword `MULTI_WRITER' to output data (ID_ATTRIBUTE is `multi_writer_id')
2014-10-21 13:14:47|   0.5|  0.0|INFORM|Writer output will be ordered by value of multi_writer_id
2014-10-21 13:14:47|   0.5|  0.0|INFORM|Loaded module 'LogCount_func' from file 'C:\apps\FME\plugins/LogCount_func.dll'
2014-10-21 13:14:47|   0.5|  0.0|INFORM|FME API version of module 'LogCount_func' matches current internal version (3.7 20140327)
2014-10-21 13:14:47|   0.5|  0.0|INFORM|Loaded module 'GMLGeometry_func' from file 'C:\apps\FME\plugins/GMLGeometry_func.dll'
2014-10-21 13:14:47|   0.5|  0.0|INFORM|FME API version of module 'GMLGeometry_func' matches current internal version (3.7 20140327)
2014-10-21 13:14:47|   0.6|  0.0|INFORM|Using FFS Reader $Revision: 111206 $ ( $Date: 2013-10-17 15:15:31 -0700 (Thu, 17 Oct 2013) $ ) to read features from FME Feature Stores in directory `C:\Users\knjetl\AppData\Local\Temp\GDMMapper\'
2014-10-21 13:14:47|   0.6|  0.0|STATS |Restoring 19 feature(s) from FME feature store file `C:\Users\knjetl\AppData\Local\Temp\GDMMapper\C-_DATA_Standardisering_NVDB_Harmonisering_SOSI-eksempler_NVDB_Kum_83_mal_33.sos.ffs'
2014-10-21 13:14:47|   0.6|  0.0|INFORM|FME Configuration: Source coordinate system for reader R_2[FFS] set to `EPSG:25833' as read from input data
2014-10-21 13:14:47|   0.6|  0.0|INFORM|Coordinate System `EPSG:25833' parameters: CS_NAME=`ETRS89.UTM-33N' DESC_NM=`Transverse Mercator (ETRS89-TM33)' DT_NAME=`ETRS89/01' GROUP=`UTMN' MAP_SCL=`1' MAX_LAT=`84.5' MAX_LNG=`22.1333333333333' MIN_LAT=`31.05' MIN_LNG=`10.8833333333333' PARM1=`15' PROJ=`TM' QUAD=`1' SCL_RED=`0.9996' SOURCE=`EPSG, V6.3, 25833 [Large and medium scale topographic mappi]' UNIT=`Meter' X_OFF=`500000' Y_OFF=`0.0' ZERO_X=`0.0001' ZERO_Y=`0.0001' 
2014-10-21 13:14:47|   0.6|  0.0|INFORM|FME Configuration: Source coordinate system for reader GDMMAPPERSOSI_1[GDMMAPPERSOSI] set to `EPSG:25833' as read from input data
2014-10-21 13:14:47|   0.6|  0.0|INFORM|Coordinate System `EPSG:25833' parameters: CS_NAME=`ETRS89.UTM-33N' DESC_NM=`Transverse Mercator (ETRS89-TM33)' DT_NAME=`ETRS89/01' GROUP=`UTMN' MAP_SCL=`1' MAX_LAT=`84.5' MAX_LNG=`22.1333333333333' MIN_LAT=`31.05' MIN_LNG=`10.8833333333333' PARM1=`15' PROJ=`TM' QUAD=`1' SCL_RED=`0.9996' SOURCE=`EPSG, V6.3, 25833 [Large and medium scale topographic mappi]' UNIT=`Meter' X_OFF=`500000' Y_OFF=`0.0' ZERO_X=`0.0001' ZERO_Y=`0.0001' 
2014-10-21 13:14:47|   0.6|  0.0|INFORM|GDMMapper - Lukker : C:\DATA\STANDARDISERING\NVDB\HARMONISERING\SOSI-EKSEMPLER\NVDB_KUM_83_MAL_33.SOS
2014-10-21 13:14:47|   0.6|  0.0|INFORM|Trying to find a DYNAMIC plugin for reader named `GDMMAPPERSOSI'
2014-10-21 13:14:47|   0.6|  0.0|INFORM|FME internal API version is '3.7 20140327'.  The 'GDMMAPPERSOSI' module was built with FME API version '3.7 20131121'
2014-10-21 13:14:47|   0.6|  0.0|INFORM|GDMMapper - Åpner : C:\DATA\Standardisering\NVDB\Harmonisering\SOSI-eksempler\Nye_veiobjekter_på_driftskontrakt_1603_Stikkrenne-Kulvert_79.sos
2014-10-21 13:14:47|   0.6|  0.0|INFORM|Using FFS Reader $Revision: 111206 $ ( $Date: 2013-10-17 15:15:31 -0700 (Thu, 17 Oct 2013) $ ) to read features from FME Feature Stores in directory `C:\Users\knjetl\AppData\Local\Temp\GDMMapper\'
2014-10-21 13:14:47|   0.6|  0.0|STATS |Restoring 30 feature(s) from FME feature store file `C:\Users\knjetl\AppData\Local\Temp\GDMMapper\C-_DATA_Standardisering_NVDB_Harmonisering_SOSI-eksempler_Nye_veiobjekter_på_driftskontrakt_1603_Stikkrenne-Kulvert_79.sos.ffs'
2014-10-21 13:14:47|   0.6|  0.0|INFORM|FME Configuration: Source coordinate system for reader R_3[FFS] set to `EPSG:25833' as read from input data
2014-10-21 13:14:47|   0.6|  0.0|INFORM|Coordinate System `EPSG:25833' parameters: CS_NAME=`ETRS89.UTM-33N' DESC_NM=`Transverse Mercator (ETRS89-TM33)' DT_NAME=`ETRS89/01' GROUP=`UTMN' MAP_SCL=`1' MAX_LAT=`84.5' MAX_LNG=`22.1333333333333' MIN_LAT=`31.05' MIN_LNG=`10.8833333333333' PARM1=`15' PROJ=`TM' QUAD=`1' SCL_RED=`0.9996' SOURCE=`EPSG, V6.3, 25833 [Large and medium scale topographic mappi]' UNIT=`Meter' X_OFF=`500000' Y_OFF=`0.0' ZERO_X=`0.0001' ZERO_Y=`0.0001' 
2014-10-21 13:14:47|   0.6|  0.0|INFORM|Lagrer parmetre til fil : C:\Users\knjetl\AppData\Local\Temp\GDMMapper\C-_DATA_Standardisering_NVDB_Harmonisering_SOSI-eksempler_Nye_veiobjekter_på_driftskontrakt_1603_Stikkrenne-Kulvert_79.sos_RS.prm
2014-10-21 13:14:47|   0.6|  0.0|INFORM|Using FFS Reader $Revision: 111206 $ ( $Date: 2013-10-17 15:15:31 -0700 (Thu, 17 Oct 2013) $ ) to read features from FME Feature Stores in directory `C:\Users\knjetl\AppData\Local\Temp\GDMMapper\'
2014-10-21 13:14:47|   0.6|  0.0|STATS |Restoring 30 feature(s) from FME feature store file `C:\Users\knjetl\AppData\Local\Temp\GDMMapper\C-_DATA_Standardisering_NVDB_Harmonisering_SOSI-eksempler_Nye_veiobjekter_på_driftskontrakt_1603_Stikkrenne-Kulvert_79.sos.ffs'
2014-10-21 13:14:47|   0.6|  0.0|INFORM|FME Configuration: Source coordinate system for reader R_4[FFS] set to `EPSG:25833' as read from input data
2014-10-21 13:14:47|   0.6|  0.0|INFORM|Coordinate System `EPSG:25833' parameters: CS_NAME=`ETRS89.UTM-33N' DESC_NM=`Transverse Mercator (ETRS89-TM33)' DT_NAME=`ETRS89/01' GROUP=`UTMN' MAP_SCL=`1' MAX_LAT=`84.5' MAX_LNG=`22.1333333333333' MIN_LAT=`31.05' MIN_LNG=`10.8833333333333' PARM1=`15' PROJ=`TM' QUAD=`1' SCL_RED=`0.9996' SOURCE=`EPSG, V6.3, 25833 [Large and medium scale topographic mappi]' UNIT=`Meter' X_OFF=`500000' Y_OFF=`0.0' ZERO_X=`0.0001' ZERO_Y=`0.0001' 
2014-10-21 13:14:47|   0.6|  0.0|INFORM|FME Configuration: Source coordinate system for reader GDMMAPPERSOSI_1[GDMMAPPERSOSI] set to `EPSG:25833' as read from input data
2014-10-21 13:14:47|   0.6|  0.0|INFORM|Coordinate System `EPSG:25833' parameters: CS_NAME=`ETRS89.UTM-33N' DESC_NM=`Transverse Mercator (ETRS89-TM33)' DT_NAME=`ETRS89/01' GROUP=`UTMN' MAP_SCL=`1' MAX_LAT=`84.5' MAX_LNG=`22.1333333333333' MIN_LAT=`31.05' MIN_LNG=`10.8833333333333' PARM1=`15' PROJ=`TM' QUAD=`1' SCL_RED=`0.9996' SOURCE=`EPSG, V6.3, 25833 [Large and medium scale topographic mappi]' UNIT=`Meter' X_OFF=`500000' Y_OFF=`0.0' ZERO_X=`0.0001' ZERO_Y=`0.0001' 
2014-10-21 13:14:47|   0.6|  0.0|INFORM|GDMMapper - Lukker : C:\DATA\STANDARDISERING\NVDB\HARMONISERING\SOSI-EKSEMPLER\NYE_VEIOBJEKTER_PÅ_DRIFTSKONTRAKT_1603_STIKKRENNE-KULVERT_79.SOS
2014-10-21 13:14:47|   0.6|  0.0|INFORM|Trying to find a DYNAMIC plugin for reader named `GDMMAPPERSOSI'
2014-10-21 13:14:47|   0.6|  0.0|INFORM|FME internal API version is '3.7 20140327'.  The 'GDMMAPPERSOSI' module was built with FME API version '3.7 20131121'
2014-10-21 13:14:47|   0.6|  0.0|INFORM|GDMMapper - Åpner : C:\DATA\Standardisering\NVDB\Harmonisering\SOSI-eksempler\RV150_NVDB_Kantstein_9_Tunnel_UTM32.sos
2014-10-21 13:14:47|   0.6|  0.0|INFORM|Using FFS Reader $Revision: 111206 $ ( $Date: 2013-10-17 15:15:31 -0700 (Thu, 17 Oct 2013) $ ) to read features from FME Feature Stores in directory `C:\Users\knjetl\AppData\Local\Temp\GDMMapper\'
2014-10-21 13:14:47|   0.6|  0.0|STATS |Restoring 10 feature(s) from FME feature store file `C:\Users\knjetl\AppData\Local\Temp\GDMMapper\C-_DATA_Standardisering_NVDB_Harmonisering_SOSI-eksempler_RV150_NVDB_Kantstein_9_Tunnel_UTM32.sos.ffs'
2014-10-21 13:14:47|   0.6|  0.0|INFORM|FME Configuration: Source coordinate system for reader R_5[FFS] set to `EPSG:25832' as read from input data
2014-10-21 13:14:47|   0.6|  0.0|INFORM|Coordinate System `EPSG:25832' parameters: CS_NAME=`ETRS89.UTM-32N' DESC_NM=`Transverse Mercator (ETRS89-TM32)' DT_NAME=`ETRS89/01' GROUP=`UTMN' MAP_SCL=`1' MAX_LAT=`66.45' MAX_LNG=`12.8666666666667' MIN_LAT=`57.1166666666667' MIN_LNG=`4.18333333333333' PARM1=`9' PROJ=`TM' QUAD=`1' SCL_RED=`0.9996' SOURCE=`EPSG, V6.3, 25832 [Large and medium scale topographic mappi]' UNIT=`Meter' X_OFF=`500000' Y_OFF=`0.0' ZERO_X=`0.0001' ZERO_Y=`0.0001' 
2014-10-21 13:14:47|   0.6|  0.0|INFORM|Lagrer parmetre til fil : C:\Users\knjetl\AppData\Local\Temp\GDMMapper\C-_DATA_Standardisering_NVDB_Harmonisering_SOSI-eksempler_RV150_NVDB_Kantstein_9_Tunnel_UTM32.sos_RS.prm
2014-10-21 13:14:47|   0.6|  0.0|INFORM|Using FFS Reader $Revision: 111206 $ ( $Date: 2013-10-17 15:15:31 -0700 (Thu, 17 Oct 2013) $ ) to read features from FME Feature Stores in directory `C:\Users\knjetl\AppData\Local\Temp\GDMMapper\'
2014-10-21 13:14:47|   0.6|  0.0|STATS |Restoring 10 feature(s) from FME feature store file `C:\Users\knjetl\AppData\Local\Temp\GDMMapper\C-_DATA_Standardisering_NVDB_Harmonisering_SOSI-eksempler_RV150_NVDB_Kantstein_9_Tunnel_UTM32.sos.ffs'
2014-10-21 13:14:47|   0.6|  0.0|INFORM|FME Configuration: Source coordinate system for reader R_6[FFS] set to `EPSG:25832' as read from input data
2014-10-21 13:14:47|   0.6|  0.0|INFORM|Coordinate System `EPSG:25832' parameters: CS_NAME=`ETRS89.UTM-32N' DESC_NM=`Transverse Mercator (ETRS89-TM32)' DT_NAME=`ETRS89/01' GROUP=`UTMN' MAP_SCL=`1' MAX_LAT=`66.45' MAX_LNG=`12.8666666666667' MIN_LAT=`57.1166666666667' MIN_LNG=`4.18333333333333' PARM1=`9' PROJ=`TM' QUAD=`1' SCL_RED=`0.9996' SOURCE=`EPSG, V6.3, 25832 [Large and medium scale topographic mappi]' UNIT=`Meter' X_OFF=`500000' Y_OFF=`0.0' ZERO_X=`0.0001' ZERO_Y=`0.0001' 
2014-10-21 13:14:47|   0.6|  0.0|INFORM|FME Configuration: Source coordinate system for reader GDMMAPPERSOSI_1[GDMMAPPERSOSI] set to `EPSG:25832' as read from input data
2014-10-21 13:14:47|   0.6|  0.0|INFORM|Coordinate System `EPSG:25832' parameters: CS_NAME=`ETRS89.UTM-32N' DESC_NM=`Transverse Mercator (ETRS89-TM32)' DT_NAME=`ETRS89/01' GROUP=`UTMN' MAP_SCL=`1' MAX_LAT=`66.45' MAX_LNG=`12.8666666666667' MIN_LAT=`57.1166666666667' MIN_LNG=`4.18333333333333' PARM1=`9' PROJ=`TM' QUAD=`1' SCL_RED=`0.9996' SOURCE=`EPSG, V6.3, 25832 [Large and medium scale topographic mappi]' UNIT=`Meter' X_OFF=`500000' Y_OFF=`0.0' ZERO_X=`0.0001' ZERO_Y=`0.0001' 
2014-10-21 13:14:47|   0.6|  0.0|INFORM|GDMMapper - Lukker : C:\DATA\STANDARDISERING\NVDB\HARMONISERING\SOSI-EKSEMPLER\RV150_NVDB_KANTSTEIN_9_TUNNEL_UTM32.SOS
2014-10-21 13:14:47|   0.6|  0.0|INFORM|Trying to find a DYNAMIC plugin for reader named `GDMMAPPERSOSI'
2014-10-21 13:14:47|   0.6|  0.0|INFORM|FME internal API version is '3.7 20140327'.  The 'GDMMAPPERSOSI' module was built with FME API version '3.7 20131121'
2014-10-21 13:14:47|   0.6|  0.0|INFORM|GDMMapper - Åpner : C:\DATA\Standardisering\NVDB\Harmonisering\SOSI-eksempler\RV150_NVDB_Nødstasjon_500_UTM32.sos
2014-10-21 13:14:47|   0.6|  0.0|INFORM|Using FFS Reader $Revision: 111206 $ ( $Date: 2013-10-17 15:15:31 -0700 (Thu, 17 Oct 2013) $ ) to read features from FME Feature Stores in directory `C:\Users\knjetl\AppData\Local\Temp\GDMMapper\'
2014-10-21 13:14:47|   0.6|  0.0|STATS |Restoring 29 feature(s) from FME feature store file `C:\Users\knjetl\AppData\Local\Temp\GDMMapper\C-_DATA_Standardisering_NVDB_Harmonisering_SOSI-eksempler_RV150_NVDB_Nødstasjon_500_UTM32.sos.ffs'
2014-10-21 13:14:47|   0.6|  0.0|INFORM|FME Configuration: Source coordinate system for reader R_7[FFS] set to `EPSG:25832' as read from input data
2014-10-21 13:14:47|   0.6|  0.0|INFORM|Coordinate System `EPSG:25832' parameters: CS_NAME=`ETRS89.UTM-32N' DESC_NM=`Transverse Mercator (ETRS89-TM32)' DT_NAME=`ETRS89/01' GROUP=`UTMN' MAP_SCL=`1' MAX_LAT=`66.45' MAX_LNG=`12.8666666666667' MIN_LAT=`57.1166666666667' MIN_LNG=`4.18333333333333' PARM1=`9' PROJ=`TM' QUAD=`1' SCL_RED=`0.9996' SOURCE=`EPSG, V6.3, 25832 [Large and medium scale topographic mappi]' UNIT=`Meter' X_OFF=`500000' Y_OFF=`0.0' ZERO_X=`0.0001' ZERO_Y=`0.0001' 
2014-10-21 13:14:47|   0.6|  0.0|INFORM|Lagrer parmetre til fil : C:\Users\knjetl\AppData\Local\Temp\GDMMapper\C-_DATA_Standardisering_NVDB_Harmonisering_SOSI-eksempler_RV150_NVDB_Nødstasjon_500_UTM32.sos_RS.prm
2014-10-21 13:14:47|   0.6|  0.0|INFORM|Using FFS Reader $Revision: 111206 $ ( $Date: 2013-10-17 15:15:31 -0700 (Thu, 17 Oct 2013) $ ) to read features from FME Feature Stores in directory `C:\Users\knjetl\AppData\Local\Temp\GDMMapper\'
2014-10-21 13:14:47|   0.7|  0.0|STATS |Restoring 29 feature(s) from FME feature store file `C:\Users\knjetl\AppData\Local\Temp\GDMMapper\C-_DATA_Standardisering_NVDB_Harmonisering_SOSI-eksempler_RV150_NVDB_Nødstasjon_500_UTM32.sos.ffs'
2014-10-21 13:14:47|   0.7|  0.0|INFORM|FME Configuration: Source coordinate system for reader R_8[FFS] set to `EPSG:25832' as read from input data
2014-10-21 13:14:47|   0.7|  0.0|INFORM|Coordinate System `EPSG:25832' parameters: CS_NAME=`ETRS89.UTM-32N' DESC_NM=`Transverse Mercator (ETRS89-TM32)' DT_NAME=`ETRS89/01' GROUP=`UTMN' MAP_SCL=`1' MAX_LAT=`66.45' MAX_LNG=`12.8666666666667' MIN_LAT=`57.1166666666667' MIN_LNG=`4.18333333333333' PARM1=`9' PROJ=`TM' QUAD=`1' SCL_RED=`0.9996' SOURCE=`EPSG, V6.3, 25832 [Large and medium scale topographic mappi]' UNIT=`Meter' X_OFF=`500000' Y_OFF=`0.0' ZERO_X=`0.0001' ZERO_Y=`0.0001' 
2014-10-21 13:14:47|   0.7|  0.0|INFORM|FME Configuration: Source coordinate system for reader GDMMAPPERSOSI_1[GDMMAPPERSOSI] set to `EPSG:25832' as read from input data
2014-10-21 13:14:47|   0.7|  0.0|INFORM|Coordinate System `EPSG:25832' parameters: CS_NAME=`ETRS89.UTM-32N' DESC_NM=`Transverse Mercator (ETRS89-TM32)' DT_NAME=`ETRS89/01' GROUP=`UTMN' MAP_SCL=`1' MAX_LAT=`66.45' MAX_LNG=`12.8666666666667' MIN_LAT=`57.1166666666667' MIN_LNG=`4.18333333333333' PARM1=`9' PROJ=`TM' QUAD=`1' SCL_RED=`0.9996' SOURCE=`EPSG, V6.3, 25832 [Large and medium scale topographic mappi]' UNIT=`Meter' X_OFF=`500000' Y_OFF=`0.0' ZERO_X=`0.0001' ZERO_Y=`0.0001' 
2014-10-21 13:14:47|   0.7|  0.0|INFORM|Trying to find a DYNAMIC plugin for reader named `XLSXR'
2014-10-21 13:14:47|   0.7|  0.0|INFORM|Loaded module 'XLSXR' from file 'C:\apps\FME\plugins/xlsx2.dll'
2014-10-21 13:14:47|   0.7|  0.0|INFORM|FME API version of module 'XLSXR' matches current internal version (3.7 20140327)
2014-10-21 13:14:47|   0.7|  0.0|INFORM|XLSX Reader: Output cell formulas: 'false'
2014-10-21 13:14:47|   0.7|  0.0|INFORM|XLSX Reader: Output cell comments: 'false'
2014-10-21 13:14:47|   0.7|  0.0|INFORM|XLSX Reader: Opening dataset 'C:\DATA\Standardisering\NVDB\NVDB Datakatalogen\Excel\ConvFT.xlsx'...
2014-10-21 13:14:47|   0.7|  0.0|INFORM|XLSX Reader: Dataset 'C:\DATA\Standardisering\NVDB\NVDB Datakatalogen\Excel\ConvFT.xlsx' will use the settings from the Reader Settings GUI, as it is the file looked at by the user
2014-10-21 13:14:47|   0.7|  0.0|INFORM|XLSX Reader: Reading feature type 'ConvFT/ConvFT'...
2014-10-21 13:14:47|   0.7|  0.0|INFORM|XLSX Reader: Feature Type 'ConvFT/ConvFT' range: Start Row '2', Start Column '1', End Row '362', End Column '7'
2014-10-21 13:14:47|   0.7|  0.0|INFORM|XLSX Reader: Closing dataset 'C:\DATA\Standardisering\NVDB\NVDB Datakatalogen\Excel\ConvFT.xlsx'...
2014-10-21 13:14:47|   0.7|  0.0|INFORM|Trying to find a DYNAMIC plugin for reader named `XLSXR'
2014-10-21 13:14:47|   0.7|  0.0|INFORM|FME API version of module 'XLSXR' matches current internal version (3.7 20140327)
2014-10-21 13:14:47|   0.7|  0.0|INFORM|XLSX Reader: Output cell formulas: 'false'
2014-10-21 13:14:47|   0.7|  0.0|INFORM|XLSX Reader: Output cell comments: 'false'
2014-10-21 13:14:47|   0.7|  0.0|INFORM|XLSX Reader: Opening dataset 'C:\DATA\Standardisering\NVDB\NVDB Datakatalogen\Excel\ConvAT.xlsx'...
2014-10-21 13:14:48|   0.9|  0.2|INFORM|XLSX Reader: Dataset 'C:\DATA\Standardisering\NVDB\NVDB Datakatalogen\Excel\ConvAT.xlsx' will use the settings from the Reader Settings GUI, as it is the file looked at by the user
2014-10-21 13:14:48|   0.9|  0.0|INFORM|XLSX Reader: Reading feature type 'ConvAT/ConvAT'...
2014-10-21 13:14:48|   0.9|  0.0|INFORM|XLSX Reader: Feature Type 'ConvAT/ConvAT' range: Start Row '2', Start Column '1', End Row '3573', End Column '6'
2014-10-21 13:14:48|   1.0|  0.1|INFORM|XLSX Reader: Closing dataset 'C:\DATA\Standardisering\NVDB\NVDB Datakatalogen\Excel\ConvAT.xlsx'...
2014-10-21 13:14:48|   1.0|  0.0|STATS |Storing feature(s) to FME feature store file `C:\Users\knjetl\AppData\Local\Temp\gdmmappersosi2none_131446\inspector.ffs'
2014-10-21 13:14:48|   1.0|  0.0|STATS |Storing feature(s) to FME feature store file `C:\Users\knjetl\AppData\Local\Temp\gdmmappersosi2none_131446\inspector.fsc'
2014-10-21 13:14:48|   1.0|  0.0|INFORM|Trying to find a DYNAMIC plugin for reader named `CSV'
2014-10-21 13:14:48|   1.0|  0.0|INFORM|Loaded module 'CSV' from file 'C:\apps\FME\plugins/CSV.dll'
2014-10-21 13:14:48|   1.0|  0.0|INFORM|FME API version of module 'CSV' matches current internal version (3.7 20140327)
2014-10-21 13:14:48|   1.0|  0.0|INFORM|CSV Reader: Opening CSV files in directory `C:\DATA\Standardisering\NVDB\NVDB Datakatalogen\Excel/\'
2014-10-21 13:14:48|   1.0|  0.0|INFORM|CSV Reader: Separator Character: ';'
2014-10-21 13:14:48|   1.0|  0.0|INFORM|CSV Reader: Skip Duplicate Delimiters: no
2014-10-21 13:14:48|   1.0|  0.0|INFORM|CSV Reader: Strip Quotes From Fields: yes
2014-10-21 13:14:48|   1.0|  0.0|INFORM|CSV Reader: File Has Field Names: yes
2014-10-21 13:14:48|   1.0|  0.0|INFORM|CSV Reader: Field Names Follow Header: no
2014-10-21 13:14:48|   1.0|  0.0|INFORM|CSV Reader: Number of Lines to Skip: 1
2014-10-21 13:14:48|   1.0|  0.0|INFORM|CSV Reader: Number of Footer Lines to Skip: 0
2014-10-21 13:14:48|   1.0|  0.0|INFORM|CSV Reader: Encoding name ''
2014-10-21 13:14:48|   1.0|  0.0|INFORM|CSV Reader: Allowing Spaces in Column Names: yes
2014-10-21 13:14:48|   1.0|  0.0|INFORM|CSV Reader: Max features to scan for schema: 10000
2014-10-21 13:14:48|   1.0|  0.0|INFORM|CSV Reader: Feature type names from file names: no
2014-10-21 13:14:48|   1.0|  0.0|INFORM|CSV Reader: Opening dataset 'C:\DATA\Standardisering\NVDB\NVDB Datakatalogen\Excel\ConvCL.txt'
2014-10-21 13:14:48|   1.0|  0.0|INFORM|Using Tabular Reader $Revision: 112537 $ ( $Date: 2013-11-21 15:01:44 -0800 (Thu, 21 Nov 2013) $ ) to read files from directory `C:\DATA\Standardisering\NVDB\NVDB Datakatalogen\Excel'
2014-10-21 13:14:48|   1.0|  0.0|INFORM|Stripping quotes around fields in CSV File `C:\DATA\Standardisering\NVDB\NVDB Datakatalogen\Excel\ConvCL.txt'
2014-10-21 13:14:48|   1.0|  0.0|INFORM|Opened Separated Value File C:\DATA\Standardisering\NVDB\NVDB Datakatalogen\Excel\ConvCL.txt for input with delimiter `;'
2014-10-21 13:14:48|   1.0|  0.0|INFORM|Skipped line `Object_ID;t_object_Name;AT_ID;t_attribute_Name;TV_ID' in CSV File `C:\DATA\Standardisering\NVDB\NVDB Datakatalogen\Excel\ConvCL.txt'
2014-10-21 13:14:48|   1.1|  0.1|INFORM|CSV Reader: Closing dataset 'C:\DATA\Standardisering\NVDB\NVDB Datakatalogen\Excel\ConvCL.txt'
2014-10-21 13:14:48|   1.1|  0.0|INFORM|CSV Reader: Done reading CSV files in directory `C:\DATA\Standardisering\NVDB\NVDB Datakatalogen\Excel/\'
2014-10-21 13:14:48|   1.4|  0.3|INFORM|GDMMapper - Lukker : C:\DATA\STANDARDISERING\NVDB\HARMONISERING\SOSI-EKSEMPLER\RV150_NVDB_NØDSTASJON_500_UTM32.SOS
2014-10-21 13:14:48|   1.4|  0.0|INFORM|Trying to find a DYNAMIC plugin for reader named `GDMMAPPERSOSI'
2014-10-21 13:14:48|   1.4|  0.0|INFORM|FME internal API version is '3.7 20140327'.  The 'GDMMAPPERSOSI' module was built with FME API version '3.7 20131121'
2014-10-21 13:14:48|   1.4|  0.0|INFORM|GDMMapper - Åpner : C:\DATA\Standardisering\NVDB\Harmonisering\SOSI-eksempler\RV150_NVDB_Temperaturmåler_463_UTM32.sos
2014-10-21 13:14:48|   1.4|  0.0|INFORM|Using FFS Reader $Revision: 111206 $ ( $Date: 2013-10-17 15:15:31 -0700 (Thu, 17 Oct 2013) $ ) to read features from FME Feature Stores in directory `C:\Users\knjetl\AppData\Local\Temp\GDMMapper\'
2014-10-21 13:14:48|   1.4|  0.0|STATS |Restoring 4 feature(s) from FME feature store file `C:\Users\knjetl\AppData\Local\Temp\GDMMapper\C-_DATA_Standardisering_NVDB_Harmonisering_SOSI-eksempler_RV150_NVDB_Temperaturmåler_463_UTM32.sos.ffs'
2014-10-21 13:14:48|   1.4|  0.0|INFORM|FME Configuration: Source coordinate system for reader R_13[FFS] set to `EPSG:25832' as read from input data
2014-10-21 13:14:48|   1.4|  0.0|INFORM|Coordinate System `EPSG:25832' parameters: CS_NAME=`ETRS89.UTM-32N' DESC_NM=`Transverse Mercator (ETRS89-TM32)' DT_NAME=`ETRS89/01' GROUP=`UTMN' MAP_SCL=`1' MAX_LAT=`66.45' MAX_LNG=`12.8666666666667' MIN_LAT=`57.1166666666667' MIN_LNG=`4.18333333333333' PARM1=`9' PROJ=`TM' QUAD=`1' SCL_RED=`0.9996' SOURCE=`EPSG, V6.3, 25832 [Large and medium scale topographic mappi]' UNIT=`Meter' X_OFF=`500000' Y_OFF=`0.0' ZERO_X=`0.0001' ZERO_Y=`0.0001' 
2014-10-21 13:14:48|   1.4|  0.0|INFORM|Lagrer parmetre til fil : C:\Users\knjetl\AppData\Local\Temp\GDMMapper\C-_DATA_Standardisering_NVDB_Harmonisering_SOSI-eksempler_RV150_NVDB_Temperaturmåler_463_UTM32.sos_RS.prm
2014-10-21 13:14:48|   1.4|  0.0|INFORM|Using FFS Reader $Revision: 111206 $ ( $Date: 2013-10-17 15:15:31 -0700 (Thu, 17 Oct 2013) $ ) to read features from FME Feature Stores in directory `C:\Users\knjetl\AppData\Local\Temp\GDMMapper\'
2014-10-21 13:14:48|   1.4|  0.0|STATS |Restoring 4 feature(s) from FME feature store file `C:\Users\knjetl\AppData\Local\Temp\GDMMapper\C-_DATA_Standardisering_NVDB_Harmonisering_SOSI-eksempler_RV150_NVDB_Temperaturmåler_463_UTM32.sos.ffs'
2014-10-21 13:14:48|   1.4|  0.0|INFORM|FME Configuration: Source coordinate system for reader R_14[FFS] set to `EPSG:25832' as read from input data
2014-10-21 13:14:48|   1.4|  0.0|INFORM|Coordinate System `EPSG:25832' parameters: CS_NAME=`ETRS89.UTM-32N' DESC_NM=`Transverse Mercator (ETRS89-TM32)' DT_NAME=`ETRS89/01' GROUP=`UTMN' MAP_SCL=`1' MAX_LAT=`66.45' MAX_LNG=`12.8666666666667' MIN_LAT=`57.1166666666667' MIN_LNG=`4.18333333333333' PARM1=`9' PROJ=`TM' QUAD=`1' SCL_RED=`0.9996' SOURCE=`EPSG, V6.3, 25832 [Large and medium scale topographic mappi]' UNIT=`Meter' X_OFF=`500000' Y_OFF=`0.0' ZERO_X=`0.0001' ZERO_Y=`0.0001' 
2014-10-21 13:14:48|   1.4|  0.0|INFORM|FME Configuration: Source coordinate system for reader GDMMAPPERSOSI_1[GDMMAPPERSOSI] set to `EPSG:25832' as read from input data
2014-10-21 13:14:48|   1.4|  0.0|INFORM|Coordinate System `EPSG:25832' parameters: CS_NAME=`ETRS89.UTM-32N' DESC_NM=`Transverse Mercator (ETRS89-TM32)' DT_NAME=`ETRS89/01' GROUP=`UTMN' MAP_SCL=`1' MAX_LAT=`66.45' MAX_LNG=`12.8666666666667' MIN_LAT=`57.1166666666667' MIN_LNG=`4.18333333333333' PARM1=`9' PROJ=`TM' QUAD=`1' SCL_RED=`0.9996' SOURCE=`EPSG, V6.3, 25832 [Large and medium scale topographic mappi]' UNIT=`Meter' X_OFF=`500000' Y_OFF=`0.0' ZERO_X=`0.0001' ZERO_Y=`0.0001' 
2014-10-21 13:14:48|   1.4|  0.0|INFORM|GDMMapper - Lukker : C:\DATA\STANDARDISERING\NVDB\HARMONISERING\SOSI-EKSEMPLER\RV150_NVDB_TEMPERATURMÅLER_463_UTM32.SOS
2014-10-21 13:14:48|   1.4|  0.0|INFORM|MULTI_READER(GDMMAPPERSOSI_1): Done reading 92 features from 5 readers
2014-10-21 13:14:48|   1.4|  0.0|INFORM|Emptying factory pipeline
2014-10-21 13:14:48|   1.4|  0.0|STATS |Unexpected Input Remover(TestFactory): Tested 92 input feature(s) -- 29 feature(s) passed and 63 feature(s) failed
2014-10-21 13:14:48|   1.4|  0.0|STATS |Unexpected Input Remover Nuker(TeeFactory): Cloned 63 input feature(s) into 0 output feature(s)
2014-10-21 13:14:48|   1.4|  0.0|STATS |Source -> Generic(TeeFactory): Cloned 29 input feature(s) into 29 output feature(s)
2014-10-21 13:14:48|   1.4|  0.0|STATS |Temperaturmåler_463 Feature Counter -1 14(TeeFactory): Cloned 0 input feature(s) into 0 output feature(s)
2014-10-21 13:14:48|   1.4|  0.0|STATS |Kantstein_9 Feature Counter -1 13(TeeFactory): Cloned 0 input feature(s) into 0 output feature(s)
2014-10-21 13:14:48|   1.4|  0.0|STATS |Kum_83 Feature Counter -1 19(TeeFactory): Cloned 0 input feature(s) into 0 output feature(s)
2014-10-21 13:14:48|   1.4|  0.0|STATS |StikkrenneKulvert_79 Feature Counter -1 12(TeeFactory): Cloned 0 input feature(s) into 0 output feature(s)
2014-10-21 13:14:48|   1.4|  0.0|STATS |Nødstasjon_500 (GDMMAPPERSOSI_1) Splitter(TeeFactory): Cloned 29 input feature(s) into 87 output feature(s)
2014-10-21 13:14:48|   1.4|  0.0|STATS |Nødstasjon_500_0_VZ7Q1gdNTZU= Feature Counter -1 31(TeeFactory): Cloned 29 input feature(s) into 29 output feature(s)
2014-10-21 13:14:48|   1.4|  0.0|STATS |Nødstasjon_500_0_VZ7Q1gdNTZU= Disabled Nuker -1 31(TeeFactory): Cloned 29 input feature(s) into 0 output feature(s)
2014-10-21 13:14:48|   1.4|  0.0|STATS |Nødstasjon_500_1_VZ7Q1gdNTZU= Feature Counter -1 16(TeeFactory): Cloned 29 input feature(s) into 29 output feature(s)
2014-10-21 13:14:48|   1.4|  0.0|STATS |Nødstasjon_500_2_VZ7Q1gdNTZU= Feature Counter -1 43(TeeFactory): Cloned 29 input feature(s) into 29 output feature(s)
2014-10-21 13:14:48|   1.4|  0.0|STATS |GeometryExtractor(TeeFactory): Cloned 29 input feature(s) into 29 output feature(s)
2014-10-21 13:14:48|   1.4|  0.0|STATS |GeometryExtractor_OUTPUT Feature Counter -1 45(TeeFactory): Cloned 29 input feature(s) into 29 output feature(s)
2014-10-21 13:14:48|   1.4|  0.0|STATS |GeometryExtractor_Output_DirCreator(CreationFactory): Created 1 features
2014-10-21 13:14:48|   1.4|  0.0|STATS |GeometryExtractor_Output_DirCreatorCleanerUpper(TeeFactory): Cloned 1 input feature(s) into 0 output feature(s)
2014-10-21 13:14:48|   1.4|  0.0|STATS |GeometryExtractor_Output_FeatureDirector(TestFactory): Tested 29 input feature(s) -- 0 feature(s) passed and 29 feature(s) failed
2014-10-21 13:14:48|   1.4|  0.0|STATS |GeometryExtractor_Output___FeatureDirector1(TestFactory): Tested 29 input feature(s) -- 0 feature(s) passed and 29 feature(s) failed
2014-10-21 13:14:48|   1.4|  0.0|STATS |GeometryExtractor_Output_VectorSetterUpper(TeeFactory): Cloned 29 input feature(s) into 29 output feature(s)
2014-10-21 13:14:48|   1.4|  0.0|STATS |GeometryExtractor_Output___PointCloudThinner(TeeFactory): Cloned 0 input feature(s) into 0 output feature(s)
2014-10-21 13:14:48|   1.4|  0.0|STATS |GeometryExtractor_Output_RasterSetterUpper(TeeFactory): Cloned 0 input feature(s) into 0 output feature(s)
2014-10-21 13:14:48|   1.4|  0.0|INFORM|GeometryExtractor_Output_Recorder(RecorderFactory): Recorded 29 feature(s) to file `C:\Users\knjetl\AppData\Local\Temp\gdmmappersosi2none_131446\inspector.ffs'
2014-10-21 13:14:48|   1.4|  0.0|STATS |Nødstasjon_500_DirCreator(CreationFactory): Created 1 features
2014-10-21 13:14:48|   1.4|  0.0|STATS |Nødstasjon_500_DirCreatorCleanerUpper(TeeFactory): Cloned 1 input feature(s) into 0 output feature(s)
2014-10-21 13:14:48|   1.4|  0.0|STATS |Nødstasjon_500_FeatureDirector(TestFactory): Tested 0 input feature(s) -- 0 feature(s) passed and 0 feature(s) failed
2014-10-21 13:14:48|   1.4|  0.0|STATS |Nødstasjon_500___FeatureDirector1(TestFactory): Tested 0 input feature(s) -- 0 feature(s) passed and 0 feature(s) failed
2014-10-21 13:14:48|   1.4|  0.0|STATS |Nødstasjon_500_VectorSetterUpper(TeeFactory): Cloned 0 input feature(s) into 0 output feature(s)
2014-10-21 13:14:48|   1.4|  0.0|STATS |Nødstasjon_500___PointCloudThinner(TeeFactory): Cloned 0 input feature(s) into 0 output feature(s)
2014-10-21 13:14:48|   1.4|  0.0|STATS |Nødstasjon_500_RasterSetterUpper(TeeFactory): Cloned 0 input feature(s) into 0 output feature(s)
2014-10-21 13:14:48|   1.4|  0.0|INFORM|Nødstasjon_500_Recorder(RecorderFactory): Recorded 0 feature(s) to file `C:\Users\knjetl\AppData\Local\Temp\gdmmappersosi2none_131446\inspector.ffs'
2014-10-21 13:14:48|   1.4|  0.0|STATS |SchemaMapper_MAPPED Feature Counter -1 33(TeeFactory): Cloned 29 input feature(s) into 29 output feature(s)
2014-10-21 13:14:48|   1.4|  0.0|STATS |SchemaMapper_2_MAPPED Feature Counter -1 38(TeeFactory): Cloned 29 input feature(s) into 29 output feature(s)
2014-10-21 13:14:48|   1.4|  0.0|STATS |AttributeExposer_2(TeeFactory): Cloned 29 input feature(s) into 29 output feature(s)
2014-10-21 13:14:48|   1.4|  0.0|STATS |AttributeExposer_2 OUTPUT Splitter(TeeFactory): Cloned 29 input feature(s) into 58 output feature(s)
2014-10-21 13:14:48|   1.4|  0.0|STATS |AttributeExposer_2_OUTPUT_0_SDR4dIjD/zM= Feature Counter -1 42(TeeFactory): Cloned 29 input feature(s) into 29 output feature(s)
2014-10-21 13:14:48|   1.4|  0.0|STATS |AttributeExposer_2_OUTPUT_1_SDR4dIjD/zM= Feature Counter -1 39(TeeFactory): Cloned 29 input feature(s) into 29 output feature(s)
2014-10-21 13:14:48|   1.4|  0.0|STATS |SchemaMapper_2_Mapped_2_DirCreator(CreationFactory): Created 1 features
2014-10-21 13:14:48|   1.4|  0.0|STATS |SchemaMapper_2_Mapped_2_DirCreatorCleanerUpper(TeeFactory): Cloned 1 input feature(s) into 0 output feature(s)
2014-10-21 13:14:48|   1.4|  0.0|STATS |SchemaMapper_2_Mapped_2_FeatureDirector(TestFactory): Tested 29 input feature(s) -- 0 feature(s) passed and 29 feature(s) failed
2014-10-21 13:14:48|   1.4|  0.0|STATS |SchemaMapper_2_Mapped_2___FeatureDirector1(TestFactory): Tested 29 input feature(s) -- 0 feature(s) passed and 29 feature(s) failed
2014-10-21 13:14:48|   1.4|  0.0|STATS |SchemaMapper_2_Mapped_2_VectorSetterUpper(TeeFactory): Cloned 29 input feature(s) into 29 output feature(s)
2014-10-21 13:14:48|   1.4|  0.0|STATS |SchemaMapper_2_Mapped_2___PointCloudThinner(TeeFactory): Cloned 0 input feature(s) into 0 output feature(s)
2014-10-21 13:14:48|   1.4|  0.0|STATS |SchemaMapper_2_Mapped_2_RasterSetterUpper(TeeFactory): Cloned 0 input feature(s) into 0 output feature(s)
2014-10-21 13:14:48|   1.4|  0.0|INFORM|SchemaMapper_2_Mapped_2_Recorder(RecorderFactory): Recorded 29 feature(s) to file `C:\Users\knjetl\AppData\Local\Temp\gdmmappersosi2none_131446\inspector.ffs'
2014-10-21 13:14:48|   1.4|  0.0|STATS |SchemaMapper_3 MAPPED Splitter(TeeFactory): Cloned 29 input feature(s) into 58 output feature(s)
2014-10-21 13:14:48|   1.4|  0.0|STATS |SchemaMapper_3_MAPPED_0_0u2OPNvWbcw= Feature Counter -1 40(TeeFactory): Cloned 29 input feature(s) into 29 output feature(s)
2014-10-21 13:14:48|   1.4|  0.0|STATS |SchemaMapper_3_MAPPED_1_0u2OPNvWbcw= Feature Counter -1 41(TeeFactory): Cloned 29 input feature(s) into 29 output feature(s)
2014-10-21 13:14:48|   1.4|  0.0|STATS |AttributeKeeper(TeeFactory): Cloned 29 input feature(s) into 29 output feature(s)
2014-10-21 13:14:48|   1.4|  0.0|STATS |AttributeKeeper_OUTPUT Feature Counter -1 34(TeeFactory): Cloned 29 input feature(s) into 29 output feature(s)
2014-10-21 13:14:48|   1.4|  0.0|STATS |SchemaMapper_2_Mapped_DirCreator(CreationFactory): Created 1 features
2014-10-21 13:14:48|   1.4|  0.0|STATS |SchemaMapper_2_Mapped_DirCreatorCleanerUpper(TeeFactory): Cloned 1 input feature(s) into 0 output feature(s)
2014-10-21 13:14:48|   1.4|  0.0|STATS |SchemaMapper_2_Mapped_FeatureDirector(TestFactory): Tested 29 input feature(s) -- 0 feature(s) passed and 29 feature(s) failed
2014-10-21 13:14:48|   1.4|  0.0|STATS |SchemaMapper_2_Mapped___FeatureDirector1(TestFactory): Tested 29 input feature(s) -- 0 feature(s) passed and 29 feature(s) failed
2014-10-21 13:14:48|   1.4|  0.0|STATS |SchemaMapper_2_Mapped_VectorSetterUpper(TeeFactory): Cloned 29 input feature(s) into 29 output feature(s)
2014-10-21 13:14:48|   1.4|  0.0|STATS |SchemaMapper_2_Mapped___PointCloudThinner(TeeFactory): Cloned 0 input feature(s) into 0 output feature(s)
2014-10-21 13:14:48|   1.4|  0.0|STATS |SchemaMapper_2_Mapped_RasterSetterUpper(TeeFactory): Cloned 0 input feature(s) into 0 output feature(s)
2014-10-21 13:14:48|   1.4|  0.0|STATS |Stored 87 feature(s) to FME feature store file `C:\Users\knjetl\AppData\Local\Temp\gdmmappersosi2none_131446\inspector.ffs'
2014-10-21 13:14:48|   1.4|  0.0|INFORM|Saving spatial index into file 'C:\Users\knjetl\AppData\Local\Temp\gdmmappersosi2none_131446\inspector.fsi'
2014-10-21 13:14:48|   1.4|  0.0|INFORM|Finished saving spatial index into file 'C:\Users\knjetl\AppData\Local\Temp\gdmmappersosi2none_131446\inspector.fsi'
2014-10-21 13:14:48|   1.4|  0.0|STATS |Stored 3 feature(s) to FME feature store file `C:\Users\knjetl\AppData\Local\Temp\gdmmappersosi2none_131446\inspector.fsc'
2014-10-21 13:14:48|   1.4|  0.0|INFORM|SchemaMapper_2_Mapped_Recorder(RecorderFactory): Recorded 29 feature(s) to file `C:\Users\knjetl\AppData\Local\Temp\gdmmappersosi2none_131446\inspector.ffs'
2014-10-21 13:14:48|   1.4|  0.0|STATS |FeatureTypeFilter (Disabled) Nuker(TeeFactory): Cloned 29 input feature(s) into 0 output feature(s)
2014-10-21 13:14:48|   1.4|  0.0|STATS |FeatureTypeFilter_Nødstasjon Feature Counter -1 25(TeeFactory): Cloned 0 input feature(s) into 0 output feature(s)
2014-10-21 13:14:48|   1.4|  0.0|STATS |FeatureTypeFilter_Nødstasjon -> Nødstasjon Correlator(TeeFactory): Cloned 0 input feature(s) into 0 output feature(s)
2014-10-21 13:14:48|   1.4|  0.0|STATS |Final Output Feature Type Router(TestFactory): Tested 0 input feature(s) -- 0 feature(s) passed and 0 feature(s) failed
2014-10-21 13:14:48|   1.5|  0.0|STATS |Final Output Nuker(TeeFactory): Cloned 0 input feature(s) into 0 output feature(s)
2014-10-21 13:14:48|   1.5|  0.0|STATS |f_65(CreationFactory): Created 1 features
2014-10-21 13:14:48|   1.5|  0.0|STATS |f_66(TeeFactory): Cloned 1 input feature(s) into 0 output feature(s)
2014-10-21 13:14:48|   1.5|  0.0|STATS |=-=-=-=-=-=-=-=-=-=-=-=-=-=-=-=-=-=-=-=-=-=-=-=-=-=-=-=-=-=-=-=-=-=-=-=-=-=-=-
2014-10-21 13:14:48|   1.5|  0.0|STATS |                            Features Read Summary
2014-10-21 13:14:48|   1.5|  0.0|STATS |=-=-=-=-=-=-=-=-=-=-=-=-=-=-=-=-=-=-=-=-=-=-=-=-=-=-=-=-=-=-=-=-=-=-=-=-=-=-=-
2014-10-21 13:14:48|   1.5|  0.0|STATS |Kantstein_9                                                                 10
2014-10-21 13:14:48|   1.5|  0.0|STATS |Kum_83                                                                      19
2014-10-21 13:14:48|   1.5|  0.0|STATS |Nødstasjon_500                                                              29
2014-10-21 13:14:48|   1.5|  0.0|STATS |StikkrenneKulvert_79                                                        30
2014-10-21 13:14:48|   1.5|  0.0|STATS |Temperaturmåler_463                                                          4
2014-10-21 13:14:48|   1.5|  0.0|STATS |==============================================================================
2014-10-21 13:14:48|   1.5|  0.0|STATS |Total Features Read                                                         92
2014-10-21 13:14:48|   1.5|  0.0|STATS |=-=-=-=-=-=-=-=-=-=-=-=-=-=-=-=-=-=-=-=-=-=-=-=-=-=-=-=-=-=-=-=-=-=-=-=-=-=-=-
2014-10-21 13:14:48|   1.5|  0.0|STATS |=-=-=-=-=-=-=-=-=-=-=-=-=-=-=-=-=-=-=-=-=-=-=-=-=-=-=-=-=-=-=-=-=-=-=-=-=-=-=-
2014-10-21 13:14:48|   1.5|  0.0|STATS |                           Features Written Summary
2014-10-21 13:14:48|   1.5|  0.0|STATS |=-=-=-=-=-=-=-=-=-=-=-=-=-=-=-=-=-=-=-=-=-=-=-=-=-=-=-=-=-=-=-=-=-=-=-=-=-=-=-
2014-10-21 13:14:48|   1.5|  0.0|STATS |==============================================================================
2014-10-21 13:14:48|   1.5|  0.0|STATS |Total Features Written                                                       0
2014-10-21 13:14:48|   1.5|  0.0|STATS |=-=-=-=-=-=-=-=-=-=-=-=-=-=-=-=-=-=-=-=-=-=-=-=-=-=-=-=-=-=-=-=-=-=-=-=-=-=-=-
2014-10-21 13:14:48|   1.5|  0.0|INFORM|Translation was SUCCESSFUL with 0 warning(s) (0 feature(s) output)
2014-10-21 13:14:48|   1.5|  0.0|INFORM|FME Session Duration: 1.7 seconds. (CPU: 1.1s user, 0.2s system)
2014-10-21 13:14:48|   1.5|  0.0|INFORM|END - ProcessID: 3912, peak process memory usage: 126848 kB, current process memory usage: 116876 kB
