2015-10-01 14:49:26|   0.1|  0.1|INFORM|FME 2016.0.0.0 Beta (20150909 - Build 16085 - WIN32)
2015-10-01 14:49:26|   0.1|  0.0|INFORM|FME_HOME is 'C:\apps\FME2016\32\'
2015-10-01 14:49:26|   0.1|  0.0|INFORM|FME ESRI Edition (node locked-crc)
2015-10-01 14:49:26|   0.1|  0.0|INFORM|Serial Number: S0601A0917
2015-10-01 14:49:26|   0.1|  0.0|INFORM|Permanent License.
2015-10-01 14:49:26|   0.1|  0.0|INFORM|Machine host name is: SVV-55247
2015-10-01 14:49:26|   0.1|  0.0|INFORM|START - ProcessID: 11344, peak process memory usage: 40392 kB, current process memory usage: 40392 kB
2015-10-01 14:49:26|   0.1|  0.0|INFORM|FME Configuration: Command line arguments are `C:\apps\FME2016\32\fme.exe' `C:/DATA/Standardisering/NVDBGML/FME\wb-xlate-1443703760870_11364' `LOG_STANDARDOUT' `YES' `LogCountServerName' `{0d5beb25-4088-41b3-9782-ac586b31c3d6}'
2015-10-01 14:49:27|   0.2|  0.1|INFORM|Shared folders for formats are : C:\apps\FME2016\32\datasources;C:\Users\knjetl\AppData\Roaming\Safe Software\FME\FME Store\Formats;\\SVV1P04AUSER01\KNJETL$\documents\FME\Formats
2015-10-01 14:49:27|   0.2|  0.0|INFORM|Shared folders for transformers are : C:\apps\FME2016\32\transformers;C:\Users\knjetl\AppData\Roaming\Safe Software\FME\FME Store\Transformers;\\SVV1P04AUSER01\KNJETL$\documents\FME\Transformers
2015-10-01 14:49:27|   0.2|  0.0|INFORM|Shared folders for coordinate systems are : \\SVV1P04AUSER01\KNJETL$\documents\FME\CoordinateSystems
2015-10-01 14:49:27|   0.2|  0.0|INFORM|Shared folders for coordinate system exceptions are : \\SVV1P04AUSER01\KNJETL$\documents\FME\CoordinateSystemExceptions
2015-10-01 14:49:27|   0.2|  0.0|INFORM|Shared folders for coordinate system grid overrides are : \\SVV1P04AUSER01\KNJETL$\documents\FME\CoordinateSystemGridOverrides
2015-10-01 14:49:27|   0.2|  0.0|INFORM|Shared folders for CS-MAP transformation exceptions are : \\SVV1P04AUSER01\KNJETL$\documents\FME\CsmapTransformationExceptions
2015-10-01 14:49:27|   0.2|  0.0|INFORM|Shared folders for transformer categories are : \\SVV1P04AUSER01\KNJETL$\documents\FME\TransformerCategories
2015-10-01 14:49:27|   0.2|  0.0|INFORM|FME Configuration: Reader Keyword is `NULL_SOURCE'
2015-10-01 14:49:27|   0.2|  0.0|INFORM|FME Configuration: Writer Keyword is `NULL_DEST'
2015-10-01 14:49:27|   0.2|  0.0|INFORM|FME Configuration: Writer Group Definition Keyword is `NULL_DEST_DEF'
2015-10-01 14:49:27|   0.2|  0.0|INFORM|FME Configuration: Reader type is `NULL'
2015-10-01 14:49:27|   0.2|  0.0|INFORM|FME Configuration: Writer type is `NULL'
2015-10-01 14:49:27|   0.2|  0.0|INFORM|FME Configuration: No destination coordinate system set
2015-10-01 14:49:27|   0.2|  0.0|INFORM|FME Configuration: Current working folder is `C:\DATA\Standardisering\NVDBGML\FME'
2015-10-01 14:49:27|   0.2|  0.0|INFORM|FME Configuration: Temporary folder is `C:\Users\knjetl\AppData\Local\Temp'
2015-10-01 14:49:27|   0.2|  0.0|INFORM|FME Configuration: FME_HOME is `C:\apps\FME2016\32\'
2015-10-01 14:49:27|   0.2|  0.0|INFORM|FME Configuration: FME_BASE is 'no'
2015-10-01 14:49:27|   0.2|  0.0|INFORM|FME Configuration: FME_MF_DIR is 'C:\DATA\Standardisering\NVDBGML\FME/'
2015-10-01 14:49:27|   0.2|  0.0|INFORM|FME Configuration: FME_MF_NAME is 'Vegnetteksport.fmw'
2015-10-01 14:49:27|   0.2|  0.0|INFORM|FME Configuration: FME_PRODUCT_NAME is 'FME(R) 2016.0.0.0'
2015-10-01 14:49:27|   0.2|  0.0|INFORM|System Status: 116.98 GB of disk space available in the FME temporary folder (C:\Users\knjetl\AppData\Local\Temp)
2015-10-01 14:49:27|   0.2|  0.0|INFORM|System Status: 4.00 GB of virtual memory available
2015-10-01 14:49:27|   0.2|  0.0|INFORM|Operating System: Microsoft Windows 7 64-bit Service Pack 1 (Build 7601)
2015-10-01 14:49:27|   0.2|  0.0|INFORM|FME Platform: WIN32
2015-10-01 14:49:27|   0.2|  0.0|INFORM|Locale: nb_NO
2015-10-01 14:49:27|   0.2|  0.0|INFORM|Code Page: 1252  (ANSI - latin I)
2015-10-01 14:49:27|   0.2|  0.0|INFORM|FME Configuration: Process limits are 31.91 GB of physical memory and 4.00 GB of address space
2015-10-01 14:49:27|   0.2|  0.0|INFORM|FME Configuration: Start freeing memory when process usage exceeds 2.83 GB of memory or 3.41 GB of address space
2015-10-01 14:49:27|   0.2|  0.0|INFORM|FME Configuration: Stop freeing memory when process usage is below 2.12 GB of memory and 2.56 GB of address space
2015-10-01 14:49:27|   0.2|  0.0|INFORM|Creating writer for format: NULL (Nothing)
2015-10-01 14:49:27|   0.2|  0.0|INFORM|Trying to find a DYNAMIC plugin for writer named `NULL'
2015-10-01 14:49:27|   0.2|  0.0|INFORM|Loaded module 'NULL' from file 'C:\apps\FME2016\32\plugins/NULL.dll'
2015-10-01 14:49:27|   0.2|  0.0|INFORM|FME API version of module 'NULL' matches current internal version (3.8 20150716)
2015-10-01 14:49:27|   0.2|  0.0|INFORM|Creating reader for format: NULL (Nothing)
2015-10-01 14:49:27|   0.2|  0.0|INFORM|Trying to find a DYNAMIC plugin for reader named `NULL'
2015-10-01 14:49:27|   0.2|  0.0|INFORM|FME API version of module 'NULL' matches current internal version (3.8 20150716)
2015-10-01 14:49:27|   0.2|  0.0|INFORM|Loaded module 'LogCount_func' from file 'C:\apps\FME2016\32\plugins/LogCount_func.dll'
2015-10-01 14:49:27|   0.2|  0.0|INFORM|FME API version of module 'LogCount_func' matches current internal version (3.8 20150716)
2015-10-01 14:49:27|   0.2|  0.0|INFORM|Creating writer for format: FME Feature Store (FFS)
2015-10-01 14:49:27|   0.2|  0.0|INFORM|FME Configuration: No destination coordinate system set
2015-10-01 14:49:27|   0.2|  0.0|INFORM|FME API version of module 'NULL' matches current internal version (3.8 20150716)
2015-10-01 14:49:27|   0.2|  0.0|INFORM|FME API version of module 'NULL' matches current internal version (3.8 20150716)
2015-10-01 14:49:27|   0.2|  0.0|INFORM|Loaded module 'Geometry_func' from file 'C:\apps\FME2016\32\plugins/Geometry_func.dll'
2015-10-01 14:49:27|   0.2|  0.0|INFORM|FME API version of module 'Geometry_func' matches current internal version (3.8 20150716)
2015-10-01 14:49:27|   0.3|  0.0|INFORM|Loaded module 'QueryFactory' from file 'C:\apps\FME2016\32\plugins/QueryFactory.dll'
2015-10-01 14:49:27|   0.3|  0.0|INFORM|FME API version of module 'QueryFactory' matches current internal version (3.8 20150716)
2015-10-01 14:49:27|   0.3|  0.0|INFORM|FME API version of module 'QueryFactory' matches current internal version (3.8 20150716)
2015-10-01 14:49:27|   0.3|  0.0|INFORM|Loaded module 'PythonFactory' from file 'C:\apps\FME2016\32\plugins/PythonFactory.dll'
2015-10-01 14:49:27|   0.3|  0.0|INFORM|FME API version of module 'PythonFactory' matches current internal version (3.8 20150716)
2015-10-01 14:49:27|   0.3|  0.0|INFORM|Python version 2.7 loaded successfully
2015-10-01 14:49:27|   0.3|  0.0|INFORM|Adding folder `C:\DATA\Standardisering\NVDBGML\FME\' to the python path
2015-10-01 14:49:27|   0.3|  0.0|INFORM|Emptying factory pipeline
2015-10-01 14:49:27|   0.4|  0.1|INFORM|Creating reader for format: Esri Geodatabase (File Geodb ArcObjects)
2015-10-01 14:49:27|   0.4|  0.0|INFORM|Trying to find a DYNAMIC plugin for reader named `GEODATABASE_FILE'
2015-10-01 14:49:27|   0.5|  0.1|INFORM|Loaded module 'GEODATABASE_FILE' from file 'C:\apps\FME2016\32\GEODATABASE9.dll'
2015-10-01 14:49:27|   0.5|  0.0|INFORM|FME API version of module 'GEODATABASE_FILE' matches current internal version (3.8 20150716)
2015-10-01 14:49:27|   0.5|  0.0|INFORM|Performing query against GEODATABASE_FILE dataset `K:\Vektor\00\23-N250\00\EsriGDB\N250.gdb'
2015-10-01 14:49:27|   0.5|  0.0|INFORM|Opening the Geodatabase reader
2015-10-01 14:49:28|   1.3|  0.8|INFORM|FME has checked out an Esri license. The product checked out is 'ArcView'
2015-10-01 14:49:28|   1.3|  0.0|INFORM|Installed ArcGIS version is '10.2'
2015-10-01 14:49:29|   1.5|  0.2|INFORM|Connected to the File Geodatabase at 'K:\Vektor\00\23-N250\00\EsriGDB\N250.gdb'
2015-10-01 14:49:29|   1.5|  0.0|INFORM|File Geodatabase release: '10.0'
2015-10-01 14:49:29|   1.5|  0.0|INFORM|R_1 Reader: Using Enhanced geometry
2015-10-01 14:49:29|   1.5|  0.0|INFORM|All network information will be ignored. As a result, edges will be treated as polyline features and junctions will be treated as point features
2015-10-01 14:49:29|   1.5|  0.0|INFORM|All relationship information will be ignored. As a result, simple relationships will not be read, and attributed relationships will be read as tables
2015-10-01 14:49:29|   1.7|  0.2|INFORM|The OGC definition of the FME coordinate system 'UTM84-33N' is 'PROJCS["WGS_1984_UTM_Zone_33N",GEOGCS["GCS_WGS_1984",DATUM["D_WGS_1984",SPHEROID["WGS_1984",6378137.0,298.257223563]],PRIMEM["Greenwich",0.0],UNIT["Degree",0.0174532925199433]],PROJECTION["Transverse_Mercator"],PARAMETER["False_Easting",500000.0],PARAMETER["False_Northing",0.0],PARAMETER["Central_Meridian",15.0],PARAMETER["Scale_Factor",0.9996],PARAMETER["Latitude_Of_Origin",0.0],UNIT["Meter",1.0]]'
2015-10-01 14:49:29|   1.7|  0.0|INFORM|Reading table/feature class 'N250_AdminFlate'
2015-10-01 14:49:29|   1.7|  0.0|INFORM|FME Configuration: Source coordinate system for reader R_1[GEODATABASE_FILE] set to `UTM84-33N' as read from input data
2015-10-01 14:49:29|   1.7|  0.0|INFORM|Coordinate System `UTM84-33N' parameters: CS_NAME=`UTM84-33N' DESC_NM=`UTM-WGS 1984 datum, Zone 33 North, Meter; Cent. Meridian 15d E' DT_NAME=`WGS84' GROUP=`UTMN' MAP_SCL=`1' MAX_LAT=`90' MAX_LNG=`18.75' MIN_LAT=`-8.4' MIN_LNG=`11.25' PARM1=`15' PROJ=`TM' QUAD=`1' SCL_RED=`0.9996' SOURCE=`Snyder, J.P, 1987, Map Projections - A Working Manual' UNIT=`METER' X_OFF=`500000.0' Y_OFF=`0.0' 
2015-10-01 14:49:29|   1.7|  0.0|STATS |Creator_2_XML_Creator(CreationFactory): Created 1 features
2015-10-01 14:49:29|   1.7|  0.0|STATS |Creator_2_Cloner(TeeFactory): Cloned 1 input feature(s) into 1 output feature(s)
2015-10-01 14:49:29|   1.7|  0.0|STATS |Creator_2_CREATED Feature Counter -1 8(TeeFactory): Cloned 1 input feature(s) into 1 output feature(s)
2015-10-01 14:49:29|   1.7|  0.0|STATS |StringConcatenator_6(TeeFactory): Cloned 1 input feature(s) into 1 output feature(s)
2015-10-01 14:49:29|   1.7|  0.0|STATS |StringConcatenator_6_OUTPUT Feature Counter -1 9(TeeFactory): Cloned 1 input feature(s) into 1 output feature(s)
2015-10-01 14:49:29|   1.7|  0.0|STATS |FeatureReader_GeometryRemover(TeeFactory): Cloned 1 input feature(s) into 1 output feature(s)
2015-10-01 14:49:29|   1.7|  0.0|INFORM|Closing the Geodatabase reader
2015-10-01 14:49:29|   1.7|  0.0|STATS |FeatureReader <OTHER> Output Nuker(TeeFactory): Cloned 0 input feature(s) into 0 output feature(s)
2015-10-01 14:49:29|   1.7|  0.0|STATS |FeatureReader INITIATOR Output Nuker(TeeFactory): Cloned 1 input feature(s) into 0 output feature(s)
2015-10-01 14:49:29|   1.7|  0.0|STATS |FeatureReader_N250_AdminFlate Feature Counter -1 10(TeeFactory): Cloned 1 input feature(s) into 1 output feature(s)
2015-10-01 14:49:29|   1.7|  0.0|STATS |Dissolver(PolygonDissolveFactory_base_factory): Dissolving 1 input polygon(s) across 1 group(s)
2015-10-01 14:49:29|   1.7|  0.0|INFORM|Dissolver(PolygonDissolveFactory_base_factory): If the input dataset is large or complex, the dissolver could run for extended periods of time without logging
2015-10-01 14:49:29|   1.8|  0.0|INFORM|Creating reader for format: Esri Geodatabase (ArcSDE Geodb)
2015-10-01 14:49:29|   1.8|  0.0|INFORM|Trying to find a DYNAMIC plugin for reader named `GEODATABASE_SDE'
2015-10-01 14:49:29|   1.8|  0.0|INFORM|Loaded module 'GEODATABASE_SDE' from file 'C:\apps\FME2016\32\GEODATABASE9.dll'
2015-10-01 14:49:29|   1.8|  0.0|INFORM|FME API version of module 'GEODATABASE_SDE' matches current internal version (3.8 20150716)
2015-10-01 14:49:29|   1.8|  0.0|INFORM|Performing query against GEODATABASE_SDE dataset `<Unused>'
2015-10-01 14:49:29|   1.8|  0.0|INFORM|Notice - reader format `GEODATABASE_SDE' does not support querying by spatial predicate, but supports envelope queries.  FME will create equivalent results by performing spatial predicate calculations locally.  Performance should not be affected.
2015-10-01 14:49:29|   1.8|  0.0|INFORM|Opening the Geodatabase reader
2015-10-01 14:49:29|   1.8|  0.0|INFORM|An ArcGIS license is already checked out. The product checked out is 'Basic'
2015-10-01 14:49:29|   1.8|  0.0|INFORM|Installed ArcGIS version is '10.2'
2015-10-01 14:49:30|   1.8|  0.0|INFORM|Connection made to server 'svvkartp.vegvesen.no' for dataset '' (transactional version 'sde.DEFAULT') using instance '5156' and user ID 'sde_tne_read'
2015-10-01 14:49:30|   1.8|  0.0|INFORM|ArcSDE release: '9.3'. Underlying database: 'Oracle'
2015-10-01 14:49:30|   1.8|  0.0|INFORM|R_2 Reader: Using Enhanced geometry
2015-10-01 14:49:30|   1.8|  0.0|INFORM|All network information will be ignored. As a result, edges will be treated as polyline features and junctions will be treated as point features
2015-10-01 14:49:30|   1.8|  0.0|INFORM|All relationship information will be ignored. As a result, simple relationships will not be read, and attributed relationships will be read as tables
2015-10-01 14:49:30|   1.8|  0.0|INFORM|The minimum (x,y) and maximum (x,y) bounds, respectively, of the search envelope being used are: (189494.49, 6808692.33) , (245934.52, 6874435.04)
2015-10-01 14:49:30|   1.8|  0.0|INFORM|The OGC definition of the FME coordinate system 'ETRS89.UTM-33N' is 'PROJCS["ETRS_1989_UTM_Zone_33N",GEOGCS["GCS_ETRS_1989",DATUM["D_ETRS_1989",SPHEROID["GRS_1980",6378137.0,298.257222101]],PRIMEM["Greenwich",0.0],UNIT["Degree",0.0174532925199433]],PROJECTION["Transverse_Mercator"],PARAMETER["False_Easting",500000.0],PARAMETER["False_Northing",0.0],PARAMETER["Central_Meridian",15.0],PARAMETER["Scale_Factor",0.9996],PARAMETER["Latitude_Of_Origin",0.0],UNIT["Meter",1.0]]'
2015-10-01 14:49:35|   1.8|  0.0|INFORM|Reading table/feature class 'SDE_TNE.TNE_CurveSegment'
2015-10-01 14:49:35|   1.8|  0.0|INFORM|FME Configuration: Source coordinate system for reader R_2[GEODATABASE_SDE] set to `ETRS89.UTM-33N' as read from input data
2015-10-01 14:49:35|   1.8|  0.0|INFORM|Coordinate System `ETRS89.UTM-33N' parameters: CS_NAME=`ETRS89.UTM-33N' DESC_NM=`Transverse Mercator (ETRS89-TM33)' DT_NAME=`ETRS89/01' GROUP=`UTMN' MAP_SCL=`1' MAX_LAT=`84.5' MAX_LNG=`22.1333333333333' MIN_LAT=`31.05' MIN_LNG=`10.8833333333333' PARM1=`15' PROJ=`TM' QUAD=`1' SCL_RED=`0.9996' SOURCE=`EPSG, V6.3, 25833 [Large and medium scale topographic mappi]' UNIT=`Meter' X_OFF=`500000' Y_OFF=`0.0' ZERO_X=`0.0001' ZERO_Y=`0.0001' 
2015-10-01 14:49:35|   1.8|  0.0|INFORM|QueryFactory_SpatialFilterFactory::SpatialFilter(SpatialFilterFactory): Processed 'Candidate' 1
2015-10-01 14:49:40|   5.2|  3.3|INFORM|QueryFactory_SpatialFilterFactory::SpatialFilter(SpatialFilterFactory): Processed 'Candidate' 17724
2015-10-01 14:49:47|   6.3|  1.1|INFORM|Reading table/feature class 'SDE_TNE.TNE_RefLinkPart'
2015-10-01 14:49:47|   6.3|  0.0|INFORM|QueryFactory_SpatialFilterFactory::SpatialFilter(SpatialFilterFactory): Processed 'Candidate' 23446
2015-10-01 14:49:47|   6.4|  0.1|STATS |Storing feature(s) to FME feature store file `C:\Users\knjetl\AppData\Local\Temp\Vegnetteksport_144926\inspector.ffs'
2015-10-01 14:49:47|   6.4|  0.0|STATS |Storing feature(s) to FME feature store file `C:\Users\knjetl\AppData\Local\Temp\Vegnetteksport_144926\inspector.fsc'
2015-10-01 14:49:52|   7.9|  1.5|INFORM|QueryFactory_SpatialFilterFactory::SpatialFilter(SpatialFilterFactory): Processed 'Candidate' 29216
2015-10-01 14:49:57|  11.0|  3.2|INFORM|QueryFactory_SpatialFilterFactory::SpatialFilter(SpatialFilterFactory): Processed 'Candidate' 44434
2015-10-01 14:50:06|  11.6|  0.5|INFORM|Reading table/feature class 'SDE_TNE.TNE_RefNode'
2015-10-01 14:50:07|  11.6|  0.0|INFORM|QueryFactory_SpatialFilterFactory::SpatialFilter(SpatialFilterFactory): Processed 'Candidate' 46893
2015-10-01 14:50:11|  12.9|  1.3|STATS |Dissolver(PolygonDissolveFactory_base_factory): Completed polygon dissolve on all groups
2015-10-01 14:50:11|  12.9|  0.0|STATS |Dissolver_AREA Feature Counter -1 7(TeeFactory): Cloned 1 input feature(s) into 1 output feature(s)
2015-10-01 14:50:11|  12.9|  0.0|STATS |Dissolver_<REJECTED> Feature Counter -1 2147745793(TeeFactory): Cloned 0 input feature(s) into 0 output feature(s)
2015-10-01 14:50:11|  12.9|  0.0|STATS |DonutHoleExtractor(DonutHoleFactory): Split 0 hole(s) from 1 input feature(s)
2015-10-01 14:50:11|  12.9|  0.0|STATS |DonutHoleExtractor_OUTERSHELL Feature Counter -1 19(TeeFactory): Cloned 1 input feature(s) into 1 output feature(s)
2015-10-01 14:50:11|  12.9|  0.0|INFORM|Closing the Geodatabase reader
2015-10-01 14:50:11|  12.9|  0.0|STATS |FeatureReader_2 SDE_TNE.TNE_CurveSegment Output Nuker(TeeFactory): Cloned 4023 input feature(s) into 0 output feature(s)
2015-10-01 14:50:11|  12.9|  0.0|STATS |FeatureReader_2 SDE_TNE.TNE_RefNode Output Nuker(TeeFactory): Cloned 3463 input feature(s) into 0 output feature(s)
2015-10-01 14:50:11|  12.9|  0.0|STATS |FeatureReader_2 <OTHER> Output Nuker(TeeFactory): Cloned 0 input feature(s) into 0 output feature(s)
2015-10-01 14:50:11|  12.9|  0.0|STATS |FeatureReader_2 INITIATOR Output Nuker(TeeFactory): Cloned 1 input feature(s) into 0 output feature(s)
2015-10-01 14:50:11|  12.9|  0.0|STATS |FeatureReader_2_SDE_TNE.TNE_RefLinkPart Feature Counter -1 20(TeeFactory): Cloned 4024 input feature(s) into 4024 output feature(s)
2015-10-01 14:50:11|  12.9|  0.0|INFORM|Optional `close' method not present; not called
2015-10-01 14:50:11|  12.9|  0.0|STATS |PythonCaller_3_OUTPUT Feature Counter -1 14(TeeFactory): Cloned 4024 input feature(s) into 4024 output feature(s)
2015-10-01 14:50:11|  12.9|  0.0|STATS |TestFilter_4(TeeFactory): Cloned 4024 input feature(s) into 4024 output feature(s)
2015-10-01 14:50:11|  12.9|  0.0|STATS |TestFilter_4_TestFactory_0(TestFactory): Tested 4024 input feature(s) -- 4002 feature(s) passed and 22 feature(s) failed
2015-10-01 14:50:11|  12.9|  0.0|STATS |TestFilter_4_<lt>UNFILTERED<gt>(TeeFactory): Cloned 22 input feature(s) into 22 output feature(s)
2015-10-01 14:50:11|  12.9|  0.0|STATS |TestFilter_4 <lt>UNFILTERED<gt> Output Nuker(TeeFactory): Cloned 22 input feature(s) into 0 output feature(s)
2015-10-01 14:50:11|  12.9|  0.0|STATS |TestFilter_4_TOPOLEVEL Feature Counter -1 22(TeeFactory): Cloned 4002 input feature(s) into 4002 output feature(s)
2015-10-01 14:50:11|  12.9|  0.0|STATS |TestFilter_4_TOPOLEVEL_DirCreator(CreationFactory): Created 1 features
2015-10-01 14:50:11|  12.9|  0.0|STATS |TestFilter_4_TOPOLEVEL_DirCreatorCleanerUpper(TeeFactory): Cloned 1 input feature(s) into 0 output feature(s)
2015-10-01 14:50:11|  12.9|  0.0|STATS |TestFilter_4_TOPOLEVEL_FeatureDirector(TestFactory): Tested 4002 input feature(s) -- 0 feature(s) passed and 4002 feature(s) failed
2015-10-01 14:50:11|  12.9|  0.0|STATS |TestFilter_4_TOPOLEVEL___FeatureDirector1(TestFactory): Tested 4002 input feature(s) -- 0 feature(s) passed and 4002 feature(s) failed
2015-10-01 14:50:11|  12.9|  0.0|STATS |TestFilter_4_TOPOLEVEL_VectorSetterUpper(TeeFactory): Cloned 4002 input feature(s) into 4002 output feature(s)
2015-10-01 14:50:11|  12.9|  0.0|STATS |TestFilter_4_TOPOLEVEL___PointCloudThinner(TeeFactory): Cloned 0 input feature(s) into 0 output feature(s)
2015-10-01 14:50:11|  12.9|  0.0|STATS |TestFilter_4_TOPOLEVEL_RasterSetterUpper(TeeFactory): Cloned 0 input feature(s) into 0 output feature(s)
2015-10-01 14:50:11|  12.9|  0.0|STATS |Stored 4002 feature(s) to FME feature store file `C:\Users\knjetl\AppData\Local\Temp\Vegnetteksport_144926\inspector.ffs'
2015-10-01 14:50:11|  12.9|  0.0|INFORM|Saving spatial index into file 'C:\Users\knjetl\AppData\Local\Temp\Vegnetteksport_144926\inspector.fsi'
2015-10-01 14:50:11|  12.9|  0.0|INFORM|Finished saving spatial index into file 'C:\Users\knjetl\AppData\Local\Temp\Vegnetteksport_144926\inspector.fsi'
2015-10-01 14:50:11|  12.9|  0.0|STATS |Stored 1 feature(s) to FME feature store file `C:\Users\knjetl\AppData\Local\Temp\Vegnetteksport_144926\inspector.fsc'
2015-10-01 14:50:11|  12.9|  0.0|INFORM|TestFilter_4_TOPOLEVEL_Recorder(RecorderFactory): Recorded 4002 feature(s) to file `C:\Users\knjetl\AppData\Local\Temp\Vegnetteksport_144926\inspector.ffs'
2015-10-01 14:50:11|  12.9|  0.0|STATS |Destination Feature Type Routing Correlator(RoutingFactory): Tested 0 input feature(s), wrote 0 output feature(s): 0 matched merge filters, 0 were routed to output, 0 could not be routed.
2015-10-01 14:50:11|  12.9|  0.0|STATS |Final Output Nuker(TeeFactory): Cloned 0 input feature(s) into 0 output feature(s)
2015-10-01 14:50:11|  12.9|  0.0|STATS |f_38(CreationFactory): Created 1 features
2015-10-01 14:50:11|  12.9|  0.0|STATS |f_39(TeeFactory): Cloned 1 input feature(s) into 0 output feature(s)
2015-10-01 14:50:11|  12.9|  0.0|INFORM|=-=-=-=-=-=-=-=-=-=-=-=-=-=-=-=-=-=-=-=-=-=-=-=-=-=-=-=-=-=-=-=-=-=-=-=-=-=-=-
2015-10-01 14:50:11|  12.9|  0.0|INFORM|Feature output statistics for `FFS' writer using keyword `W_1':
2015-10-01 14:50:11|  12.9|  0.0|STATS |=-=-=-=-=-=-=-=-=-=-=-=-=-=-=-=-=-=-=-=-=-=-=-=-=-=-=-=-=-=-=-=-=-=-=-=-=-=-=-
2015-10-01 14:50:11|  12.9|  0.0|STATS |                               Features Written
2015-10-01 14:50:11|  12.9|  0.0|STATS |=-=-=-=-=-=-=-=-=-=-=-=-=-=-=-=-=-=-=-=-=-=-=-=-=-=-=-=-=-=-=-=-=-=-=-=-=-=-=-
2015-10-01 14:50:11|  12.9|  0.0|STATS |==============================================================================
2015-10-01 14:50:11|  12.9|  0.0|STATS |Total Features Written                                                       0
2015-10-01 14:50:11|  12.9|  0.0|STATS |=-=-=-=-=-=-=-=-=-=-=-=-=-=-=-=-=-=-=-=-=-=-=-=-=-=-=-=-=-=-=-=-=-=-=-=-=-=-=-
2015-10-01 14:50:11|  12.9|  0.0|STATS |=-=-=-=-=-=-=-=-=-=-=-=-=-=-=-=-=-=-=-=-=-=-=-=-=-=-=-=-=-=-=-=-=-=-=-=-=-=-=-
2015-10-01 14:50:11|  12.9|  0.0|STATS |                            Features Read Summary
2015-10-01 14:50:11|  12.9|  0.0|STATS |=-=-=-=-=-=-=-=-=-=-=-=-=-=-=-=-=-=-=-=-=-=-=-=-=-=-=-=-=-=-=-=-=-=-=-=-=-=-=-
2015-10-01 14:50:11|  12.9|  0.0|STATS |==============================================================================
2015-10-01 14:50:11|  12.9|  0.0|STATS |Total Features Read                                                          0
2015-10-01 14:50:11|  12.9|  0.0|STATS |=-=-=-=-=-=-=-=-=-=-=-=-=-=-=-=-=-=-=-=-=-=-=-=-=-=-=-=-=-=-=-=-=-=-=-=-=-=-=-
2015-10-01 14:50:11|  12.9|  0.0|STATS |=-=-=-=-=-=-=-=-=-=-=-=-=-=-=-=-=-=-=-=-=-=-=-=-=-=-=-=-=-=-=-=-=-=-=-=-=-=-=-
2015-10-01 14:50:11|  12.9|  0.0|STATS |                           Features Written Summary
2015-10-01 14:50:11|  12.9|  0.0|STATS |=-=-=-=-=-=-=-=-=-=-=-=-=-=-=-=-=-=-=-=-=-=-=-=-=-=-=-=-=-=-=-=-=-=-=-=-=-=-=-
2015-10-01 14:50:11|  12.9|  0.0|STATS |==============================================================================
2015-10-01 14:50:11|  12.9|  0.0|STATS |Total Features Written                                                       0
2015-10-01 14:50:11|  12.9|  0.0|STATS |=-=-=-=-=-=-=-=-=-=-=-=-=-=-=-=-=-=-=-=-=-=-=-=-=-=-=-=-=-=-=-=-=-=-=-=-=-=-=-
2015-10-01 14:50:11|  12.9|  0.0|INFORM|Translation was SUCCESSFUL with 0 warning(s) (0 feature(s) output)
2015-10-01 14:50:11|  12.9|  0.0|INFORM|FME Session Duration: 44.3 seconds. (CPU: 12.1s user, 0.7s system)
2015-10-01 14:50:11|  12.9|  0.0|INFORM|END - ProcessID: 11344, peak process memory usage: 202456 kB, current process memory usage: 202244 kB
