2017-03-29 10:09:22|   0.0|  0.0|INFORM|FME 2017.0.0.0 RC (20170207 - Build 17245 - WIN64)
2017-03-29 10:09:22|   0.0|  0.0|INFORM|FME_HOME is 'C:\Program Files\FME2017\64\'
2017-03-29 10:09:22|   0.0|  0.0|INFORM|FME ESRI Edition (node locked-crc)
2017-03-29 10:09:22|   0.0|  0.0|INFORM|Serial Number: S0601A0917
2017-03-29 10:09:22|   0.0|  0.0|INFORM|Permanent License.
2017-03-29 10:09:22|   0.0|  0.0|INFORM|Machine host name is: SVV-55247
2017-03-29 10:09:22|   0.0|  0.0|INFORM|START - ProcessID: 7724, peak process memory usage: 29912 kB, current process memory usage: 29336 kB
2017-03-29 10:09:22|   0.0|  0.0|INFORM|FME Configuration: Command line arguments are `C:\Program Files\FME2017\64\fme.exe' `C:/DATA/GitHub/NVDBGML/FME\wb-xlate-149077496116_9868' `LOG_STANDARDOUT' `YES' `LogCountServerName' `{9bcd5652-05a6-49ec-9da2-138cafbd2c85}' `DEBUG_PORT' `61656'
2017-03-29 10:09:22|   0.1|  0.0|INFORM|Shared folders for formats are : C:\Program Files\FME2017\64\datasources;C:\Users\knjetl\AppData\Roaming\Safe Software\FME\FME Store\Formats;\\SVV1P04AUSER01\KNJETL$\documents\FME\Formats
2017-03-29 10:09:22|   0.1|  0.0|INFORM|Shared folders for transformers are : C:\Program Files\FME2017\64\transformers;\\SVV1P04AUSER01\KNJETL$\documents\FME\Transformers;C:\Users\knjetl\AppData\Roaming\Safe Software\FME\FME Store\Transformers
2017-03-29 10:09:22|   0.1|  0.0|INFORM|Shared folders for coordinate systems are : \\SVV1P04AUSER01\KNJETL$\documents\FME\CoordinateSystems
2017-03-29 10:09:22|   0.1|  0.0|INFORM|Shared folders for coordinate system exceptions are : \\SVV1P04AUSER01\KNJETL$\documents\FME\CoordinateSystemExceptions
2017-03-29 10:09:22|   0.1|  0.0|INFORM|Shared folders for coordinate system grid overrides are : \\SVV1P04AUSER01\KNJETL$\documents\FME\CoordinateSystemGridOverrides
2017-03-29 10:09:22|   0.1|  0.0|INFORM|Shared folders for CS-MAP transformation exceptions are : \\SVV1P04AUSER01\KNJETL$\documents\FME\CsmapTransformationExceptions
2017-03-29 10:09:22|   0.1|  0.0|INFORM|Shared folders for transformer categories are : \\SVV1P04AUSER01\KNJETL$\documents\FME\TransformerCategories
2017-03-29 10:09:22|   0.1|  0.0|INFORM|FME Configuration: Reader Keyword is `NULL_SOURCE'
2017-03-29 10:09:22|   0.1|  0.0|INFORM|FME Configuration: Writer Keyword is `NULL_DEST'
2017-03-29 10:09:22|   0.1|  0.0|INFORM|FME Configuration: Writer Group Definition Keyword is `NULL_DEST_DEF'
2017-03-29 10:09:22|   0.1|  0.0|INFORM|FME Configuration: Reader type is `NULL'
2017-03-29 10:09:22|   0.1|  0.0|INFORM|FME Configuration: Writer type is `NULL'
2017-03-29 10:09:22|   0.1|  0.0|INFORM|FME Configuration: No destination coordinate system set
2017-03-29 10:09:22|   0.1|  0.0|INFORM|FME Configuration: Current working folder is `C:\DATA\GitHub\NVDBGML\FME'
2017-03-29 10:09:22|   0.1|  0.0|INFORM|FME Configuration: Temporary folder is `C:\Users\knjetl\AppData\Local\Temp', set from environment variable `TEMP'
2017-03-29 10:09:22|   0.1|  0.0|INFORM|FME Configuration: FME_HOME is `C:\Program Files\FME2017\64\'
2017-03-29 10:09:22|   0.1|  0.0|INFORM|FME Configuration: FME_BASE is 'no'
2017-03-29 10:09:22|   0.1|  0.0|INFORM|FME Configuration: FME_MF_DIR is 'C:\DATA\GitHub\NVDBGML\FME/'
2017-03-29 10:09:22|   0.1|  0.0|INFORM|FME Configuration: FME_MF_NAME is 'FKB-Vegnett Paraply.fmw'
2017-03-29 10:09:22|   0.1|  0.0|INFORM|FME Configuration: FME_PRODUCT_NAME is 'FME(R) 2017.0.0.0'
2017-03-29 10:09:22|   0.1|  0.0|INFORM|System Status: 173.98 GB of disk space available in the FME temporary folder (C:\Users\knjetl\AppData\Local\Temp)
2017-03-29 10:09:22|   0.1|  0.0|INFORM|System Status: 8.00 TB of virtual memory available
2017-03-29 10:09:22|   0.1|  0.0|INFORM|Operating System: Microsoft Windows 7 64-bit Service Pack 1 (Build 7601)
2017-03-29 10:09:22|   0.1|  0.0|INFORM|FME Platform: WIN64
2017-03-29 10:09:22|   0.1|  0.0|INFORM|Locale: nb_NO
2017-03-29 10:09:22|   0.1|  0.0|INFORM|Code Page: 1252  (ANSI - latin I)
2017-03-29 10:09:22|   0.1|  0.0|INFORM|FME Configuration: Process limit is 31.91 GB of physical memory
2017-03-29 10:09:22|   0.1|  0.0|INFORM|FME Configuration: Start freeing memory when process usage exceeds 95.72 GB of virtual memory
2017-03-29 10:09:22|   0.1|  0.0|INFORM|FME Configuration: Stop freeing memory when process usage is below 71.79 GB of virtual memory
2017-03-29 10:09:22|   0.1|  0.0|INFORM|Creating writer for format: NULL (Nothing)
2017-03-29 10:09:22|   0.1|  0.0|INFORM|Trying to find a DYNAMIC plugin for writer named `NULL'
2017-03-29 10:09:22|   0.1|  0.0|INFORM|Loaded module 'NULL' from file 'C:\Program Files\FME2017\64\plugins/NULL.dll'
2017-03-29 10:09:22|   0.1|  0.0|INFORM|FME API version of module 'NULL' matches current internal version (3.8 20161222)
2017-03-29 10:09:22|   0.1|  0.0|INFORM|Creating reader for format: NULL (Nothing)
2017-03-29 10:09:22|   0.1|  0.0|INFORM|Trying to find a DYNAMIC plugin for reader named `NULL'
2017-03-29 10:09:22|   0.1|  0.0|INFORM|FME API version of module 'NULL' matches current internal version (3.8 20161222)
2017-03-29 10:09:22|   0.1|  0.0|INFORM|Loaded module 'LogCount_func' from file 'C:\Program Files\FME2017\64\plugins/LogCount_func.dll'
2017-03-29 10:09:22|   0.1|  0.0|INFORM|FME API version of module 'LogCount_func' matches current internal version (3.8 20161222)
2017-03-29 10:09:22|   0.2|  0.0|INFORM|Creating writer for format: FME Feature Store (FFS)
2017-03-29 10:09:22|   0.2|  0.0|INFORM|FME Configuration: No destination coordinate system set
2017-03-29 10:09:22|   0.2|  0.0|INFORM|FME API version of module 'NULL' matches current internal version (3.8 20161222)
2017-03-29 10:09:22|   0.2|  0.0|INFORM|FME API version of module 'NULL' matches current internal version (3.8 20161222)
2017-03-29 10:09:22|   0.2|  0.0|INFORM|Loaded module 'Geometry_func' from file 'C:\Program Files\FME2017\64\plugins/Geometry_func.dll'
2017-03-29 10:09:22|   0.2|  0.0|INFORM|FME API version of module 'Geometry_func' matches current internal version (3.8 20161222)
2017-03-29 10:09:22|   0.2|  0.0|INFORM|Loaded module 'BreakpointFactory' from file 'C:\Program Files\FME2017\64\plugins/BreakpointFactory.dll'
2017-03-29 10:09:23|   0.2|  0.0|INFORM|FME API version of module 'BreakpointFactory' matches current internal version (3.8 20161222)
2017-03-29 10:09:23|   0.2|  0.0|INFORM|Feature Inspection module initialized. Workbench@61656 and FME@61660
2017-03-29 10:09:23|   0.2|  0.0|INFORM|FME API version of module 'BreakpointFactory' matches current internal version (3.8 20161222)
2017-03-29 10:09:23|   0.2|  0.0|INFORM|... Last line repeated 4 times ...
2017-03-29 10:09:23|   0.2|  0.0|INFORM|Emptying factory pipeline
2017-03-29 10:09:23|   0.2|  0.0|INFORM|ListExploder_2(ElementFactory): No MODE specified.  Using default processing mode (CLASSIC)
2017-03-29 10:09:23|   0.2|  0.0|INFORM|WorkspaceRunner: Running FME Workspace C:\DATA\GitHub\NVDBGML\FME/NVDBAPI2GML_V2_Vegnett_2017.fmw with command line:
2017-03-29 10:09:23|   0.2|  0.0|INFORM|WorkspaceRunner: {C:/Program Files/FME2017/64/fme} C:/DATA/GitHub/NVDBGML/FME/NVDBAPI2GML_V2_Vegnett_2017.fmw --omr kommune --omrNvn 301 --gmlFolder {C:\DATA\GitHub\NVDBGML\GML\Test} 2>@1
2017-03-29 10:34:34|   0.3|  0.1|INFORM|WorkspaceRunner: Successfully ran workspace C:\DATA\GitHub\NVDBGML\FME/NVDBAPI2GML_V2_Vegnett_2017.fmw
2017-03-29 10:34:34|   0.3|  0.0|STATS |Storing feature(s) to FME feature store file `C:\DATA\GitHub\NVDBGML\FME\FKB-Vegnett Paraply_log.ffs'
2017-03-29 10:34:34|   0.3|  0.0|INFORM|Logger: Feature is:
2017-03-29 10:34:34|   0.3|  0.0|INFORM|+++++++++++++++++++++++++++++++++++++++++++++++++++++++++++++++++++++++++++
2017-03-29 10:34:34|   0.3|  0.0|INFORM|Feature Type: `Logger_LOGGED'
2017-03-29 10:34:34|   0.3|  0.0|INFORM|Attribute(32 bit unsigned integer): `_creation_instance' has value `0'
2017-03-29 10:34:34|   0.3|  0.0|INFORM|Attribute(32 bit integer)         : `_element_index' has value `0'
2017-03-29 10:34:34|   0.3|  0.0|INFORM|Attribute(encoded: utf-8)         : `_kommune' has value `301'
2017-03-29 10:34:34|   0.3|  0.0|INFORM|Attribute(string)                 : `fme_feature_type' has value `Creator'
2017-03-29 10:34:34|   0.3|  0.0|INFORM|Attribute(string)                 : `fme_geometry' has value `fme_undefined'
2017-03-29 10:34:34|   0.3|  0.0|INFORM|Attribute(string)                 : `fme_type' has value `fme_no_geom'
2017-03-29 10:34:34|   0.3|  0.0|INFORM|Attribute(encoded: utf-8)         : `kommuner' has value `301;403;412;519;520;1201'
2017-03-29 10:34:34|   0.3|  0.0|INFORM|Coordinate System: `'
2017-03-29 10:34:34|   0.3|  0.0|INFORM|Geometry Type: IFMENull
2017-03-29 10:34:34|   0.3|  0.0|INFORM|===========================================================================
2017-03-29 10:34:34|   0.3|  0.0|INFORM|Processed 3 elements with mode CLASSIC
2017-03-29 10:34:34|   0.3|  0.0|INFORM|WorkspaceRunner: Running FME Workspace C:\DATA\GitHub\NVDBGML\FME/NVDBAPI2GML_V2_Vegnett_2017.fmw with command line:
2017-03-29 10:34:34|   0.3|  0.0|INFORM|WorkspaceRunner: {C:/Program Files/FME2017/64/fme} C:/DATA/GitHub/NVDBGML/FME/NVDBAPI2GML_V2_Vegnett_2017.fmw --omr kommune --omrNvn 403 --gmlFolder {C:\DATA\GitHub\NVDBGML\GML\Test} 2>@1
2017-03-29 10:37:04|   0.3|  0.0|INFORM|WorkspaceRunner: Successfully ran workspace C:\DATA\GitHub\NVDBGML\FME/NVDBAPI2GML_V2_Vegnett_2017.fmw
2017-03-29 10:37:04|   0.3|  0.0|INFORM|Logger: Feature is:
2017-03-29 10:37:04|   0.3|  0.0|INFORM|+++++++++++++++++++++++++++++++++++++++++++++++++++++++++++++++++++++++++++
2017-03-29 10:37:04|   0.3|  0.0|INFORM|Feature Type: `Logger_LOGGED'
2017-03-29 10:37:04|   0.3|  0.0|INFORM|Attribute(32 bit unsigned integer): `_creation_instance' has value `0'
2017-03-29 10:37:04|   0.3|  0.0|INFORM|Attribute(32 bit integer)         : `_element_index' has value `1'
2017-03-29 10:37:04|   0.3|  0.0|INFORM|Attribute(encoded: utf-8)         : `_kommune' has value `403'
2017-03-29 10:37:04|   0.3|  0.0|INFORM|Attribute(string)                 : `fme_feature_type' has value `Creator'
2017-03-29 10:37:04|   0.3|  0.0|INFORM|Attribute(string)                 : `fme_geometry' has value `fme_undefined'
2017-03-29 10:37:04|   0.3|  0.0|INFORM|Attribute(string)                 : `fme_type' has value `fme_no_geom'
2017-03-29 10:37:04|   0.3|  0.0|INFORM|Attribute(encoded: utf-8)         : `kommuner' has value `301;403;412;519;520;1201'
2017-03-29 10:37:04|   0.3|  0.0|INFORM|Coordinate System: `'
2017-03-29 10:37:04|   0.3|  0.0|INFORM|Geometry Type: IFMENull
2017-03-29 10:37:04|   0.3|  0.0|INFORM|===========================================================================
2017-03-29 10:37:04|   0.3|  0.0|INFORM|Processed 4 elements with mode CLASSIC
2017-03-29 10:37:04|   0.3|  0.0|INFORM|WorkspaceRunner: Running FME Workspace C:\DATA\GitHub\NVDBGML\FME/NVDBAPI2GML_V2_Vegnett_2017.fmw with command line:
2017-03-29 10:37:04|   0.3|  0.0|INFORM|WorkspaceRunner: {C:/Program Files/FME2017/64/fme} C:/DATA/GitHub/NVDBGML/FME/NVDBAPI2GML_V2_Vegnett_2017.fmw --omr kommune --omrNvn 412 --gmlFolder {C:\DATA\GitHub\NVDBGML\GML\Test} 2>@1
2017-03-29 10:43:09|   0.4|  0.1|INFORM|WorkspaceRunner: Successfully ran workspace C:\DATA\GitHub\NVDBGML\FME/NVDBAPI2GML_V2_Vegnett_2017.fmw
2017-03-29 10:43:09|   0.4|  0.0|INFORM|Logger: Feature is:
2017-03-29 10:43:09|   0.4|  0.0|INFORM|+++++++++++++++++++++++++++++++++++++++++++++++++++++++++++++++++++++++++++
2017-03-29 10:43:09|   0.4|  0.0|INFORM|Feature Type: `Logger_LOGGED'
2017-03-29 10:43:09|   0.4|  0.0|INFORM|Attribute(32 bit unsigned integer): `_creation_instance' has value `0'
2017-03-29 10:43:09|   0.4|  0.0|INFORM|Attribute(32 bit integer)         : `_element_index' has value `2'
2017-03-29 10:43:09|   0.4|  0.0|INFORM|Attribute(encoded: utf-8)         : `_kommune' has value `412'
2017-03-29 10:43:09|   0.4|  0.0|INFORM|Attribute(string)                 : `fme_feature_type' has value `Creator'
2017-03-29 10:43:09|   0.4|  0.0|INFORM|Attribute(string)                 : `fme_geometry' has value `fme_undefined'
2017-03-29 10:43:09|   0.4|  0.0|INFORM|Attribute(string)                 : `fme_type' has value `fme_no_geom'
2017-03-29 10:43:09|   0.4|  0.0|INFORM|Attribute(encoded: utf-8)         : `kommuner' has value `301;403;412;519;520;1201'
2017-03-29 10:43:09|   0.4|  0.0|INFORM|Coordinate System: `'
2017-03-29 10:43:09|   0.4|  0.0|INFORM|Geometry Type: IFMENull
2017-03-29 10:43:09|   0.4|  0.0|INFORM|===========================================================================
2017-03-29 10:43:09|   0.4|  0.0|INFORM|Processed 5 elements with mode CLASSIC
2017-03-29 10:43:09|   0.4|  0.0|INFORM|WorkspaceRunner: Running FME Workspace C:\DATA\GitHub\NVDBGML\FME/NVDBAPI2GML_V2_Vegnett_2017.fmw with command line:
2017-03-29 10:43:09|   0.4|  0.0|INFORM|WorkspaceRunner: {C:/Program Files/FME2017/64/fme} C:/DATA/GitHub/NVDBGML/FME/NVDBAPI2GML_V2_Vegnett_2017.fmw --omr kommune --omrNvn 519 --gmlFolder {C:\DATA\GitHub\NVDBGML\GML\Test} 2>@1
2017-03-29 10:44:42|   0.5|  0.1|INFORM|WorkspaceRunner: Successfully ran workspace C:\DATA\GitHub\NVDBGML\FME/NVDBAPI2GML_V2_Vegnett_2017.fmw
2017-03-29 10:44:42|   0.5|  0.0|INFORM|Logger: Feature is:
2017-03-29 10:44:42|   0.5|  0.0|INFORM|+++++++++++++++++++++++++++++++++++++++++++++++++++++++++++++++++++++++++++
2017-03-29 10:44:42|   0.5|  0.0|INFORM|Feature Type: `Logger_LOGGED'
2017-03-29 10:44:42|   0.5|  0.0|INFORM|Attribute(32 bit unsigned integer): `_creation_instance' has value `0'
2017-03-29 10:44:42|   0.5|  0.0|INFORM|Attribute(32 bit integer)         : `_element_index' has value `3'
2017-03-29 10:44:42|   0.5|  0.0|INFORM|Attribute(encoded: utf-8)         : `_kommune' has value `519'
2017-03-29 10:44:42|   0.5|  0.0|INFORM|Attribute(string)                 : `fme_feature_type' has value `Creator'
2017-03-29 10:44:42|   0.5|  0.0|INFORM|Attribute(string)                 : `fme_geometry' has value `fme_undefined'
2017-03-29 10:44:42|   0.5|  0.0|INFORM|Attribute(string)                 : `fme_type' has value `fme_no_geom'
2017-03-29 10:44:42|   0.5|  0.0|INFORM|Attribute(encoded: utf-8)         : `kommuner' has value `301;403;412;519;520;1201'
2017-03-29 10:44:42|   0.5|  0.0|INFORM|Coordinate System: `'
2017-03-29 10:44:42|   0.5|  0.0|INFORM|Geometry Type: IFMENull
2017-03-29 10:44:42|   0.5|  0.0|INFORM|===========================================================================
2017-03-29 10:44:42|   0.5|  0.0|INFORM|Processed 6 elements with mode CLASSIC
2017-03-29 10:44:42|   0.5|  0.0|INFORM|WorkspaceRunner: Running FME Workspace C:\DATA\GitHub\NVDBGML\FME/NVDBAPI2GML_V2_Vegnett_2017.fmw with command line:
2017-03-29 10:44:42|   0.5|  0.0|INFORM|WorkspaceRunner: {C:/Program Files/FME2017/64/fme} C:/DATA/GitHub/NVDBGML/FME/NVDBAPI2GML_V2_Vegnett_2017.fmw --omr kommune --omrNvn 520 --gmlFolder {C:\DATA\GitHub\NVDBGML\GML\Test} 2>@1
2017-03-29 10:46:52|   0.5|  0.1|INFORM|WorkspaceRunner: Successfully ran workspace C:\DATA\GitHub\NVDBGML\FME/NVDBAPI2GML_V2_Vegnett_2017.fmw
2017-03-29 10:46:52|   0.5|  0.0|INFORM|Logger: Feature is:
2017-03-29 10:46:52|   0.5|  0.0|INFORM|+++++++++++++++++++++++++++++++++++++++++++++++++++++++++++++++++++++++++++
2017-03-29 10:46:52|   0.5|  0.0|INFORM|Feature Type: `Logger_LOGGED'
2017-03-29 10:46:52|   0.5|  0.0|INFORM|Attribute(32 bit unsigned integer): `_creation_instance' has value `0'
2017-03-29 10:46:52|   0.5|  0.0|INFORM|Attribute(32 bit integer)         : `_element_index' has value `4'
2017-03-29 10:46:52|   0.5|  0.0|INFORM|Attribute(encoded: utf-8)         : `_kommune' has value `520'
2017-03-29 10:46:52|   0.5|  0.0|INFORM|Attribute(string)                 : `fme_feature_type' has value `Creator'
2017-03-29 10:46:52|   0.5|  0.0|INFORM|Attribute(string)                 : `fme_geometry' has value `fme_undefined'
2017-03-29 10:46:52|   0.5|  0.0|INFORM|Attribute(string)                 : `fme_type' has value `fme_no_geom'
2017-03-29 10:46:52|   0.5|  0.0|INFORM|Attribute(encoded: utf-8)         : `kommuner' has value `301;403;412;519;520;1201'
2017-03-29 10:46:52|   0.5|  0.0|INFORM|Coordinate System: `'
2017-03-29 10:46:52|   0.5|  0.0|INFORM|Geometry Type: IFMENull
2017-03-29 10:46:52|   0.5|  0.0|INFORM|===========================================================================
2017-03-29 10:46:52|   0.5|  0.0|INFORM|Processed 7 elements with mode CLASSIC
2017-03-29 10:46:52|   0.5|  0.0|INFORM|WorkspaceRunner: Running FME Workspace C:\DATA\GitHub\NVDBGML\FME/NVDBAPI2GML_V2_Vegnett_2017.fmw with command line:
2017-03-29 10:46:52|   0.5|  0.0|INFORM|WorkspaceRunner: {C:/Program Files/FME2017/64/fme} C:/DATA/GitHub/NVDBGML/FME/NVDBAPI2GML_V2_Vegnett_2017.fmw --omr kommune --omrNvn 1201 --gmlFolder {C:\DATA\GitHub\NVDBGML\GML\Test} 2>@1
2017-03-29 11:02:13|   0.6|  0.1|INFORM|WorkspaceRunner: Successfully ran workspace C:\DATA\GitHub\NVDBGML\FME/NVDBAPI2GML_V2_Vegnett_2017.fmw
2017-03-29 11:02:13|   0.6|  0.0|INFORM|Logger: Feature is:
2017-03-29 11:02:13|   0.6|  0.0|INFORM|+++++++++++++++++++++++++++++++++++++++++++++++++++++++++++++++++++++++++++
2017-03-29 11:02:13|   0.6|  0.0|INFORM|Feature Type: `Logger_LOGGED'
2017-03-29 11:02:13|   0.6|  0.0|INFORM|Attribute(32 bit unsigned integer): `_creation_instance' has value `0'
2017-03-29 11:02:13|   0.6|  0.0|INFORM|Attribute(32 bit integer)         : `_element_index' has value `5'
2017-03-29 11:02:13|   0.6|  0.0|INFORM|Attribute(encoded: utf-8)         : `_kommune' has value `1201'
2017-03-29 11:02:13|   0.6|  0.0|INFORM|Attribute(string)                 : `fme_feature_type' has value `Creator'
2017-03-29 11:02:13|   0.6|  0.0|INFORM|Attribute(string)                 : `fme_geometry' has value `fme_undefined'
2017-03-29 11:02:13|   0.6|  0.0|INFORM|Attribute(string)                 : `fme_type' has value `fme_no_geom'
2017-03-29 11:02:13|   0.6|  0.0|INFORM|Attribute(encoded: utf-8)         : `kommuner' has value `301;403;412;519;520;1201'
2017-03-29 11:02:13|   0.6|  0.0|INFORM|Coordinate System: `'
2017-03-29 11:02:13|   0.6|  0.0|INFORM|Geometry Type: IFMENull
2017-03-29 11:02:13|   0.6|  0.0|INFORM|===========================================================================
2017-03-29 11:02:13|   0.6|  0.0|STATS |Creator_XML_Creator(CreationFactory): Created 1 features
2017-03-29 11:02:13|   0.6|  0.0|STATS |Creator_Cloner(TeeFactory): Cloned 1 input feature(s) into 1 output feature(s)
2017-03-29 11:02:13|   0.6|  0.0|STATS |Creator_CREATED Brancher -1 11(BranchingFactory): Branched 1 input feature -- 1 feature routed to the target factory, and 0 features routed to the fallback factory.
2017-03-29 11:02:13|   0.6|  0.0|STATS |_CREATOR_BRANCH_TARGET(TeeFactory): Cloned 1 input feature(s) into 1 output feature(s)
2017-03-29 11:02:13|   0.6|  0.0|STATS |AttributeSplitter(TeeFactory): Cloned 1 input feature(s) into 1 output feature(s)
2017-03-29 11:02:13|   0.6|  0.0|STATS |ListExploder_2(ElementFactory): Split out 6 list elements from 1 input features, using mode CLASSIC
2017-03-29 11:02:13|   0.6|  0.0|STATS |ListExploder_2_<REJECTED> Feature Counter -1 2147680266(TeeFactory): Cloned 0 input feature(s) into 0 output feature(s)
2017-03-29 11:02:13|   0.6|  0.0|STATS |ListExploder_2_<Rejected>(TeeFactory): Cloned 0 input feature(s) into 0 output feature(s)
2017-03-29 11:02:13|   0.6|  0.0|STATS |WorkspaceRunner_ExecutorAndRouter(TestFactory): Tested 6 input feature(s) -- 6 feature(s) passed and 0 feature(s) failed
2017-03-29 11:02:13|   0.6|  0.0|STATS |WorkspaceRunner_SummaryMaker(CreationFactory): Created 0 features
2017-03-29 11:02:13|   0.6|  0.0|STATS |Logger_Logger(TeeFactory): Cloned 6 input feature(s) into 6 output feature(s)
2017-03-29 11:02:13|   0.6|  0.0|STATS |Logger LOGGED Output Nuker(TeeFactory): Cloned 6 input feature(s) into 0 output feature(s)
2017-03-29 11:02:13|   0.6|  0.0|STATS |Destination Feature Type Routing Correlator(RoutingFactory): Tested 0 input feature(s), wrote 0 output feature(s): 0 matched merge filters, 0 were routed to output, 0 could not be routed.
2017-03-29 11:02:13|   0.6|  0.0|STATS |Final Output Nuker(TeeFactory): Cloned 0 input feature(s) into 0 output feature(s)
2017-03-29 11:02:13|   0.6|  0.0|INFORM|=-=-=-=-=-=-=-=-=-=-=-=-=-=-=-=-=-=-=-=-=-=-=-=-=-=-=-=-=-=-=-=-=-=-=-=-=-=-=-
2017-03-29 11:02:13|   0.6|  0.0|INFORM|Feature output statistics for `FFS' writer using keyword `W_1':
2017-03-29 11:02:13|   0.6|  0.0|STATS |=-=-=-=-=-=-=-=-=-=-=-=-=-=-=-=-=-=-=-=-=-=-=-=-=-=-=-=-=-=-=-=-=-=-=-=-=-=-=-
2017-03-29 11:02:13|   0.6|  0.0|STATS |                               Features Written
2017-03-29 11:02:13|   0.6|  0.0|STATS |=-=-=-=-=-=-=-=-=-=-=-=-=-=-=-=-=-=-=-=-=-=-=-=-=-=-=-=-=-=-=-=-=-=-=-=-=-=-=-
2017-03-29 11:02:13|   0.6|  0.0|STATS |==============================================================================
2017-03-29 11:02:13|   0.6|  0.0|STATS |Total Features Written                                                       0
2017-03-29 11:02:13|   0.6|  0.0|STATS |=-=-=-=-=-=-=-=-=-=-=-=-=-=-=-=-=-=-=-=-=-=-=-=-=-=-=-=-=-=-=-=-=-=-=-=-=-=-=-
2017-03-29 11:02:13|   0.6|  0.0|STATS |=-=-=-=-=-=-=-=-=-=-=-=-=-=-=-=-=-=-=-=-=-=-=-=-=-=-=-=-=-=-=-=-=-=-=-=-=-=-=-
2017-03-29 11:02:13|   0.6|  0.0|STATS |                            Features Read Summary
2017-03-29 11:02:13|   0.6|  0.0|STATS |=-=-=-=-=-=-=-=-=-=-=-=-=-=-=-=-=-=-=-=-=-=-=-=-=-=-=-=-=-=-=-=-=-=-=-=-=-=-=-
2017-03-29 11:02:13|   0.6|  0.0|STATS |==============================================================================
2017-03-29 11:02:13|   0.6|  0.0|STATS |Total Features Read                                                          0
2017-03-29 11:02:13|   0.6|  0.0|STATS |=-=-=-=-=-=-=-=-=-=-=-=-=-=-=-=-=-=-=-=-=-=-=-=-=-=-=-=-=-=-=-=-=-=-=-=-=-=-=-
2017-03-29 11:02:13|   0.6|  0.0|STATS |=-=-=-=-=-=-=-=-=-=-=-=-=-=-=-=-=-=-=-=-=-=-=-=-=-=-=-=-=-=-=-=-=-=-=-=-=-=-=-
2017-03-29 11:02:13|   0.6|  0.0|STATS |                           Features Written Summary
2017-03-29 11:02:13|   0.6|  0.0|STATS |=-=-=-=-=-=-=-=-=-=-=-=-=-=-=-=-=-=-=-=-=-=-=-=-=-=-=-=-=-=-=-=-=-=-=-=-=-=-=-
2017-03-29 11:02:13|   0.6|  0.0|STATS |==============================================================================
2017-03-29 11:02:13|   0.6|  0.0|STATS |Total Features Written                                                       0
2017-03-29 11:02:13|   0.6|  0.0|STATS |=-=-=-=-=-=-=-=-=-=-=-=-=-=-=-=-=-=-=-=-=-=-=-=-=-=-=-=-=-=-=-=-=-=-=-=-=-=-=-
2017-03-29 11:02:13|   0.6|  0.0|INFORM|Translation was SUCCESSFUL with 0 warning(s) (0 feature(s) output)
2017-03-29 11:02:13|   0.6|  0.0|STATS |Stored 6 feature(s) to FME feature store file `C:\DATA\GitHub\NVDBGML\FME\FKB-Vegnett Paraply_log.ffs'
2017-03-29 11:02:13|   0.6|  0.0|INFORM|FME Session Duration: 52 minutes 50.5 seconds. (CPU: 0.2s user, 0.4s system)
2017-03-29 11:02:13|   0.6|  0.0|INFORM|END - ProcessID: 7724, peak process memory usage: 43816 kB, current process memory usage: 43620 kB
