2015-05-13 11:17:49|   0.1|  0.1|INFORM|FME 2015.1.0.0 (20150426 - Build 15479 - WIN64)
2015-05-13 11:17:49|   0.1|  0.0|INFORM|FME_HOME is 'C:\Program Files\FME2015\64\'
2015-05-13 11:17:49|   0.1|  0.0|INFORM|FME ESRI Edition (node locked-crc)
2015-05-13 11:17:49|   0.1|  0.0|INFORM|Serial Number: S0601A0917
2015-05-13 11:17:49|   0.1|  0.0|INFORM|Permanent License.
2015-05-13 11:17:49|   0.1|  0.0|INFORM|Machine host name is: SVV-55247
2015-05-13 11:17:49|   0.1|  0.0|INFORM|START - ProcessID: 9812, peak process memory usage: 53264 kB, current process memory usage: 53264 kB
2015-05-13 11:17:49|   0.1|  0.0|INFORM|FME Configuration: Command line arguments are `C:\Program Files\FME2015\64\fme.exe' `C:/DATA/Standardisering/NVDBGML/FME\wb-xlate-1431508667680_4884' `LOG_STANDARDOUT' `YES' `LogCountServerName' `{9422be54-01f3-483e-9593-6b213719ef87}'
2015-05-13 11:17:49|   0.2|  0.1|INFORM|Shared folders for formats are : C:\Program Files\FME2015\64\datasources;C:\Users\knjetl\AppData\Roaming\Safe Software\FME\FME Store\Formats;\\SVV1P04AUSER01\KNJETL$\documents\FME\Formats
2015-05-13 11:17:49|   0.2|  0.0|INFORM|Shared folders for transformers are : C:\Program Files\FME2015\64\transformers;C:\Users\knjetl\AppData\Roaming\Safe Software\FME\FME Store\Transformers;\\SVV1P04AUSER01\KNJETL$\documents\FME\Transformers
2015-05-13 11:17:49|   0.2|  0.0|INFORM|Shared folders for coordinate systems are : \\SVV1P04AUSER01\KNJETL$\documents\FME\CoordinateSystems
2015-05-13 11:17:49|   0.2|  0.0|INFORM|Shared folders for coordinate system exceptions are : \\SVV1P04AUSER01\KNJETL$\documents\FME\CoordinateSystemExceptions
2015-05-13 11:17:49|   0.2|  0.0|INFORM|Shared folders for coordinate system grid overrides are : \\SVV1P04AUSER01\KNJETL$\documents\FME\CoordinateSystemGridOverrides
2015-05-13 11:17:49|   0.2|  0.0|INFORM|Shared folders for CS-MAP transformation exceptions are : \\SVV1P04AUSER01\KNJETL$\documents\FME\CsmapTransformationExceptions
2015-05-13 11:17:49|   0.2|  0.0|INFORM|Shared folders for transformer categories are : \\SVV1P04AUSER01\KNJETL$\documents\FME\TransformerCategories
2015-05-13 11:17:49|   0.2|  0.0|INFORM|FME Configuration: Reader Keyword is `GML_1'
2015-05-13 11:17:49|   0.2|  0.0|INFORM|FME Configuration: Writer Keyword is `NULL_DEST'
2015-05-13 11:17:49|   0.2|  0.0|INFORM|FME Configuration: Writer Group Definition Keyword is `NULL_DEST_DEF'
2015-05-13 11:17:49|   0.2|  0.0|INFORM|FME Configuration: Reader type is `GML'
2015-05-13 11:17:49|   0.2|  0.0|INFORM|FME Configuration: Writer type is `NULL'
2015-05-13 11:17:49|   0.2|  0.0|INFORM|FME Configuration: No destination coordinate system set
2015-05-13 11:17:49|   0.2|  0.0|INFORM|FME Configuration: Current working folder is `C:\DATA\Standardisering\NVDBGML\FME'
2015-05-13 11:17:49|   0.2|  0.0|INFORM|FME Configuration: Temporary folder is `C:\Users\knjetl\AppData\Local\Temp'
2015-05-13 11:17:49|   0.2|  0.0|INFORM|FME Configuration: FME_HOME is `C:\Program Files\FME2015\64\'
2015-05-13 11:17:49|   0.2|  0.0|INFORM|FME Configuration: FME_BASE is 'no'
2015-05-13 11:17:49|   0.2|  0.0|INFORM|FME Configuration: FME_MF_DIR is 'C:\DATA\Standardisering\NVDBGML\FME/'
2015-05-13 11:17:49|   0.2|  0.0|INFORM|FME Configuration: FME_MF_NAME is 'GML2NVDB.fmw'
2015-05-13 11:17:49|   0.2|  0.0|INFORM|FME Configuration: FME_PRODUCT_NAME is 'FME(R) 2015.1.0.0'
2015-05-13 11:17:49|   0.2|  0.0|INFORM|System Status: 156.85 GB of disk space available in the FME temporary folder (C:\Users\knjetl\AppData\Local\Temp)
2015-05-13 11:17:49|   0.2|  0.0|INFORM|System Status: 8.00 TB of virtual memory available
2015-05-13 11:17:49|   0.2|  0.0|INFORM|Operating System: Microsoft Windows 7 64-bit Service Pack 1 (Build 7601)
2015-05-13 11:17:49|   0.2|  0.0|INFORM|FME Platform: WIN64
2015-05-13 11:17:49|   0.2|  0.0|INFORM|Locale: nb_NO
2015-05-13 11:17:49|   0.2|  0.0|INFORM|Code Page: 1252  (ANSI - latin I)
2015-05-13 11:17:49|   0.2|  0.0|INFORM|FME Configuration: Process limits are 31.91 GB of physical memory and 8.00 TB of address space
2015-05-13 11:17:49|   0.2|  0.0|INFORM|FME Configuration: Start freeing memory when process usage exceeds 12.00 GB of memory or 8.00 TB of address space
2015-05-13 11:17:49|   0.2|  0.0|INFORM|FME Configuration: Stop freeing memory when process usage is below 9.00 GB of memory and 6.00 TB of address space
2015-05-13 11:17:49|   0.3|  0.1|INFORM|Creating writer for format: NULL (Nothing)
2015-05-13 11:17:49|   0.3|  0.0|INFORM|Trying to find a DYNAMIC plugin for writer named `NULL'
2015-05-13 11:17:49|   0.3|  0.0|INFORM|Loaded module 'NULL' from file 'C:\Program Files\FME2015\64\plugins/NULL.dll'
2015-05-13 11:17:49|   0.3|  0.0|INFORM|FME API version of module 'NULL' matches current internal version (3.7 20150407)
2015-05-13 11:17:50|   0.3|  0.0|INFORM|Creating reader for format: GML (Geography Markup Language)
2015-05-13 11:17:50|   0.3|  0.0|INFORM|Trying to find a DYNAMIC plugin for reader named `GML'
2015-05-13 11:17:50|   0.4|  0.1|INFORM|Loaded module 'GML' from file 'C:\Program Files\FME2015\64\plugins/GML.dll'
2015-05-13 11:17:50|   0.4|  0.0|INFORM|FME API version of module 'GML' matches current internal version (3.7 20150407)
2015-05-13 11:17:50|   0.4|  0.0|INFORM|The uri-map document 'C:\Program Files\FME2015\64\xml\urimap\gml_aixm.xml' is being used to map from URI to URI
2015-05-13 11:17:50|   0.4|  0.0|INFORM|The uri-map document 'C:\Program Files\FME2015\64\xml\urimap\gml_citygml.xml' is being used to map from URI to URI
2015-05-13 11:17:50|   0.4|  0.0|INFORM|The uri-map document 'C:\Program Files\FME2015\64\xml\urimap\gml_inspire.xml' is being used to map from URI to URI
2015-05-13 11:17:50|   0.4|  0.0|INFORM|The uri-map document 'C:\Program Files\FME2015\64\xml\urimap\gml_urimap.xml' is being used to map from URI to URI
2015-05-13 11:17:50|   0.4|  0.0|INFORM|Loaded module 'LogCount_func' from file 'C:\Program Files\FME2015\64\plugins/LogCount_func.dll'
2015-05-13 11:17:50|   0.4|  0.0|INFORM|FME API version of module 'LogCount_func' matches current internal version (3.7 20150407)
2015-05-13 11:17:50|   0.5|  0.0|INFORM|Creating writer for format: FME Feature Store (FFS)
2015-05-13 11:17:50|   0.5|  0.0|INFORM|FME Configuration: No destination coordinate system set
2015-05-13 11:17:50|   0.5|  0.0|INFORM|FME API version of module 'NULL' matches current internal version (3.7 20150407)
2015-05-13 11:17:50|   0.5|  0.0|INFORM|FME API version of module 'NULL' matches current internal version (3.7 20150407)
2015-05-13 11:17:50|   0.5|  0.0|INFORM|FME Configuration: Using FME Reprojection Engine
2015-05-13 11:17:50|   0.5|  0.0|INFORM|Loaded module 'HTTPFactory' from file 'C:\Program Files\FME2015\64\plugins/HTTPFactory.dll'
2015-05-13 11:17:50|   0.5|  0.0|INFORM|FME API version of module 'HTTPFactory' matches current internal version (3.7 20150407)
2015-05-13 11:17:50|   0.6|  0.1|INFORM|Loaded module 'XFMapFactory' from file 'C:\Program Files\FME2015\64\plugins/XFMapFactory.dll'
2015-05-13 11:17:50|   0.6|  0.0|INFORM|FME API version of module 'XFMapFactory' matches current internal version (3.7 20150407)
2015-05-13 11:17:50|   0.6|  0.0|INFORM|FME API version of module 'HTTPFactory' matches current internal version (3.7 20150407)
2015-05-13 11:17:50|   0.6|  0.0|INFORM|FME API version of module 'XFMapFactory' matches current internal version (3.7 20150407)
2015-05-13 11:17:50|   0.6|  0.0|INFORM|URI 'file:///C:/DATA/Standardisering/NVDBGML/XSD/Stikkrenne.xsd' mapped to 'file:///C:/DATA/Standardisering/NVDBGML/XSD/Stikkrenne.xsd'
2015-05-13 11:17:50|   0.6|  0.0|INFORM|Parsing schema document 'file:///C:/DATA/Standardisering/NVDBGML/XSD/Stikkrenne.xsd' ...
2015-05-13 11:17:50|   0.6|  0.0|INFORM|<GML_1 Reader> - Map Embedded Object as: 'ATTRIBUTES'
2015-05-13 11:17:50|   0.6|  0.0|INFORM|<GML_1 Reader> - Map Predefined Properties: 'NO'
2015-05-13 11:17:50|   0.6|  0.0|INFORM|<GML_1 Reader> - Map All Substitutable Properties: 'YES'
2015-05-13 11:17:50|   0.6|  0.0|INFORM|<GML_1 Reader> - Map Complex Properties as: 'NESTED_ATTRIBUTES'
2015-05-13 11:17:50|   0.6|  0.0|INFORM|<GML_1 Reader> - Add XML Namespace Prefix to Names: 'NO'
2015-05-13 11:17:50|   0.6|  0.0|INFORM|<GML_1 Reader> - Limit Number of Lists in Nested Attributes: 'UNSET'
2015-05-13 11:17:50|   0.6|  0.0|INFORM|Using XSD semantics configuration file 'file:///C:/Program Files/FME2015/64/xml/gml_v3.2/gml_config.xml'.
2015-05-13 11:17:50|   0.7|  0.1|INFORM|Pre-processing xfMap 'C:\Users\knjetl\AppData\Local\Temp\XFMAP_AUTOGEN1431508670877_9812.xml' with macro stylesheet 'C:\Program Files\FME2015\64\xfmap\xfmap_macro.xslt' into 'C:\Users\knjetl\AppData\Local\Temp\NOMACRO_XFMAP_1431508670889_9812.xml'
2015-05-13 11:17:50|   0.7|  0.0|INFORM|The XML Reader is using xfMap 'C:\Users\knjetl\AppData\Local\Temp\NOMACRO_XFMAP_1431508670889_9812.xml'
2015-05-13 11:17:51|   1.0|  0.2|INFORM|Predefined coordinate system `ETRS89.UTM-32N' (Transverse Mercator (ETRS89-TM32)) matches dataset coordinate system 
2015-05-13 11:17:51|   1.0|  0.0|INFORM|The EPSG number of the FME coordinate system 'ETRS89.UTM-32N' is '5972'
2015-05-13 11:17:51|   1.0|  0.0|INFORM|FME Configuration: Source coordinate system for reader GML_1[GML] set to `EPSG:5972' as read from input data
2015-05-13 11:17:51|   1.0|  0.0|INFORM|Coordinate System `EPSG:5972' parameters: CS_NAME=`ETRS89.UTM-32N' DESC_NM=`Transverse Mercator (ETRS89-TM32)' DT_NAME=`ETRS89/01' GROUP=`UTMN' MAP_SCL=`1' MAX_LAT=`66.45' MAX_LNG=`12.8666666666667' MIN_LAT=`57.1166666666667' MIN_LNG=`4.18333333333333' PARM1=`9' PROJ=`TM' QUAD=`1' SCL_RED=`0.9996' SOURCE=`EPSG, V6.3, 25832 [Large and medium scale topographic mappi]' UNIT=`Meter' X_OFF=`500000' Y_OFF=`0.0' ZERO_X=`0.0001' ZERO_Y=`0.0001' 
2015-05-13 11:17:51|   1.0|  0.1|INFORM|Creating reader for format: CSV (Comma Separated Value)
2015-05-13 11:17:51|   1.0|  0.0|INFORM|Trying to find a DYNAMIC plugin for reader named `CSV'
2015-05-13 11:17:51|   1.1|  0.0|INFORM|Loaded module 'CSV' from file 'C:\Program Files\FME2015\64\plugins/CSV.dll'
2015-05-13 11:17:51|   1.1|  0.0|INFORM|FME API version of module 'CSV' matches current internal version (3.7 20150407)
2015-05-13 11:17:51|   1.1|  0.0|INFORM|CSV Reader: Opening CSV files in folder `C:\DATA\Standardisering\NVDBGML\tmp/\'
2015-05-13 11:17:51|   1.1|  0.0|INFORM|CSV Reader: Separator Character: ';'
2015-05-13 11:17:51|   1.1|  0.0|INFORM|CSV Reader: Skip Duplicate Delimiters: no
2015-05-13 11:17:51|   1.1|  0.0|INFORM|CSV Reader: Strip Quotes From Fields: yes
2015-05-13 11:17:51|   1.1|  0.0|INFORM|CSV Reader: File Has Field Names: yes
2015-05-13 11:17:51|   1.1|  0.0|INFORM|CSV Reader: Field Names Follow Header: no
2015-05-13 11:17:51|   1.1|  0.0|INFORM|CSV Reader: Number of Lines to Skip: 1
2015-05-13 11:17:51|   1.1|  0.0|INFORM|CSV Reader: Number of Footer Lines to Skip: 0
2015-05-13 11:17:51|   1.1|  0.0|INFORM|CSV Reader: Encoding name ''
2015-05-13 11:17:51|   1.1|  0.0|INFORM|CSV Reader: Allowing Spaces in Column Names: yes
2015-05-13 11:17:51|   1.1|  0.0|INFORM|CSV Reader: Max features to scan for schema: 1000
2015-05-13 11:17:51|   1.1|  0.0|INFORM|CSV Reader: Feature type names from file names: no
2015-05-13 11:17:51|   1.1|  0.0|INFORM|CSV Reader: Opening dataset 'C:\DATA\Standardisering\NVDBGML\tmp\ftMapping.csv'
2015-05-13 11:17:51|   1.1|  0.0|INFORM|Creating reader for format: Tabular Data
2015-05-13 11:17:51|   1.1|  0.0|INFORM|Using Tabular Reader $Revision$ ( $Date$ ) to read files from folder `C:\DATA\Standardisering\NVDBGML\tmp'
2015-05-13 11:17:51|   1.1|  0.0|INFORM|Stripping quotes around fields in CSV File `C:\DATA\Standardisering\NVDBGML\tmp\ftMapping.csv'
2015-05-13 11:17:51|   1.1|  0.0|INFORM|Opened Separated Value File C:\DATA\Standardisering\NVDBGML\tmp\ftMapping.csv for input with delimiter `;'
2015-05-13 11:17:51|   1.1|  0.0|INFORM|Skipped line `ftid;name' in CSV File `C:\DATA\Standardisering\NVDBGML\tmp\ftMapping.csv'
2015-05-13 11:17:51|   1.1|  0.0|INFORM|CSV Reader: Closing dataset 'C:\DATA\Standardisering\NVDBGML\tmp\ftMapping.csv'
2015-05-13 11:17:51|   1.1|  0.0|INFORM|CSV Reader: Done reading CSV files in folder `C:\DATA\Standardisering\NVDBGML\tmp/\'
2015-05-13 11:17:52|   1.1|  0.0|INFORM|Creating reader for format: CSV (Comma Separated Value)
2015-05-13 11:17:52|   1.1|  0.0|INFORM|Trying to find a DYNAMIC plugin for reader named `CSV'
2015-05-13 11:17:52|   1.1|  0.0|INFORM|FME API version of module 'CSV' matches current internal version (3.7 20150407)
2015-05-13 11:17:52|   1.1|  0.0|INFORM|CSV Reader: Opening CSV files in folder `C:\DATA\Standardisering\NVDBGML\tmp/\'
2015-05-13 11:17:52|   1.1|  0.0|INFORM|CSV Reader: Separator Character: ';'
2015-05-13 11:17:52|   1.1|  0.0|INFORM|CSV Reader: Skip Duplicate Delimiters: no
2015-05-13 11:17:52|   1.1|  0.0|INFORM|CSV Reader: Strip Quotes From Fields: yes
2015-05-13 11:17:52|   1.1|  0.0|INFORM|CSV Reader: File Has Field Names: yes
2015-05-13 11:17:52|   1.1|  0.0|INFORM|CSV Reader: Field Names Follow Header: no
2015-05-13 11:17:52|   1.1|  0.0|INFORM|CSV Reader: Number of Lines to Skip: 1
2015-05-13 11:17:52|   1.1|  0.0|INFORM|CSV Reader: Number of Footer Lines to Skip: 0
2015-05-13 11:17:52|   1.1|  0.0|INFORM|CSV Reader: Encoding name ''
2015-05-13 11:17:52|   1.1|  0.0|INFORM|CSV Reader: Allowing Spaces in Column Names: yes
2015-05-13 11:17:52|   1.1|  0.0|INFORM|CSV Reader: Max features to scan for schema: 1000
2015-05-13 11:17:52|   1.1|  0.0|INFORM|CSV Reader: Feature type names from file names: no
2015-05-13 11:17:52|   1.1|  0.0|INFORM|CSV Reader: Opening dataset 'C:\DATA\Standardisering\NVDBGML\tmp\ptMapping.csv'
2015-05-13 11:17:52|   1.2|  0.0|INFORM|Creating reader for format: Tabular Data
2015-05-13 11:17:52|   1.2|  0.0|INFORM|Using Tabular Reader $Revision$ ( $Date$ ) to read files from folder `C:\DATA\Standardisering\NVDBGML\tmp'
2015-05-13 11:17:52|   1.2|  0.0|INFORM|Stripping quotes around fields in CSV File `C:\DATA\Standardisering\NVDBGML\tmp\ptMapping.csv'
2015-05-13 11:17:52|   1.2|  0.0|INFORM|Opened Separated Value File C:\DATA\Standardisering\NVDBGML\tmp\ptMapping.csv for input with delimiter `;'
2015-05-13 11:17:52|   1.2|  0.0|INFORM|Skipped line `ft_attr;ftid;ptid;name' in CSV File `C:\DATA\Standardisering\NVDBGML\tmp\ptMapping.csv'
2015-05-13 11:17:52|   1.2|  0.0|INFORM|CSV Reader: Closing dataset 'C:\DATA\Standardisering\NVDBGML\tmp\ptMapping.csv'
2015-05-13 11:17:52|   1.2|  0.0|INFORM|CSV Reader: Done reading CSV files in folder `C:\DATA\Standardisering\NVDBGML\tmp/\'
2015-05-13 11:17:52|   1.2|  0.0|INFORM|Creating reader for format: CSV (Comma Separated Value)
2015-05-13 11:17:52|   1.2|  0.0|INFORM|Trying to find a DYNAMIC plugin for reader named `CSV'
2015-05-13 11:17:52|   1.2|  0.0|INFORM|FME API version of module 'CSV' matches current internal version (3.7 20150407)
2015-05-13 11:17:52|   1.2|  0.0|INFORM|CSV Reader: Opening CSV files in folder `C:\DATA\Standardisering\NVDBGML\tmp/\'
2015-05-13 11:17:52|   1.2|  0.0|INFORM|CSV Reader: Separator Character: ';'
2015-05-13 11:17:52|   1.2|  0.0|INFORM|CSV Reader: Skip Duplicate Delimiters: no
2015-05-13 11:17:52|   1.2|  0.0|INFORM|CSV Reader: Strip Quotes From Fields: yes
2015-05-13 11:17:52|   1.2|  0.0|INFORM|CSV Reader: File Has Field Names: yes
2015-05-13 11:17:52|   1.2|  0.0|INFORM|CSV Reader: Field Names Follow Header: no
2015-05-13 11:17:52|   1.2|  0.0|INFORM|CSV Reader: Number of Lines to Skip: 1
2015-05-13 11:17:52|   1.2|  0.0|INFORM|CSV Reader: Number of Footer Lines to Skip: 0
2015-05-13 11:17:52|   1.2|  0.0|INFORM|CSV Reader: Encoding name ''
2015-05-13 11:17:52|   1.2|  0.0|INFORM|CSV Reader: Allowing Spaces in Column Names: yes
2015-05-13 11:17:52|   1.2|  0.0|INFORM|CSV Reader: Max features to scan for schema: 1000
2015-05-13 11:17:52|   1.2|  0.0|INFORM|CSV Reader: Feature type names from file names: no
2015-05-13 11:17:52|   1.2|  0.0|INFORM|CSV Reader: Opening dataset 'C:\DATA\Standardisering\NVDBGML\tmp\enMapping.csv'
2015-05-13 11:17:53|   1.2|  0.0|INFORM|Creating reader for format: Tabular Data
2015-05-13 11:17:53|   1.2|  0.0|INFORM|Using Tabular Reader $Revision$ ( $Date$ ) to read files from folder `C:\DATA\Standardisering\NVDBGML\tmp'
2015-05-13 11:17:53|   1.2|  0.0|INFORM|Stripping quotes around fields in CSV File `C:\DATA\Standardisering\NVDBGML\tmp\enMapping.csv'
2015-05-13 11:17:53|   1.2|  0.0|INFORM|Opened Separated Value File C:\DATA\Standardisering\NVDBGML\tmp\enMapping.csv for input with delimiter `;'
2015-05-13 11:17:53|   1.2|  0.0|INFORM|Skipped line `ptid;enid;name' in CSV File `C:\DATA\Standardisering\NVDBGML\tmp\enMapping.csv'
2015-05-13 11:17:53|   1.2|  0.0|INFORM|CSV Reader: Closing dataset 'C:\DATA\Standardisering\NVDBGML\tmp\enMapping.csv'
2015-05-13 11:17:53|   1.3|  0.0|INFORM|CSV Reader: Done reading CSV files in folder `C:\DATA\Standardisering\NVDBGML\tmp/\'
2015-05-13 11:17:53|   1.3|  0.0|INFORM|Sending request to 'http://multirit.triona.se/visveginfo/RoadInfoService/GetRoadReferenceForLocation?easting=241947.357257586&northing=6831664.5276874&coordinateSystem=UTM33&viewdate=2015-05-13&bufferMeters=10'
2015-05-13 11:17:54|   1.3|  0.0|INFORM|HTTPCaller(HTTPFactory): HTTP transfer summary - status code: 200, download size: '702 bytes', DNS lookup time: '0 seconds', total transfer time: '1.513 seconds', url: 'http://multirit.triona.se/visveginfo/RoadInfoService/GetRoadReferenceForLocation?easting=241947.357257586&northing=6831664.5276874&coordinateSystem=UTM33&viewdate=2015-05-13&bufferMeters=10'
2015-05-13 11:17:54|   1.3|  0.0|INFORM|Sending request to 'http://multirit.triona.se/visveginfo/RoadInfoService/GetRoadReferenceForLocation?easting=241947.357257586&northing=6831664.5276874&coordinateSystem=UTM33&viewdate=2015-05-13&bufferMeters=10'
2015-05-13 11:17:55|   1.3|  0.0|INFORM|HTTPCaller_2(HTTPFactory): HTTP transfer summary - status code: 200, download size: '702 bytes', DNS lookup time: '0 seconds', total transfer time: '0.234 seconds', url: 'http://multirit.triona.se/visveginfo/RoadInfoService/GetRoadReferenceForLocation?easting=241947.357257586&northing=6831664.5276874&coordinateSystem=UTM33&viewdate=2015-05-13&bufferMeters=10'
2015-05-13 11:17:55|   1.3|  0.0|STATS |Storing feature(s) to FME feature store file `C:\Users\knjetl\AppData\Local\Temp\GML2NVDB_111748\inspector.ffs'
2015-05-13 11:17:55|   1.3|  0.0|STATS |Storing feature(s) to FME feature store file `C:\Users\knjetl\AppData\Local\Temp\GML2NVDB_111748\inspector.fsc'
2015-05-13 11:17:55|   1.3|  0.0|INFORM|Sending request to 'http://multirit.triona.se/visveginfo/RoadInfoService/GetRoadReferenceForLocation?easting=242235.660636223&northing=6831534.28166724&coordinateSystem=UTM33&viewdate=2015-05-13&bufferMeters=10'
2015-05-13 11:17:55|   1.3|  0.0|INFORM|HTTPCaller(HTTPFactory): HTTP transfer summary - status code: 200, download size: '703 bytes', DNS lookup time: '0 seconds', total transfer time: '0.203 seconds', url: 'http://multirit.triona.se/visveginfo/RoadInfoService/GetRoadReferenceForLocation?easting=242235.660636223&northing=6831534.28166724&coordinateSystem=UTM33&viewdate=2015-05-13&bufferMeters=10'
2015-05-13 11:17:55|   1.4|  0.0|INFORM|Sending request to 'http://multirit.triona.se/visveginfo/RoadInfoService/GetRoadReferenceForLocation?easting=242235.660636223&northing=6831534.28166724&coordinateSystem=UTM33&viewdate=2015-05-13&bufferMeters=10'
2015-05-13 11:17:55|   1.4|  0.0|INFORM|HTTPCaller_2(HTTPFactory): HTTP transfer summary - status code: 200, download size: '703 bytes', DNS lookup time: '0 seconds', total transfer time: '0.203 seconds', url: 'http://multirit.triona.se/visveginfo/RoadInfoService/GetRoadReferenceForLocation?easting=242235.660636223&northing=6831534.28166724&coordinateSystem=UTM33&viewdate=2015-05-13&bufferMeters=10'
2015-05-13 11:17:55|   1.4|  0.0|INFORM|Emptying factory pipeline
2015-05-13 11:17:55|   1.4|  0.0|STATS |Router and Unexpected Input Remover(RoutingFactory): Tested 2 input feature(s), wrote 2 output feature(s): 2 matched merge filters, 2 were routed to output, 0 could not be routed.
2015-05-13 11:17:55|   1.4|  0.0|STATS |Unexpected Input Remover Nuker(TeeFactory): Cloned 0 input feature(s) into 0 output feature(s)
2015-05-13 11:17:55|   1.4|  0.0|STATS |Stikkrenne (GML_1) Splitter(TeeFactory): Cloned 2 input feature(s) into 4 output feature(s)
2015-05-13 11:17:55|   1.4|  0.0|STATS |Stikkrenne_0_k4TnsNwF2+s= Feature Counter -1 17(TeeFactory): Cloned 2 input feature(s) into 2 output feature(s)
2015-05-13 11:17:55|   1.4|  0.0|STATS |Stikkrenne_1_k4TnsNwF2+s= Feature Counter -1 9(TeeFactory): Cloned 2 input feature(s) into 2 output feature(s)
2015-05-13 11:17:55|   1.4|  0.0|STATS |GML_Original (Disabled) Nuker(TeeFactory): Cloned 2 input feature(s) into 0 output feature(s)
2015-05-13 11:17:55|   1.4|  0.0|STATS |SchemaMapper_MAPPED Feature Counter -1 19(TeeFactory): Cloned 2 input feature(s) into 2 output feature(s)
2015-05-13 11:17:55|   1.4|  0.0|STATS |AttributeExposer(TeeFactory): Cloned 2 input feature(s) into 2 output feature(s)
2015-05-13 11:17:55|   1.4|  0.0|STATS |AttributeExposer_OUTPUT Feature Counter -1 20(TeeFactory): Cloned 2 input feature(s) into 2 output feature(s)
2015-05-13 11:17:55|   1.4|  0.0|STATS |SchemaMapper_2_MAPPED Feature Counter -1 22(TeeFactory): Cloned 2 input feature(s) into 2 output feature(s)
2015-05-13 11:17:55|   1.4|  0.0|STATS |SchemaMapper_3 MAPPED Splitter(TeeFactory): Cloned 2 input feature(s) into 4 output feature(s)
2015-05-13 11:17:55|   1.4|  0.0|STATS |SchemaMapper_3_MAPPED_0_0u2OPNvWbcw= Feature Counter -1 15(TeeFactory): Cloned 2 input feature(s) into 2 output feature(s)
2015-05-13 11:17:55|   1.4|  0.0|STATS |SchemaMapper_3_MAPPED_1_0u2OPNvWbcw= Feature Counter -1 36(TeeFactory): Cloned 2 input feature(s) into 2 output feature(s)
2015-05-13 11:17:55|   1.4|  0.0|STATS |NVDB (Disabled) Nuker(TeeFactory): Cloned 2 input feature(s) into 0 output feature(s)
2015-05-13 11:17:55|   1.4|  0.0|STATS |Reprojector(TeeFactory): Cloned 2 input feature(s) into 2 output feature(s)
2015-05-13 11:17:55|   1.4|  0.0|STATS |Reprojector_REPROJECTED Feature Counter -1 37(TeeFactory): Cloned 2 input feature(s) into 2 output feature(s)
2015-05-13 11:17:55|   1.4|  0.0|STATS |TimeStamper(TeeFactory): Cloned 2 input feature(s) into 2 output feature(s)
2015-05-13 11:17:55|   1.4|  0.0|STATS |TimeStamper_OUTPUT Feature Counter -1 34(TeeFactory): Cloned 2 input feature(s) into 2 output feature(s)
2015-05-13 11:17:55|   1.4|  0.0|STATS |CoordinateExtractor(TestFactory): Tested 2 input feature(s) -- 0 feature(s) passed and 2 feature(s) failed
2015-05-13 11:17:55|   1.4|  0.0|STATS |CoordinateExtractor_OUTPUT Feature Counter -1 31(TeeFactory): Cloned 2 input feature(s) into 2 output feature(s)
2015-05-13 11:17:55|   1.4|  0.0|STATS |AttributeCreator_OUTPUT Feature Counter -1 40(TeeFactory): Cloned 2 input feature(s) into 2 output feature(s)
2015-05-13 11:17:55|   1.4|  0.0|STATS |HTTPCaller <Rejected> Output Nuker(TeeFactory): Cloned 0 input feature(s) into 0 output feature(s)
2015-05-13 11:17:55|   1.4|  0.0|STATS |HTTPCaller_Output Feature Counter -1 43(TeeFactory): Cloned 2 input feature(s) into 2 output feature(s)
2015-05-13 11:17:55|   1.4|  0.0|INFORM|XMLFlattener(XFMapFactory): Total Results: 2 Mapped Feature(s), 2 Input Feature(s), and 0 Invalid input Feature(s)
2015-05-13 11:17:55|   1.4|  0.0|STATS |XMLFlattener_OUTPUT Feature Counter -1 41(TeeFactory): Cloned 2 input feature(s) into 2 output feature(s)
2015-05-13 11:17:55|   1.4|  0.0|STATS |BulkAttributeRenamer(TeeFactory): Cloned 2 input feature(s) into 2 output feature(s)
2015-05-13 11:17:55|   1.4|  0.0|STATS |BulkAttributeRenamer_OUTPUT Feature Counter -1 46(TeeFactory): Cloned 2 input feature(s) into 2 output feature(s)
2015-05-13 11:17:55|   1.4|  0.0|STATS |CoordinateExtractor_2(TestFactory): Tested 2 input feature(s) -- 0 feature(s) passed and 2 feature(s) failed
2015-05-13 11:17:55|   1.4|  0.0|STATS |CoordinateExtractor_2_OUTPUT Feature Counter -1 52(TeeFactory): Cloned 2 input feature(s) into 2 output feature(s)
2015-05-13 11:17:55|   1.4|  0.0|STATS |AttributeCreator_2_OUTPUT Feature Counter -1 49(TeeFactory): Cloned 2 input feature(s) into 2 output feature(s)
2015-05-13 11:17:55|   1.4|  0.0|STATS |HTTPCaller_2 <Rejected> Output Nuker(TeeFactory): Cloned 0 input feature(s) into 0 output feature(s)
2015-05-13 11:17:55|   1.4|  0.0|STATS |HTTPCaller_2_Output Feature Counter -1 50(TeeFactory): Cloned 2 input feature(s) into 2 output feature(s)
2015-05-13 11:17:55|   1.4|  0.0|INFORM|XMLFlattener_2(XFMapFactory): Total Results: 2 Mapped Feature(s), 2 Input Feature(s), and 0 Invalid input Feature(s)
2015-05-13 11:17:55|   1.4|  0.0|STATS |XMLFlattener_2_OUTPUT Feature Counter -1 51(TeeFactory): Cloned 2 input feature(s) into 2 output feature(s)
2015-05-13 11:17:55|   1.4|  0.0|STATS |BulkAttributeRenamer_2(TeeFactory): Cloned 2 input feature(s) into 2 output feature(s)
2015-05-13 11:17:55|   1.4|  0.0|STATS |BulkAttributeRenamer_2_OUTPUT Feature Counter -1 54(TeeFactory): Cloned 2 input feature(s) into 2 output feature(s)
2015-05-13 11:17:55|   1.4|  0.0|STATS |TestFilter(TeeFactory): Cloned 2 input feature(s) into 2 output feature(s)
2015-05-13 11:17:55|   1.4|  0.0|STATS |TestFilter_TestFactory_0(TestFactory): Tested 2 input feature(s) -- 2 feature(s) passed and 0 feature(s) failed
2015-05-13 11:17:55|   1.4|  0.0|STATS |TestFilter_Ulik<space>lenke(TeeFactory): Cloned 0 input feature(s) into 0 output feature(s)
2015-05-13 11:17:55|   1.4|  0.0|STATS |TestFilter_Samme<space>lenke Feature Counter -1 60(TeeFactory): Cloned 2 input feature(s) into 2 output feature(s)
2015-05-13 11:17:55|   1.4|  0.0|STATS |TestFilter_Ulik<space>lenke Feature Counter -1 58(TeeFactory): Cloned 0 input feature(s) into 0 output feature(s)
2015-05-13 11:17:55|   1.4|  0.0|STATS |AttributeCreator_4_OUTPUT Feature Counter -1 61(TeeFactory): Cloned 0 input feature(s) into 0 output feature(s)
2015-05-13 11:17:55|   1.4|  0.0|STATS |AttributeCreator_3_OUTPUT Feature Counter -1 57(TeeFactory): Cloned 2 input feature(s) into 2 output feature(s)
2015-05-13 11:17:55|   1.4|  0.0|STATS |WithLR_DirCreator(CreationFactory): Created 1 features
2015-05-13 11:17:55|   1.4|  0.0|STATS |WithLR_DirCreatorCleanerUpper(TeeFactory): Cloned 1 input feature(s) into 0 output feature(s)
2015-05-13 11:17:55|   1.4|  0.0|STATS |WithLR_FeatureDirector(TestFactory): Tested 2 input feature(s) -- 0 feature(s) passed and 2 feature(s) failed
2015-05-13 11:17:55|   1.4|  0.0|STATS |WithLR___FeatureDirector1(TestFactory): Tested 2 input feature(s) -- 0 feature(s) passed and 2 feature(s) failed
2015-05-13 11:17:55|   1.4|  0.0|STATS |WithLR_VectorSetterUpper(TeeFactory): Cloned 2 input feature(s) into 2 output feature(s)
2015-05-13 11:17:55|   1.4|  0.0|STATS |WithLR___PointCloudThinner(TeeFactory): Cloned 0 input feature(s) into 0 output feature(s)
2015-05-13 11:17:55|   1.4|  0.0|STATS |WithLR_RasterSetterUpper(TeeFactory): Cloned 0 input feature(s) into 0 output feature(s)
2015-05-13 11:17:55|   1.4|  0.0|STATS |Stored 2 feature(s) to FME feature store file `C:\Users\knjetl\AppData\Local\Temp\GML2NVDB_111748\inspector.ffs'
2015-05-13 11:17:55|   1.4|  0.0|INFORM|Saving spatial index into file 'C:\Users\knjetl\AppData\Local\Temp\GML2NVDB_111748\inspector.fsi'
2015-05-13 11:17:55|   1.4|  0.0|INFORM|Finished saving spatial index into file 'C:\Users\knjetl\AppData\Local\Temp\GML2NVDB_111748\inspector.fsi'
2015-05-13 11:17:55|   1.4|  0.0|STATS |Stored 1 feature(s) to FME feature store file `C:\Users\knjetl\AppData\Local\Temp\GML2NVDB_111748\inspector.fsc'
2015-05-13 11:17:55|   1.4|  0.0|INFORM|WithLR_Recorder(RecorderFactory): Recorded 2 feature(s) to file `C:\Users\knjetl\AppData\Local\Temp\GML2NVDB_111748\inspector.ffs'
2015-05-13 11:17:55|   1.4|  0.0|STATS |Destination Feature Type Routing Correlator(RoutingFactory): Tested 0 input feature(s), wrote 0 output feature(s): 0 matched merge filters, 0 were routed to output, 0 could not be routed.
2015-05-13 11:17:55|   1.4|  0.0|STATS |Final Output Nuker(TeeFactory): Cloned 0 input feature(s) into 0 output feature(s)
2015-05-13 11:17:55|   1.4|  0.0|STATS |f_62(CreationFactory): Created 1 features
2015-05-13 11:17:55|   1.4|  0.0|STATS |f_63(TeeFactory): Cloned 1 input feature(s) into 0 output feature(s)
2015-05-13 11:17:55|   1.4|  0.0|INFORM|=-=-=-=-=-=-=-=-=-=-=-=-=-=-=-=-=-=-=-=-=-=-=-=-=-=-=-=-=-=-=-=-=-=-=-=-=-=-=-
2015-05-13 11:17:55|   1.4|  0.0|INFORM|Feature output statistics for `FFS' writer using keyword `W_1':
2015-05-13 11:17:55|   1.4|  0.0|STATS |=-=-=-=-=-=-=-=-=-=-=-=-=-=-=-=-=-=-=-=-=-=-=-=-=-=-=-=-=-=-=-=-=-=-=-=-=-=-=-
2015-05-13 11:17:55|   1.4|  0.0|STATS |                               Features Written
2015-05-13 11:17:55|   1.4|  0.0|STATS |=-=-=-=-=-=-=-=-=-=-=-=-=-=-=-=-=-=-=-=-=-=-=-=-=-=-=-=-=-=-=-=-=-=-=-=-=-=-=-
2015-05-13 11:17:55|   1.4|  0.0|STATS |==============================================================================
2015-05-13 11:17:55|   1.4|  0.0|STATS |Total Features Written                                                       0
2015-05-13 11:17:55|   1.4|  0.0|STATS |=-=-=-=-=-=-=-=-=-=-=-=-=-=-=-=-=-=-=-=-=-=-=-=-=-=-=-=-=-=-=-=-=-=-=-=-=-=-=-
2015-05-13 11:17:55|   1.4|  0.0|STATS |=-=-=-=-=-=-=-=-=-=-=-=-=-=-=-=-=-=-=-=-=-=-=-=-=-=-=-=-=-=-=-=-=-=-=-=-=-=-=-
2015-05-13 11:17:55|   1.4|  0.0|STATS |                            Features Read Summary
2015-05-13 11:17:55|   1.4|  0.0|STATS |=-=-=-=-=-=-=-=-=-=-=-=-=-=-=-=-=-=-=-=-=-=-=-=-=-=-=-=-=-=-=-=-=-=-=-=-=-=-=-
2015-05-13 11:17:55|   1.4|  0.0|STATS |Stikkrenne                                                                   2
2015-05-13 11:17:55|   1.4|  0.0|STATS |==============================================================================
2015-05-13 11:17:55|   1.4|  0.0|STATS |Total Features Read                                                          2
2015-05-13 11:17:55|   1.4|  0.0|STATS |=-=-=-=-=-=-=-=-=-=-=-=-=-=-=-=-=-=-=-=-=-=-=-=-=-=-=-=-=-=-=-=-=-=-=-=-=-=-=-
2015-05-13 11:17:55|   1.4|  0.0|STATS |=-=-=-=-=-=-=-=-=-=-=-=-=-=-=-=-=-=-=-=-=-=-=-=-=-=-=-=-=-=-=-=-=-=-=-=-=-=-=-
2015-05-13 11:17:55|   1.4|  0.0|STATS |                           Features Written Summary
2015-05-13 11:17:55|   1.4|  0.0|STATS |=-=-=-=-=-=-=-=-=-=-=-=-=-=-=-=-=-=-=-=-=-=-=-=-=-=-=-=-=-=-=-=-=-=-=-=-=-=-=-
2015-05-13 11:17:55|   1.4|  0.0|STATS |==============================================================================
2015-05-13 11:17:55|   1.4|  0.0|STATS |Total Features Written                                                       0
2015-05-13 11:17:55|   1.4|  0.0|STATS |=-=-=-=-=-=-=-=-=-=-=-=-=-=-=-=-=-=-=-=-=-=-=-=-=-=-=-=-=-=-=-=-=-=-=-=-=-=-=-
2015-05-13 11:17:55|   1.4|  0.0|INFORM|Translation was SUCCESSFUL with 0 warning(s) (0 feature(s) output)
2015-05-13 11:17:55|   1.4|  0.0|INFORM|FME Session Duration: 7.0 seconds. (CPU: 0.8s user, 0.5s system)
2015-05-13 11:17:55|   1.4|  0.0|INFORM|END - ProcessID: 9812, peak process memory usage: 159628 kB, current process memory usage: 137628 kB
