2018-05-29 22:17:04|   0.2|  0.2|INFORM|FME 2018.0.1.0 (20180518 - Build 18310 - WIN64)
2018-05-29 22:17:04|   0.2|  0.0|INFORM|FME_HOME is 'C:\Program Files\FME\'
2018-05-29 22:17:07|   0.2|  0.0|INFORM|FME Desktop ESRI Edition (floating)
2018-05-29 22:17:07|   0.2|  0.0|INFORM|Permanent License.
2018-05-29 22:17:07|   0.2|  0.0|INFORM|Machine host name is: SVV-58758
2018-05-29 22:17:07|   0.2|  0.0|INFORM|START - ProcessID: 11296, peak process memory usage: 34144 kB, current process memory usage: 34144 kB
2018-05-29 22:17:07|   0.2|  0.0|INFORM|FME Configuration: Command line arguments are `C:\Program Files\FME\fme.exe' `C:/DATA/GitHub/NVDBGML/FME\wb-xlate-1527625009185_11792' `LOG_STANDARDOUT' `YES' `LogCountServerName' `{e46d0d06-efb0-4a94-a203-dc570ca0bb54}' `LOG_TIMINGS' `Yes'
2018-05-29 22:17:07|   0.2|  0.0|INFORM|FME Configuration: Connection Storage: 'C:\Users\knjetl\AppData\Roaming\Safe Software\FME\'
2018-05-29 22:17:14|   0.3|  0.1|INFORM|Shared folders for formats are : C:\Program Files\FME\datasources;\\SVV1P04AUSER01\KNJETL$\documents\FME\Formats
2018-05-29 22:17:14|   0.3|  0.0|INFORM|Shared folders for transformers are : C:\Users\knjetl\AppData\Roaming\Safe Software\FME\Packages\18310-win64\transformers;C:\Program Files\FME\transformers;\\SVV1P04AUSER01\KNJETL$\documents\FME\Transformers
2018-05-29 22:17:14|   0.3|  0.0|INFORM|Shared folders for coordinate systems are : \\SVV1P04AUSER01\KNJETL$\documents\FME\CoordinateSystems
2018-05-29 22:17:14|   0.3|  0.0|INFORM|Shared folders for coordinate system exceptions are : \\SVV1P04AUSER01\KNJETL$\documents\FME\CoordinateSystemExceptions
2018-05-29 22:17:14|   0.3|  0.0|INFORM|Shared folders for coordinate system grid overrides are : \\SVV1P04AUSER01\KNJETL$\documents\FME\CoordinateSystemGridOverrides
2018-05-29 22:17:14|   0.3|  0.0|INFORM|Shared folders for CS-MAP transformation exceptions are : \\SVV1P04AUSER01\KNJETL$\documents\FME\CsmapTransformationExceptions
2018-05-29 22:17:14|   0.3|  0.0|INFORM|Shared folders for transformer categories are : \\SVV1P04AUSER01\KNJETL$\documents\FME\TransformerCategories
2018-05-29 22:17:14|   0.3|  0.0|INFORM|FME Configuration: Reader Keyword is `MULTI_READER'
2018-05-29 22:17:14|   0.3|  0.0|INFORM|FME Configuration: Writer Keyword is `MULTI_WRITER'
2018-05-29 22:17:14|   0.3|  0.0|INFORM|FME Configuration: Writer Group Definition Keyword is `MULTI_WRITER_DEF'
2018-05-29 22:17:14|   0.3|  0.0|INFORM|FME Configuration: Reader type is `MULTI_READER'
2018-05-29 22:17:14|   0.3|  0.0|INFORM|FME Configuration: Writer type is `MULTI_WRITER'
2018-05-29 22:17:14|   0.3|  0.0|INFORM|FME Configuration: No destination coordinate system set
2018-05-29 22:17:14|   0.3|  0.0|INFORM|FME Configuration: Current working folder is `C:\DATA\GitHub\NVDBGML\FME'
2018-05-29 22:17:14|   0.3|  0.0|INFORM|FME Configuration: Temporary folder is `C:\Users\knjetl\AppData\Local\Temp', set from environment variable `TEMP'
2018-05-29 22:17:14|   0.3|  0.0|INFORM|FME Configuration: FME_HOME is `C:\Program Files\FME\'
2018-05-29 22:17:14|   0.3|  0.0|INFORM|FME Configuration: FME_BASE is 'no'
2018-05-29 22:17:14|   0.3|  0.0|INFORM|FME Configuration: FME_MF_DIR is 'C:\DATA\GitHub\NVDBGML\FME/'
2018-05-29 22:17:14|   0.3|  0.0|INFORM|FME Configuration: FME_MF_NAME is 'gml2gdmmappersosi.fmw'
2018-05-29 22:17:14|   0.3|  0.0|INFORM|FME Configuration: FME_PRODUCT_NAME is 'FME(R) 2018.0.1.0'
2018-05-29 22:17:14|   0.3|  0.0|INFORM|System Status: 259.19 GB of disk space available in the FME temporary folder (C:\Users\knjetl\AppData\Local\Temp)
2018-05-29 22:17:14|   0.3|  0.0|INFORM|System Status: 8.00 TB of virtual memory available
2018-05-29 22:17:14|   0.3|  0.0|INFORM|Operating System: Microsoft Windows 7 64-bit Service Pack 1 (Build 7601)
2018-05-29 22:17:14|   0.3|  0.0|INFORM|FME Platform: WIN64
2018-05-29 22:17:14|   0.3|  0.0|INFORM|Locale: nb_NO
2018-05-29 22:17:14|   0.3|  0.0|INFORM|Code Page: 1252  (ANSI - latin I)
2018-05-29 22:17:14|   0.3|  0.0|INFORM|FME Configuration: Process limit is 31.83 GB of physical memory
2018-05-29 22:17:14|   0.3|  0.0|INFORM|FME Configuration: Start freeing memory when process usage exceeds 95.50 GB of virtual memory
2018-05-29 22:17:14|   0.3|  0.0|INFORM|FME Configuration: Stop freeing memory when process usage is below 71.63 GB of virtual memory
2018-05-29 22:17:16|   0.4|  0.1|INFORM|Creating writer for format: 
2018-05-29 22:17:18|   0.4|  0.0|INFORM|Creating reader for format: 
2018-05-29 22:17:18|   0.4|  0.0|INFORM|MULTI_READER(MULTI_READER): Will fail with first member reader failure
2018-05-29 22:17:18|   0.4|  0.0|INFORM|MULTI_READER(MULTI_READER): Adding GML Reader with keyword GML_1
2018-05-29 22:17:18|   0.4|  0.0|INFORM|Using Multi Reader with keyword `MULTI_READER' to read multiple datasets
2018-05-29 22:17:21|   0.6|  0.2|INFORM|FME Configuration: Reading 8 dataset(s) with GML reader identified by GML_1
2018-05-29 22:17:21|   0.6|  0.0|INFORM|Creating reader for format: GML (Geography Markup Language)
2018-05-29 22:17:21|   0.6|  0.0|INFORM|MULTI_READER(GML_1): Will continue past member reader failures
2018-05-29 22:17:21|   0.6|  0.0|INFORM|MULTI_READER(GML_1): Adding GML Reader with keyword GML_1
2018-05-29 22:17:21|   0.6|  0.0|INFORM|Using Multi Reader with keyword `GML_1' to read multiple datasets
2018-05-29 22:17:22|   0.6|  0.0|INFORM|Creating reader for format: GML (Geography Markup Language)
2018-05-29 22:17:22|   0.6|  0.0|INFORM|Trying to find a DYNAMIC plugin for reader named `GML'
2018-05-29 22:17:22|   0.6|  0.0|INFORM|Loaded module 'GML' from file 'C:\Program Files\FME\plugins/GML.dll'
2018-05-29 22:17:22|   0.6|  0.0|INFORM|FME API version of module 'GML' matches current internal version (3.8 20180209)
2018-05-29 22:17:22|   0.6|  0.0|INFORM|<GML_1 Reader> - Opening the GML_1 Reader reader with source dataset 'C:\DATA\GitHub\NVDBGML\GML\kommune\514\fkbvn\Fartsgrense.gml'
2018-05-29 22:17:22|   0.6|  0.0|INFORM|The uri-map document 'C:\Program Files\FME\xml\urimap\gml_aixm.xml' is being used to map from URI to URI
2018-05-29 22:17:22|   0.6|  0.0|INFORM|The uri-map document 'C:\Program Files\FME\xml\urimap\gml_citygml.xml' is being used to map from URI to URI
2018-05-29 22:17:22|   0.6|  0.0|INFORM|The uri-map document 'C:\Program Files\FME\xml\urimap\gml_inspire.xml' is being used to map from URI to URI
2018-05-29 22:17:22|   0.6|  0.0|INFORM|The uri-map document 'C:\Program Files\FME\xml\urimap\gml_sosi.xml' is being used to map from URI to URI
2018-05-29 22:17:22|   0.6|  0.0|INFORM|The uri-map document 'C:\Program Files\FME\xml\urimap\gml_urimap.xml' is being used to map from URI to URI
2018-05-29 22:17:22|   0.6|  0.0|INFORM|Using MultiWriter with keyword `MULTI_WRITER' to output data (ID_ATTRIBUTE is `multi_writer_id')
2018-05-29 22:17:22|   0.6|  0.0|INFORM|Writer output will be ordered by value of multi_writer_id
2018-05-29 22:17:23|   0.6|  0.0|INFORM|Loaded module 'LogCount_func' from file 'C:\Program Files\FME\plugins/LogCount_func.dll'
2018-05-29 22:17:23|   0.6|  0.0|INFORM|FME API version of module 'LogCount_func' matches current internal version (3.8 20180209)
2018-05-29 22:17:23|   0.7|  0.0|INFORM|URI 'file:///C:/DATA/GitHub/NVDBGML/XSD/NVDB/fkbvn/fkbvn.xsd' mapped to 'file:///C:/DATA/GitHub/NVDBGML/XSD/NVDB/fkbvn/fkbvn.xsd'
2018-05-29 22:17:23|   0.7|  0.0|INFORM|Parsing schema document 'file:///C:/DATA/GitHub/NVDBGML/XSD/NVDB/fkbvn/fkbvn.xsd' ...
2018-05-29 22:17:23|   0.7|  0.0|INFORM|A <schemaLocation> in the uri-map is overriding the namespace 'http://www.w3.org/1999/xlink' xsd location from '../../xlink/1.0.0/xlinks.xsd' to 'xlink.xsd'
2018-05-29 22:17:23|   0.7|  0.0|INFORM|A <schemaLocation> in the uri-map is overriding the namespace 'http://www.w3.org/1999/xlink' xsd location from '../../../../xlink/1.0.0/xlinks.xsd' to 'xlink.xsd'
2018-05-29 22:17:23|   0.7|  0.0|INFORM|A <schemaLocation> in the uri-map is overriding the namespace 'http://www.w3.org/1999/xlink' xsd location from '../../../../xlink/1.0.0/xlinks.xsd' to 'xlink.xsd'
2018-05-29 22:17:23|   0.7|  0.0|INFORM|<GML_1 Reader> - Map Embedded Object as: 'ATTRIBUTES'
2018-05-29 22:17:23|   0.7|  0.0|INFORM|<GML_1 Reader> - Map Predefined Properties: 'NO'
2018-05-29 22:17:23|   0.7|  0.0|INFORM|<GML_1 Reader> - Map All Substitutable Properties: 'YES'
2018-05-29 22:17:23|   0.7|  0.0|INFORM|<GML_1 Reader> - Map Complex Properties as: 'NESTED_ATTRIBUTES'
2018-05-29 22:17:23|   0.7|  0.0|INFORM|<GML_1 Reader> - Add XML Namespace Prefix to: 'UNSET'
2018-05-29 22:17:23|   0.7|  0.0|INFORM|<GML_1 Reader> - Limit Number of Lists in Nested Attributes: 'UNSET'
2018-05-29 22:17:23|   0.7|  0.0|INFORM|Using XSD semantics configuration file 'file:///C:/Program Files/FME/xml/gml_v3.2/gml_config.xml'.
2018-05-29 22:17:23|   0.8|  0.1|INFORM|Pre-processing xfMap 'C:\Users\knjetl\AppData\Local\Temp\XFMAP_AUTOGEN1527625043835_11296.xml' with macro stylesheet 'C:\Program Files\FME\xfmap\xfmap_macro.xslt' into 'C:\Users\knjetl\AppData\Local\Temp\GML_XFMAP_CACHE\CACHED_AUTOGEN_1527625043846_11296.xfmap'
2018-05-29 22:17:23|   0.9|  0.1|INFORM|FME Configuration: Using FME Reprojection Engine
2018-05-29 22:17:23|   0.9|  0.0|INFORM|The XML Reader is using xfMap 'C:\Users\knjetl\AppData\Local\Temp\GML_XFMAP_CACHE\CACHED_AUTOGEN_1527625043846_11296.xfmap'
2018-05-29 22:17:23|   0.9|  0.0|WARN  |xfmap - Can't determine axis order from coordinate system or settings. Using assumed axis order of 1,2.
2018-05-29 22:17:25|   1.3|  0.3|INFORM|Predefined coordinate system `ETRS89.UTM-33N' (Transverse Mercator (ETRS89-TM33)) matches dataset coordinate system 
2018-05-29 22:17:25|   1.3|  0.0|INFORM|The EPSG number of the FME coordinate system 'ETRS89.UTM-33N' is '6173'
2018-05-29 22:17:25|   1.3|  0.0|INFORM|FME Configuration: Source coordinate system for reader GML_1[GML] set to `EPSG:6173' as read from input data
2018-05-29 22:17:25|   1.3|  0.0|INFORM|Coordinate System `EPSG:6173' parameters: CS_NAME=`ETRS89.UTM-33N' DESC_NM=`Transverse Mercator (ETRS89-TM33)' DT_NAME=`ETRS89/01' GROUP=`UTMN' MAP_SCL=`1' MAX_LAT=`84.5' MAX_LNG=`22.133333333333333' MIN_LAT=`31.05' MIN_LNG=`10.883333333333333' PARM1=`15' PROJ=`TM' QUAD=`1' SCL_RED=`0.9996' SOURCE=`EPSG, V6.3, 25833 [Large and medium scale topographic mappi]' UNIT=`Meter' X_OFF=`500000' Y_OFF=`0.0' ZERO_X=`0.0001' ZERO_Y=`0.0001' 
2018-05-29 22:17:28|   1.3|  0.1|INFORM|Creating reader for format: CSV (Comma Separated Value)
2018-05-29 22:17:28|   1.4|  0.0|INFORM|Trying to find a DYNAMIC plugin for reader named `CSV2'
2018-05-29 22:17:28|   1.4|  0.0|INFORM|Loaded module 'CSV2' from file 'C:\Program Files\FME\plugins/CSV2.dll'
2018-05-29 22:17:28|   1.4|  0.0|INFORM|FME API version of module 'CSV2' matches current internal version (3.8 20180209)
2018-05-29 22:17:28|   1.4|  0.0|INFORM|CSV reader: Opening dataset 'C:\DATA\GitHub\NVDBGML\XSD\NVDB\fkbvn\fkbvn_ptSOSIMapping.csv'
2018-05-29 22:17:28|   1.4|  0.0|INFORM|CSV reader: Directive '_DELIMITER' has the value ';'
2018-05-29 22:17:28|   1.4|  0.0|INFORM|CSV reader: Directive '_FIELD_NAMES_LINE' has the value '1'
2018-05-29 22:17:28|   1.4|  0.0|INFORM|CSV reader: Directive '_DATA_START_LINE' has the value '2'
2018-05-29 22:17:28|   1.4|  0.0|INFORM|CSV reader: Directive '_SCAN_MAX_ROWS' has the value '1000'
2018-05-29 22:17:28|   1.4|  0.0|INFORM|CSV reader: Directive '_READ_SKIPPED_LINES' has the value 'No'
2018-05-29 22:17:28|   1.4|  0.0|INFORM|CSV reader: Directive '_SKIP_DUPLICATE_DELIMITERS' has the value 'No'
2018-05-29 22:17:28|   1.4|  0.0|INFORM|CSV reader: Directive '_FIELD_QUALIFIER_CHARACTER' has the value '"'
2018-05-29 22:17:28|   1.4|  0.0|INFORM|CSV reader: Directive '_FIELD_QUALIFIER_ESCAPE_CHARACTER' has the value '"'
2018-05-29 22:17:28|   1.4|  0.0|INFORM|CSV reader: Directive '_TRIM_FIELD_NAME_QUALIFIERS' has the value 'Yes'
2018-05-29 22:17:28|   1.4|  0.0|INFORM|CSV reader: Directive '_TRIM_FIELD_VALUE_QUALIFIERS' has the value 'Yes'
2018-05-29 22:17:28|   1.4|  0.0|INFORM|CSV reader: Directive '_PRESERVE_SOURCE_ENCODING' has the value 'No'
2018-05-29 22:17:28|   1.4|  0.0|INFORM|CSV reader: Directive '_CASE_SENSITIVE_FIELD_NAMES' has the value 'Yes'
2018-05-29 22:17:28|   1.4|  0.0|INFORM|CSV reader: Directive '_ENFORCE_STRICT_SCHEMA' has the value 'No'
2018-05-29 22:17:28|   1.4|  0.0|INFORM|CSV reader: Directive '_SCAN_TYPES' has the value 'No'
2018-05-29 22:17:28|   1.4|  0.0|INFORM|CSV reader: Directive '_SCAN_ADDITIONAL_FIELDS' has the value 'No'
2018-05-29 22:17:28|   1.4|  0.1|INFORM|CSV2 reader: Splitting feature table
2018-05-29 22:17:30|   1.5|  0.0|STATS |Storing feature(s) to FME feature store file `C:\Users\knjetl\AppData\Local\Temp\gml2gdmmappersosi_221704\inspector.ffs'
2018-05-29 22:17:30|   1.5|  0.0|INFORM|Processed 3 elements with mode CLASSIC
2018-05-29 22:17:32|   2.7|  1.2|INFORM|Creating reader for format: GML (Geography Markup Language)
2018-05-29 22:17:32|   2.7|  0.0|INFORM|Trying to find a DYNAMIC plugin for reader named `GML'
2018-05-29 22:17:32|   2.7|  0.0|INFORM|FME API version of module 'GML' matches current internal version (3.8 20180209)
2018-05-29 22:17:32|   2.7|  0.0|INFORM|<GML_1 Reader> - Opening the GML_1 Reader reader with source dataset 'C:\DATA\GitHub\NVDBGML\GML\kommune\514\fkbvn\FunksjonellVegklasse.gml'
2018-05-29 22:17:32|   2.7|  0.0|INFORM|The uri-map document 'C:\Program Files\FME\xml\urimap\gml_aixm.xml' is being used to map from URI to URI
2018-05-29 22:17:32|   2.7|  0.0|INFORM|The uri-map document 'C:\Program Files\FME\xml\urimap\gml_citygml.xml' is being used to map from URI to URI
2018-05-29 22:17:32|   2.7|  0.0|INFORM|The uri-map document 'C:\Program Files\FME\xml\urimap\gml_inspire.xml' is being used to map from URI to URI
2018-05-29 22:17:32|   2.7|  0.0|INFORM|The uri-map document 'C:\Program Files\FME\xml\urimap\gml_sosi.xml' is being used to map from URI to URI
2018-05-29 22:17:32|   2.7|  0.0|INFORM|The uri-map document 'C:\Program Files\FME\xml\urimap\gml_urimap.xml' is being used to map from URI to URI
2018-05-29 22:17:32|   2.7|  0.0|INFORM|URI 'file:///C:/DATA/GitHub/NVDBGML/XSD/NVDB/fkbvn/fkbvn.xsd' mapped to 'file:///C:/DATA/GitHub/NVDBGML/XSD/NVDB/fkbvn/fkbvn.xsd'
2018-05-29 22:17:32|   2.7|  0.0|INFORM|Parsing schema document 'file:///C:/DATA/GitHub/NVDBGML/XSD/NVDB/fkbvn/fkbvn.xsd' ...
2018-05-29 22:17:32|   2.7|  0.0|INFORM|A <schemaLocation> in the uri-map is overriding the namespace 'http://www.w3.org/1999/xlink' xsd location from '../../xlink/1.0.0/xlinks.xsd' to 'xlink.xsd'
2018-05-29 22:17:32|   2.7|  0.0|INFORM|A <schemaLocation> in the uri-map is overriding the namespace 'http://www.w3.org/1999/xlink' xsd location from '../../../../xlink/1.0.0/xlinks.xsd' to 'xlink.xsd'
2018-05-29 22:17:32|   2.8|  0.0|INFORM|A <schemaLocation> in the uri-map is overriding the namespace 'http://www.w3.org/1999/xlink' xsd location from '../../../../xlink/1.0.0/xlinks.xsd' to 'xlink.xsd'
2018-05-29 22:17:32|   2.8|  0.0|INFORM|<GML_1 Reader> - Map Embedded Object as: 'ATTRIBUTES'
2018-05-29 22:17:32|   2.8|  0.0|INFORM|<GML_1 Reader> - Map Predefined Properties: 'NO'
2018-05-29 22:17:32|   2.8|  0.0|INFORM|<GML_1 Reader> - Map All Substitutable Properties: 'YES'
2018-05-29 22:17:32|   2.8|  0.0|INFORM|<GML_1 Reader> - Map Complex Properties as: 'NESTED_ATTRIBUTES'
2018-05-29 22:17:32|   2.8|  0.0|INFORM|<GML_1 Reader> - Add XML Namespace Prefix to: 'UNSET'
2018-05-29 22:17:32|   2.8|  0.0|INFORM|<GML_1 Reader> - Limit Number of Lists in Nested Attributes: 'UNSET'
2018-05-29 22:17:32|   2.8|  0.0|INFORM|Using XSD semantics configuration file 'file:///C:/Program Files/FME/xml/gml_v3.2/gml_config.xml'.
2018-05-29 22:17:32|   2.9|  0.1|INFORM|Pre-processing xfMap 'C:\Users\knjetl\AppData\Local\Temp\XFMAP_AUTOGEN1527625052876_11296.xml' with macro stylesheet 'C:\Program Files\FME\xfmap\xfmap_macro.xslt' into 'C:\Users\knjetl\AppData\Local\Temp\GML_XFMAP_CACHE\CACHED_AUTOGEN_1527625052888_11296.xfmap'
2018-05-29 22:17:32|   3.0|  0.1|INFORM|The XML Reader is using xfMap 'C:\Users\knjetl\AppData\Local\Temp\GML_XFMAP_CACHE\CACHED_AUTOGEN_1527625052888_11296.xfmap'
2018-05-29 22:17:32|   3.0|  0.0|WARN  |xfmap - Can't determine axis order from coordinate system or settings. Using assumed axis order of 1,2.
2018-05-29 22:17:32|   3.0|  0.0|INFORM|FME Configuration: Source coordinate system for reader GML_1[GML] set to `EPSG:6173' as read from input data
2018-05-29 22:17:32|   3.0|  0.0|INFORM|Coordinate System `EPSG:6173' parameters: CS_NAME=`ETRS89.UTM-33N' DESC_NM=`Transverse Mercator (ETRS89-TM33)' DT_NAME=`ETRS89/01' GROUP=`UTMN' MAP_SCL=`1' MAX_LAT=`84.5' MAX_LNG=`22.133333333333333' MIN_LAT=`31.05' MIN_LNG=`10.883333333333333' PARM1=`15' PROJ=`TM' QUAD=`1' SCL_RED=`0.9996' SOURCE=`EPSG, V6.3, 25833 [Large and medium scale topographic mappi]' UNIT=`Meter' X_OFF=`500000' Y_OFF=`0.0' ZERO_X=`0.0001' ZERO_Y=`0.0001' 
2018-05-29 22:17:35|   4.2|  1.2|INFORM|Creating reader for format: GML (Geography Markup Language)
2018-05-29 22:17:35|   4.2|  0.0|INFORM|Trying to find a DYNAMIC plugin for reader named `GML'
2018-05-29 22:17:35|   4.2|  0.0|INFORM|FME API version of module 'GML' matches current internal version (3.8 20180209)
2018-05-29 22:17:35|   4.2|  0.0|INFORM|<GML_1 Reader> - Opening the GML_1 Reader reader with source dataset 'C:\DATA\GitHub\NVDBGML\GML\kommune\514\fkbvn\Høydebegrensning.gml'
2018-05-29 22:17:35|   4.2|  0.0|INFORM|The uri-map document 'C:\Program Files\FME\xml\urimap\gml_aixm.xml' is being used to map from URI to URI
2018-05-29 22:17:35|   4.2|  0.0|INFORM|The uri-map document 'C:\Program Files\FME\xml\urimap\gml_citygml.xml' is being used to map from URI to URI
2018-05-29 22:17:35|   4.2|  0.0|INFORM|The uri-map document 'C:\Program Files\FME\xml\urimap\gml_inspire.xml' is being used to map from URI to URI
2018-05-29 22:17:35|   4.2|  0.0|INFORM|The uri-map document 'C:\Program Files\FME\xml\urimap\gml_sosi.xml' is being used to map from URI to URI
2018-05-29 22:17:35|   4.2|  0.0|INFORM|The uri-map document 'C:\Program Files\FME\xml\urimap\gml_urimap.xml' is being used to map from URI to URI
2018-05-29 22:17:35|   4.2|  0.0|INFORM|URI 'file:///C:/DATA/GitHub/NVDBGML/XSD/NVDB/fkbvn/fkbvn.xsd' mapped to 'file:///C:/DATA/GitHub/NVDBGML/XSD/NVDB/fkbvn/fkbvn.xsd'
2018-05-29 22:17:35|   4.2|  0.0|INFORM|Parsing schema document 'file:///C:/DATA/GitHub/NVDBGML/XSD/NVDB/fkbvn/fkbvn.xsd' ...
2018-05-29 22:17:35|   4.2|  0.0|INFORM|A <schemaLocation> in the uri-map is overriding the namespace 'http://www.w3.org/1999/xlink' xsd location from '../../xlink/1.0.0/xlinks.xsd' to 'xlink.xsd'
2018-05-29 22:17:35|   4.2|  0.0|INFORM|A <schemaLocation> in the uri-map is overriding the namespace 'http://www.w3.org/1999/xlink' xsd location from '../../../../xlink/1.0.0/xlinks.xsd' to 'xlink.xsd'
2018-05-29 22:17:35|   4.2|  0.0|INFORM|A <schemaLocation> in the uri-map is overriding the namespace 'http://www.w3.org/1999/xlink' xsd location from '../../../../xlink/1.0.0/xlinks.xsd' to 'xlink.xsd'
2018-05-29 22:17:35|   4.2|  0.0|INFORM|<GML_1 Reader> - Map Embedded Object as: 'ATTRIBUTES'
2018-05-29 22:17:35|   4.2|  0.0|INFORM|<GML_1 Reader> - Map Predefined Properties: 'NO'
2018-05-29 22:17:35|   4.2|  0.0|INFORM|<GML_1 Reader> - Map All Substitutable Properties: 'YES'
2018-05-29 22:17:35|   4.2|  0.0|INFORM|<GML_1 Reader> - Map Complex Properties as: 'NESTED_ATTRIBUTES'
2018-05-29 22:17:35|   4.2|  0.0|INFORM|<GML_1 Reader> - Add XML Namespace Prefix to: 'UNSET'
2018-05-29 22:17:35|   4.2|  0.0|INFORM|<GML_1 Reader> - Limit Number of Lists in Nested Attributes: 'UNSET'
2018-05-29 22:17:35|   4.2|  0.0|INFORM|Using XSD semantics configuration file 'file:///C:/Program Files/FME/xml/gml_v3.2/gml_config.xml'.
2018-05-29 22:17:35|   4.4|  0.1|INFORM|Pre-processing xfMap 'C:\Users\knjetl\AppData\Local\Temp\XFMAP_AUTOGEN1527625055655_11296.xml' with macro stylesheet 'C:\Program Files\FME\xfmap\xfmap_macro.xslt' into 'C:\Users\knjetl\AppData\Local\Temp\GML_XFMAP_CACHE\CACHED_AUTOGEN_1527625055665_11296.xfmap'
2018-05-29 22:17:35|   4.4|  0.1|INFORM|The XML Reader is using xfMap 'C:\Users\knjetl\AppData\Local\Temp\GML_XFMAP_CACHE\CACHED_AUTOGEN_1527625055665_11296.xfmap'
2018-05-29 22:17:35|   4.4|  0.0|WARN  |xfmap - Can't determine axis order from coordinate system or settings. Using assumed axis order of 1,2.
2018-05-29 22:17:35|   4.4|  0.0|INFORM|FME Configuration: Source coordinate system for reader GML_1[GML] set to `EPSG:6173' as read from input data
2018-05-29 22:17:35|   4.4|  0.0|INFORM|Coordinate System `EPSG:6173' parameters: CS_NAME=`ETRS89.UTM-33N' DESC_NM=`Transverse Mercator (ETRS89-TM33)' DT_NAME=`ETRS89/01' GROUP=`UTMN' MAP_SCL=`1' MAX_LAT=`84.5' MAX_LNG=`22.133333333333333' MIN_LAT=`31.05' MIN_LNG=`10.883333333333333' PARM1=`15' PROJ=`TM' QUAD=`1' SCL_RED=`0.9996' SOURCE=`EPSG, V6.3, 25833 [Large and medium scale topographic mappi]' UNIT=`Meter' X_OFF=`500000' Y_OFF=`0.0' ZERO_X=`0.0001' ZERO_Y=`0.0001' 
2018-05-29 22:17:35|   4.4|  0.0|INFORM|Processed 2329 elements with mode CLASSIC
2018-05-29 22:17:36|   4.5|  0.0|INFORM|Creating reader for format: GML (Geography Markup Language)
2018-05-29 22:17:36|   4.5|  0.0|INFORM|Trying to find a DYNAMIC plugin for reader named `GML'
2018-05-29 22:17:36|   4.5|  0.0|INFORM|FME API version of module 'GML' matches current internal version (3.8 20180209)
2018-05-29 22:17:36|   4.5|  0.0|INFORM|<GML_1 Reader> - Opening the GML_1 Reader reader with source dataset 'C:\DATA\GitHub\NVDBGML\GML\kommune\514\fkbvn\InnkjøringForbudt.gml'
2018-05-29 22:17:36|   4.5|  0.0|INFORM|The uri-map document 'C:\Program Files\FME\xml\urimap\gml_aixm.xml' is being used to map from URI to URI
2018-05-29 22:17:36|   4.5|  0.0|INFORM|The uri-map document 'C:\Program Files\FME\xml\urimap\gml_citygml.xml' is being used to map from URI to URI
2018-05-29 22:17:36|   4.5|  0.0|INFORM|The uri-map document 'C:\Program Files\FME\xml\urimap\gml_inspire.xml' is being used to map from URI to URI
2018-05-29 22:17:36|   4.5|  0.0|INFORM|The uri-map document 'C:\Program Files\FME\xml\urimap\gml_sosi.xml' is being used to map from URI to URI
2018-05-29 22:17:36|   4.5|  0.0|INFORM|The uri-map document 'C:\Program Files\FME\xml\urimap\gml_urimap.xml' is being used to map from URI to URI
2018-05-29 22:17:36|   4.5|  0.0|INFORM|URI 'file:///C:/DATA/GitHub/NVDBGML/XSD/NVDB/fkbvn/fkbvn.xsd' mapped to 'file:///C:/DATA/GitHub/NVDBGML/XSD/NVDB/fkbvn/fkbvn.xsd'
2018-05-29 22:17:36|   4.5|  0.0|INFORM|Parsing schema document 'file:///C:/DATA/GitHub/NVDBGML/XSD/NVDB/fkbvn/fkbvn.xsd' ...
2018-05-29 22:17:36|   4.5|  0.0|INFORM|A <schemaLocation> in the uri-map is overriding the namespace 'http://www.w3.org/1999/xlink' xsd location from '../../xlink/1.0.0/xlinks.xsd' to 'xlink.xsd'
2018-05-29 22:17:36|   4.5|  0.0|INFORM|A <schemaLocation> in the uri-map is overriding the namespace 'http://www.w3.org/1999/xlink' xsd location from '../../../../xlink/1.0.0/xlinks.xsd' to 'xlink.xsd'
2018-05-29 22:17:36|   4.5|  0.0|INFORM|A <schemaLocation> in the uri-map is overriding the namespace 'http://www.w3.org/1999/xlink' xsd location from '../../../../xlink/1.0.0/xlinks.xsd' to 'xlink.xsd'
2018-05-29 22:17:36|   4.5|  0.0|INFORM|<GML_1 Reader> - Map Embedded Object as: 'ATTRIBUTES'
2018-05-29 22:17:36|   4.5|  0.0|INFORM|<GML_1 Reader> - Map Predefined Properties: 'NO'
2018-05-29 22:17:36|   4.5|  0.0|INFORM|<GML_1 Reader> - Map All Substitutable Properties: 'YES'
2018-05-29 22:17:36|   4.5|  0.0|INFORM|<GML_1 Reader> - Map Complex Properties as: 'NESTED_ATTRIBUTES'
2018-05-29 22:17:36|   4.5|  0.0|INFORM|<GML_1 Reader> - Add XML Namespace Prefix to: 'UNSET'
2018-05-29 22:17:36|   4.5|  0.0|INFORM|<GML_1 Reader> - Limit Number of Lists in Nested Attributes: 'UNSET'
2018-05-29 22:17:36|   4.5|  0.0|INFORM|Using XSD semantics configuration file 'file:///C:/Program Files/FME/xml/gml_v3.2/gml_config.xml'.
2018-05-29 22:17:36|   4.7|  0.1|INFORM|Pre-processing xfMap 'C:\Users\knjetl\AppData\Local\Temp\XFMAP_AUTOGEN1527625056926_11296.xml' with macro stylesheet 'C:\Program Files\FME\xfmap\xfmap_macro.xslt' into 'C:\Users\knjetl\AppData\Local\Temp\GML_XFMAP_CACHE\CACHED_AUTOGEN_1527625056936_11296.xfmap'
2018-05-29 22:17:37|   4.7|  0.1|INFORM|The XML Reader is using xfMap 'C:\Users\knjetl\AppData\Local\Temp\GML_XFMAP_CACHE\CACHED_AUTOGEN_1527625056936_11296.xfmap'
2018-05-29 22:17:37|   4.7|  0.0|WARN  |xfmap - Can't determine axis order from coordinate system or settings. Using assumed axis order of 1,2.
2018-05-29 22:17:37|   4.7|  0.0|INFORM|FME Configuration: Source coordinate system for reader GML_1[GML] set to `EPSG:6173' as read from input data
2018-05-29 22:17:37|   4.7|  0.0|INFORM|Coordinate System `EPSG:6173' parameters: CS_NAME=`ETRS89.UTM-33N' DESC_NM=`Transverse Mercator (ETRS89-TM33)' DT_NAME=`ETRS89/01' GROUP=`UTMN' MAP_SCL=`1' MAX_LAT=`84.5' MAX_LNG=`22.133333333333333' MIN_LAT=`31.05' MIN_LNG=`10.883333333333333' PARM1=`15' PROJ=`TM' QUAD=`1' SCL_RED=`0.9996' SOURCE=`EPSG, V6.3, 25833 [Large and medium scale topographic mappi]' UNIT=`Meter' X_OFF=`500000' Y_OFF=`0.0' ZERO_X=`0.0001' ZERO_Y=`0.0001' 
2018-05-29 22:17:38|   4.8|  0.0|INFORM|Creating reader for format: GML (Geography Markup Language)
2018-05-29 22:17:38|   4.8|  0.0|INFORM|Trying to find a DYNAMIC plugin for reader named `GML'
2018-05-29 22:17:38|   4.8|  0.0|INFORM|FME API version of module 'GML' matches current internal version (3.8 20180209)
2018-05-29 22:17:38|   4.8|  0.0|INFORM|<GML_1 Reader> - Opening the GML_1 Reader reader with source dataset 'C:\DATA\GitHub\NVDBGML\GML\kommune\514\fkbvn\Trafikkreguleringer.gml'
2018-05-29 22:17:38|   4.8|  0.0|INFORM|The uri-map document 'C:\Program Files\FME\xml\urimap\gml_aixm.xml' is being used to map from URI to URI
2018-05-29 22:17:38|   4.8|  0.0|INFORM|The uri-map document 'C:\Program Files\FME\xml\urimap\gml_citygml.xml' is being used to map from URI to URI
2018-05-29 22:17:38|   4.8|  0.0|INFORM|The uri-map document 'C:\Program Files\FME\xml\urimap\gml_inspire.xml' is being used to map from URI to URI
2018-05-29 22:17:38|   4.8|  0.0|INFORM|The uri-map document 'C:\Program Files\FME\xml\urimap\gml_sosi.xml' is being used to map from URI to URI
2018-05-29 22:17:38|   4.8|  0.0|INFORM|The uri-map document 'C:\Program Files\FME\xml\urimap\gml_urimap.xml' is being used to map from URI to URI
2018-05-29 22:17:38|   4.8|  0.0|INFORM|URI 'file:///C:/DATA/GitHub/NVDBGML/XSD/NVDB/fkbvn/fkbvn.xsd' mapped to 'file:///C:/DATA/GitHub/NVDBGML/XSD/NVDB/fkbvn/fkbvn.xsd'
2018-05-29 22:17:38|   4.8|  0.0|INFORM|Parsing schema document 'file:///C:/DATA/GitHub/NVDBGML/XSD/NVDB/fkbvn/fkbvn.xsd' ...
2018-05-29 22:17:38|   4.8|  0.0|INFORM|A <schemaLocation> in the uri-map is overriding the namespace 'http://www.w3.org/1999/xlink' xsd location from '../../xlink/1.0.0/xlinks.xsd' to 'xlink.xsd'
2018-05-29 22:17:38|   4.8|  0.0|INFORM|A <schemaLocation> in the uri-map is overriding the namespace 'http://www.w3.org/1999/xlink' xsd location from '../../../../xlink/1.0.0/xlinks.xsd' to 'xlink.xsd'
2018-05-29 22:17:38|   4.9|  0.0|INFORM|A <schemaLocation> in the uri-map is overriding the namespace 'http://www.w3.org/1999/xlink' xsd location from '../../../../xlink/1.0.0/xlinks.xsd' to 'xlink.xsd'
2018-05-29 22:17:38|   4.9|  0.0|INFORM|<GML_1 Reader> - Map Embedded Object as: 'ATTRIBUTES'
2018-05-29 22:17:38|   4.9|  0.0|INFORM|<GML_1 Reader> - Map Predefined Properties: 'NO'
2018-05-29 22:17:38|   4.9|  0.0|INFORM|<GML_1 Reader> - Map All Substitutable Properties: 'YES'
2018-05-29 22:17:38|   4.9|  0.0|INFORM|<GML_1 Reader> - Map Complex Properties as: 'NESTED_ATTRIBUTES'
2018-05-29 22:17:38|   4.9|  0.0|INFORM|<GML_1 Reader> - Add XML Namespace Prefix to: 'UNSET'
2018-05-29 22:17:38|   4.9|  0.0|INFORM|<GML_1 Reader> - Limit Number of Lists in Nested Attributes: 'UNSET'
2018-05-29 22:17:38|   4.9|  0.0|INFORM|Using XSD semantics configuration file 'file:///C:/Program Files/FME/xml/gml_v3.2/gml_config.xml'.
2018-05-29 22:17:38|   5.0|  0.1|INFORM|Pre-processing xfMap 'C:\Users\knjetl\AppData\Local\Temp\XFMAP_AUTOGEN1527625058708_11296.xml' with macro stylesheet 'C:\Program Files\FME\xfmap\xfmap_macro.xslt' into 'C:\Users\knjetl\AppData\Local\Temp\GML_XFMAP_CACHE\CACHED_AUTOGEN_1527625058718_11296.xfmap'
2018-05-29 22:17:38|   5.0|  0.0|INFORM|The XML Reader is using xfMap 'C:\Users\knjetl\AppData\Local\Temp\GML_XFMAP_CACHE\CACHED_AUTOGEN_1527625058718_11296.xfmap'
2018-05-29 22:17:38|   5.1|  0.0|WARN  |xfmap - Can't determine axis order from coordinate system or settings. Using assumed axis order of 1,2.
2018-05-29 22:17:38|   5.1|  0.0|INFORM|FME Configuration: Source coordinate system for reader GML_1[GML] set to `EPSG:6173' as read from input data
2018-05-29 22:17:38|   5.1|  0.0|INFORM|Coordinate System `EPSG:6173' parameters: CS_NAME=`ETRS89.UTM-33N' DESC_NM=`Transverse Mercator (ETRS89-TM33)' DT_NAME=`ETRS89/01' GROUP=`UTMN' MAP_SCL=`1' MAX_LAT=`84.5' MAX_LNG=`22.133333333333333' MIN_LAT=`31.05' MIN_LNG=`10.883333333333333' PARM1=`15' PROJ=`TM' QUAD=`1' SCL_RED=`0.9996' SOURCE=`EPSG, V6.3, 25833 [Large and medium scale topographic mappi]' UNIT=`Meter' X_OFF=`500000' Y_OFF=`0.0' ZERO_X=`0.0001' ZERO_Y=`0.0001' 
2018-05-29 22:17:41|   5.1|  0.0|INFORM|Creating reader for format: GML (Geography Markup Language)
2018-05-29 22:17:41|   5.1|  0.0|INFORM|Trying to find a DYNAMIC plugin for reader named `GML'
2018-05-29 22:17:41|   5.1|  0.0|INFORM|FME API version of module 'GML' matches current internal version (3.8 20180209)
2018-05-29 22:17:41|   5.1|  0.0|INFORM|<GML_1 Reader> - Opening the GML_1 Reader reader with source dataset 'C:\DATA\GitHub\NVDBGML\GML\kommune\514\fkbvn\Veglenke.gml'
2018-05-29 22:17:41|   5.1|  0.0|INFORM|The uri-map document 'C:\Program Files\FME\xml\urimap\gml_aixm.xml' is being used to map from URI to URI
2018-05-29 22:17:41|   5.1|  0.0|INFORM|The uri-map document 'C:\Program Files\FME\xml\urimap\gml_citygml.xml' is being used to map from URI to URI
2018-05-29 22:17:41|   5.1|  0.0|INFORM|The uri-map document 'C:\Program Files\FME\xml\urimap\gml_inspire.xml' is being used to map from URI to URI
2018-05-29 22:17:41|   5.1|  0.0|INFORM|The uri-map document 'C:\Program Files\FME\xml\urimap\gml_sosi.xml' is being used to map from URI to URI
2018-05-29 22:17:41|   5.1|  0.0|INFORM|The uri-map document 'C:\Program Files\FME\xml\urimap\gml_urimap.xml' is being used to map from URI to URI
2018-05-29 22:17:41|   5.1|  0.0|INFORM|URI 'file:///C:/DATA/GitHub/NVDBGML/XSD/NVDB/fkbvn/fkbvn.xsd' mapped to 'file:///C:/DATA/GitHub/NVDBGML/XSD/NVDB/fkbvn/fkbvn.xsd'
2018-05-29 22:17:41|   5.1|  0.0|INFORM|Parsing schema document 'file:///C:/DATA/GitHub/NVDBGML/XSD/NVDB/fkbvn/fkbvn.xsd' ...
2018-05-29 22:17:41|   5.1|  0.0|INFORM|A <schemaLocation> in the uri-map is overriding the namespace 'http://www.w3.org/1999/xlink' xsd location from '../../xlink/1.0.0/xlinks.xsd' to 'xlink.xsd'
2018-05-29 22:17:41|   5.1|  0.0|INFORM|A <schemaLocation> in the uri-map is overriding the namespace 'http://www.w3.org/1999/xlink' xsd location from '../../../../xlink/1.0.0/xlinks.xsd' to 'xlink.xsd'
2018-05-29 22:17:41|   5.1|  0.0|INFORM|A <schemaLocation> in the uri-map is overriding the namespace 'http://www.w3.org/1999/xlink' xsd location from '../../../../xlink/1.0.0/xlinks.xsd' to 'xlink.xsd'
2018-05-29 22:17:41|   5.1|  0.0|INFORM|<GML_1 Reader> - Map Embedded Object as: 'ATTRIBUTES'
2018-05-29 22:17:41|   5.1|  0.0|INFORM|<GML_1 Reader> - Map Predefined Properties: 'NO'
2018-05-29 22:17:41|   5.1|  0.0|INFORM|<GML_1 Reader> - Map All Substitutable Properties: 'YES'
2018-05-29 22:17:41|   5.1|  0.0|INFORM|<GML_1 Reader> - Map Complex Properties as: 'NESTED_ATTRIBUTES'
2018-05-29 22:17:41|   5.1|  0.0|INFORM|<GML_1 Reader> - Add XML Namespace Prefix to: 'UNSET'
2018-05-29 22:17:41|   5.1|  0.0|INFORM|<GML_1 Reader> - Limit Number of Lists in Nested Attributes: 'UNSET'
2018-05-29 22:17:41|   5.1|  0.0|INFORM|Using XSD semantics configuration file 'file:///C:/Program Files/FME/xml/gml_v3.2/gml_config.xml'.
2018-05-29 22:17:41|   5.2|  0.1|INFORM|Pre-processing xfMap 'C:\Users\knjetl\AppData\Local\Temp\XFMAP_AUTOGEN1527625061597_11296.xml' with macro stylesheet 'C:\Program Files\FME\xfmap\xfmap_macro.xslt' into 'C:\Users\knjetl\AppData\Local\Temp\GML_XFMAP_CACHE\CACHED_AUTOGEN_1527625061608_11296.xfmap'
2018-05-29 22:17:41|   5.3|  0.1|INFORM|The XML Reader is using xfMap 'C:\Users\knjetl\AppData\Local\Temp\GML_XFMAP_CACHE\CACHED_AUTOGEN_1527625061608_11296.xfmap'
2018-05-29 22:17:41|   5.3|  0.0|WARN  |xfmap - Can't determine axis order from coordinate system or settings. Using assumed axis order of 1,2.
2018-05-29 22:17:41|   5.3|  0.0|INFORM|FME Configuration: Source coordinate system for reader GML_1[GML] set to `EPSG:6173' as read from input data
2018-05-29 22:17:41|   5.3|  0.0|INFORM|Coordinate System `EPSG:6173' parameters: CS_NAME=`ETRS89.UTM-33N' DESC_NM=`Transverse Mercator (ETRS89-TM33)' DT_NAME=`ETRS89/01' GROUP=`UTMN' MAP_SCL=`1' MAX_LAT=`84.5' MAX_LNG=`22.133333333333333' MIN_LAT=`31.05' MIN_LNG=`10.883333333333333' PARM1=`15' PROJ=`TM' QUAD=`1' SCL_RED=`0.9996' SOURCE=`EPSG, V6.3, 25833 [Large and medium scale topographic mappi]' UNIT=`Meter' X_OFF=`500000' Y_OFF=`0.0' ZERO_X=`0.0001' ZERO_Y=`0.0001' 
2018-05-29 22:17:42|   5.7|  0.4|INFORM|Reading source feature # 2500
2018-05-29 22:18:37|   8.6|  2.9|INFORM|Creating reader for format: GML (Geography Markup Language)
2018-05-29 22:18:37|   8.6|  0.0|INFORM|Trying to find a DYNAMIC plugin for reader named `GML'
2018-05-29 22:18:37|   8.6|  0.0|INFORM|FME API version of module 'GML' matches current internal version (3.8 20180209)
2018-05-29 22:18:37|   8.6|  0.0|INFORM|<GML_1 Reader> - Opening the GML_1 Reader reader with source dataset 'C:\DATA\GitHub\NVDBGML\GML\kommune\514\fkbvn\Vegsperring.gml'
2018-05-29 22:18:37|   8.6|  0.0|INFORM|The uri-map document 'C:\Program Files\FME\xml\urimap\gml_aixm.xml' is being used to map from URI to URI
2018-05-29 22:18:37|   8.6|  0.0|INFORM|The uri-map document 'C:\Program Files\FME\xml\urimap\gml_citygml.xml' is being used to map from URI to URI
2018-05-29 22:18:37|   8.6|  0.0|INFORM|The uri-map document 'C:\Program Files\FME\xml\urimap\gml_inspire.xml' is being used to map from URI to URI
2018-05-29 22:18:37|   8.6|  0.0|INFORM|The uri-map document 'C:\Program Files\FME\xml\urimap\gml_sosi.xml' is being used to map from URI to URI
2018-05-29 22:18:37|   8.6|  0.0|INFORM|The uri-map document 'C:\Program Files\FME\xml\urimap\gml_urimap.xml' is being used to map from URI to URI
2018-05-29 22:18:37|   8.6|  0.0|INFORM|URI 'file:///C:/DATA/GitHub/NVDBGML/XSD/NVDB/fkbvn/fkbvn.xsd' mapped to 'file:///C:/DATA/GitHub/NVDBGML/XSD/NVDB/fkbvn/fkbvn.xsd'
2018-05-29 22:18:37|   8.6|  0.0|INFORM|Parsing schema document 'file:///C:/DATA/GitHub/NVDBGML/XSD/NVDB/fkbvn/fkbvn.xsd' ...
2018-05-29 22:18:37|   8.6|  0.0|INFORM|A <schemaLocation> in the uri-map is overriding the namespace 'http://www.w3.org/1999/xlink' xsd location from '../../xlink/1.0.0/xlinks.xsd' to 'xlink.xsd'
2018-05-29 22:18:37|   8.6|  0.0|INFORM|A <schemaLocation> in the uri-map is overriding the namespace 'http://www.w3.org/1999/xlink' xsd location from '../../../../xlink/1.0.0/xlinks.xsd' to 'xlink.xsd'
2018-05-29 22:18:37|   8.6|  0.0|INFORM|A <schemaLocation> in the uri-map is overriding the namespace 'http://www.w3.org/1999/xlink' xsd location from '../../../../xlink/1.0.0/xlinks.xsd' to 'xlink.xsd'
2018-05-29 22:18:37|   8.6|  0.0|INFORM|<GML_1 Reader> - Map Embedded Object as: 'ATTRIBUTES'
2018-05-29 22:18:37|   8.6|  0.0|INFORM|<GML_1 Reader> - Map Predefined Properties: 'NO'
2018-05-29 22:18:37|   8.6|  0.0|INFORM|<GML_1 Reader> - Map All Substitutable Properties: 'YES'
2018-05-29 22:18:37|   8.6|  0.0|INFORM|<GML_1 Reader> - Map Complex Properties as: 'NESTED_ATTRIBUTES'
2018-05-29 22:18:37|   8.6|  0.0|INFORM|<GML_1 Reader> - Add XML Namespace Prefix to: 'UNSET'
2018-05-29 22:18:37|   8.6|  0.0|INFORM|<GML_1 Reader> - Limit Number of Lists in Nested Attributes: 'UNSET'
2018-05-29 22:18:37|   8.6|  0.0|INFORM|Using XSD semantics configuration file 'file:///C:/Program Files/FME/xml/gml_v3.2/gml_config.xml'.
2018-05-29 22:18:37|   8.8|  0.1|INFORM|Pre-processing xfMap 'C:\Users\knjetl\AppData\Local\Temp\XFMAP_AUTOGEN1527625117871_11296.xml' with macro stylesheet 'C:\Program Files\FME\xfmap\xfmap_macro.xslt' into 'C:\Users\knjetl\AppData\Local\Temp\GML_XFMAP_CACHE\CACHED_AUTOGEN_1527625117885_11296.xfmap'
2018-05-29 22:18:37|   8.8|  0.0|INFORM|The XML Reader is using xfMap 'C:\Users\knjetl\AppData\Local\Temp\GML_XFMAP_CACHE\CACHED_AUTOGEN_1527625117885_11296.xfmap'
2018-05-29 22:18:37|   8.8|  0.0|WARN  |xfmap - Can't determine axis order from coordinate system or settings. Using assumed axis order of 1,2.
2018-05-29 22:18:37|   8.8|  0.0|INFORM|FME Configuration: Source coordinate system for reader GML_1[GML] set to `EPSG:6173' as read from input data
2018-05-29 22:18:37|   8.8|  0.0|INFORM|Coordinate System `EPSG:6173' parameters: CS_NAME=`ETRS89.UTM-33N' DESC_NM=`Transverse Mercator (ETRS89-TM33)' DT_NAME=`ETRS89/01' GROUP=`UTMN' MAP_SCL=`1' MAX_LAT=`84.5' MAX_LNG=`22.133333333333333' MIN_LAT=`31.05' MIN_LNG=`10.883333333333333' PARM1=`15' PROJ=`TM' QUAD=`1' SCL_RED=`0.9996' SOURCE=`EPSG, V6.3, 25833 [Large and medium scale topographic mappi]' UNIT=`Meter' X_OFF=`500000' Y_OFF=`0.0' ZERO_X=`0.0001' ZERO_Y=`0.0001' 
2018-05-29 22:18:37|   8.8|  0.0|INFORM|Creating reader for format: GML (Geography Markup Language)
2018-05-29 22:18:37|   8.8|  0.0|INFORM|Trying to find a DYNAMIC plugin for reader named `GML'
2018-05-29 22:18:37|   8.8|  0.0|INFORM|FME API version of module 'GML' matches current internal version (3.8 20180209)
2018-05-29 22:18:37|   8.8|  0.0|INFORM|<GML_1 Reader> - Opening the GML_1 Reader reader with source dataset 'C:\DATA\GitHub\NVDBGML\GML\kommune\514\fkbvn\VærutsattVeg.gml'
2018-05-29 22:18:37|   8.8|  0.0|INFORM|The uri-map document 'C:\Program Files\FME\xml\urimap\gml_aixm.xml' is being used to map from URI to URI
2018-05-29 22:18:37|   8.8|  0.0|INFORM|The uri-map document 'C:\Program Files\FME\xml\urimap\gml_citygml.xml' is being used to map from URI to URI
2018-05-29 22:18:37|   8.8|  0.0|INFORM|The uri-map document 'C:\Program Files\FME\xml\urimap\gml_inspire.xml' is being used to map from URI to URI
2018-05-29 22:18:37|   8.8|  0.0|INFORM|The uri-map document 'C:\Program Files\FME\xml\urimap\gml_sosi.xml' is being used to map from URI to URI
2018-05-29 22:18:37|   8.8|  0.0|INFORM|The uri-map document 'C:\Program Files\FME\xml\urimap\gml_urimap.xml' is being used to map from URI to URI
2018-05-29 22:18:37|   8.8|  0.0|INFORM|URI 'file:///C:/DATA/GitHub/NVDBGML/XSD/NVDB/fkbvn/fkbvn.xsd' mapped to 'file:///C:/DATA/GitHub/NVDBGML/XSD/NVDB/fkbvn/fkbvn.xsd'
2018-05-29 22:18:37|   8.8|  0.0|INFORM|Parsing schema document 'file:///C:/DATA/GitHub/NVDBGML/XSD/NVDB/fkbvn/fkbvn.xsd' ...
2018-05-29 22:18:38|   8.9|  0.0|INFORM|A <schemaLocation> in the uri-map is overriding the namespace 'http://www.w3.org/1999/xlink' xsd location from '../../xlink/1.0.0/xlinks.xsd' to 'xlink.xsd'
2018-05-29 22:18:38|   8.9|  0.0|INFORM|A <schemaLocation> in the uri-map is overriding the namespace 'http://www.w3.org/1999/xlink' xsd location from '../../../../xlink/1.0.0/xlinks.xsd' to 'xlink.xsd'
2018-05-29 22:18:38|   8.9|  0.0|INFORM|A <schemaLocation> in the uri-map is overriding the namespace 'http://www.w3.org/1999/xlink' xsd location from '../../../../xlink/1.0.0/xlinks.xsd' to 'xlink.xsd'
2018-05-29 22:18:38|   8.9|  0.0|INFORM|<GML_1 Reader> - Map Embedded Object as: 'ATTRIBUTES'
2018-05-29 22:18:38|   8.9|  0.0|INFORM|<GML_1 Reader> - Map Predefined Properties: 'NO'
2018-05-29 22:18:38|   8.9|  0.0|INFORM|<GML_1 Reader> - Map All Substitutable Properties: 'YES'
2018-05-29 22:18:38|   8.9|  0.0|INFORM|<GML_1 Reader> - Map Complex Properties as: 'NESTED_ATTRIBUTES'
2018-05-29 22:18:38|   8.9|  0.0|INFORM|<GML_1 Reader> - Add XML Namespace Prefix to: 'UNSET'
2018-05-29 22:18:38|   8.9|  0.0|INFORM|<GML_1 Reader> - Limit Number of Lists in Nested Attributes: 'UNSET'
2018-05-29 22:18:38|   8.9|  0.0|INFORM|Using XSD semantics configuration file 'file:///C:/Program Files/FME/xml/gml_v3.2/gml_config.xml'.
2018-05-29 22:18:38|   9.0|  0.1|INFORM|Pre-processing xfMap 'C:\Users\knjetl\AppData\Local\Temp\XFMAP_AUTOGEN1527625118180_11296.xml' with macro stylesheet 'C:\Program Files\FME\xfmap\xfmap_macro.xslt' into 'C:\Users\knjetl\AppData\Local\Temp\GML_XFMAP_CACHE\CACHED_AUTOGEN_1527625118192_11296.xfmap'
2018-05-29 22:18:38|   9.1|  0.1|INFORM|The XML Reader is using xfMap 'C:\Users\knjetl\AppData\Local\Temp\GML_XFMAP_CACHE\CACHED_AUTOGEN_1527625118192_11296.xfmap'
2018-05-29 22:18:38|   9.1|  0.0|WARN  |xfmap - Can't determine axis order from coordinate system or settings. Using assumed axis order of 1,2.
2018-05-29 22:18:38|   9.1|  0.0|INFORM|FME Configuration: Source coordinate system for reader GML_1[GML] set to `EPSG:6173' as read from input data
2018-05-29 22:18:38|   9.1|  0.0|INFORM|Coordinate System `EPSG:6173' parameters: CS_NAME=`ETRS89.UTM-33N' DESC_NM=`Transverse Mercator (ETRS89-TM33)' DT_NAME=`ETRS89/01' GROUP=`UTMN' MAP_SCL=`1' MAX_LAT=`84.5' MAX_LNG=`22.133333333333333' MIN_LAT=`31.05' MIN_LNG=`10.883333333333333' PARM1=`15' PROJ=`TM' QUAD=`1' SCL_RED=`0.9996' SOURCE=`EPSG, V6.3, 25833 [Large and medium scale topographic mappi]' UNIT=`Meter' X_OFF=`500000' Y_OFF=`0.0' ZERO_X=`0.0001' ZERO_Y=`0.0001' 
2018-05-29 22:18:38|   9.1|  0.0|INFORM|Processed 2359 elements with mode CLASSIC
2018-05-29 22:18:38|   9.1|  0.0|INFORM|MULTI_READER(GML_1): Done reading 4600 features from 8 readers
2018-05-29 22:18:38|   9.1|  0.0|INFORM|MULTI_READER(MULTI_READER): Done reading 4600 features from 1 readers
2018-05-29 22:18:38|   9.1|  0.0|INFORM|Emptying factory pipeline
2018-05-29 22:18:38|   9.1|  0.0|STATS |Router and Unexpected Input Remover(RoutingFactory): Tested 4600 input feature(s), wrote 4600 output feature(s): 4600 matched merge filters, 4600 were routed to output, 0 could not be routed.
2018-05-29 22:18:38|   9.1|  0.0|STATS |Unexpected Input Remover Nuker(TeeFactory): Cloned 0 input feature(s) into 0 output feature(s)
2018-05-29 22:18:38|   9.1|  0.0|STATS |VærutsattVeg (GML_1) Splitter(TeeFactory): Cloned 1 input feature(s) into 1 output feature(s)
2018-05-29 22:18:38|   9.1|  0.0|STATS |VærutsattVeg_GML_1 Feature Counter -1 49(TeeFactory): Cloned 1 input feature(s) into 1 output feature(s)
2018-05-29 22:18:38|   9.1|  0.0|STATS |Vegsperring (GML_1) Splitter(TeeFactory): Cloned 14 input feature(s) into 14 output feature(s)
2018-05-29 22:18:38|   9.1|  0.0|STATS |Vegsperring_GML_1 Feature Counter -1 55(TeeFactory): Cloned 14 input feature(s) into 14 output feature(s)
2018-05-29 22:18:38|   9.1|  0.0|STATS |Veglenke (GML_1) Splitter(TeeFactory): Cloned 2318 input feature(s) into 4636 output feature(s)
2018-05-29 22:18:38|   9.1|  0.0|STATS |Veglenke_GML_1_0_/Ia79fZbbNU= Feature Counter -1 15(TeeFactory): Cloned 2318 input feature(s) into 2318 output feature(s)
2018-05-29 22:18:38|   9.1|  0.0|STATS |Veglenke_GML_1_1_5mVgLAOVRnU= Feature Counter -1 42(TeeFactory): Cloned 2318 input feature(s) into 2318 output feature(s)
2018-05-29 22:18:38|   9.1|  0.0|STATS |Trafikkreguleringer (GML_1) Splitter(TeeFactory): Cloned 2 input feature(s) into 2 output feature(s)
2018-05-29 22:18:38|   9.1|  0.0|STATS |Trafikkreguleringer_GML_1 Feature Counter -1 48(TeeFactory): Cloned 2 input feature(s) into 2 output feature(s)
2018-05-29 22:18:38|   9.1|  0.0|STATS |Svingerestriksjon (GML_1) Splitter(TeeFactory): Cloned 0 input feature(s) into 0 output feature(s)
2018-05-29 22:18:38|   9.1|  0.0|STATS |Svingerestriksjon_GML_1 Feature Counter -1 56(TeeFactory): Cloned 0 input feature(s) into 0 output feature(s)
2018-05-29 22:18:38|   9.1|  0.0|STATS |Landbruksvegklasse (GML_1) Splitter(TeeFactory): Cloned 0 input feature(s) into 0 output feature(s)
2018-05-29 22:18:38|   9.1|  0.0|STATS |Landbruksvegklasse_GML_1 Feature Counter -1 47(TeeFactory): Cloned 0 input feature(s) into 0 output feature(s)
2018-05-29 22:18:38|   9.1|  0.0|STATS |Jernbanekryssing (GML_1) Splitter(TeeFactory): Cloned 0 input feature(s) into 0 output feature(s)
2018-05-29 22:18:38|   9.1|  0.0|STATS |Jernbanekryssing_GML_1 Feature Counter -1 53(TeeFactory): Cloned 0 input feature(s) into 0 output feature(s)
2018-05-29 22:18:38|   9.1|  0.0|STATS |InnkjøringForbudt (GML_1) Splitter(TeeFactory): Cloned 25 input feature(s) into 25 output feature(s)
2018-05-29 22:18:38|   9.1|  0.0|STATS |InnkjøringForbudt_GML_1 Feature Counter -1 54(TeeFactory): Cloned 25 input feature(s) into 25 output feature(s)
2018-05-29 22:18:38|   9.1|  0.0|STATS |Høydebegrensning (GML_1) Splitter(TeeFactory): Cloned 3 input feature(s) into 3 output feature(s)
2018-05-29 22:18:38|   9.1|  0.0|STATS |Høydebegrensning_GML_1 Feature Counter -1 52(TeeFactory): Cloned 3 input feature(s) into 3 output feature(s)
2018-05-29 22:18:38|   9.1|  0.0|STATS |Gågatereguleringer (GML_1) Splitter(TeeFactory): Cloned 0 input feature(s) into 0 output feature(s)
2018-05-29 22:18:38|   9.1|  0.0|STATS |Gågatereguleringer_GML_1 Feature Counter -1 46(TeeFactory): Cloned 0 input feature(s) into 0 output feature(s)
2018-05-29 22:18:38|   9.1|  0.0|STATS |FunksjonellVegklasse (GML_1) Splitter(TeeFactory): Cloned 1103 input feature(s) into 1103 output feature(s)
2018-05-29 22:18:38|   9.1|  0.0|STATS |FunksjonellVegklasse_GML_1 Feature Counter -1 44(TeeFactory): Cloned 1103 input feature(s) into 1103 output feature(s)
2018-05-29 22:18:38|   9.1|  0.0|STATS |Fartsgrense (GML_1) Splitter(TeeFactory): Cloned 1134 input feature(s) into 1134 output feature(s)
2018-05-29 22:18:38|   9.1|  0.0|STATS |Fartsgrense_GML_1 Feature Counter -1 37(TeeFactory): Cloned 1134 input feature(s) into 1134 output feature(s)
2018-05-29 22:18:38|   9.1|  0.0|STATS |Veglenke_DirCreator(CreationFactory): Created 1 features
2018-05-29 22:18:38|   9.1|  0.0|STATS |Veglenke_DirCreatorCleanerUpper(TeeFactory): Cloned 1 input feature(s) into 0 output feature(s)
2018-05-29 22:18:38|   9.1|  0.0|STATS |Veglenke_FeatureDirector(TestFactory): Tested 2318 input feature(s) -- 0 feature(s) passed and 2318 feature(s) failed
2018-05-29 22:18:38|   9.1|  0.0|STATS |Veglenke___FeatureDirector1(TestFactory): Tested 2318 input feature(s) -- 0 feature(s) passed and 2318 feature(s) failed
2018-05-29 22:18:38|   9.1|  0.0|STATS |Veglenke_VectorSetterUpper(TeeFactory): Cloned 2318 input feature(s) into 2318 output feature(s)
2018-05-29 22:18:38|   9.1|  0.0|STATS |Veglenke___PointCloudThinner(TeeFactory): Cloned 0 input feature(s) into 0 output feature(s)
2018-05-29 22:18:38|   9.1|  0.0|STATS |Veglenke_RasterSetterUpper(TeeFactory): Cloned 0 input feature(s) into 0 output feature(s)
2018-05-29 22:18:38|   9.1|  0.0|INFORM|Veglenke_Recorder(RecorderFactory): Recorded 2318 feature(s) to file `C:\Users\knjetl\AppData\Local\Temp\gml2gdmmappersosi_221704\inspector.ffs'
2018-05-29 22:18:38|   9.1|  0.0|STATS |ListExploder(ElementFactory): Split out 2360 list elements from 2282 input features, using mode CLASSIC
2018-05-29 22:18:38|   9.1|  0.0|STATS |ListExploder_ELEMENTS Feature Counter -1 40(TeeFactory): Cloned 2360 input feature(s) into 2360 output feature(s)
2018-05-29 22:18:38|   9.1|  0.0|STATS |ListExploder_<REJECTED> Feature Counter -1 50(TeeFactory): Cloned 14 input feature(s) into 14 output feature(s)
2018-05-29 22:18:38|   9.1|  0.0|STATS |AttributeExposer(TeeFactory): Cloned 2374 input feature(s) into 2374 output feature(s)
2018-05-29 22:18:38|   9.1|  0.0|STATS |AttributeExposer_OUTPUT Feature Counter -1 57(TeeFactory): Cloned 2374 input feature(s) into 2374 output feature(s)
2018-05-29 22:18:38|   9.1|  0.0|STATS |SchemaMapper_2_MAPPED Feature Counter -1 39(TeeFactory): Cloned 2374 input feature(s) into 2374 output feature(s)
2018-05-29 22:18:38|   9.1|  0.0|STATS |BulkAttributeRenamer(TeeFactory): Cloned 4692 input feature(s) into 4692 output feature(s)
2018-05-29 22:18:38|   9.1|  0.0|STATS |BulkAttributeRenamer_OUTPUT Feature Counter -1 45(TeeFactory): Cloned 4692 input feature(s) into 4692 output feature(s)
2018-05-29 22:18:38|   9.1|  0.0|STATS |AttributeManager_OUTPUT Feature Counter -1 38(TeeFactory): Cloned 4692 input feature(s) into 4692 output feature(s)
2018-05-29 22:18:38|   9.1|  0.0|STATS |DateFormatter(TeeFactory): Cloned 4692 input feature(s) into 4692 output feature(s)
2018-05-29 22:18:38|   9.1|  0.0|STATS |DateFormatter OUTPUT Splitter(TeeFactory): Cloned 4692 input feature(s) into 14076 output feature(s)
2018-05-29 22:18:38|   9.1|  0.0|STATS |DateFormatter_OUTPUT_0_YpfMlOcsqbc= Feature Counter -1 36(TeeFactory): Cloned 4692 input feature(s) into 4692 output feature(s)
2018-05-29 22:18:38|   9.1|  0.0|STATS |DateFormatter_OUTPUT_1_eCGJRU9ZN8Y= Feature Counter -1 51(TeeFactory): Cloned 4692 input feature(s) into 4692 output feature(s)
2018-05-29 22:18:38|   9.1|  0.0|STATS |DateFormatter_OUTPUT_2_bBQzJPquUMM= Feature Counter -1 20(TeeFactory): Cloned 4692 input feature(s) into 4692 output feature(s)
2018-05-29 22:18:38|   9.1|  0.0|STATS |Sc_DirCreator(CreationFactory): Created 1 features
2018-05-29 22:18:38|   9.1|  0.0|STATS |Sc_DirCreatorCleanerUpper(TeeFactory): Cloned 1 input feature(s) into 0 output feature(s)
2018-05-29 22:18:38|   9.1|  0.0|STATS |Sc_FeatureDirector(TestFactory): Tested 4692 input feature(s) -- 0 feature(s) passed and 4692 feature(s) failed
2018-05-29 22:18:38|   9.1|  0.0|STATS |Sc___FeatureDirector1(TestFactory): Tested 4692 input feature(s) -- 0 feature(s) passed and 4692 feature(s) failed
2018-05-29 22:18:38|   9.1|  0.0|STATS |Sc_VectorSetterUpper(TeeFactory): Cloned 4692 input feature(s) into 4692 output feature(s)
2018-05-29 22:18:38|   9.1|  0.0|STATS |Sc___PointCloudThinner(TeeFactory): Cloned 0 input feature(s) into 0 output feature(s)
2018-05-29 22:18:38|   9.1|  0.0|STATS |Sc_RasterSetterUpper(TeeFactory): Cloned 0 input feature(s) into 0 output feature(s)
2018-05-29 22:18:38|   9.1|  0.0|STATS |Stored 7010 feature(s) to FME feature store file `C:\Users\knjetl\AppData\Local\Temp\gml2gdmmappersosi_221704\inspector.ffs'
2018-05-29 22:18:38|   9.1|  0.0|INFORM|Saving spatial index into file 'C:\Users\knjetl\AppData\Local\Temp\gml2gdmmappersosi_221704\inspector.fsi'
2018-05-29 22:18:38|   9.1|  0.0|INFORM|Finished saving spatial index into file 'C:\Users\knjetl\AppData\Local\Temp\gml2gdmmappersosi_221704\inspector.fsi'
2018-05-29 22:18:38|   9.1|  0.0|INFORM|Sc_Recorder(RecorderFactory): Recorded 4692 feature(s) to file `C:\Users\knjetl\AppData\Local\Temp\gml2gdmmappersosi_221704\inspector.ffs'
2018-05-29 22:18:38|   9.1|  0.0|STATS |Sampler_2 (Disabled) Nuker(TeeFactory): Cloned 4692 input feature(s) into 0 output feature(s)
2018-05-29 22:18:38|   9.1|  0.0|STATS |Sampler_2_SAMPLED Feature Counter -1 43(TeeFactory): Cloned 0 input feature(s) into 0 output feature(s)
2018-05-29 22:18:38|   9.1|  0.0|STATS |Destination Feature Type Routing Correlator(RoutingFactory): Tested 4692 input feature(s), wrote 4692 output feature(s): 0 matched merge filters, 4692 were routed to output, 0 could not be routed.
2018-05-29 22:18:38|   9.1|  0.0|STATS |Final Output Nuker(TeeFactory): Cloned 4692 input feature(s) into 0 output feature(s)
2018-05-29 22:18:38|   9.1|  0.0|STATS |f_63(CreationFactory): Created 1 features
2018-05-29 22:18:38|   9.1|  0.0|STATS |f_64(TeeFactory): Cloned 1 input feature(s) into 0 output feature(s)
2018-05-29 22:18:38|   9.1|  0.0|STATS |=-=-=-=-=-=-=-=-=-=-=-=-=-=-=-=-=-=-=-=-=-=-=-=-=-=-=-=-=-=-=-=-=-=-=-=-=-=-=-
2018-05-29 22:18:38|   9.1|  0.0|STATS |                            Features Read Summary
2018-05-29 22:18:38|   9.1|  0.0|STATS |=-=-=-=-=-=-=-=-=-=-=-=-=-=-=-=-=-=-=-=-=-=-=-=-=-=-=-=-=-=-=-=-=-=-=-=-=-=-=-
2018-05-29 22:18:38|   9.1|  0.0|STATS |Fartsgrense                                                               1134
2018-05-29 22:18:38|   9.1|  0.0|STATS |FunksjonellVegklasse                                                      1103
2018-05-29 22:18:38|   9.1|  0.0|STATS |Høydebegrensning                                                             3
2018-05-29 22:18:38|   9.1|  0.0|STATS |InnkjøringForbudt                                                           25
2018-05-29 22:18:38|   9.1|  0.0|STATS |Trafikkreguleringer                                                          2
2018-05-29 22:18:38|   9.1|  0.0|STATS |Veglenke                                                                  2318
2018-05-29 22:18:38|   9.1|  0.0|STATS |Vegsperring                                                                 14
2018-05-29 22:18:38|   9.1|  0.0|STATS |VærutsattVeg                                                                 1
2018-05-29 22:18:38|   9.1|  0.0|STATS |==============================================================================
2018-05-29 22:18:38|   9.1|  0.0|STATS |Total Features Read                                                       4600
2018-05-29 22:18:38|   9.1|  0.0|STATS |=-=-=-=-=-=-=-=-=-=-=-=-=-=-=-=-=-=-=-=-=-=-=-=-=-=-=-=-=-=-=-=-=-=-=-=-=-=-=-
2018-05-29 22:18:38|   9.1|  0.0|STATS |=-=-=-=-=-=-=-=-=-=-=-=-=-=-=-=-=-=-=-=-=-=-=-=-=-=-=-=-=-=-=-=-=-=-=-=-=-=-=-
2018-05-29 22:18:38|   9.1|  0.0|STATS |                           Features Written Summary
2018-05-29 22:18:38|   9.1|  0.0|STATS |=-=-=-=-=-=-=-=-=-=-=-=-=-=-=-=-=-=-=-=-=-=-=-=-=-=-=-=-=-=-=-=-=-=-=-=-=-=-=-
2018-05-29 22:18:38|   9.1|  0.0|STATS |==============================================================================
2018-05-29 22:18:38|   9.1|  0.0|STATS |Total Features Written                                                       0
2018-05-29 22:18:38|   9.1|  0.0|STATS |=-=-=-=-=-=-=-=-=-=-=-=-=-=-=-=-=-=-=-=-=-=-=-=-=-=-=-=-=-=-=-=-=-=-=-=-=-=-=-
2018-05-29 22:18:38|   9.1|  0.0|INFORM|Translation was SUCCESSFUL with 8 warning(s) (0 feature(s) output)
2018-05-29 22:18:38|   9.1|  0.0|INFORM|FME Session Duration: 1 minute 34.2 seconds. (CPU: 8.0s user, 0.9s system)
2018-05-29 22:18:38|   9.1|  0.0|INFORM|END - ProcessID: 11296, peak process memory usage: 133960 kB, current process memory usage: 116708 kB
