2016-09-13 15:42:31|   0.1|  0.1|INFORM|FME 2016.1.0.0 Beta (20160329 - Build 16481 - WIN64)
2016-09-13 15:42:31|   0.1|  0.0|INFORM|FME_HOME is 'C:\Program Files\FME2016.1\64\'
2016-09-13 15:42:31|   0.1|  0.0|INFORM|FME ESRI Edition (node locked-crc)
2016-09-13 15:42:31|   0.1|  0.0|INFORM|Serial Number: S0601A0917
2016-09-13 15:42:31|   0.1|  0.0|INFORM|Permanent License.
2016-09-13 15:42:31|   0.1|  0.0|INFORM|Machine host name is: SVV-55247
2016-09-13 15:42:31|   0.1|  0.0|INFORM|START - ProcessID: 10476, peak process memory usage: 36156 kB, current process memory usage: 36156 kB
2016-09-13 15:42:31|   0.1|  0.0|INFORM|FME Configuration: Command line arguments are `C:\Program Files\FME2016.1\64\fme.exe' `C:/DATA/GitHub/NVDBGML/FME\wb-xlate-1473774150507_4804' `LOG_STANDARDOUT' `YES' `LogCountServerName' `{a626b254-9073-4e0e-b4bf-fc37ec746e71}' `DEBUG_PORT' `50803'
2016-09-13 15:42:31|   0.2|  0.1|INFORM|Shared folders for formats are : C:\Program Files\FME2016.1\64\datasources;C:\Users\knjetl\AppData\Roaming\Safe Software\FME\FME Store\Formats;\\SVV1P04AUSER01\KNJETL$\documents\FME\Formats
2016-09-13 15:42:31|   0.2|  0.0|INFORM|Shared folders for transformers are : C:\Program Files\FME2016.1\64\transformers;C:\Users\knjetl\AppData\Roaming\Safe Software\FME\FME Store\Transformers;\\SVV1P04AUSER01\KNJETL$\documents\FME\Transformers
2016-09-13 15:42:31|   0.2|  0.0|INFORM|Shared folders for coordinate systems are : \\SVV1P04AUSER01\KNJETL$\documents\FME\CoordinateSystems
2016-09-13 15:42:31|   0.2|  0.0|INFORM|Shared folders for coordinate system exceptions are : \\SVV1P04AUSER01\KNJETL$\documents\FME\CoordinateSystemExceptions
2016-09-13 15:42:31|   0.2|  0.0|INFORM|Shared folders for coordinate system grid overrides are : \\SVV1P04AUSER01\KNJETL$\documents\FME\CoordinateSystemGridOverrides
2016-09-13 15:42:31|   0.2|  0.0|INFORM|Shared folders for CS-MAP transformation exceptions are : \\SVV1P04AUSER01\KNJETL$\documents\FME\CsmapTransformationExceptions
2016-09-13 15:42:31|   0.2|  0.0|INFORM|Shared folders for transformer categories are : \\SVV1P04AUSER01\KNJETL$\documents\FME\TransformerCategories
2016-09-13 15:42:31|   0.2|  0.0|INFORM|FME Configuration: Reader Keyword is `NULL_SOURCE'
2016-09-13 15:42:31|   0.2|  0.0|INFORM|FME Configuration: Writer Keyword is `NULL_DEST'
2016-09-13 15:42:31|   0.2|  0.0|INFORM|FME Configuration: Writer Group Definition Keyword is `NULL_DEST_DEF'
2016-09-13 15:42:31|   0.2|  0.0|INFORM|FME Configuration: Reader type is `NULL'
2016-09-13 15:42:31|   0.2|  0.0|INFORM|FME Configuration: Writer type is `NULL'
2016-09-13 15:42:31|   0.2|  0.0|INFORM|FME Configuration: No destination coordinate system set
2016-09-13 15:42:31|   0.2|  0.0|INFORM|FME Configuration: Current working folder is `C:\DATA\GitHub\NVDBGML\FME'
2016-09-13 15:42:31|   0.2|  0.0|INFORM|FME Configuration: Temporary folder is `C:\Users\knjetl\AppData\Local\Temp'
2016-09-13 15:42:31|   0.2|  0.0|INFORM|FME Configuration: FME_HOME is `C:\Program Files\FME2016.1\64\'
2016-09-13 15:42:31|   0.2|  0.0|INFORM|FME Configuration: FME_BASE is 'no'
2016-09-13 15:42:31|   0.2|  0.0|INFORM|FME Configuration: FME_MF_DIR is 'C:\DATA\GitHub\NVDBGML\FME/'
2016-09-13 15:42:31|   0.2|  0.0|INFORM|FME Configuration: FME_MF_NAME is 'none2none.fmw'
2016-09-13 15:42:31|   0.2|  0.0|INFORM|FME Configuration: FME_PRODUCT_NAME is 'FME(R) 2016.1.0.0'
2016-09-13 15:42:31|   0.2|  0.0|INFORM|System Status: 184.90 GB of disk space available in the FME temporary folder (C:\Users\knjetl\AppData\Local\Temp)
2016-09-13 15:42:31|   0.2|  0.0|INFORM|System Status: 8.00 TB of virtual memory available
2016-09-13 15:42:31|   0.2|  0.0|INFORM|Operating System: Microsoft Windows 7 64-bit Service Pack 1 (Build 7601)
2016-09-13 15:42:31|   0.2|  0.0|INFORM|FME Platform: WIN64
2016-09-13 15:42:31|   0.2|  0.0|INFORM|Locale: nb_NO
2016-09-13 15:42:31|   0.2|  0.0|INFORM|Code Page: 1252  (ANSI - latin I)
2016-09-13 15:42:31|   0.2|  0.0|INFORM|FME Configuration: Process limits are 31.91 GB of physical memory and 8.00 TB of address space
2016-09-13 15:42:31|   0.2|  0.0|INFORM|FME Configuration: Start freeing memory when process usage exceeds 95.72 GB of memory or 8.00 TB of address space
2016-09-13 15:42:31|   0.2|  0.0|INFORM|FME Configuration: Stop freeing memory when process usage is below 71.79 GB of memory and 6.00 TB of address space
2016-09-13 15:42:32|   0.2|  0.0|INFORM|Creating writer for format: NULL (Nothing)
2016-09-13 15:42:32|   0.2|  0.0|INFORM|Trying to find a DYNAMIC plugin for writer named `NULL'
2016-09-13 15:42:32|   0.2|  0.0|INFORM|Loaded module 'NULL' from file 'C:\Program Files\FME2016.1\64\plugins/NULL.dll'
2016-09-13 15:42:32|   0.2|  0.0|INFORM|FME API version of module 'NULL' matches current internal version (3.8 20160224)
2016-09-13 15:42:32|   0.2|  0.0|INFORM|Creating reader for format: NULL (Nothing)
2016-09-13 15:42:32|   0.2|  0.0|INFORM|Trying to find a DYNAMIC plugin for reader named `NULL'
2016-09-13 15:42:32|   0.2|  0.0|INFORM|FME API version of module 'NULL' matches current internal version (3.8 20160224)
2016-09-13 15:42:32|   0.2|  0.0|INFORM|Loaded module 'LogCount_func' from file 'C:\Program Files\FME2016.1\64\plugins/LogCount_func.dll'
2016-09-13 15:42:32|   0.2|  0.0|INFORM|FME API version of module 'LogCount_func' matches current internal version (3.8 20160224)
2016-09-13 15:42:32|   0.3|  0.0|INFORM|Creating writer for format: FME Feature Store (FFS)
2016-09-13 15:42:32|   0.3|  0.0|INFORM|FME Configuration: No destination coordinate system set
2016-09-13 15:42:32|   0.3|  0.0|INFORM|FME API version of module 'NULL' matches current internal version (3.8 20160224)
2016-09-13 15:42:32|   0.3|  0.0|INFORM|FME API version of module 'NULL' matches current internal version (3.8 20160224)
2016-09-13 15:42:32|   0.3|  0.0|INFORM|Loaded module 'Geometry_func' from file 'C:\Program Files\FME2016.1\64\plugins/Geometry_func.dll'
2016-09-13 15:42:32|   0.3|  0.0|INFORM|FME API version of module 'Geometry_func' matches current internal version (3.8 20160224)
2016-09-13 15:42:32|   0.3|  0.0|INFORM|Loaded module 'BreakpointFactory' from file 'C:\Program Files\FME2016.1\64\plugins/BreakpointFactory.dll'
2016-09-13 15:42:32|   0.3|  0.0|INFORM|FME API version of module 'BreakpointFactory' matches current internal version (3.8 20160224)
2016-09-13 15:42:32|   0.3|  0.0|INFORM|Feature Inspection module initialized. Workbench@50803 and FME@51327
2016-09-13 15:42:32|   0.3|  0.0|INFORM|FME API version of module 'BreakpointFactory' matches current internal version (3.8 20160224)
2016-09-13 15:42:32|   0.3|  0.0|INFORM|... Last line repeated 3 times ...
2016-09-13 15:42:32|   0.3|  0.0|INFORM|Loaded module 'HTTPFactory' from file 'C:\Program Files\FME2016.1\64\plugins/HTTPFactory.dll'
2016-09-13 15:42:32|   0.3|  0.0|INFORM|FME API version of module 'HTTPFactory' matches current internal version (3.8 20160224)
2016-09-13 15:42:32|   0.3|  0.0|INFORM|FME API version of module 'BreakpointFactory' matches current internal version (3.8 20160224)
2016-09-13 15:42:32|   0.3|  0.0|INFORM|Loaded module 'XFMapFactory' from file 'C:\Program Files\FME2016.1\64\plugins/XFMapFactory.dll'
2016-09-13 15:42:32|   0.3|  0.0|INFORM|FME API version of module 'XFMapFactory' matches current internal version (3.8 20160224)
2016-09-13 15:42:32|   0.3|  0.0|INFORM|FME API version of module 'BreakpointFactory' matches current internal version (3.8 20160224)
2016-09-13 15:42:32|   0.3|  0.0|INFORM|... Last line repeated 3 times ...
2016-09-13 15:42:32|   0.3|  0.0|INFORM|Emptying factory pipeline
2016-09-13 15:42:32|   0.3|  0.0|INFORM|NVDB_Reader_HTTPCaller_2(HTTPFactory): HTTP/FTP Transfer: Downloading resource 'https://www.vegvesen.no/nvdb/api/v2/vegobjekter/87?kommune=520&antall=500&inkluder=alle' to internal memory buffer
2016-09-13 15:42:32|   0.3|  0.0|INFORM|NVDB_Reader_HTTPCaller_2(HTTPFactory): HTTP/FTP Request - Sent so far: 1.02 MB 
2016-09-13 15:42:35|   0.3|  0.0|INFORM|NVDB_Reader_HTTPCaller_2(HTTPFactory): HTTP transfer summary - status code: 200, download size: '1707436 bytes', DNS lookup time: '0 seconds', total transfer time: '3.65 seconds', url: 'https://www.vegvesen.no/nvdb/api/v2/vegobjekter/87?kommune=520&antall=500&inkluder=alle'
2016-09-13 15:42:36|   0.6|  0.2|INFORM|NVDB_Reader_HTTPCaller_2(HTTPFactory): HTTP/FTP Transfer: Downloading resource 'https://www.vegvesen.no/nvdb/api/v2/vegobjekter/87?kommune=520&antall=500&start=h29Nm4nVTvzi&inkluder=alle' to internal memory buffer
2016-09-13 15:42:40|   0.6|  0.0|INFORM|NVDB_Reader_HTTPCaller_2(HTTPFactory): HTTP transfer summary - status code: 200, download size: '1654828 bytes', DNS lookup time: '0 seconds', total transfer time: '4.118 seconds', url: 'https://www.vegvesen.no/nvdb/api/v2/vegobjekter/87?kommune=520&antall=500&start=h29Nm4nVTvzi&inkluder=alle'
2016-09-13 15:42:40|   0.8|  0.2|STATS |Storing feature(s) to FME feature store file `C:\Users\knjetl\AppData\Local\Temp\none2none_154231\inspector.ffs'
2016-09-13 15:42:40|   0.8|  0.0|STATS |Storing feature(s) to FME feature store file `C:\Users\knjetl\AppData\Local\Temp\none2none_154231\inspector.fsc'
2016-09-13 15:42:40|   0.8|  0.0|INFORM|NVDB_Reader_HTTPCaller_2(HTTPFactory): HTTP/FTP Transfer: Downloading resource 'https://www.vegvesen.no/nvdb/api/v2/vegobjekter/87?kommune=520&antall=500&start=h2K5TZT9t9nm&inkluder=alle' to internal memory buffer
2016-09-13 15:42:40|   0.8|  0.0|INFORM|NVDB_Reader_HTTPCaller_2(HTTPFactory): HTTP transfer summary - status code: 200, download size: '223445 bytes', DNS lookup time: '0 seconds', total transfer time: '0.218 seconds', url: 'https://www.vegvesen.no/nvdb/api/v2/vegobjekter/87?kommune=520&antall=500&start=h2K5TZT9t9nm&inkluder=alle'
2016-09-13 15:42:40|   0.9|  0.1|INFORM|NVDB_Reader_HTTPCaller_2(HTTPFactory): HTTP/FTP Transfer: Downloading resource 'https://www.vegvesen.no/nvdb/api/v2/vegobjekter/87?kommune=520&antall=500&start=hk8U11ETEhbU&inkluder=alle' to internal memory buffer
2016-09-13 15:42:40|   0.9|  0.0|INFORM|NVDB_Reader_HTTPCaller_2(HTTPFactory): HTTP transfer summary - status code: 200, download size: '300 bytes', DNS lookup time: '0 seconds', total transfer time: '0.078 seconds', url: 'https://www.vegvesen.no/nvdb/api/v2/vegobjekter/87?kommune=520&antall=500&start=hk8U11ETEhbU&inkluder=alle'
2016-09-13 15:42:40|   0.9|  0.0|STATS |Creator_XML_Creator(CreationFactory): Created 1 features
2016-09-13 15:42:40|   0.9|  0.0|STATS |Creator_Cloner(TeeFactory): Cloned 1 input feature(s) into 1 output feature(s)
2016-09-13 15:42:40|   0.9|  0.0|STATS |Creator_CREATED Brancher -1 7(BranchingFactory): Branched 1 input feature -- 1 feature routed to the target factory, and 0 features routed to the fallback factory.
2016-09-13 15:42:40|   0.9|  0.0|STATS |_CREATOR_BRANCH_TARGET(TeeFactory): Cloned 1 input feature(s) into 1 output feature(s)
2016-09-13 15:42:40|   0.9|  0.0|STATS |NVDB_Reader Input Input Collector(TeeFactory): Cloned 1 input feature(s) into 1 output feature(s)
2016-09-13 15:42:40|   0.9|  0.0|STATS |NVDB_Reader_Input1473774151 Input Splitter(TeeFactory): Cloned 1 input feature(s) into 1 output feature(s)
2016-09-13 15:42:40|   0.9|  0.0|STATS |NVDB_Reader_LoopInput1473774151 Input Splitter(TeeFactory): Cloned 3 input feature(s) into 3 output feature(s)
2016-09-13 15:42:40|   0.9|  0.0|STATS |NVDB_Reader_AttributeExposer(TeeFactory): Cloned 1 input feature(s) into 1 output feature(s)
2016-09-13 15:42:40|   0.9|  0.0|STATS |NVDB_Reader_HTTPCaller_2 <Rejected> Output Nuker(TeeFactory): Cloned 0 input feature(s) into 0 output feature(s)
2016-09-13 15:42:40|   0.9|  0.0|INFORM|NVDB_Reader_XMLFragmenter(XFMapFactory): Total Results: 4 Mapped Feature(s), 4 Input Feature(s), and 0 Invalid input Feature(s)
2016-09-13 15:42:40|   0.9|  0.0|STATS |NVDB_Reader_XMLFragmenter FRAGMENTS Splitter(TeeFactory): Cloned 4 input feature(s) into 8 output feature(s)
2016-09-13 15:42:40|   0.9|  0.0|STATS |NVDB_Reader_TestFilter(TeeFactory): Cloned 4 input feature(s) into 4 output feature(s)
2016-09-13 15:42:40|   0.9|  0.0|STATS |NVDB_Reader_TestFilter_TestFactory_0(TestFactory): Tested 4 input feature(s) -- 3 feature(s) passed and 1 feature(s) failed
2016-09-13 15:42:40|   0.9|  0.0|STATS |NVDB_Reader_TestFilter_<lt>UNFILTERED<gt>(TeeFactory): Cloned 1 input feature(s) into 1 output feature(s)
2016-09-13 15:42:40|   0.9|  0.0|STATS |NVDB_Reader_TestFilter <lt>UNFILTERED<gt> Output Nuker(TeeFactory): Cloned 1 input feature(s) into 0 output feature(s)
2016-09-13 15:42:40|   0.9|  0.0|STATS |Loop to NVDB_Reader_LoopInput1473774151 Input Splitter(BranchingFactory): Branched 3 input features -- 3 features routed to the target factory, and 0 features routed to the fallback factory.
2016-09-13 15:42:40|   0.9|  0.0|STATS |NVDB_Reader_Output1473774151 Output Collector(TeeFactory): Cloned 4 input feature(s) into 4 output feature(s)
2016-09-13 15:42:40|   0.9|  0.0|STATS |NVDB_Reader Output Output Renamer/Nuker(TeeFactory): Cloned 4 input feature(s) into 4 output feature(s)
2016-09-13 15:42:40|   0.9|  0.0|STATS |NVDB_Reader_Output_DirCreator(CreationFactory): Created 1 features
2016-09-13 15:42:40|   0.9|  0.0|STATS |NVDB_Reader_Output_DirCreatorCleanerUpper(TeeFactory): Cloned 1 input feature(s) into 0 output feature(s)
2016-09-13 15:42:40|   0.9|  0.0|STATS |NVDB_Reader_Output_FeatureDirector(TestFactory): Tested 4 input feature(s) -- 0 feature(s) passed and 4 feature(s) failed
2016-09-13 15:42:40|   0.9|  0.0|STATS |NVDB_Reader_Output___FeatureDirector1(TestFactory): Tested 4 input feature(s) -- 0 feature(s) passed and 4 feature(s) failed
2016-09-13 15:42:40|   0.9|  0.0|STATS |NVDB_Reader_Output_VectorSetterUpper(TeeFactory): Cloned 4 input feature(s) into 4 output feature(s)
2016-09-13 15:42:40|   0.9|  0.0|STATS |NVDB_Reader_Output___PointCloudThinner(TeeFactory): Cloned 0 input feature(s) into 0 output feature(s)
2016-09-13 15:42:40|   0.9|  0.0|STATS |NVDB_Reader_Output_RasterSetterUpper(TeeFactory): Cloned 0 input feature(s) into 0 output feature(s)
2016-09-13 15:42:40|   0.9|  0.0|INFORM|Saving spatial index into file 'C:\Users\knjetl\AppData\Local\Temp\none2none_154231\inspector.fsi'
2016-09-13 15:42:40|   0.9|  0.0|INFORM|Finished saving spatial index into file 'C:\Users\knjetl\AppData\Local\Temp\none2none_154231\inspector.fsi'
2016-09-13 15:42:40|   0.9|  0.0|STATS |Stored 4 feature(s) to FME feature store file `C:\Users\knjetl\AppData\Local\Temp\none2none_154231\inspector.ffs'
2016-09-13 15:42:40|   0.9|  0.0|STATS |Stored 1 feature(s) to FME feature store file `C:\Users\knjetl\AppData\Local\Temp\none2none_154231\inspector.fsc'
2016-09-13 15:42:40|   0.9|  0.0|INFORM|NVDB_Reader_Output_Recorder(RecorderFactory): Recorded 4 feature(s) to file `C:\Users\knjetl\AppData\Local\Temp\none2none_154231\inspector.ffs'
2016-09-13 15:42:40|   0.9|  0.0|STATS |Destination Feature Type Routing Correlator(RoutingFactory): Tested 0 input feature(s), wrote 0 output feature(s): 0 matched merge filters, 0 were routed to output, 0 could not be routed.
2016-09-13 15:42:40|   0.9|  0.0|STATS |Final Output Nuker(TeeFactory): Cloned 0 input feature(s) into 0 output feature(s)
2016-09-13 15:42:40|   0.9|  0.0|STATS |f_40(CreationFactory): Created 1 features
2016-09-13 15:42:40|   0.9|  0.0|STATS |f_41(TeeFactory): Cloned 1 input feature(s) into 0 output feature(s)
2016-09-13 15:42:40|   0.9|  0.0|INFORM|=-=-=-=-=-=-=-=-=-=-=-=-=-=-=-=-=-=-=-=-=-=-=-=-=-=-=-=-=-=-=-=-=-=-=-=-=-=-=-
2016-09-13 15:42:40|   0.9|  0.0|INFORM|Feature output statistics for `FFS' writer using keyword `W_1':
2016-09-13 15:42:40|   0.9|  0.0|STATS |=-=-=-=-=-=-=-=-=-=-=-=-=-=-=-=-=-=-=-=-=-=-=-=-=-=-=-=-=-=-=-=-=-=-=-=-=-=-=-
2016-09-13 15:42:40|   0.9|  0.0|STATS |                               Features Written
2016-09-13 15:42:40|   0.9|  0.0|STATS |=-=-=-=-=-=-=-=-=-=-=-=-=-=-=-=-=-=-=-=-=-=-=-=-=-=-=-=-=-=-=-=-=-=-=-=-=-=-=-
2016-09-13 15:42:40|   0.9|  0.0|STATS |==============================================================================
2016-09-13 15:42:40|   0.9|  0.0|STATS |Total Features Written                                                       0
2016-09-13 15:42:40|   0.9|  0.0|STATS |=-=-=-=-=-=-=-=-=-=-=-=-=-=-=-=-=-=-=-=-=-=-=-=-=-=-=-=-=-=-=-=-=-=-=-=-=-=-=-
2016-09-13 15:42:40|   0.9|  0.0|STATS |=-=-=-=-=-=-=-=-=-=-=-=-=-=-=-=-=-=-=-=-=-=-=-=-=-=-=-=-=-=-=-=-=-=-=-=-=-=-=-
2016-09-13 15:42:40|   0.9|  0.0|STATS |                            Features Read Summary
2016-09-13 15:42:40|   0.9|  0.0|STATS |=-=-=-=-=-=-=-=-=-=-=-=-=-=-=-=-=-=-=-=-=-=-=-=-=-=-=-=-=-=-=-=-=-=-=-=-=-=-=-
2016-09-13 15:42:40|   0.9|  0.0|STATS |==============================================================================
2016-09-13 15:42:40|   0.9|  0.0|STATS |Total Features Read                                                          0
2016-09-13 15:42:40|   0.9|  0.0|STATS |=-=-=-=-=-=-=-=-=-=-=-=-=-=-=-=-=-=-=-=-=-=-=-=-=-=-=-=-=-=-=-=-=-=-=-=-=-=-=-
2016-09-13 15:42:40|   0.9|  0.0|STATS |=-=-=-=-=-=-=-=-=-=-=-=-=-=-=-=-=-=-=-=-=-=-=-=-=-=-=-=-=-=-=-=-=-=-=-=-=-=-=-
2016-09-13 15:42:40|   0.9|  0.0|STATS |                           Features Written Summary
2016-09-13 15:42:40|   0.9|  0.0|STATS |=-=-=-=-=-=-=-=-=-=-=-=-=-=-=-=-=-=-=-=-=-=-=-=-=-=-=-=-=-=-=-=-=-=-=-=-=-=-=-
2016-09-13 15:42:40|   0.9|  0.0|STATS |==============================================================================
2016-09-13 15:42:40|   0.9|  0.0|STATS |Total Features Written                                                       0
2016-09-13 15:42:40|   0.9|  0.0|STATS |=-=-=-=-=-=-=-=-=-=-=-=-=-=-=-=-=-=-=-=-=-=-=-=-=-=-=-=-=-=-=-=-=-=-=-=-=-=-=-
2016-09-13 15:42:40|   0.9|  0.0|INFORM|Translation was SUCCESSFUL with 0 warning(s) (0 feature(s) output)
2016-09-13 15:42:40|   0.9|  0.0|INFORM|FME Session Duration: 9.0 seconds. (CPU: 0.7s user, 0.1s system)
2016-09-13 15:42:40|   0.9|  0.0|INFORM|END - ProcessID: 10476, peak process memory usage: 82908 kB, current process memory usage: 63908 kB
