2016-09-13 16:08:40|   0.2|  0.2|INFORM|FME 2016.1.0.0 Beta (20160329 - Build 16481 - WIN64)
2016-09-13 16:08:40|   0.2|  0.0|INFORM|FME_HOME is 'C:\Program Files\FME2016.1\64\'
2016-09-13 16:08:40|   0.2|  0.0|INFORM|FME ESRI Edition (node locked-crc)
2016-09-13 16:08:40|   0.2|  0.0|INFORM|Serial Number: S0601A0917
2016-09-13 16:08:40|   0.2|  0.0|INFORM|Permanent License.
2016-09-13 16:08:40|   0.2|  0.0|INFORM|Machine host name is: SVV-55247
2016-09-13 16:08:40|   0.2|  0.0|INFORM|START - ProcessID: 10884, peak process memory usage: 48848 kB, current process memory usage: 48848 kB
2016-09-13 16:08:40|   0.2|  0.0|INFORM|FME Configuration: Command line arguments are `C:\Program Files\FME2016.1\64\fme.exe' `C:/DATA/GitHub/NVDBGML/FME\wb-xlate-1473775718770_8372' `LOG_STANDARDOUT' `YES' `LogCountServerName' `{1c44c462-af78-47f3-be6e-3dd7ffba7793}' `DEBUG_PORT' `49716'
2016-09-13 16:08:40|   0.3|  0.1|INFORM|Shared folders for formats are : C:\Program Files\FME2016.1\64\datasources;C:\Users\knjetl\AppData\Roaming\Safe Software\FME\FME Store\Formats;\\SVV1P04AUSER01\KNJETL$\documents\FME\Formats
2016-09-13 16:08:40|   0.3|  0.0|INFORM|Shared folders for transformers are : C:\Program Files\FME2016.1\64\transformers;C:\Users\knjetl\AppData\Roaming\Safe Software\FME\FME Store\Transformers;\\SVV1P04AUSER01\KNJETL$\documents\FME\Transformers
2016-09-13 16:08:40|   0.3|  0.0|INFORM|Shared folders for coordinate systems are : \\SVV1P04AUSER01\KNJETL$\documents\FME\CoordinateSystems
2016-09-13 16:08:40|   0.3|  0.0|INFORM|Shared folders for coordinate system exceptions are : \\SVV1P04AUSER01\KNJETL$\documents\FME\CoordinateSystemExceptions
2016-09-13 16:08:40|   0.3|  0.0|INFORM|Shared folders for coordinate system grid overrides are : \\SVV1P04AUSER01\KNJETL$\documents\FME\CoordinateSystemGridOverrides
2016-09-13 16:08:40|   0.3|  0.0|INFORM|Shared folders for CS-MAP transformation exceptions are : \\SVV1P04AUSER01\KNJETL$\documents\FME\CsmapTransformationExceptions
2016-09-13 16:08:40|   0.3|  0.0|INFORM|Shared folders for transformer categories are : \\SVV1P04AUSER01\KNJETL$\documents\FME\TransformerCategories
2016-09-13 16:08:40|   0.3|  0.0|INFORM|FME Configuration: Reader Keyword is `NULL_SOURCE'
2016-09-13 16:08:40|   0.3|  0.0|INFORM|FME Configuration: Writer Keyword is `MULTI_WRITER'
2016-09-13 16:08:40|   0.3|  0.0|INFORM|FME Configuration: Writer Group Definition Keyword is `MULTI_WRITER_DEF'
2016-09-13 16:08:40|   0.3|  0.0|INFORM|FME Configuration: Reader type is `NULL'
2016-09-13 16:08:40|   0.3|  0.0|INFORM|FME Configuration: Writer type is `MULTI_WRITER'
2016-09-13 16:08:40|   0.3|  0.0|INFORM|FME Configuration: No destination coordinate system set
2016-09-13 16:08:40|   0.3|  0.0|INFORM|FME Configuration: Current working folder is `C:\DATA\GitHub\NVDBGML\FME'
2016-09-13 16:08:40|   0.3|  0.0|INFORM|FME Configuration: Temporary folder is `C:\Users\knjetl\AppData\Local\Temp'
2016-09-13 16:08:40|   0.3|  0.0|INFORM|FME Configuration: FME_HOME is `C:\Program Files\FME2016.1\64\'
2016-09-13 16:08:40|   0.3|  0.0|INFORM|FME Configuration: FME_BASE is 'no'
2016-09-13 16:08:40|   0.3|  0.0|INFORM|FME Configuration: FME_MF_DIR is 'C:\DATA\GitHub\NVDBGML\FME/'
2016-09-13 16:08:40|   0.3|  0.0|INFORM|FME Configuration: FME_MF_NAME is 'NVDBAPI2GML_V2_Loop.fmw'
2016-09-13 16:08:40|   0.3|  0.0|INFORM|FME Configuration: FME_PRODUCT_NAME is 'FME(R) 2016.1.0.0'
2016-09-13 16:08:40|   0.3|  0.0|INFORM|System Status: 184.47 GB of disk space available in the FME temporary folder (C:\Users\knjetl\AppData\Local\Temp)
2016-09-13 16:08:40|   0.3|  0.0|INFORM|System Status: 8.00 TB of virtual memory available
2016-09-13 16:08:40|   0.3|  0.0|INFORM|Operating System: Microsoft Windows 7 64-bit Service Pack 1 (Build 7601)
2016-09-13 16:08:40|   0.3|  0.0|INFORM|FME Platform: WIN64
2016-09-13 16:08:40|   0.3|  0.0|INFORM|Locale: nb_NO
2016-09-13 16:08:40|   0.3|  0.0|INFORM|Code Page: 1252  (ANSI - latin I)
2016-09-13 16:08:40|   0.3|  0.0|INFORM|FME Configuration: Process limits are 31.91 GB of physical memory and 8.00 TB of address space
2016-09-13 16:08:40|   0.3|  0.0|INFORM|FME Configuration: Start freeing memory when process usage exceeds 95.72 GB of memory or 8.00 TB of address space
2016-09-13 16:08:40|   0.3|  0.0|INFORM|FME Configuration: Stop freeing memory when process usage is below 71.79 GB of memory and 6.00 TB of address space
2016-09-13 16:08:40|   0.3|  0.0|INFORM|Creating writer for format: 
2016-09-13 16:08:40|   0.3|  0.0|INFORM|Creating reader for format: NULL (Nothing)
2016-09-13 16:08:40|   0.3|  0.0|INFORM|Trying to find a DYNAMIC plugin for reader named `NULL'
2016-09-13 16:08:40|   0.3|  0.0|INFORM|Loaded module 'NULL' from file 'C:\Program Files\FME2016.1\64\plugins/NULL.dll'
2016-09-13 16:08:40|   0.3|  0.0|INFORM|FME API version of module 'NULL' matches current internal version (3.8 20160224)
2016-09-13 16:08:40|   0.3|  0.0|INFORM|Using MultiWriter $Revision$ ( $Date$ ) with keyword `MULTI_WRITER' to output data (ID_ATTRIBUTE is `multi_writer_id')
2016-09-13 16:08:40|   0.3|  0.0|INFORM|Writer output will be ordered by value of multi_writer_id
2016-09-13 16:08:40|   0.3|  0.0|INFORM|Loaded module 'LogCount_func' from file 'C:\Program Files\FME2016.1\64\plugins/LogCount_func.dll'
2016-09-13 16:08:40|   0.3|  0.0|INFORM|FME API version of module 'LogCount_func' matches current internal version (3.8 20160224)
2016-09-13 16:08:40|   0.4|  0.0|INFORM|Creating writer for format: FME Feature Store (FFS)
2016-09-13 16:08:40|   0.4|  0.0|INFORM|FME Configuration: No destination coordinate system set
2016-09-13 16:08:40|   0.4|  0.0|INFORM|Loaded module 'Geometry_func' from file 'C:\Program Files\FME2016.1\64\plugins/Geometry_func.dll'
2016-09-13 16:08:40|   0.4|  0.0|INFORM|FME API version of module 'Geometry_func' matches current internal version (3.8 20160224)
2016-09-13 16:08:40|   0.4|  0.0|INFORM|Loaded module 'BreakpointFactory' from file 'C:\Program Files\FME2016.1\64\plugins/BreakpointFactory.dll'
2016-09-13 16:08:40|   0.4|  0.0|INFORM|FME API version of module 'BreakpointFactory' matches current internal version (3.8 20160224)
2016-09-13 16:08:40|   0.4|  0.0|INFORM|Feature Inspection module initialized. Workbench@49716 and FME@51594
2016-09-13 16:08:40|   0.4|  0.0|INFORM|FME API version of module 'BreakpointFactory' matches current internal version (3.8 20160224)
2016-09-13 16:08:40|   0.4|  0.0|INFORM|... Last line repeated 2 times ...
2016-09-13 16:08:40|   0.4|  0.0|INFORM|Loaded module 'HTTPFactory' from file 'C:\Program Files\FME2016.1\64\plugins/HTTPFactory.dll'
2016-09-13 16:08:40|   0.4|  0.0|INFORM|FME API version of module 'HTTPFactory' matches current internal version (3.8 20160224)
2016-09-13 16:08:40|   0.4|  0.0|INFORM|FME API version of module 'BreakpointFactory' matches current internal version (3.8 20160224)
2016-09-13 16:08:40|   0.4|  0.0|INFORM|FME API version of module 'BreakpointFactory' matches current internal version (3.8 20160224)
2016-09-13 16:08:40|   0.4|  0.0|INFORM|Loaded module 'XFMapFactory' from file 'C:\Program Files\FME2016.1\64\plugins/XFMapFactory.dll'
2016-09-13 16:08:40|   0.4|  0.0|INFORM|FME API version of module 'XFMapFactory' matches current internal version (3.8 20160224)
2016-09-13 16:08:40|   0.4|  0.0|INFORM|FME API version of module 'BreakpointFactory' matches current internal version (3.8 20160224)
2016-09-13 16:08:40|   0.4|  0.0|INFORM|... Last line repeated 2 times ...
2016-09-13 16:08:40|   0.4|  0.0|INFORM|FME API version of module 'XFMapFactory' matches current internal version (3.8 20160224)
2016-09-13 16:08:40|   0.4|  0.0|INFORM|FME API version of module 'BreakpointFactory' matches current internal version (3.8 20160224)
2016-09-13 16:08:40|   0.5|  0.0|INFORM|Loaded module 'PythonFactory' from file 'C:\Program Files\FME2016.1\64\plugins/PythonFactory.dll'
2016-09-13 16:08:40|   0.5|  0.0|INFORM|FME API version of module 'PythonFactory' matches current internal version (3.8 20160224)
2016-09-13 16:08:40|   0.5|  0.0|INFORM|Using FME's provided Python interpreter from `C:\Program Files\FME2016.1\64\fmepython27\python27.dll'
2016-09-13 16:08:40|   0.5|  0.0|INFORM|Python version 2.7 loaded successfully
2016-09-13 16:08:40|   0.5|  0.0|INFORM|Adding folder `C:\DATA\GitHub\NVDBGML\FME\' to the python path
2016-09-13 16:08:40|   0.5|  0.0|INFORM|FME API version of module 'BreakpointFactory' matches current internal version (3.8 20160224)
2016-09-13 16:08:40|   0.5|  0.0|INFORM|... Last line repeated 3 times ...
2016-09-13 16:08:40|   0.5|  0.0|INFORM|Loaded module 'JoinFactory' from file 'C:\Program Files\FME2016.1\64\plugins/JoinFactory.dll'
2016-09-13 16:08:40|   0.5|  0.0|INFORM|FME API version of module 'JoinFactory' matches current internal version (3.8 20160224)
2016-09-13 16:08:40|   0.5|  0.0|INFORM|FME API version of module 'BreakpointFactory' matches current internal version (3.8 20160224)
2016-09-13 16:08:40|   0.5|  0.0|INFORM|... Last line repeated 2 times ...
2016-09-13 16:08:40|   0.5|  0.0|INFORM|FME API version of module 'PythonFactory' matches current internal version (3.8 20160224)
2016-09-13 16:08:40|   0.5|  0.0|INFORM|FME API version of module 'BreakpointFactory' matches current internal version (3.8 20160224)
2016-09-13 16:08:40|   0.5|  0.0|INFORM|FME API version of module 'BreakpointFactory' matches current internal version (3.8 20160224)
2016-09-13 16:08:40|   0.5|  0.0|INFORM|Loaded module 'OGCGeometry_func' from file 'C:\Program Files\FME2016.1\64\plugins/OGCGeometry_func.dll'
2016-09-13 16:08:40|   0.5|  0.0|INFORM|FME API version of module 'OGCGeometry_func' matches current internal version (3.8 20160224)
2016-09-13 16:08:40|   0.5|  0.0|INFORM|FME API version of module 'BreakpointFactory' matches current internal version (3.8 20160224)
2016-09-13 16:08:40|   0.5|  0.0|INFORM|... Last line repeated 14 times ...
2016-09-13 16:08:40|   0.5|  0.0|INFORM|Loaded module 'GQueryFactory' from file 'C:\Program Files\FME2016.1\64\plugins/GQueryFactory.dll'
2016-09-13 16:08:40|   0.5|  0.0|INFORM|FME API version of module 'GQueryFactory' matches current internal version (3.8 20160224)
2016-09-13 16:08:40|   0.5|  0.0|INFORM|FME API version of module 'BreakpointFactory' matches current internal version (3.8 20160224)
2016-09-13 16:08:40|   0.5|  0.0|INFORM|... Last line repeated 3 times ...
2016-09-13 16:08:40|   0.5|  0.0|INFORM|FME API version of module 'GQueryFactory' matches current internal version (3.8 20160224)
2016-09-13 16:08:40|   0.5|  0.0|INFORM|FME API version of module 'BreakpointFactory' matches current internal version (3.8 20160224)
2016-09-13 16:08:40|   0.5|  0.0|INFORM|FME API version of module 'GQueryFactory' matches current internal version (3.8 20160224)
2016-09-13 16:08:40|   0.5|  0.0|INFORM|FME API version of module 'BreakpointFactory' matches current internal version (3.8 20160224)
2016-09-13 16:08:40|   0.5|  0.0|INFORM|... Last line repeated 2 times ...
2016-09-13 16:08:40|   0.5|  0.0|INFORM|Emptying factory pipeline
2016-09-13 16:08:41|   0.5|  0.0|INFORM|NVDB_Leser_HTTPCaller_2(HTTPFactory): HTTP/FTP Transfer: Downloading resource 'https://www.vegvesen.no/nvdb/api/v2/vegobjekter/87?kommune=1902&antall=5000&inkluder=alle' to internal memory buffer
2016-09-13 16:08:41|   0.5|  0.0|INFORM|NVDB_Leser_HTTPCaller_2(HTTPFactory): HTTP/FTP Request - Sent so far: 1.01 MB 
2016-09-13 16:08:41|   0.5|  0.1|INFORM|NVDB_Leser_HTTPCaller_2(HTTPFactory): HTTP/FTP Request - Sent so far: 2.02 MB 
2016-09-13 16:08:41|   0.6|  0.0|INFORM|NVDB_Leser_HTTPCaller_2(HTTPFactory): HTTP/FTP Request - Sent so far: 3.03 MB 
2016-09-13 16:08:41|   0.6|  0.0|INFORM|NVDB_Leser_HTTPCaller_2(HTTPFactory): HTTP/FTP Request - Sent so far: 4.04 MB 
2016-09-13 16:08:42|   0.6|  0.0|INFORM|NVDB_Leser_HTTPCaller_2(HTTPFactory): HTTP/FTP Request - Sent so far: 5.06 MB 
2016-09-13 16:08:42|   0.7|  0.0|INFORM|NVDB_Leser_HTTPCaller_2(HTTPFactory): HTTP/FTP Request - Sent so far: 6.06 MB 
2016-09-13 16:08:42|   0.7|  0.0|INFORM|NVDB_Leser_HTTPCaller_2(HTTPFactory): HTTP/FTP Request - Sent so far: 7.08 MB 
2016-09-13 16:08:43|   0.7|  0.0|INFORM|NVDB_Leser_HTTPCaller_2(HTTPFactory): HTTP/FTP Request - Sent so far: 8.11 MB 
2016-09-13 16:08:43|   0.7|  0.0|INFORM|NVDB_Leser_HTTPCaller_2(HTTPFactory): HTTP/FTP Request - Sent so far: 9.15 MB 
2016-09-13 16:08:43|   0.7|  0.0|INFORM|NVDB_Leser_HTTPCaller_2(HTTPFactory): HTTP/FTP Request - Sent so far: 10.16 MB 
2016-09-13 16:08:43|   0.7|  0.0|INFORM|NVDB_Leser_HTTPCaller_2(HTTPFactory): HTTP/FTP Request - Sent so far: 11.17 MB 
2016-09-13 16:08:43|   0.7|  0.0|INFORM|NVDB_Leser_HTTPCaller_2(HTTPFactory): HTTP/FTP Request - Sent so far: 12.19 MB 
2016-09-13 16:08:43|   0.7|  0.0|INFORM|NVDB_Leser_HTTPCaller_2(HTTPFactory): HTTP/FTP Request - Sent so far: 13.25 MB 
2016-09-13 16:08:43|   0.7|  0.0|INFORM|NVDB_Leser_HTTPCaller_2(HTTPFactory): HTTP/FTP Request - Sent so far: 14.30 MB 
2016-09-13 16:08:43|   0.7|  0.0|INFORM|NVDB_Leser_HTTPCaller_2(HTTPFactory): HTTP/FTP Request - Sent so far: 15.37 MB 
2016-09-13 16:08:48|   0.8|  0.0|INFORM|NVDB_Leser_HTTPCaller_2(HTTPFactory): HTTP transfer summary - status code: 200, download size: '15432137 bytes', DNS lookup time: '0.016 seconds', total transfer time: '8.018 seconds', url: 'https://www.vegvesen.no/nvdb/api/v2/vegobjekter/87?kommune=1902&antall=5000&inkluder=alle'
2016-09-13 16:08:51|   2.3|  1.5|INFORM|NVDB_Leser_HTTPCaller_2(HTTPFactory): HTTP/FTP Transfer: Downloading resource 'https://www.vegvesen.no/nvdb/api/v2/vegobjekter/87?kommune=1902&antall=5000&start=h2UWhjCjvwUs&inkluder=alle' to internal memory buffer
2016-09-13 16:08:56|   2.5|  0.2|INFORM|NVDB_Leser_HTTPCaller_2(HTTPFactory): HTTP transfer summary - status code: 200, download size: '12073712 bytes', DNS lookup time: '0 seconds', total transfer time: '5.835 seconds', url: 'https://www.vegvesen.no/nvdb/api/v2/vegobjekter/87?kommune=1902&antall=5000&start=h2UWhjCjvwUs&inkluder=alle'
2016-09-13 16:08:57|   3.7|  1.2|INFORM|ListExploder(ElementFactory): No MODE specified.  Using default processing mode (CLASSIC)
2016-09-13 16:08:57|   3.7|  0.0|INFORM|Processed 2 elements with mode CLASSIC
2016-09-13 16:08:57|   3.7|  0.0|INFORM|Creating reader for format: CSV (Comma Separated Value)
2016-09-13 16:08:57|   3.7|  0.0|INFORM|Trying to find a DYNAMIC plugin for reader named `CSV'
2016-09-13 16:08:57|   3.7|  0.0|INFORM|Loaded module 'CSV' from file 'C:\Program Files\FME2016.1\64\plugins/CSV.dll'
2016-09-13 16:08:57|   3.7|  0.0|INFORM|FME API version of module 'CSV' matches current internal version (3.8 20160224)
2016-09-13 16:08:57|   3.8|  0.0|INFORM|Creating reader for format: CSV (Comma Separated Value)
2016-09-13 16:08:57|   3.8|  0.0|INFORM|Trying to find a DYNAMIC plugin for reader named `CSV'
2016-09-13 16:08:57|   3.8|  0.0|INFORM|FME API version of module 'CSV' matches current internal version (3.8 20160224)
2016-09-13 16:08:57|   3.8|  0.0|INFORM|CSV Reader: Opening CSV files in folder `C:\Users\knjetl\AppData\Local\Temp\__swizzled_url_1473775737375_10884\'
2016-09-13 16:08:57|   3.8|  0.0|INFORM|CSV Reader: Separator Character: ';'
2016-09-13 16:08:57|   3.8|  0.0|INFORM|CSV Reader: Skip Duplicate Delimiters: no
2016-09-13 16:08:57|   3.8|  0.0|INFORM|CSV Reader: Strip Quotes From Fields: yes
2016-09-13 16:08:57|   3.8|  0.0|INFORM|CSV Reader: File Has Field Names: yes
2016-09-13 16:08:57|   3.8|  0.0|INFORM|CSV Reader: Field Names Follow Header: no
2016-09-13 16:08:57|   3.8|  0.0|INFORM|CSV Reader: Number of Lines to Skip: 1
2016-09-13 16:08:57|   3.8|  0.0|INFORM|CSV Reader: Number of Footer Lines to Skip: 0
2016-09-13 16:08:57|   3.8|  0.0|INFORM|CSV Reader: Encoding name ''
2016-09-13 16:08:57|   3.8|  0.0|INFORM|CSV Reader: Allowing Spaces in Column Names: yes
2016-09-13 16:08:57|   3.8|  0.0|INFORM|CSV Reader: Max features to scan for schema: 1000
2016-09-13 16:08:57|   3.8|  0.0|INFORM|CSV Reader: Feature type names from file names: no
2016-09-13 16:08:57|   3.8|  0.0|INFORM|CSV Reader: Opening dataset 'C:\Users\knjetl\AppData\Local\Temp\__swizzled_url_1473775737375_10884\NVDB_V206_ftMapping.csv'
2016-09-13 16:08:57|   3.8|  0.0|INFORM|Creating reader for format: Tabular Data
2016-09-13 16:08:57|   3.8|  0.0|INFORM|Using Tabular Reader $Revision$ ( $Date$ ) to read files from folder `C:\Users\knjetl\AppData\Local\Temp\__swizzled_url_1473775737375_10884'
2016-09-13 16:08:57|   3.8|  0.0|INFORM|Stripping quotes around fields in CSV File `C:\Users\knjetl\AppData\Local\Temp\__swizzled_url_1473775737375_10884\NVDB_V206_ftMapping.csv'
2016-09-13 16:08:57|   3.8|  0.0|INFORM|Opened Separated Value File C:\Users\knjetl\AppData\Local\Temp\__swizzled_url_1473775737375_10884\NVDB_V206_ftMapping.csv for input with delimiter `;'
2016-09-13 16:08:57|   3.8|  0.0|INFORM|Skipped line `ftid;name' in CSV File `C:\Users\knjetl\AppData\Local\Temp\__swizzled_url_1473775737375_10884\NVDB_V206_ftMapping.csv'
2016-09-13 16:08:57|   3.8|  0.0|INFORM|CSV Reader: Closing dataset 'C:\Users\knjetl\AppData\Local\Temp\__swizzled_url_1473775737375_10884\NVDB_V206_ftMapping.csv'
2016-09-13 16:08:57|   3.8|  0.0|INFORM|CSV Reader: Done reading CSV files in folder `C:\Users\knjetl\AppData\Local\Temp\__swizzled_url_1473775737375_10884\'
2016-09-13 16:08:57|   3.8|  0.0|INFORM|Read 373 records from table Joiner:CSV
2016-09-13 16:08:57|   3.8|  0.0|INFORM|Created index of 373 records from table Joiner:CSV on fields: `ftid' 
2016-09-13 16:09:02|   8.1|  4.3|INFORM|Processed 3558 elements with mode CLASSIC
2016-09-13 16:09:03|   9.8|  1.7|INFORM|XML Reader mapped feature # 5000
2016-09-13 16:09:04|   9.8|  0.0|INFORM|NVDB_Leser_HTTPCaller_2(HTTPFactory): HTTP/FTP Transfer: Downloading resource 'https://www.vegvesen.no/nvdb/api/v2/vegobjekter/87?kommune=1902&antall=5000&start=h2UWhjS1RYE3&inkluder=alle' to internal memory buffer
2016-09-13 16:09:04|   9.9|  0.1|INFORM|NVDB_Leser_HTTPCaller_2(HTTPFactory): HTTP transfer summary - status code: 200, download size: '4987754 bytes', DNS lookup time: '0 seconds', total transfer time: '0.858 seconds', url: 'https://www.vegvesen.no/nvdb/api/v2/vegobjekter/87?kommune=1902&antall=5000&start=h2UWhjS1RYE3&inkluder=alle'
2016-09-13 16:09:07|  12.4|  2.4|INFORM|Processed 6551 elements with mode CLASSIC
2016-09-13 16:09:08|  13.0|  0.6|INFORM|NVDB_Leser_HTTPCaller_2(HTTPFactory): HTTP/FTP Transfer: Downloading resource 'https://www.vegvesen.no/nvdb/api/v2/vegobjekter/87?kommune=1902&antall=5000&start=h2Un8apZcxkd&inkluder=alle' to internal memory buffer
2016-09-13 16:09:08|  13.0|  0.0|INFORM|NVDB_Leser_HTTPCaller_2(HTTPFactory): HTTP transfer summary - status code: 200, download size: '303 bytes', DNS lookup time: '0 seconds', total transfer time: '0.406 seconds', url: 'https://www.vegvesen.no/nvdb/api/v2/vegobjekter/87?kommune=1902&antall=5000&start=h2Un8apZcxkd&inkluder=alle'
2016-09-13 16:09:12|  16.9|  4.0|INFORM|Processed 13696 elements with mode CLASSIC
2016-09-13 16:09:17|  21.9|  5.0|INFORM|Processed 21257 elements with mode CLASSIC
2016-09-13 16:09:17|  22.1|  0.2|INFORM|XML Reader mapped feature # 5000
2016-09-13 16:09:17|  22.1|  0.0|STATS |Creator_XML_Creator(CreationFactory): Created 1 features
2016-09-13 16:09:17|  22.1|  0.0|STATS |Creator_Cloner(TeeFactory): Cloned 1 input feature(s) into 1 output feature(s)
2016-09-13 16:09:17|  22.1|  0.0|STATS |Creator_CREATED Brancher -1 93(BranchingFactory): Branched 1 input feature -- 1 feature routed to the target factory, and 0 features routed to the fallback factory.
2016-09-13 16:09:17|  22.1|  0.0|STATS |_CREATOR_BRANCH_TARGET(TeeFactory): Cloned 1 input feature(s) into 1 output feature(s)
2016-09-13 16:09:17|  22.1|  0.0|STATS |NVDB_Leser _Input Input Collector(TeeFactory): Cloned 1 input feature(s) into 1 output feature(s)
2016-09-13 16:09:17|  22.1|  0.0|STATS |NVDB_Leser__Input1473775719 Input Splitter(TeeFactory): Cloned 1 input feature(s) into 1 output feature(s)
2016-09-13 16:09:17|  22.1|  0.0|STATS |NVDB_Leser_Loop1473775719 Input Splitter(TeeFactory): Cloned 3 input feature(s) into 3 output feature(s)
2016-09-13 16:09:17|  22.1|  0.0|STATS |NVDB_Leser_HTTPCaller_2 Output Splitter(TeeFactory): Cloned 4 input feature(s) into 8 output feature(s)
2016-09-13 16:09:17|  22.1|  0.0|STATS |NVDB_Leser_HTTPCaller_2 <Rejected> Output Nuker(TeeFactory): Cloned 0 input feature(s) into 0 output feature(s)
2016-09-13 16:09:17|  22.1|  0.0|INFORM|NVDB_Leser_XMLFragmenter_2(XFMapFactory): Total Results: 4 Mapped Feature(s), 4 Input Feature(s), and 0 Invalid input Feature(s)
2016-09-13 16:09:17|  22.1|  0.0|STATS |NVDB_Leser_TestFilter(TeeFactory): Cloned 4 input feature(s) into 4 output feature(s)
2016-09-13 16:09:17|  22.1|  0.0|STATS |NVDB_Leser_TestFilter_TestFactory_0(TestFactory): Tested 4 input feature(s) -- 3 feature(s) passed and 1 feature(s) failed
2016-09-13 16:09:17|  22.1|  0.0|STATS |NVDB_Leser_TestFilter_<lt>UNFILTERED<gt>(TeeFactory): Cloned 1 input feature(s) into 1 output feature(s)
2016-09-13 16:09:17|  22.1|  0.0|STATS |NVDB_Leser_TestFilter <lt>UNFILTERED<gt> Output Nuker(TeeFactory): Cloned 1 input feature(s) into 0 output feature(s)
2016-09-13 16:09:17|  22.1|  0.0|STATS |Loop to NVDB_Leser_Loop1473775719 Input Splitter(BranchingFactory): Branched 3 input features -- 3 features routed to the target factory, and 0 features routed to the fallback factory.
2016-09-13 16:09:17|  22.1|  0.0|STATS |NVDB_Leser_Output1473775719 Output Collector(TeeFactory): Cloned 4 input feature(s) into 4 output feature(s)
2016-09-13 16:09:17|  22.1|  0.0|STATS |NVDB_Leser Output Output Renamer/Nuker(TeeFactory): Cloned 4 input feature(s) into 4 output feature(s)
2016-09-13 16:09:17|  22.1|  0.0|INFORM|XMLFragmenter(XFMapFactory): Total Results: 12060 Mapped Feature(s), 4 Input Feature(s), and 0 Invalid input Feature(s)
2016-09-13 16:09:17|  22.1|  0.0|INFORM|Optional `close' method not present; not called
2016-09-13 16:09:17|  22.1|  0.0|STATS |NVDBTranslator OUTPUT Splitter(TeeFactory): Cloned 12060 input feature(s) into 24120 output feature(s)
2016-09-13 16:09:17|  22.1|  0.0|STATS |ListExploder(ElementFactory): Split out 21391 list elements from 12060 input features, using mode CLASSIC
2016-09-13 16:09:17|  22.1|  0.0|STATS |ListExploder_<REJECTED> Feature Counter -1 2147680336(TeeFactory): Cloned 45 input feature(s) into 0 output feature(s)
2016-09-13 16:09:17|  22.1|  0.0|STATS |AttributeKeeper_2(TeeFactory): Cloned 21391 input feature(s) into 21391 output feature(s)
2016-09-13 16:09:17|  22.1|  0.0|STATS |StringConcatenator(TeeFactory): Cloned 21391 input feature(s) into 21391 output feature(s)
2016-09-13 16:09:17|  22.1|  0.0|STATS |ListBuilder_fme_type_remover(TeeFactory): Cloned 21391 input feature(s) into 21391 output feature(s)
2016-09-13 16:09:19|  24.4|  2.3|STATS |ListBuilder(ListFactory): Combined 21391 input feature(s) into 21351 output feature(s), including 0 singleton(s)
2016-09-13 16:09:19|  24.4|  0.0|INFORM|Optional `close' method not present; not called
2016-09-13 16:09:19|  24.4|  0.0|STATS |AttributeRemover_2(TeeFactory): Cloned 21351 input feature(s) into 21351 output feature(s)
2016-09-13 16:09:19|  24.4|  0.0|STATS |GeometryReplacer(TeeFactory): Cloned 12060 input feature(s) into 12060 output feature(s)
2016-09-13 16:09:19|  24.4|  0.0|STATS |GeometryReplacer_Rejector(TestFactory): Tested 12060 input feature(s) -- 0 feature(s) passed and 12060 feature(s) failed
2016-09-13 16:09:19|  24.4|  0.0|STATS |GeometryReplacer_<REJECTED> Feature Counter -1 2147680331(TeeFactory): Cloned 0 input feature(s) into 0 output feature(s)
2016-09-13 16:09:19|  24.4|  0.0|STATS |CoordinateSystemSetter(TeeFactory): Cloned 12060 input feature(s) into 12060 output feature(s)
2016-09-13 16:09:19|  24.5|  0.0|INFORM|Creating reader for format: CSV (Comma Separated Value)
2016-09-13 16:09:19|  24.5|  0.0|INFORM|Trying to find a DYNAMIC plugin for reader named `CSV'
2016-09-13 16:09:19|  24.5|  0.0|INFORM|FME API version of module 'CSV' matches current internal version (3.8 20160224)
2016-09-13 16:09:19|  24.5|  0.0|INFORM|CSV Reader: Opening CSV files in folder `C:\Users\knjetl\AppData\Local\Temp\__swizzled_url_1473775759508_10884\'
2016-09-13 16:09:19|  24.5|  0.0|INFORM|CSV Reader: Separator Character: ';'
2016-09-13 16:09:19|  24.5|  0.0|INFORM|CSV Reader: Skip Duplicate Delimiters: no
2016-09-13 16:09:19|  24.5|  0.0|INFORM|CSV Reader: Strip Quotes From Fields: yes
2016-09-13 16:09:19|  24.5|  0.0|INFORM|CSV Reader: File Has Field Names: yes
2016-09-13 16:09:19|  24.5|  0.0|INFORM|CSV Reader: Field Names Follow Header: no
2016-09-13 16:09:19|  24.5|  0.0|INFORM|CSV Reader: Number of Lines to Skip: 1
2016-09-13 16:09:19|  24.5|  0.0|INFORM|CSV Reader: Number of Footer Lines to Skip: 0
2016-09-13 16:09:19|  24.5|  0.0|INFORM|CSV Reader: Encoding name ''
2016-09-13 16:09:19|  24.5|  0.0|INFORM|CSV Reader: Allowing Spaces in Column Names: yes
2016-09-13 16:09:19|  24.5|  0.0|INFORM|CSV Reader: Max features to scan for schema: 1000
2016-09-13 16:09:19|  24.5|  0.0|INFORM|CSV Reader: Feature type names from file names: no
2016-09-13 16:09:19|  24.5|  0.0|INFORM|CSV Reader: Opening dataset 'C:\Users\knjetl\AppData\Local\Temp\__swizzled_url_1473775759508_10884\NVDB_V206_enMapping.csv'
2016-09-13 16:09:19|  24.5|  0.0|INFORM|Creating reader for format: Tabular Data
2016-09-13 16:09:19|  24.5|  0.0|INFORM|Using Tabular Reader $Revision$ ( $Date$ ) to read files from folder `C:\Users\knjetl\AppData\Local\Temp\__swizzled_url_1473775759508_10884'
2016-09-13 16:09:19|  24.5|  0.0|INFORM|Stripping quotes around fields in CSV File `C:\Users\knjetl\AppData\Local\Temp\__swizzled_url_1473775759508_10884\NVDB_V206_enMapping.csv'
2016-09-13 16:09:19|  24.5|  0.0|INFORM|Opened Separated Value File C:\Users\knjetl\AppData\Local\Temp\__swizzled_url_1473775759508_10884\NVDB_V206_enMapping.csv for input with delimiter `;'
2016-09-13 16:09:19|  24.5|  0.0|INFORM|Skipped line `ptid;enid;name;fullname' in CSV File `C:\Users\knjetl\AppData\Local\Temp\__swizzled_url_1473775759508_10884\NVDB_V206_enMapping.csv'
2016-09-13 16:09:19|  24.6|  0.1|INFORM|CSV Reader: Closing dataset 'C:\Users\knjetl\AppData\Local\Temp\__swizzled_url_1473775759508_10884\NVDB_V206_enMapping.csv'
2016-09-13 16:09:19|  24.6|  0.0|INFORM|CSV Reader: Done reading CSV files in folder `C:\Users\knjetl\AppData\Local\Temp\__swizzled_url_1473775759508_10884\'
2016-09-13 16:09:20|  24.6|  0.0|INFORM|Creating reader for format: CSV (Comma Separated Value)
2016-09-13 16:09:20|  24.6|  0.0|INFORM|Trying to find a DYNAMIC plugin for reader named `CSV'
2016-09-13 16:09:20|  24.6|  0.0|INFORM|FME API version of module 'CSV' matches current internal version (3.8 20160224)
2016-09-13 16:09:20|  24.6|  0.0|INFORM|CSV Reader: Opening CSV files in folder `C:\Users\knjetl\AppData\Local\Temp\__swizzled_url_1473775759889_10884\'
2016-09-13 16:09:20|  24.6|  0.0|INFORM|CSV Reader: Separator Character: ';'
2016-09-13 16:09:20|  24.6|  0.0|INFORM|CSV Reader: Skip Duplicate Delimiters: no
2016-09-13 16:09:20|  24.6|  0.0|INFORM|CSV Reader: Strip Quotes From Fields: yes
2016-09-13 16:09:20|  24.6|  0.0|INFORM|CSV Reader: File Has Field Names: yes
2016-09-13 16:09:20|  24.6|  0.0|INFORM|CSV Reader: Field Names Follow Header: no
2016-09-13 16:09:20|  24.6|  0.0|INFORM|CSV Reader: Number of Lines to Skip: 1
2016-09-13 16:09:20|  24.6|  0.0|INFORM|CSV Reader: Number of Footer Lines to Skip: 0
2016-09-13 16:09:20|  24.6|  0.0|INFORM|CSV Reader: Encoding name ''
2016-09-13 16:09:20|  24.6|  0.0|INFORM|CSV Reader: Allowing Spaces in Column Names: yes
2016-09-13 16:09:20|  24.6|  0.0|INFORM|CSV Reader: Max features to scan for schema: 1000
2016-09-13 16:09:20|  24.6|  0.0|INFORM|CSV Reader: Feature type names from file names: no
2016-09-13 16:09:20|  24.6|  0.0|INFORM|CSV Reader: Opening dataset 'C:\Users\knjetl\AppData\Local\Temp\__swizzled_url_1473775759889_10884\NVDB_V206_ptMapping.csv'
2016-09-13 16:09:20|  24.6|  0.0|INFORM|Creating reader for format: Tabular Data
2016-09-13 16:09:20|  24.6|  0.0|INFORM|Using Tabular Reader $Revision$ ( $Date$ ) to read files from folder `C:\Users\knjetl\AppData\Local\Temp\__swizzled_url_1473775759889_10884'
2016-09-13 16:09:20|  24.6|  0.0|INFORM|Stripping quotes around fields in CSV File `C:\Users\knjetl\AppData\Local\Temp\__swizzled_url_1473775759889_10884\NVDB_V206_ptMapping.csv'
2016-09-13 16:09:20|  24.6|  0.0|INFORM|Opened Separated Value File C:\Users\knjetl\AppData\Local\Temp\__swizzled_url_1473775759889_10884\NVDB_V206_ptMapping.csv for input with delimiter `;'
2016-09-13 16:09:20|  24.6|  0.0|INFORM|Skipped line `ft_attr;ftid;ptid;name' in CSV File `C:\Users\knjetl\AppData\Local\Temp\__swizzled_url_1473775759889_10884\NVDB_V206_ptMapping.csv'
2016-09-13 16:09:20|  24.7|  0.0|INFORM|CSV Reader: Closing dataset 'C:\Users\knjetl\AppData\Local\Temp\__swizzled_url_1473775759889_10884\NVDB_V206_ptMapping.csv'
2016-09-13 16:09:20|  24.7|  0.0|INFORM|CSV Reader: Done reading CSV files in folder `C:\Users\knjetl\AppData\Local\Temp\__swizzled_url_1473775759889_10884\'
2016-09-13 16:09:20|  24.7|  0.0|INFORM|Creating reader for format: CSV (Comma Separated Value)
2016-09-13 16:09:20|  24.7|  0.0|INFORM|Trying to find a DYNAMIC plugin for reader named `CSV'
2016-09-13 16:09:20|  24.7|  0.0|INFORM|FME API version of module 'CSV' matches current internal version (3.8 20160224)
2016-09-13 16:09:20|  24.7|  0.0|INFORM|CSV Reader: Opening CSV files in folder `C:\Users\knjetl\AppData\Local\Temp\__swizzled_url_1473775737375_10884\'
2016-09-13 16:09:20|  24.7|  0.0|INFORM|CSV Reader: Separator Character: ';'
2016-09-13 16:09:20|  24.7|  0.0|INFORM|CSV Reader: Skip Duplicate Delimiters: no
2016-09-13 16:09:20|  24.7|  0.0|INFORM|CSV Reader: Strip Quotes From Fields: yes
2016-09-13 16:09:20|  24.7|  0.0|INFORM|CSV Reader: File Has Field Names: yes
2016-09-13 16:09:20|  24.7|  0.0|INFORM|CSV Reader: Field Names Follow Header: no
2016-09-13 16:09:20|  24.7|  0.0|INFORM|CSV Reader: Number of Lines to Skip: 1
2016-09-13 16:09:20|  24.7|  0.0|INFORM|CSV Reader: Number of Footer Lines to Skip: 0
2016-09-13 16:09:20|  24.7|  0.0|INFORM|CSV Reader: Encoding name ''
2016-09-13 16:09:20|  24.7|  0.0|INFORM|CSV Reader: Allowing Spaces in Column Names: yes
2016-09-13 16:09:20|  24.7|  0.0|INFORM|CSV Reader: Max features to scan for schema: 1000
2016-09-13 16:09:20|  24.7|  0.0|INFORM|CSV Reader: Feature type names from file names: no
2016-09-13 16:09:20|  24.7|  0.0|INFORM|CSV Reader: Opening dataset 'C:\Users\knjetl\AppData\Local\Temp\__swizzled_url_1473775737375_10884\NVDB_V206_ftMapping.csv'
2016-09-13 16:09:20|  24.7|  0.0|INFORM|Creating reader for format: Tabular Data
2016-09-13 16:09:20|  24.7|  0.0|INFORM|Using Tabular Reader $Revision$ ( $Date$ ) to read files from folder `C:\Users\knjetl\AppData\Local\Temp\__swizzled_url_1473775737375_10884'
2016-09-13 16:09:20|  24.7|  0.0|INFORM|Stripping quotes around fields in CSV File `C:\Users\knjetl\AppData\Local\Temp\__swizzled_url_1473775737375_10884\NVDB_V206_ftMapping.csv'
2016-09-13 16:09:20|  24.7|  0.0|INFORM|Opened Separated Value File C:\Users\knjetl\AppData\Local\Temp\__swizzled_url_1473775737375_10884\NVDB_V206_ftMapping.csv for input with delimiter `;'
2016-09-13 16:09:20|  24.7|  0.0|INFORM|Skipped line `ftid;name' in CSV File `C:\Users\knjetl\AppData\Local\Temp\__swizzled_url_1473775737375_10884\NVDB_V206_ftMapping.csv'
2016-09-13 16:09:20|  24.7|  0.0|INFORM|CSV Reader: Closing dataset 'C:\Users\knjetl\AppData\Local\Temp\__swizzled_url_1473775737375_10884\NVDB_V206_ftMapping.csv'
2016-09-13 16:09:20|  24.7|  0.0|INFORM|CSV Reader: Done reading CSV files in folder `C:\Users\knjetl\AppData\Local\Temp\__swizzled_url_1473775737375_10884\'
2016-09-13 16:09:20|  24.8|  0.1|INFORM|Creating writer for format: 
2016-09-13 16:09:20|  24.8|  0.0|INFORM|FME Configuration: No destination coordinate system set
2016-09-13 16:09:20|  24.8|  0.0|INFORM|Using MultiWriter $Revision$ ( $Date$ ) with keyword `GML_1_FANOUT' to output data (ID_ATTRIBUTE is `multi_writer_id')
2016-09-13 16:09:20|  24.8|  0.0|INFORM|Writer output will be ordered by input dataset ordering
2016-09-13 16:09:20|  24.8|  0.0|INFORM|Writer `GML_1_FANOUT' of type `MULTI_WRITER' using group definition keyword `MULTI_WRITER_DEF'
2016-09-13 16:09:20|  24.8|  0.0|INFORM|Creating writer for format: GML (Geography Markup Language)
2016-09-13 16:09:20|  24.9|  0.0|INFORM|Trying to find a DYNAMIC plugin for writer named `GML'
2016-09-13 16:09:20|  24.9|  0.0|INFORM|Loaded module 'GML' from file 'C:\Program Files\FME2016.1\64\plugins/GML.dll'
2016-09-13 16:09:20|  24.9|  0.0|INFORM|FME API version of module 'GML' matches current internal version (3.8 20160224)
2016-09-13 16:09:20|  24.9|  0.0|INFORM|FME Configuration: No destination coordinate system set
2016-09-13 16:09:20|  24.9|  0.0|INFORM|FME API version of module 'GML' matches current internal version (3.8 20160224)
2016-09-13 16:09:20|  24.9|  0.0|INFORM|Writer `GML_1' of type `GML' using group definition keyword `GML_1_DEF'
2016-09-13 16:09:20|  24.9|  0.0|INFORM|FME API version of module 'GML' matches current internal version (3.8 20160224)
2016-09-13 16:09:20|  24.9|  0.0|INFORM|<GML_1 Writer> - Using GML 'GENERIC_APPLICATION_SCHEMA' profile writer
2016-09-13 16:09:20|  24.9|  0.0|INFORM|The uri-map document 'C:\Program Files\FME2016.1\64\xml\urimap\gml_aixm.xml' is being used to map from URI to URI
2016-09-13 16:09:20|  24.9|  0.0|INFORM|The uri-map document 'C:\Program Files\FME2016.1\64\xml\urimap\gml_citygml.xml' is being used to map from URI to URI
2016-09-13 16:09:20|  24.9|  0.0|INFORM|The uri-map document 'C:\Program Files\FME2016.1\64\xml\urimap\gml_inspire.xml' is being used to map from URI to URI
2016-09-13 16:09:20|  24.9|  0.0|INFORM|The uri-map document 'C:\Program Files\FME2016.1\64\xml\urimap\gml_urimap.xml' is being used to map from URI to URI
2016-09-13 16:09:20|  24.9|  0.0|INFORM|URI 'https://raw.githubusercontent.com/jetgeo/NVDBGML/master/XSD/Test/87.xsd' mapped to 'https://raw.githubusercontent.com/jetgeo/NVDBGML/master/XSD/Test/87.xsd'
2016-09-13 16:09:20|  24.9|  0.0|INFORM|'https://raw.githubusercontent.com/jetgeo/NVDBGML/master/XSD/Test/87.xsd' mapped to 'C:\Users\knjetl\AppData\Local\Temp\FME_XSD_CACHE\fmexsd_1473757419485_8248.xml'
2016-09-13 16:09:20|  24.9|  0.0|INFORM|Parsing schema document 'C:\Users\knjetl\AppData\Local\Temp\FME_XSD_CACHE\fmexsd_1473757419485_8248.xml' ...
2016-09-13 16:09:20|  24.9|  0.0|INFORM|'https://raw.githubusercontent.com/jetgeo/NVDBGML/master/XSD/Test/test.xsd' mapped to 'C:\Users\knjetl\AppData\Local\Temp\FME_XSD_CACHE\fmexsd_1473757416793_8248.xml'
2016-09-13 16:09:20|  24.9|  0.0|INFORM|'https://raw.githubusercontent.com/jetgeo/NVDBGML/master/XSD/Test/181.xsd' mapped to 'C:\Users\knjetl\AppData\Local\Temp\FME_XSD_CACHE\fmexsd_1473757416944_8248.xml'
2016-09-13 16:09:20|  24.9|  0.0|INFORM|'https://raw.githubusercontent.com/jetgeo/NVDBGML/master/XSD/Test/test.xsd' mapped to 'C:\Users\knjetl\AppData\Local\Temp\FME_XSD_CACHE\fmexsd_1473757416793_8248.xml'
2016-09-13 16:09:20|  24.9|  0.0|INFORM|A <schemaLocation> in the uri-map is overriding the namespace 'http://www.w3.org/1999/xlink' xsd location from '../../xlink/1.0.0/xlinks.xsd' to 'xlink.xsd'
2016-09-13 16:09:20|  24.9|  0.0|INFORM|A <schemaLocation> in the uri-map is overriding the namespace 'http://www.w3.org/1999/xlink' xsd location from '../../../../xlink/1.0.0/xlinks.xsd' to 'xlink.xsd'
2016-09-13 16:09:20|  24.9|  0.0|INFORM|A <schemaLocation> in the uri-map is overriding the namespace 'http://www.w3.org/1999/xlink' xsd location from '../../../../xlink/1.0.0/xlinks.xsd' to 'xlink.xsd'
2016-09-13 16:09:20|  24.9|  0.0|INFORM|'https://raw.githubusercontent.com/jetgeo/NVDBGML/master/XSD/Test/277.xsd' mapped to 'C:\Users\knjetl\AppData\Local\Temp\FME_XSD_CACHE\fmexsd_1473757417370_8248.xml'
2016-09-13 16:09:20|  24.9|  0.0|INFORM|'https://raw.githubusercontent.com/jetgeo/NVDBGML/master/XSD/Test/test.xsd' mapped to 'C:\Users\knjetl\AppData\Local\Temp\FME_XSD_CACHE\fmexsd_1473757416793_8248.xml'
2016-09-13 16:09:20|  24.9|  0.0|INFORM|'https://raw.githubusercontent.com/jetgeo/NVDBGML/master/XSD/Test/297.xsd' mapped to 'C:\Users\knjetl\AppData\Local\Temp\FME_XSD_CACHE\fmexsd_1473757417509_8248.xml'
2016-09-13 16:09:20|  24.9|  0.0|INFORM|'https://raw.githubusercontent.com/jetgeo/NVDBGML/master/XSD/Test/test.xsd' mapped to 'C:\Users\knjetl\AppData\Local\Temp\FME_XSD_CACHE\fmexsd_1473757416793_8248.xml'
2016-09-13 16:09:20|  24.9|  0.0|INFORM|'https://raw.githubusercontent.com/jetgeo/NVDBGML/master/XSD/Test/446.xsd' mapped to 'C:\Users\knjetl\AppData\Local\Temp\FME_XSD_CACHE\fmexsd_1473757417667_8248.xml'
2016-09-13 16:09:20|  24.9|  0.0|INFORM|'https://raw.githubusercontent.com/jetgeo/NVDBGML/master/XSD/Test/test.xsd' mapped to 'C:\Users\knjetl\AppData\Local\Temp\FME_XSD_CACHE\fmexsd_1473757416793_8248.xml'
2016-09-13 16:09:20|  24.9|  0.0|INFORM|'https://raw.githubusercontent.com/jetgeo/NVDBGML/master/XSD/Test/461.xsd' mapped to 'C:\Users\knjetl\AppData\Local\Temp\FME_XSD_CACHE\fmexsd_1473757417811_8248.xml'
2016-09-13 16:09:20|  24.9|  0.0|INFORM|'https://raw.githubusercontent.com/jetgeo/NVDBGML/master/XSD/Test/test.xsd' mapped to 'C:\Users\knjetl\AppData\Local\Temp\FME_XSD_CACHE\fmexsd_1473757416793_8248.xml'
2016-09-13 16:09:20|  24.9|  0.0|INFORM|'https://raw.githubusercontent.com/jetgeo/NVDBGML/master/XSD/Test/481.xsd' mapped to 'C:\Users\knjetl\AppData\Local\Temp\FME_XSD_CACHE\fmexsd_1473757417985_8248.xml'
2016-09-13 16:09:20|  24.9|  0.0|INFORM|'https://raw.githubusercontent.com/jetgeo/NVDBGML/master/XSD/Test/test.xsd' mapped to 'C:\Users\knjetl\AppData\Local\Temp\FME_XSD_CACHE\fmexsd_1473757416793_8248.xml'
2016-09-13 16:09:20|  24.9|  0.0|INFORM|'https://raw.githubusercontent.com/jetgeo/NVDBGML/master/XSD/Test/67.xsd' mapped to 'C:\Users\knjetl\AppData\Local\Temp\FME_XSD_CACHE\fmexsd_1473757418144_8248.xml'
2016-09-13 16:09:20|  24.9|  0.0|INFORM|'https://raw.githubusercontent.com/jetgeo/NVDBGML/master/XSD/Test/test.xsd' mapped to 'C:\Users\knjetl\AppData\Local\Temp\FME_XSD_CACHE\fmexsd_1473757416793_8248.xml'
2016-09-13 16:09:20|  24.9|  0.0|INFORM|'https://raw.githubusercontent.com/jetgeo/NVDBGML/master/XSD/Test/761.xsd' mapped to 'C:\Users\knjetl\AppData\Local\Temp\FME_XSD_CACHE\fmexsd_1473757418293_8248.xml'
2016-09-13 16:09:20|  24.9|  0.0|INFORM|'https://raw.githubusercontent.com/jetgeo/NVDBGML/master/XSD/Test/test.xsd' mapped to 'C:\Users\knjetl\AppData\Local\Temp\FME_XSD_CACHE\fmexsd_1473757416793_8248.xml'
2016-09-13 16:09:20|  24.9|  0.0|INFORM|'https://raw.githubusercontent.com/jetgeo/NVDBGML/master/XSD/Test/762.xsd' mapped to 'C:\Users\knjetl\AppData\Local\Temp\FME_XSD_CACHE\fmexsd_1473757418434_8248.xml'
2016-09-13 16:09:20|  24.9|  0.0|INFORM|'https://raw.githubusercontent.com/jetgeo/NVDBGML/master/XSD/Test/test.xsd' mapped to 'C:\Users\knjetl\AppData\Local\Temp\FME_XSD_CACHE\fmexsd_1473757416793_8248.xml'
2016-09-13 16:09:20|  24.9|  0.0|INFORM|'https://raw.githubusercontent.com/jetgeo/NVDBGML/master/XSD/Test/79.xsd' mapped to 'C:\Users\knjetl\AppData\Local\Temp\FME_XSD_CACHE\fmexsd_1473757416673_8248.xml'
2016-09-13 16:09:20|  24.9|  0.0|INFORM|'https://raw.githubusercontent.com/jetgeo/NVDBGML/master/XSD/Test/test.xsd' mapped to 'C:\Users\knjetl\AppData\Local\Temp\FME_XSD_CACHE\fmexsd_1473757416793_8248.xml'
2016-09-13 16:09:20|  25.0|  0.0|INFORM|'https://raw.githubusercontent.com/jetgeo/NVDBGML/master/XSD/Test/794.xsd' mapped to 'C:\Users\knjetl\AppData\Local\Temp\FME_XSD_CACHE\fmexsd_1473757418583_8248.xml'
2016-09-13 16:09:20|  25.0|  0.0|INFORM|'https://raw.githubusercontent.com/jetgeo/NVDBGML/master/XSD/Test/test.xsd' mapped to 'C:\Users\knjetl\AppData\Local\Temp\FME_XSD_CACHE\fmexsd_1473757416793_8248.xml'
2016-09-13 16:09:20|  25.0|  0.0|INFORM|'https://raw.githubusercontent.com/jetgeo/NVDBGML/master/XSD/Test/83.xsd' mapped to 'C:\Users\knjetl\AppData\Local\Temp\FME_XSD_CACHE\fmexsd_1473757418734_8248.xml'
2016-09-13 16:09:20|  25.0|  0.0|INFORM|'https://raw.githubusercontent.com/jetgeo/NVDBGML/master/XSD/Test/test.xsd' mapped to 'C:\Users\knjetl\AppData\Local\Temp\FME_XSD_CACHE\fmexsd_1473757416793_8248.xml'
2016-09-13 16:09:20|  25.0|  0.0|INFORM|'https://raw.githubusercontent.com/jetgeo/NVDBGML/master/XSD/Test/86.xsd' mapped to 'C:\Users\knjetl\AppData\Local\Temp\FME_XSD_CACHE\fmexsd_1473757419323_8248.xml'
2016-09-13 16:09:20|  25.0|  0.0|INFORM|'https://raw.githubusercontent.com/jetgeo/NVDBGML/master/XSD/Test/test.xsd' mapped to 'C:\Users\knjetl\AppData\Local\Temp\FME_XSD_CACHE\fmexsd_1473757416793_8248.xml'
2016-09-13 16:09:20|  25.0|  0.0|INFORM|'https://raw.githubusercontent.com/jetgeo/NVDBGML/master/XSD/Test/87.xsd' mapped to 'C:\Users\knjetl\AppData\Local\Temp\FME_XSD_CACHE\fmexsd_1473757419485_8248.xml'
2016-09-13 16:09:20|  25.0|  0.0|INFORM|'https://raw.githubusercontent.com/jetgeo/NVDBGML/master/XSD/Test/872.xsd' mapped to 'C:\Users\knjetl\AppData\Local\Temp\FME_XSD_CACHE\fmexsd_1473757419651_8248.xml'
2016-09-13 16:09:20|  25.0|  0.0|INFORM|'https://raw.githubusercontent.com/jetgeo/NVDBGML/master/XSD/Test/test.xsd' mapped to 'C:\Users\knjetl\AppData\Local\Temp\FME_XSD_CACHE\fmexsd_1473757416793_8248.xml'
2016-09-13 16:09:20|  25.0|  0.0|INFORM|'https://raw.githubusercontent.com/jetgeo/NVDBGML/master/XSD/Test/878.xsd' mapped to 'C:\Users\knjetl\AppData\Local\Temp\FME_XSD_CACHE\fmexsd_1473757419796_8248.xml'
2016-09-13 16:09:20|  25.0|  0.0|INFORM|'https://raw.githubusercontent.com/jetgeo/NVDBGML/master/XSD/Test/test.xsd' mapped to 'C:\Users\knjetl\AppData\Local\Temp\FME_XSD_CACHE\fmexsd_1473757416793_8248.xml'
2016-09-13 16:09:20|  25.0|  0.0|INFORM|'https://raw.githubusercontent.com/jetgeo/NVDBGML/master/XSD/Test/88.xsd' mapped to 'C:\Users\knjetl\AppData\Local\Temp\FME_XSD_CACHE\fmexsd_1473757419946_8248.xml'
2016-09-13 16:09:20|  25.0|  0.0|INFORM|'https://raw.githubusercontent.com/jetgeo/NVDBGML/master/XSD/Test/test.xsd' mapped to 'C:\Users\knjetl\AppData\Local\Temp\FME_XSD_CACHE\fmexsd_1473757416793_8248.xml'
2016-09-13 16:09:20|  25.0|  0.0|INFORM|'https://raw.githubusercontent.com/jetgeo/NVDBGML/master/XSD/Test/SOSIFelles.xsd' mapped to 'C:\Users\knjetl\AppData\Local\Temp\FME_XSD_CACHE\fmexsd_147375742093_8248.xml'
2016-09-13 16:09:20|  25.0|  0.0|INFORM|'https://raw.githubusercontent.com/jetgeo/NVDBGML/master/XSD/Test/test.xsd' mapped to 'C:\Users\knjetl\AppData\Local\Temp\FME_XSD_CACHE\fmexsd_1473757416793_8248.xml'
2016-09-13 16:09:20|  25.0|  0.0|INFORM|<GML_1 Writer> - Map Embedded Object as: 'ATTRIBUTES'
2016-09-13 16:09:20|  25.0|  0.0|INFORM|<GML_1 Writer> - Map Predefined Properties: 'NO'
2016-09-13 16:09:20|  25.0|  0.0|INFORM|<GML_1 Writer> - Map All Substitutable Properties: 'YES'
2016-09-13 16:09:20|  25.0|  0.0|INFORM|<GML_1 Writer> - Map Complex Properties as: 'NESTED_ATTRIBUTES'
2016-09-13 16:09:20|  25.0|  0.0|INFORM|<GML_1 Writer> - Add XML Namespace Prefix to: 'UNSET'
2016-09-13 16:09:20|  25.0|  0.0|INFORM|<GML_1 Writer> - Limit Number of Lists in Nested Attributes: 'UNSET'
2016-09-13 16:09:20|  25.0|  0.0|INFORM|Using XSD semantics configuration file 'file:///C:/Program Files/FME2016.1/64/xml/gml_v3.2/gml_config.xml'.
2016-09-13 16:09:20|  25.1|  0.1|INFORM|FME Configuration: Destination coordinate system set to input coordinate system `EPSG:25833'
2016-09-13 16:09:20|  25.3|  0.2|INFORM|<GML_1 Writer> - Calculating dataset bounding box, please wait...
2016-09-13 16:09:20|  25.3|  0.0|STATS |Storing feature(s) to FME feature store file `C:\Users\knjetl\AppData\Local\Temp\NVDBAPI2GML_V2_Loop_160840\inspector.ffs'
2016-09-13 16:09:20|  25.3|  0.0|STATS |Storing feature(s) to FME feature store file `C:\Users\knjetl\AppData\Local\Temp\NVDBAPI2GML_V2_Loop_160840\inspector.fsc'
2016-09-13 16:09:24|  28.5|  3.2|INFORM|FeatureMerger_3(ReferenceFactory): Processing requestors: Completed 33.99% of intermediate processing
2016-09-13 16:09:29|  33.6|  5.0|INFORM|FeatureMerger_3(ReferenceFactory): Processing requestors: Completed 83.74% of intermediate processing
2016-09-13 16:09:30|  35.2|  1.7|INFORM|FeatureMerger_3(ReferenceFactory): Processing requestors: Completed 100% of intermediate processing
2016-09-13 16:09:30|  35.3|  0.1|STATS |FeatureMerger_3(ReferenceFactory): Total Results: 12015 Complete Feature(s), 45 Incomplete Feature(s), 0 Referenced Feature(s), 0 Unreferenced Feature(s), 0 Referencer Feature(s) (NO REFERENCES), 0 Referencee Feature(s) (NO Referencee fields defined), and 9336 Duplicate Referencee Feature(s)
2016-09-13 16:09:30|  35.3|  0.0|STATS |NullAttributeMapper_3(TeeFactory): Cloned 12060 input feature(s) into 12060 output feature(s)
2016-09-13 16:09:30|  35.3|  0.0|STATS |GeometryFilter_InputPassThrough(TeeFactory): Cloned 12060 input feature(s) into 12060 output feature(s)
2016-09-13 16:09:30|  35.3|  0.0|STATS |GeometryFilter_RouterPrepper(TeeFactory): Cloned 12060 input feature(s) into 12060 output feature(s)
2016-09-13 16:09:30|  35.3|  0.0|STATS |GeometryFilter_Router(TestFactory): Tested 12060 input feature(s) -- 12060 feature(s) passed and 0 feature(s) failed
2016-09-13 16:09:30|  35.3|  0.0|STATS |GeometryFilter LINE Splitter(TeeFactory): Cloned 0 input feature(s) into 0 output feature(s)
2016-09-13 16:09:30|  35.3|  0.0|STATS |GeometryFilter <UNFILTERED> Output Nuker(TeeFactory): Cloned 0 input feature(s) into 0 output feature(s)
2016-09-13 16:09:30|  35.3|  0.0|STATS |GeometryPropertySetter_3_Outputter(TeeFactory): Cloned 0 input feature(s) into 0 output feature(s)
2016-09-13 16:09:30|  35.3|  0.0|STATS |GeometryPropertySetter_3_SET(TeeFactory): Cloned 0 input feature(s) into 0 output feature(s)
2016-09-13 16:09:30|  35.3|  0.0|STATS |LineJoiner_<REJECTED> Feature Counter -1 2147680305(TeeFactory): Cloned 0 input feature(s) into 0 output feature(s)
2016-09-13 16:09:30|  35.3|  0.0|STATS |FeatureMerger_2(ReferenceFactory): Total Results: 0 Complete Feature(s), 0 Incomplete Feature(s), 0 Referenced Feature(s), 0 Unreferenced Feature(s), 0 Referencer Feature(s) (NO REFERENCES), 0 Referencee Feature(s) (NO Referencee fields defined), and 0 Duplicate Referencee Feature(s)
2016-09-13 16:09:30|  35.3|  0.0|STATS |GeometryPropertySetter_4_Outputter(TeeFactory): Cloned 0 input feature(s) into 0 output feature(s)
2016-09-13 16:09:30|  35.3|  0.0|STATS |GeometryPropertySetter_Outputter(TeeFactory): Cloned 12060 input feature(s) into 12060 output feature(s)
2016-09-13 16:09:30|  35.3|  0.0|STATS |GeometryPropertySetter_SET(TeeFactory): Cloned 12060 input feature(s) into 12060 output feature(s)
2016-09-13 16:09:30|  35.3|  0.0|STATS |GeometryPropertySetter_SET Output Splitter(TeeFactory): Cloned 12060 input feature(s) into 24120 output feature(s)
2016-09-13 16:09:30|  35.3|  0.0|STATS |Inspector_DirCreator(CreationFactory): Created 1 features
2016-09-13 16:09:30|  35.3|  0.0|STATS |Inspector_DirCreatorCleanerUpper(TeeFactory): Cloned 1 input feature(s) into 0 output feature(s)
2016-09-13 16:09:30|  35.3|  0.0|STATS |Inspector_FeatureDirector(TestFactory): Tested 12060 input feature(s) -- 0 feature(s) passed and 12060 feature(s) failed
2016-09-13 16:09:30|  35.3|  0.0|STATS |Inspector___FeatureDirector1(TestFactory): Tested 12060 input feature(s) -- 0 feature(s) passed and 12060 feature(s) failed
2016-09-13 16:09:30|  35.3|  0.0|STATS |Inspector_VectorSetterUpper(TeeFactory): Cloned 12060 input feature(s) into 12060 output feature(s)
2016-09-13 16:09:30|  35.3|  0.0|STATS |Inspector___PointCloudThinner(TeeFactory): Cloned 0 input feature(s) into 0 output feature(s)
2016-09-13 16:09:30|  35.3|  0.0|STATS |Inspector_RasterSetterUpper(TeeFactory): Cloned 0 input feature(s) into 0 output feature(s)
2016-09-13 16:09:30|  35.3|  0.0|INFORM|Saving spatial index into file 'C:\Users\knjetl\AppData\Local\Temp\NVDBAPI2GML_V2_Loop_160840\inspector.fsi'
2016-09-13 16:09:30|  35.3|  0.0|INFORM|Finished saving spatial index into file 'C:\Users\knjetl\AppData\Local\Temp\NVDBAPI2GML_V2_Loop_160840\inspector.fsi'
2016-09-13 16:09:30|  35.3|  0.0|STATS |Stored 12060 feature(s) to FME feature store file `C:\Users\knjetl\AppData\Local\Temp\NVDBAPI2GML_V2_Loop_160840\inspector.ffs'
2016-09-13 16:09:30|  35.3|  0.0|STATS |Stored 1 feature(s) to FME feature store file `C:\Users\knjetl\AppData\Local\Temp\NVDBAPI2GML_V2_Loop_160840\inspector.fsc'
2016-09-13 16:09:30|  35.3|  0.0|INFORM|Inspector_Recorder(RecorderFactory): Recorded 12060 feature(s) to file `C:\Users\knjetl\AppData\Local\Temp\NVDBAPI2GML_V2_Loop_160840\inspector.ffs'
2016-09-13 16:09:30|  35.3|  0.0|STATS |Destination Feature Type Routing Correlator(RoutingFactory): Tested 12060 input feature(s), wrote 12060 output feature(s): 0 matched merge filters, 12060 were routed to output, 0 could not be routed.
2016-09-13 16:09:30|  35.3|  0.0|STATS |Final Output Nuker(TeeFactory): Cloned 0 input feature(s) into 0 output feature(s)
2016-09-13 16:09:30|  35.3|  0.0|STATS |f_109(CreationFactory): Created 1 features
2016-09-13 16:09:30|  35.3|  0.0|STATS |f_110(TeeFactory): Cloned 1 input feature(s) into 0 output feature(s)
2016-09-13 16:09:30|  35.3|  0.0|STATS |Stored 45 feature(s) to FME feature store file `C:\Users\knjetl\AppData\Local\Temp\no-conn-ffs-1473775719583_8372.ffs'
2016-09-13 16:09:30|  35.3|  0.0|INFORM|=-=-=-=-=-=-=-=-=-=-=-=-=-=-=-=-=-=-=-=-=-=-=-=-=-=-=-=-=-=-=-=-=-=-=-=-=-=-=-
2016-09-13 16:09:30|  35.3|  0.0|INFORM|Feature output statistics for `FFS' writer using keyword `W_1':
2016-09-13 16:09:30|  35.3|  0.0|STATS |=-=-=-=-=-=-=-=-=-=-=-=-=-=-=-=-=-=-=-=-=-=-=-=-=-=-=-=-=-=-=-=-=-=-=-=-=-=-=-
2016-09-13 16:09:30|  35.3|  0.0|STATS |                               Features Written
2016-09-13 16:09:30|  35.3|  0.0|STATS |=-=-=-=-=-=-=-=-=-=-=-=-=-=-=-=-=-=-=-=-=-=-=-=-=-=-=-=-=-=-=-=-=-=-=-=-=-=-=-
2016-09-13 16:09:30|  35.3|  0.0|STATS |ListExploder_<REJECTED>                                                     45
2016-09-13 16:09:30|  35.3|  0.0|STATS |==============================================================================
2016-09-13 16:09:30|  35.3|  0.0|STATS |Total Features Written                                                      45
2016-09-13 16:09:30|  35.3|  0.0|STATS |=-=-=-=-=-=-=-=-=-=-=-=-=-=-=-=-=-=-=-=-=-=-=-=-=-=-=-=-=-=-=-=-=-=-=-=-=-=-=-
2016-09-13 16:09:30|  35.3|  0.0|INFORM|<GML_1 Writer> - Writing the GML document 'C:\DATA\GitHub\NVDBGML\GML\Test\Belysningspunkt.gml'
2016-09-13 16:09:35|  40.2|  4.9|INFORM|=-=-=-=-=-=-=-=-=-=-=-=-=-=-=-=-=-=-=-=-=-=-=-=-=-=-=-=-=-=-=-=-=-=-=-=-=-=-=-
2016-09-13 16:09:35|  40.2|  0.0|INFORM|Feature output statistics for `GML' writer using keyword `GML_1':
2016-09-13 16:09:35|  40.2|  0.0|STATS |=-=-=-=-=-=-=-=-=-=-=-=-=-=-=-=-=-=-=-=-=-=-=-=-=-=-=-=-=-=-=-=-=-=-=-=-=-=-=-
2016-09-13 16:09:35|  40.2|  0.0|STATS |                               Features Written
2016-09-13 16:09:35|  40.2|  0.0|STATS |=-=-=-=-=-=-=-=-=-=-=-=-=-=-=-=-=-=-=-=-=-=-=-=-=-=-=-=-=-=-=-=-=-=-=-=-=-=-=-
2016-09-13 16:09:35|  40.2|  0.0|STATS |Belysningspunkt                                                          12060
2016-09-13 16:09:35|  40.2|  0.0|STATS |==============================================================================
2016-09-13 16:09:35|  40.2|  0.0|STATS |Total Features Written                                                   12060
2016-09-13 16:09:35|  40.2|  0.0|STATS |=-=-=-=-=-=-=-=-=-=-=-=-=-=-=-=-=-=-=-=-=-=-=-=-=-=-=-=-=-=-=-=-=-=-=-=-=-=-=-
2016-09-13 16:09:35|  40.2|  0.0|INFORM|=-=-=-=-=-=-=-=-=-=-=-=-=-=-=-=-=-=-=-=-=-=-=-=-=-=-=-=-=-=-=-=-=-=-=-=-=-=-=-
2016-09-13 16:09:35|  40.2|  0.0|INFORM|Feature output statistics for `MULTI_WRITER' writer using keyword `GML_1_FANOUT':
2016-09-13 16:09:35|  40.2|  0.0|STATS |=-=-=-=-=-=-=-=-=-=-=-=-=-=-=-=-=-=-=-=-=-=-=-=-=-=-=-=-=-=-=-=-=-=-=-=-=-=-=-
2016-09-13 16:09:35|  40.2|  0.0|STATS |                               Features Written
2016-09-13 16:09:35|  40.2|  0.0|STATS |=-=-=-=-=-=-=-=-=-=-=-=-=-=-=-=-=-=-=-=-=-=-=-=-=-=-=-=-=-=-=-=-=-=-=-=-=-=-=-
2016-09-13 16:09:35|  40.2|  0.0|STATS |Belysningspunkt                                                          12060
2016-09-13 16:09:35|  40.2|  0.0|STATS |==============================================================================
2016-09-13 16:09:35|  40.2|  0.0|STATS |Total Features Written                                                   12060
2016-09-13 16:09:35|  40.2|  0.0|STATS |=-=-=-=-=-=-=-=-=-=-=-=-=-=-=-=-=-=-=-=-=-=-=-=-=-=-=-=-=-=-=-=-=-=-=-=-=-=-=-
2016-09-13 16:09:35|  40.2|  0.0|STATS |=-=-=-=-=-=-=-=-=-=-=-=-=-=-=-=-=-=-=-=-=-=-=-=-=-=-=-=-=-=-=-=-=-=-=-=-=-=-=-
2016-09-13 16:09:35|  40.2|  0.0|STATS |                            Features Read Summary
2016-09-13 16:09:35|  40.2|  0.0|STATS |=-=-=-=-=-=-=-=-=-=-=-=-=-=-=-=-=-=-=-=-=-=-=-=-=-=-=-=-=-=-=-=-=-=-=-=-=-=-=-
2016-09-13 16:09:35|  40.2|  0.0|STATS |==============================================================================
2016-09-13 16:09:35|  40.2|  0.0|STATS |Total Features Read                                                          0
2016-09-13 16:09:35|  40.2|  0.0|STATS |=-=-=-=-=-=-=-=-=-=-=-=-=-=-=-=-=-=-=-=-=-=-=-=-=-=-=-=-=-=-=-=-=-=-=-=-=-=-=-
2016-09-13 16:09:35|  40.2|  0.0|STATS |=-=-=-=-=-=-=-=-=-=-=-=-=-=-=-=-=-=-=-=-=-=-=-=-=-=-=-=-=-=-=-=-=-=-=-=-=-=-=-
2016-09-13 16:09:35|  40.2|  0.0|STATS |                           Features Written Summary
2016-09-13 16:09:35|  40.2|  0.0|STATS |=-=-=-=-=-=-=-=-=-=-=-=-=-=-=-=-=-=-=-=-=-=-=-=-=-=-=-=-=-=-=-=-=-=-=-=-=-=-=-
2016-09-13 16:09:35|  40.2|  0.0|STATS |Belysningspunkt                                                          12060
2016-09-13 16:09:35|  40.2|  0.0|STATS |==============================================================================
2016-09-13 16:09:35|  40.2|  0.0|STATS |Total Features Written                                                   12060
2016-09-13 16:09:35|  40.2|  0.0|STATS |=-=-=-=-=-=-=-=-=-=-=-=-=-=-=-=-=-=-=-=-=-=-=-=-=-=-=-=-=-=-=-=-=-=-=-=-=-=-=-
2016-09-13 16:09:35|  40.2|  0.0|INFORM|Translation was SUCCESSFUL with 0 warning(s) (12060 feature(s) output)
2016-09-13 16:09:35|  40.2|  0.0|INFORM|FME Session Duration: 55.9 seconds. (CPU: 38.0s user, 2.0s system)
2016-09-13 16:09:35|  40.2|  0.0|INFORM|END - ProcessID: 10884, peak process memory usage: 740048 kB, current process memory usage: 305888 kB
