2016-11-28 22:50:08|   0.1|  0.1|INFORM|FME 2016.1.0.0 Beta (20160329 - Build 16481 - WIN64)
2016-11-28 22:50:08|   0.1|  0.0|INFORM|FME_HOME is 'C:\Program Files\FME2016.1\64\'
2016-11-28 22:50:08|   0.1|  0.0|INFORM|FME ESRI Edition (node locked-crc)
2016-11-28 22:50:08|   0.1|  0.0|INFORM|Serial Number: S0601A0917
2016-11-28 22:50:08|   0.1|  0.0|INFORM|Permanent License.
2016-11-28 22:50:08|   0.1|  0.0|INFORM|Machine host name is: SVV-55247
2016-11-28 22:50:08|   0.1|  0.0|INFORM|START - ProcessID: 12020, peak process memory usage: 37004 kB, current process memory usage: 37004 kB
2016-11-28 22:50:08|   0.1|  0.0|INFORM|FME Configuration: Command line arguments are `C:\Program Files\FME2016.1\64\fme.exe' `C:/DATA/GitHub/NVDBGML/FME\wb-xlate-1480369806449_11056' `LOG_STANDARDOUT' `YES' `LogCountServerName' `{976696aa-566e-445a-953e-92c26a41304e}'
2016-11-28 22:50:08|   0.1|  0.0|INFORM|Shared folders for formats are : C:\Program Files\FME2016.1\64\datasources;C:\Users\knjetl\AppData\Roaming\Safe Software\FME\FME Store\Formats;\\SVV1P04AUSER01\KNJETL$\documents\FME\Formats
2016-11-28 22:50:08|   0.1|  0.0|INFORM|Shared folders for transformers are : C:\Program Files\FME2016.1\64\transformers;C:\Users\knjetl\AppData\Roaming\Safe Software\FME\FME Store\Transformers;\\SVV1P04AUSER01\KNJETL$\documents\FME\Transformers
2016-11-28 22:50:08|   0.1|  0.0|INFORM|Shared folders for coordinate systems are : \\SVV1P04AUSER01\KNJETL$\documents\FME\CoordinateSystems
2016-11-28 22:50:08|   0.1|  0.0|INFORM|Shared folders for coordinate system exceptions are : \\SVV1P04AUSER01\KNJETL$\documents\FME\CoordinateSystemExceptions
2016-11-28 22:50:08|   0.1|  0.0|INFORM|Shared folders for coordinate system grid overrides are : \\SVV1P04AUSER01\KNJETL$\documents\FME\CoordinateSystemGridOverrides
2016-11-28 22:50:08|   0.1|  0.0|INFORM|Shared folders for CS-MAP transformation exceptions are : \\SVV1P04AUSER01\KNJETL$\documents\FME\CsmapTransformationExceptions
2016-11-28 22:50:08|   0.1|  0.0|INFORM|Shared folders for transformer categories are : \\SVV1P04AUSER01\KNJETL$\documents\FME\TransformerCategories
2016-11-28 22:50:08|   0.1|  0.0|INFORM|FME Configuration: Reader Keyword is `NULL_SOURCE'
2016-11-28 22:50:08|   0.1|  0.0|INFORM|FME Configuration: Writer Keyword is `NULL_DEST'
2016-11-28 22:50:08|   0.1|  0.0|INFORM|FME Configuration: Writer Group Definition Keyword is `NULL_DEST_DEF'
2016-11-28 22:50:08|   0.1|  0.0|INFORM|FME Configuration: Reader type is `NULL'
2016-11-28 22:50:08|   0.1|  0.0|INFORM|FME Configuration: Writer type is `NULL'
2016-11-28 22:50:08|   0.1|  0.0|INFORM|FME Configuration: No destination coordinate system set
2016-11-28 22:50:08|   0.1|  0.0|INFORM|FME Configuration: Current working folder is `C:\DATA\GitHub\NVDBGML\FME'
2016-11-28 22:50:08|   0.1|  0.0|INFORM|FME Configuration: Temporary folder is `C:\Users\knjetl\AppData\Local\Temp'
2016-11-28 22:50:08|   0.1|  0.0|INFORM|FME Configuration: FME_HOME is `C:\Program Files\FME2016.1\64\'
2016-11-28 22:50:08|   0.1|  0.0|INFORM|FME Configuration: FME_BASE is 'no'
2016-11-28 22:50:08|   0.1|  0.0|INFORM|FME Configuration: FME_MF_DIR is 'C:\DATA\GitHub\NVDBGML\FME/'
2016-11-28 22:50:08|   0.1|  0.0|INFORM|FME Configuration: FME_MF_NAME is 'NVDBAPI2GML_V2_Paraply_LeveranseProsjekter.fmw'
2016-11-28 22:50:08|   0.1|  0.0|INFORM|FME Configuration: FME_PRODUCT_NAME is 'FME(R) 2016.1.0.0'
2016-11-28 22:50:08|   0.1|  0.0|INFORM|System Status: 216.17 GB of disk space available in the FME temporary folder (C:\Users\knjetl\AppData\Local\Temp)
2016-11-28 22:50:08|   0.1|  0.0|INFORM|System Status: 8.00 TB of virtual memory available
2016-11-28 22:50:08|   0.1|  0.0|INFORM|Operating System: Microsoft Windows 7 64-bit Service Pack 1 (Build 7601)
2016-11-28 22:50:08|   0.1|  0.0|INFORM|FME Platform: WIN64
2016-11-28 22:50:08|   0.1|  0.0|INFORM|Locale: nb_NO
2016-11-28 22:50:08|   0.1|  0.0|INFORM|Code Page: 1252  (ANSI - latin I)
2016-11-28 22:50:08|   0.1|  0.0|INFORM|FME Configuration: Process limits are 31.91 GB of physical memory and 8.00 TB of address space
2016-11-28 22:50:08|   0.1|  0.0|INFORM|FME Configuration: Start freeing memory when process usage exceeds 95.72 GB of memory or 8.00 TB of address space
2016-11-28 22:50:08|   0.1|  0.0|INFORM|FME Configuration: Stop freeing memory when process usage is below 71.79 GB of memory and 6.00 TB of address space
2016-11-28 22:50:08|   0.2|  0.0|INFORM|Creating writer for format: NULL (Nothing)
2016-11-28 22:50:08|   0.2|  0.0|INFORM|Trying to find a DYNAMIC plugin for writer named `NULL'
2016-11-28 22:50:08|   0.2|  0.0|INFORM|Loaded module 'NULL' from file 'C:\Program Files\FME2016.1\64\plugins/NULL.dll'
2016-11-28 22:50:08|   0.2|  0.0|INFORM|FME API version of module 'NULL' matches current internal version (3.8 20160224)
2016-11-28 22:50:08|   0.2|  0.0|INFORM|Creating reader for format: NULL (Nothing)
2016-11-28 22:50:08|   0.2|  0.0|INFORM|Trying to find a DYNAMIC plugin for reader named `NULL'
2016-11-28 22:50:08|   0.2|  0.0|INFORM|FME API version of module 'NULL' matches current internal version (3.8 20160224)
2016-11-28 22:50:08|   0.2|  0.0|INFORM|Loaded module 'LogCount_func' from file 'C:\Program Files\FME2016.1\64\plugins/LogCount_func.dll'
2016-11-28 22:50:08|   0.2|  0.0|INFORM|FME API version of module 'LogCount_func' matches current internal version (3.8 20160224)
2016-11-28 22:50:08|   0.2|  0.0|INFORM|Creating writer for format: FME Feature Store (FFS)
2016-11-28 22:50:08|   0.2|  0.0|INFORM|FME Configuration: No destination coordinate system set
2016-11-28 22:50:08|   0.2|  0.0|INFORM|FME API version of module 'NULL' matches current internal version (3.8 20160224)
2016-11-28 22:50:08|   0.2|  0.0|INFORM|FME API version of module 'NULL' matches current internal version (3.8 20160224)
2016-11-28 22:50:08|   0.2|  0.0|INFORM|Loaded module 'Geometry_func' from file 'C:\Program Files\FME2016.1\64\plugins/Geometry_func.dll'
2016-11-28 22:50:08|   0.2|  0.0|INFORM|FME API version of module 'Geometry_func' matches current internal version (3.8 20160224)
2016-11-28 22:50:08|   0.2|  0.0|INFORM|Emptying factory pipeline
2016-11-28 22:50:08|   0.2|  0.0|INFORM|ListExploder_2(ElementFactory): No MODE specified.  Using default processing mode (CLASSIC)
2016-11-28 22:50:08|   0.2|  0.0|INFORM|ListExploder_3(ElementFactory): No MODE specified.  Using default processing mode (CLASSIC)
2016-11-28 22:50:08|   0.2|  0.0|INFORM|WorkspaceRunner: Running FME Workspace C:\DATA\GitHub\NVDBGML\FME/NVDBAPI2GML_V2.fmw with command line:
2016-11-28 22:50:08|   0.2|  0.0|INFORM|WorkspaceRunner: {C:/Program Files/FME2016.1/64/fme} C:/DATA/GitHub/NVDBGML/FME/NVDBAPI2GML_V2.fmw --ftID 532 --omr kommune --omrNvn 403 --gmlFolder {C:\DATA\Standardisering\NVDB\GML} --dwnlAssObj Nei 2>@1
2016-11-28 22:53:41|   0.3|  0.0|INFORM|WorkspaceRunner: Successfully ran workspace C:\DATA\GitHub\NVDBGML\FME/NVDBAPI2GML_V2.fmw
2016-11-28 22:53:41|   0.3|  0.0|STATS |Storing feature(s) to FME feature store file `C:\Users\knjetl\AppData\Local\Temp\NVDBAPI2GML_V2_Paraply_LeveranseProsjekter_225008\inspector.ffs'
2016-11-28 22:53:41|   0.3|  0.0|STATS |Storing feature(s) to FME feature store file `C:\Users\knjetl\AppData\Local\Temp\NVDBAPI2GML_V2_Paraply_LeveranseProsjekter_225008\inspector.fsc'
2016-11-28 22:53:41|   0.3|  0.0|INFORM|Processed 3 elements with mode CLASSIC
2016-11-28 22:53:41|   0.3|  0.0|INFORM|Processed 3 elements with mode CLASSIC
2016-11-28 22:53:41|   0.3|  0.0|INFORM|WorkspaceRunner: Running FME Workspace C:\DATA\GitHub\NVDBGML\FME/NVDBAPI2GML_V2.fmw with command line:
2016-11-28 22:53:41|   0.3|  0.0|INFORM|WorkspaceRunner: {C:/Program Files/FME2016.1/64/fme} C:/DATA/GitHub/NVDBGML/FME/NVDBAPI2GML_V2.fmw --ftID 98 --omr kommune --omrNvn 403 --gmlFolder {C:\DATA\Standardisering\NVDB\GML} --dwnlAssObj Nei 2>@1
2016-11-28 22:53:55|   0.3|  0.0|INFORM|WorkspaceRunner: Successfully ran workspace C:\DATA\GitHub\NVDBGML\FME/NVDBAPI2GML_V2.fmw
2016-11-28 22:53:55|   0.3|  0.0|INFORM|Processed 4 elements with mode CLASSIC
2016-11-28 22:53:55|   0.3|  0.0|INFORM|Processed 4 elements with mode CLASSIC
2016-11-28 22:53:55|   0.3|  0.0|INFORM|WorkspaceRunner: Running FME Workspace C:\DATA\GitHub\NVDBGML\FME/NVDBAPI2GML_V2.fmw with command line:
2016-11-28 22:53:55|   0.3|  0.0|INFORM|WorkspaceRunner: {C:/Program Files/FME2016.1/64/fme} C:/DATA/GitHub/NVDBGML/FME/NVDBAPI2GML_V2.fmw --ftID 79 --omr kommune --omrNvn 403 --gmlFolder {C:\DATA\Standardisering\NVDB\GML} --dwnlAssObj Nei 2>@1
2016-11-28 22:54:35|   0.4|  0.0|INFORM|WorkspaceRunner: Successfully ran workspace C:\DATA\GitHub\NVDBGML\FME/NVDBAPI2GML_V2.fmw
2016-11-28 22:54:35|   0.4|  0.0|INFORM|Processed 5 elements with mode CLASSIC
2016-11-28 22:54:35|   0.4|  0.0|INFORM|Processed 5 elements with mode CLASSIC
2016-11-28 22:54:35|   0.4|  0.0|INFORM|WorkspaceRunner: Running FME Workspace C:\DATA\GitHub\NVDBGML\FME/NVDBAPI2GML_V2.fmw with command line:
2016-11-28 22:54:35|   0.4|  0.0|INFORM|WorkspaceRunner: {C:/Program Files/FME2016.1/64/fme} C:/DATA/GitHub/NVDBGML/FME/NVDBAPI2GML_V2.fmw --ftID 95 --omr kommune --omrNvn 403 --gmlFolder {C:\DATA\Standardisering\NVDB\GML} --dwnlAssObj Nei 2>@1
2016-11-28 22:55:32|   0.4|  0.0|INFORM|WorkspaceRunner: Successfully ran workspace C:\DATA\GitHub\NVDBGML\FME/NVDBAPI2GML_V2.fmw
2016-11-28 22:55:32|   0.4|  0.0|STATS |Creator_2_XML_Creator(CreationFactory): Created 1 features
2016-11-28 22:55:32|   0.4|  0.0|STATS |Creator_2_Cloner(TeeFactory): Cloned 1 input feature(s) into 1 output feature(s)
2016-11-28 22:55:32|   0.4|  0.0|STATS |Creator_2_CREATED Feature Counter -1 47(TeeFactory): Cloned 1 input feature(s) into 1 output feature(s)
2016-11-28 22:55:32|   0.4|  0.0|STATS |Creator_2_CREATED Brancher -1 47(BranchingFactory): Branched 1 input feature -- 1 feature routed to the target factory, and 0 features routed to the fallback factory.
2016-11-28 22:55:32|   0.4|  0.0|STATS |_CREATOR_BRANCH_TARGET(TeeFactory): Cloned 1 input feature(s) into 1 output feature(s)
2016-11-28 22:55:32|   0.4|  0.0|STATS |AttributeManager_3_OUTPUT Feature Counter -1 45(TeeFactory): Cloned 1 input feature(s) into 1 output feature(s)
2016-11-28 22:55:32|   0.4|  0.0|STATS |AttributeSplitter_2(TeeFactory): Cloned 1 input feature(s) into 1 output feature(s)
2016-11-28 22:55:32|   0.4|  0.0|STATS |AttributeSplitter_2_OUTPUT Feature Counter -1 44(TeeFactory): Cloned 1 input feature(s) into 1 output feature(s)
2016-11-28 22:55:32|   0.4|  0.0|STATS |ListExploder_2(ElementFactory): Split out 4 list elements from 1 input features, using mode CLASSIC
2016-11-28 22:55:32|   0.4|  0.0|STATS |ListExploder_2_ELEMENTS Feature Counter -1 46(TeeFactory): Cloned 4 input feature(s) into 4 output feature(s)
2016-11-28 22:55:32|   0.4|  0.0|STATS |ListExploder_2_<REJECTED> Feature Counter -1 2147680298(TeeFactory): Cloned 0 input feature(s) into 0 output feature(s)
2016-11-28 22:55:32|   0.4|  0.0|STATS |AttributeManager_4_OUTPUT Feature Counter -1 29(TeeFactory): Cloned 4 input feature(s) into 4 output feature(s)
2016-11-28 22:55:32|   0.4|  0.0|STATS |AttributeManager_OUTPUT Feature Counter -1 31(TeeFactory): Cloned 4 input feature(s) into 4 output feature(s)
2016-11-28 22:55:32|   0.4|  0.0|STATS |AttributeSplitter_3(TeeFactory): Cloned 4 input feature(s) into 4 output feature(s)
2016-11-28 22:55:32|   0.4|  0.0|STATS |AttributeSplitter_3_OUTPUT Feature Counter -1 24(TeeFactory): Cloned 4 input feature(s) into 4 output feature(s)
2016-11-28 22:55:32|   0.4|  0.0|STATS |ListExploder_3(ElementFactory): Split out 4 list elements from 4 input features, using mode CLASSIC
2016-11-28 22:55:32|   0.4|  0.0|STATS |ListExploder_3_ELEMENTS Feature Counter -1 25(TeeFactory): Cloned 4 input feature(s) into 4 output feature(s)
2016-11-28 22:55:32|   0.4|  0.0|STATS |ListExploder_3_<REJECTED> Feature Counter -1 2147680277(TeeFactory): Cloned 0 input feature(s) into 0 output feature(s)
2016-11-28 22:55:32|   0.4|  0.0|STATS |AttributeManager_5_OUTPUT Feature Counter -1 28(TeeFactory): Cloned 4 input feature(s) into 4 output feature(s)
2016-11-28 22:55:32|   0.4|  0.0|STATS |WorkspaceRunner_ExecutorAndRouter(TestFactory): Tested 4 input feature(s) -- 4 feature(s) passed and 0 feature(s) failed
2016-11-28 22:55:32|   0.4|  0.0|STATS |WorkspaceRunner_SummaryMaker(CreationFactory): Created 0 features
2016-11-28 22:55:32|   0.4|  0.0|STATS |WorkspaceRunner_SUCCEEDED Feature Counter -1 12(TeeFactory): Cloned 4 input feature(s) into 4 output feature(s)
2016-11-28 22:55:32|   0.4|  0.0|STATS |WorkspaceRunner_FAILED Feature Counter -1 14(TeeFactory): Cloned 0 input feature(s) into 0 output feature(s)
2016-11-28 22:55:32|   0.4|  0.0|STATS |WorkspaceRunner_Failed_DirCreator(CreationFactory): Created 1 features
2016-11-28 22:55:32|   0.4|  0.0|STATS |WorkspaceRunner_Failed_DirCreatorCleanerUpper(TeeFactory): Cloned 1 input feature(s) into 0 output feature(s)
2016-11-28 22:55:32|   0.4|  0.0|STATS |WorkspaceRunner_Failed_FeatureDirector(TestFactory): Tested 0 input feature(s) -- 0 feature(s) passed and 0 feature(s) failed
2016-11-28 22:55:32|   0.4|  0.0|STATS |WorkspaceRunner_Failed___FeatureDirector1(TestFactory): Tested 0 input feature(s) -- 0 feature(s) passed and 0 feature(s) failed
2016-11-28 22:55:32|   0.4|  0.0|STATS |WorkspaceRunner_Failed_VectorSetterUpper(TeeFactory): Cloned 0 input feature(s) into 0 output feature(s)
2016-11-28 22:55:32|   0.4|  0.0|STATS |WorkspaceRunner_Failed___PointCloudThinner(TeeFactory): Cloned 0 input feature(s) into 0 output feature(s)
2016-11-28 22:55:32|   0.4|  0.0|STATS |WorkspaceRunner_Failed_RasterSetterUpper(TeeFactory): Cloned 0 input feature(s) into 0 output feature(s)
2016-11-28 22:55:32|   0.4|  0.0|INFORM|WorkspaceRunner_Failed_Recorder(RecorderFactory): Recorded 0 feature(s) to file `C:\Users\knjetl\AppData\Local\Temp\NVDBAPI2GML_V2_Paraply_LeveranseProsjekter_225008\inspector.ffs'
2016-11-28 22:55:32|   0.4|  0.0|STATS |WorkspaceRunner_Succeeded_DirCreator(CreationFactory): Created 1 features
2016-11-28 22:55:32|   0.4|  0.0|STATS |WorkspaceRunner_Succeeded_DirCreatorCleanerUpper(TeeFactory): Cloned 1 input feature(s) into 0 output feature(s)
2016-11-28 22:55:32|   0.4|  0.0|STATS |WorkspaceRunner_Succeeded_FeatureDirector(TestFactory): Tested 4 input feature(s) -- 0 feature(s) passed and 4 feature(s) failed
2016-11-28 22:55:32|   0.4|  0.0|STATS |WorkspaceRunner_Succeeded___FeatureDirector1(TestFactory): Tested 4 input feature(s) -- 0 feature(s) passed and 4 feature(s) failed
2016-11-28 22:55:32|   0.4|  0.0|STATS |WorkspaceRunner_Succeeded_VectorSetterUpper(TeeFactory): Cloned 4 input feature(s) into 4 output feature(s)
2016-11-28 22:55:32|   0.4|  0.0|STATS |WorkspaceRunner_Succeeded___PointCloudThinner(TeeFactory): Cloned 0 input feature(s) into 0 output feature(s)
2016-11-28 22:55:32|   0.4|  0.0|STATS |WorkspaceRunner_Succeeded_RasterSetterUpper(TeeFactory): Cloned 0 input feature(s) into 0 output feature(s)
2016-11-28 22:55:32|   0.4|  0.0|INFORM|Saving spatial index into file 'C:\Users\knjetl\AppData\Local\Temp\NVDBAPI2GML_V2_Paraply_LeveranseProsjekter_225008\inspector.fsi'
2016-11-28 22:55:32|   0.4|  0.0|INFORM|Finished saving spatial index into file 'C:\Users\knjetl\AppData\Local\Temp\NVDBAPI2GML_V2_Paraply_LeveranseProsjekter_225008\inspector.fsi'
2016-11-28 22:55:32|   0.4|  0.0|STATS |Stored 4 feature(s) to FME feature store file `C:\Users\knjetl\AppData\Local\Temp\NVDBAPI2GML_V2_Paraply_LeveranseProsjekter_225008\inspector.ffs'
2016-11-28 22:55:32|   0.4|  0.0|STATS |Stored 1 feature(s) to FME feature store file `C:\Users\knjetl\AppData\Local\Temp\NVDBAPI2GML_V2_Paraply_LeveranseProsjekter_225008\inspector.fsc'
2016-11-28 22:55:32|   0.4|  0.0|INFORM|WorkspaceRunner_Succeeded_Recorder(RecorderFactory): Recorded 4 feature(s) to file `C:\Users\knjetl\AppData\Local\Temp\NVDBAPI2GML_V2_Paraply_LeveranseProsjekter_225008\inspector.ffs'
2016-11-28 22:55:32|   0.4|  0.0|STATS |Destination Feature Type Routing Correlator(RoutingFactory): Tested 0 input feature(s), wrote 0 output feature(s): 0 matched merge filters, 0 were routed to output, 0 could not be routed.
2016-11-28 22:55:32|   0.4|  0.0|STATS |Final Output Nuker(TeeFactory): Cloned 0 input feature(s) into 0 output feature(s)
2016-11-28 22:55:32|   0.4|  0.0|STATS |f_45(CreationFactory): Created 1 features
2016-11-28 22:55:32|   0.4|  0.0|STATS |f_46(TeeFactory): Cloned 1 input feature(s) into 0 output feature(s)
2016-11-28 22:55:32|   0.4|  0.0|INFORM|=-=-=-=-=-=-=-=-=-=-=-=-=-=-=-=-=-=-=-=-=-=-=-=-=-=-=-=-=-=-=-=-=-=-=-=-=-=-=-
2016-11-28 22:55:32|   0.4|  0.0|INFORM|Feature output statistics for `FFS' writer using keyword `W_1':
2016-11-28 22:55:32|   0.4|  0.0|STATS |=-=-=-=-=-=-=-=-=-=-=-=-=-=-=-=-=-=-=-=-=-=-=-=-=-=-=-=-=-=-=-=-=-=-=-=-=-=-=-
2016-11-28 22:55:32|   0.4|  0.0|STATS |                               Features Written
2016-11-28 22:55:32|   0.4|  0.0|STATS |=-=-=-=-=-=-=-=-=-=-=-=-=-=-=-=-=-=-=-=-=-=-=-=-=-=-=-=-=-=-=-=-=-=-=-=-=-=-=-
2016-11-28 22:55:32|   0.4|  0.0|STATS |==============================================================================
2016-11-28 22:55:32|   0.4|  0.0|STATS |Total Features Written                                                       0
2016-11-28 22:55:32|   0.4|  0.0|STATS |=-=-=-=-=-=-=-=-=-=-=-=-=-=-=-=-=-=-=-=-=-=-=-=-=-=-=-=-=-=-=-=-=-=-=-=-=-=-=-
2016-11-28 22:55:32|   0.4|  0.0|STATS |=-=-=-=-=-=-=-=-=-=-=-=-=-=-=-=-=-=-=-=-=-=-=-=-=-=-=-=-=-=-=-=-=-=-=-=-=-=-=-
2016-11-28 22:55:32|   0.4|  0.0|STATS |                            Features Read Summary
2016-11-28 22:55:32|   0.4|  0.0|STATS |=-=-=-=-=-=-=-=-=-=-=-=-=-=-=-=-=-=-=-=-=-=-=-=-=-=-=-=-=-=-=-=-=-=-=-=-=-=-=-
2016-11-28 22:55:32|   0.4|  0.0|STATS |==============================================================================
2016-11-28 22:55:32|   0.4|  0.0|STATS |Total Features Read                                                          0
2016-11-28 22:55:32|   0.4|  0.0|STATS |=-=-=-=-=-=-=-=-=-=-=-=-=-=-=-=-=-=-=-=-=-=-=-=-=-=-=-=-=-=-=-=-=-=-=-=-=-=-=-
2016-11-28 22:55:32|   0.4|  0.0|STATS |=-=-=-=-=-=-=-=-=-=-=-=-=-=-=-=-=-=-=-=-=-=-=-=-=-=-=-=-=-=-=-=-=-=-=-=-=-=-=-
2016-11-28 22:55:32|   0.4|  0.0|STATS |                           Features Written Summary
2016-11-28 22:55:32|   0.4|  0.0|STATS |=-=-=-=-=-=-=-=-=-=-=-=-=-=-=-=-=-=-=-=-=-=-=-=-=-=-=-=-=-=-=-=-=-=-=-=-=-=-=-
2016-11-28 22:55:32|   0.4|  0.0|STATS |==============================================================================
2016-11-28 22:55:32|   0.4|  0.0|STATS |Total Features Written                                                       0
2016-11-28 22:55:32|   0.4|  0.0|STATS |=-=-=-=-=-=-=-=-=-=-=-=-=-=-=-=-=-=-=-=-=-=-=-=-=-=-=-=-=-=-=-=-=-=-=-=-=-=-=-
2016-11-28 22:55:32|   0.4|  0.0|INFORM|Translation was SUCCESSFUL with 0 warning(s) (0 feature(s) output)
2016-11-28 22:55:32|   0.4|  0.0|INFORM|FME Session Duration: 5 minutes 24.2 seconds. (CPU: 0.1s user, 0.3s system)
2016-11-28 22:55:32|   0.4|  0.0|INFORM|END - ProcessID: 12020, peak process memory usage: 47084 kB, current process memory usage: 46656 kB
