2016-08-15 15:38:10|   0.2|  0.2|INFORM|FME 2016.1.0.0 Beta (20160329 - Build 16481 - WIN64)
2016-08-15 15:38:10|   0.2|  0.0|INFORM|FME_HOME is 'C:\Program Files\FME2016.1\64\'
2016-08-15 15:38:10|   0.2|  0.0|INFORM|FME ESRI Edition (node locked-crc)
2016-08-15 15:38:10|   0.2|  0.0|INFORM|Serial Number: S0601A0917
2016-08-15 15:38:10|   0.2|  0.0|INFORM|Permanent License.
2016-08-15 15:38:10|   0.2|  0.0|INFORM|Machine host name is: SVV-55247
2016-08-15 15:38:10|   0.2|  0.0|INFORM|START - ProcessID: 10996, peak process memory usage: 44908 kB, current process memory usage: 44908 kB
2016-08-15 15:38:10|   0.2|  0.0|INFORM|FME Configuration: Command line arguments are `C:\Program Files\FME2016.1\64\fme.exe' `C:/DATA/GitHub/NVDBGML/FME\wb-xlate-1471268288230_5124' `LOG_STANDARDOUT' `YES' `LogCountServerName' `{1a600c91-9b3d-4111-972e-07bac938f70c}' `DEBUG_PORT' `54326'
2016-08-15 15:38:10|   0.3|  0.0|INFORM|Shared folders for formats are : C:\Program Files\FME2016.1\64\datasources;C:\Users\knjetl\AppData\Roaming\Safe Software\FME\FME Store\Formats;\\SVV1P04AUSER01\KNJETL$\documents\FME\Formats
2016-08-15 15:38:10|   0.3|  0.0|INFORM|Shared folders for transformers are : C:\Program Files\FME2016.1\64\transformers;C:\Users\knjetl\AppData\Roaming\Safe Software\FME\FME Store\Transformers;\\SVV1P04AUSER01\KNJETL$\documents\FME\Transformers
2016-08-15 15:38:10|   0.3|  0.0|INFORM|Shared folders for coordinate systems are : \\SVV1P04AUSER01\KNJETL$\documents\FME\CoordinateSystems
2016-08-15 15:38:10|   0.3|  0.0|INFORM|Shared folders for coordinate system exceptions are : \\SVV1P04AUSER01\KNJETL$\documents\FME\CoordinateSystemExceptions
2016-08-15 15:38:10|   0.3|  0.0|INFORM|Shared folders for coordinate system grid overrides are : \\SVV1P04AUSER01\KNJETL$\documents\FME\CoordinateSystemGridOverrides
2016-08-15 15:38:10|   0.3|  0.0|INFORM|Shared folders for CS-MAP transformation exceptions are : \\SVV1P04AUSER01\KNJETL$\documents\FME\CsmapTransformationExceptions
2016-08-15 15:38:10|   0.3|  0.0|INFORM|Shared folders for transformer categories are : \\SVV1P04AUSER01\KNJETL$\documents\FME\TransformerCategories
2016-08-15 15:38:10|   0.3|  0.0|INFORM|FME Configuration: Reader Keyword is `NULL_SOURCE'
2016-08-15 15:38:10|   0.3|  0.0|INFORM|FME Configuration: Writer Keyword is `MULTI_WRITER'
2016-08-15 15:38:10|   0.3|  0.0|INFORM|FME Configuration: Writer Group Definition Keyword is `MULTI_WRITER_DEF'
2016-08-15 15:38:10|   0.3|  0.0|INFORM|FME Configuration: Reader type is `NULL'
2016-08-15 15:38:10|   0.3|  0.0|INFORM|FME Configuration: Writer type is `MULTI_WRITER'
2016-08-15 15:38:10|   0.3|  0.0|INFORM|FME Configuration: No destination coordinate system set
2016-08-15 15:38:10|   0.3|  0.0|INFORM|FME Configuration: Current working folder is `C:\DATA\GitHub\NVDBGML\FME'
2016-08-15 15:38:10|   0.3|  0.0|INFORM|FME Configuration: Temporary folder is `C:\Users\knjetl\AppData\Local\Temp'
2016-08-15 15:38:10|   0.3|  0.0|INFORM|FME Configuration: FME_HOME is `C:\Program Files\FME2016.1\64\'
2016-08-15 15:38:10|   0.3|  0.0|INFORM|FME Configuration: FME_BASE is 'no'
2016-08-15 15:38:10|   0.3|  0.0|INFORM|FME Configuration: FME_MF_DIR is 'C:\DATA\GitHub\NVDBGML\FME/'
2016-08-15 15:38:10|   0.3|  0.0|INFORM|FME Configuration: FME_MF_NAME is 'NVDBAPI2GML_MappingFiles.fmw'
2016-08-15 15:38:10|   0.3|  0.0|INFORM|FME Configuration: FME_PRODUCT_NAME is 'FME(R) 2016.1.0.0'
2016-08-15 15:38:10|   0.3|  0.0|INFORM|System Status: 193.65 GB of disk space available in the FME temporary folder (C:\Users\knjetl\AppData\Local\Temp)
2016-08-15 15:38:10|   0.3|  0.0|INFORM|System Status: 8.00 TB of virtual memory available
2016-08-15 15:38:10|   0.3|  0.0|INFORM|Operating System: Microsoft Windows 7 64-bit Service Pack 1 (Build 7601)
2016-08-15 15:38:10|   0.3|  0.0|INFORM|FME Platform: WIN64
2016-08-15 15:38:10|   0.3|  0.0|INFORM|Locale: nb_NO
2016-08-15 15:38:10|   0.3|  0.0|INFORM|Code Page: 1252  (ANSI - latin I)
2016-08-15 15:38:10|   0.3|  0.0|INFORM|FME Configuration: Process limits are 31.91 GB of physical memory and 8.00 TB of address space
2016-08-15 15:38:10|   0.3|  0.0|INFORM|FME Configuration: Start freeing memory when process usage exceeds 95.72 GB of memory or 8.00 TB of address space
2016-08-15 15:38:10|   0.3|  0.0|INFORM|FME Configuration: Stop freeing memory when process usage is below 71.79 GB of memory and 6.00 TB of address space
2016-08-15 15:38:10|   0.3|  0.0|INFORM|Creating writer for format: 
2016-08-15 15:38:10|   0.3|  0.0|INFORM|Creating reader for format: NULL (Nothing)
2016-08-15 15:38:10|   0.3|  0.0|INFORM|Trying to find a DYNAMIC plugin for reader named `NULL'
2016-08-15 15:38:10|   0.3|  0.0|INFORM|Loaded module 'NULL' from file 'C:\Program Files\FME2016.1\64\plugins/NULL.dll'
2016-08-15 15:38:10|   0.3|  0.0|INFORM|FME API version of module 'NULL' matches current internal version (3.8 20160224)
2016-08-15 15:38:10|   0.3|  0.0|INFORM|Using MultiWriter $Revision$ ( $Date$ ) with keyword `MULTI_WRITER' to output data (ID_ATTRIBUTE is `multi_writer_id')
2016-08-15 15:38:10|   0.3|  0.0|INFORM|Writer output will be ordered by value of multi_writer_id
2016-08-15 15:38:10|   0.3|  0.0|INFORM|Loaded module 'LogCount_func' from file 'C:\Program Files\FME2016.1\64\plugins/LogCount_func.dll'
2016-08-15 15:38:10|   0.3|  0.0|INFORM|FME API version of module 'LogCount_func' matches current internal version (3.8 20160224)
2016-08-15 15:38:10|   0.3|  0.0|INFORM|Creating writer for format: FME Feature Store (FFS)
2016-08-15 15:38:10|   0.3|  0.0|INFORM|FME Configuration: No destination coordinate system set
2016-08-15 15:38:10|   0.3|  0.0|INFORM|Loaded module 'Geometry_func' from file 'C:\Program Files\FME2016.1\64\plugins/Geometry_func.dll'
2016-08-15 15:38:10|   0.3|  0.0|INFORM|FME API version of module 'Geometry_func' matches current internal version (3.8 20160224)
2016-08-15 15:38:10|   0.3|  0.0|INFORM|Loaded module 'BreakpointFactory' from file 'C:\Program Files\FME2016.1\64\plugins/BreakpointFactory.dll'
2016-08-15 15:38:10|   0.3|  0.0|INFORM|FME API version of module 'BreakpointFactory' matches current internal version (3.8 20160224)
2016-08-15 15:38:10|   0.3|  0.0|INFORM|Feature Inspection module initialized. Workbench@54326 and FME@54422
2016-08-15 15:38:10|   0.3|  0.0|INFORM|FME API version of module 'BreakpointFactory' matches current internal version (3.8 20160224)
2016-08-15 15:38:10|   0.3|  0.0|INFORM|... Last line repeated 7 times ...
2016-08-15 15:38:10|   0.3|  0.0|INFORM|Loaded module 'HTTPFactory' from file 'C:\Program Files\FME2016.1\64\plugins/HTTPFactory.dll'
2016-08-15 15:38:10|   0.3|  0.0|INFORM|FME API version of module 'HTTPFactory' matches current internal version (3.8 20160224)
2016-08-15 15:38:10|   0.3|  0.0|INFORM|FME API version of module 'BreakpointFactory' matches current internal version (3.8 20160224)
2016-08-15 15:38:10|   0.4|  0.0|INFORM|Loaded module 'XFMapFactory' from file 'C:\Program Files\FME2016.1\64\plugins/XFMapFactory.dll'
2016-08-15 15:38:10|   0.4|  0.0|INFORM|FME API version of module 'XFMapFactory' matches current internal version (3.8 20160224)
2016-08-15 15:38:10|   0.4|  0.0|INFORM|FME API version of module 'BreakpointFactory' matches current internal version (3.8 20160224)
2016-08-15 15:38:10|   0.4|  0.0|INFORM|Loaded module 'OGCGeometry_func' from file 'C:\Program Files\FME2016.1\64\plugins/OGCGeometry_func.dll'
2016-08-15 15:38:10|   0.4|  0.0|INFORM|FME API version of module 'OGCGeometry_func' matches current internal version (3.8 20160224)
2016-08-15 15:38:10|   0.4|  0.0|INFORM|FME API version of module 'BreakpointFactory' matches current internal version (3.8 20160224)
2016-08-15 15:38:10|   0.4|  0.0|INFORM|... Last line repeated 11 times ...
2016-08-15 15:38:10|   0.4|  0.0|INFORM|Loaded module 'JoinFactory' from file 'C:\Program Files\FME2016.1\64\plugins/JoinFactory.dll'
2016-08-15 15:38:10|   0.4|  0.0|INFORM|FME API version of module 'JoinFactory' matches current internal version (3.8 20160224)
2016-08-15 15:38:10|   0.4|  0.0|INFORM|FME API version of module 'BreakpointFactory' matches current internal version (3.8 20160224)
2016-08-15 15:38:10|   0.4|  0.0|INFORM|... Last line repeated 7 times ...
2016-08-15 15:38:10|   0.4|  0.0|INFORM|Loaded module 'PythonFactory' from file 'C:\Program Files\FME2016.1\64\plugins/PythonFactory.dll'
2016-08-15 15:38:10|   0.4|  0.0|INFORM|FME API version of module 'PythonFactory' matches current internal version (3.8 20160224)
2016-08-15 15:38:10|   0.4|  0.0|INFORM|Using FME's provided Python interpreter from `C:\Program Files\FME2016.1\64\fmepython27\python27.dll'
2016-08-15 15:38:10|   0.4|  0.0|INFORM|Python version 2.7 loaded successfully
2016-08-15 15:38:10|   0.4|  0.0|INFORM|Adding folder `C:\DATA\GitHub\NVDBGML\FME\' to the python path
2016-08-15 15:38:10|   0.4|  0.0|INFORM|FME API version of module 'BreakpointFactory' matches current internal version (3.8 20160224)
2016-08-15 15:38:10|   0.4|  0.0|INFORM|... Last line repeated 7 times ...
2016-08-15 15:38:10|   0.4|  0.0|INFORM|Loaded module 'GQueryFactory' from file 'C:\Program Files\FME2016.1\64\plugins/GQueryFactory.dll'
2016-08-15 15:38:10|   0.4|  0.0|INFORM|FME API version of module 'GQueryFactory' matches current internal version (3.8 20160224)
2016-08-15 15:38:10|   0.4|  0.0|INFORM|FME API version of module 'BreakpointFactory' matches current internal version (3.8 20160224)
2016-08-15 15:38:10|   0.4|  0.0|INFORM|... Last line repeated 2 times ...
2016-08-15 15:38:10|   0.4|  0.0|INFORM|FME API version of module 'GQueryFactory' matches current internal version (3.8 20160224)
2016-08-15 15:38:10|   0.4|  0.0|INFORM|FME API version of module 'BreakpointFactory' matches current internal version (3.8 20160224)
2016-08-15 15:38:10|   0.4|  0.0|INFORM|FME API version of module 'GQueryFactory' matches current internal version (3.8 20160224)
2016-08-15 15:38:10|   0.4|  0.0|INFORM|FME API version of module 'BreakpointFactory' matches current internal version (3.8 20160224)
2016-08-15 15:38:10|   0.4|  0.0|INFORM|... Last line repeated 16 times ...
2016-08-15 15:38:10|   0.4|  0.0|INFORM|Emptying factory pipeline
2016-08-15 15:38:10|   0.4|  0.0|INFORM|ListExploder(ElementFactory): No MODE specified.  Using default processing mode (CLASSIC)
2016-08-15 15:38:10|   0.4|  0.0|STATS |Creator_XML_Creator(CreationFactory): Created 1 features
2016-08-15 15:38:10|   0.4|  0.0|STATS |Creator_Cloner(TeeFactory): Cloned 1 input feature(s) into 1 output feature(s)
2016-08-15 15:38:10|   0.4|  0.0|STATS |Creator_CREATED Brancher -1 20(BranchingFactory): Branched 1 input feature -- 1 feature routed to the target factory, and 0 features routed to the fallback factory.
2016-08-15 15:38:10|   0.4|  0.0|STATS |_CREATOR_BRANCH_TARGET(TeeFactory): Cloned 1 input feature(s) into 1 output feature(s)
2016-08-15 15:38:10|   0.4|  0.0|STATS |AttributeSplitter(TeeFactory): Cloned 1 input feature(s) into 1 output feature(s)
2016-08-15 15:38:10|   0.4|  0.0|STATS |ListExploder(ElementFactory): Split out 1 list elements from 1 input features, using mode CLASSIC
2016-08-15 15:38:10|   0.4|  0.0|STATS |ListExploder LIST_FOUND Splitter(TeeFactory): Cloned 1 input feature(s) into 2 output feature(s)
2016-08-15 15:38:10|   0.4|  0.0|STATS |ListExploder NOT_FOUND Splitter(TeeFactory): Cloned 0 input feature(s) into 0 output feature(s)
2016-08-15 15:38:12|   0.4|  0.0|INFORM|NVDBAPI2GML_HTTPFetcher_2(HTTPFactory): HTTP/FTP Transfer: Downloading resource 'https://www.vegvesen.no/nvdb/api/sok?kriterie={lokasjon:{kommune:%20[520]},objektTyper:[{id:79,antall:10000}]}' to internal memory buffer
2016-08-15 15:38:12|   0.4|  0.0|INFORM|NVDBAPI2GML_HTTPFetcher_2(HTTPFactory): HTTP/FTP Request - Sent so far: 1.03 MB 
2016-08-15 15:38:12|   0.5|  0.0|INFORM|NVDBAPI2GML_HTTPFetcher_2(HTTPFactory): HTTP/FTP Request - Sent so far: 2.04 MB 
2016-08-15 15:38:12|   0.5|  0.0|INFORM|NVDBAPI2GML_HTTPFetcher_2(HTTPFactory): HTTP/FTP Request - Sent so far: 3.07 MB 
2016-08-15 15:38:12|   0.5|  0.0|INFORM|NVDBAPI2GML_HTTPFetcher_2(HTTPFactory): HTTP/FTP Request - Sent so far: 4.09 MB 
2016-08-15 15:38:13|   0.5|  0.0|INFORM|NVDBAPI2GML_HTTPFetcher_2(HTTPFactory): HTTP/FTP Request - Sent so far: 5.13 MB 
2016-08-15 15:38:13|   0.5|  0.0|INFORM|NVDBAPI2GML_HTTPFetcher_2(HTTPFactory): HTTP/FTP Request - Sent so far: 6.13 MB 
2016-08-15 15:38:13|   0.6|  0.0|INFORM|NVDBAPI2GML_HTTPFetcher_2(HTTPFactory): HTTP/FTP Request - Sent so far: 7.14 MB 
2016-08-15 15:38:13|   0.6|  0.0|INFORM|NVDBAPI2GML_HTTPFetcher_2(HTTPFactory): HTTP/FTP Request - Sent so far: 8.25 MB 
2016-08-15 15:38:13|   0.6|  0.0|INFORM|NVDBAPI2GML_HTTPFetcher_2(HTTPFactory): HTTP/FTP Request - Sent so far: 9.27 MB 
2016-08-15 15:38:14|   0.7|  0.1|INFORM|NVDBAPI2GML_HTTPFetcher_2(HTTPFactory): HTTP transfer summary - status code: 200, download size: '9714646 bytes', DNS lookup time: '0.016 seconds', total transfer time: '3.37 seconds', url: 'https://www.vegvesen.no/nvdb/api/sok?kriterie={lokasjon:{kommune:%20[520]},objektTyper:[{id:79,antall:10000}]}'
2016-08-15 15:38:14|   0.8|  0.1|INFORM|Creating reader for format: CSV (Comma Separated Value)
2016-08-15 15:38:14|   0.8|  0.0|INFORM|Trying to find a DYNAMIC plugin for reader named `CSV'
2016-08-15 15:38:14|   0.8|  0.0|INFORM|Loaded module 'CSV' from file 'C:\Program Files\FME2016.1\64\plugins/CSV.dll'
2016-08-15 15:38:14|   0.8|  0.0|INFORM|FME API version of module 'CSV' matches current internal version (3.8 20160224)
2016-08-15 15:38:14|   0.8|  0.0|INFORM|CSV Reader: Opening CSV files in folder `C:\DATA\GitHub\NVDBGML\XSD\NIFS\'
2016-08-15 15:38:14|   0.8|  0.0|INFORM|CSV Reader: Separator Character: ';'
2016-08-15 15:38:14|   0.8|  0.0|INFORM|CSV Reader: Skip Duplicate Delimiters: no
2016-08-15 15:38:14|   0.8|  0.0|INFORM|CSV Reader: Strip Quotes From Fields: yes
2016-08-15 15:38:14|   0.8|  0.0|INFORM|CSV Reader: File Has Field Names: yes
2016-08-15 15:38:14|   0.8|  0.0|INFORM|CSV Reader: Field Names Follow Header: no
2016-08-15 15:38:14|   0.8|  0.0|INFORM|CSV Reader: Number of Lines to Skip: 1
2016-08-15 15:38:14|   0.8|  0.0|INFORM|CSV Reader: Number of Footer Lines to Skip: 0
2016-08-15 15:38:14|   0.8|  0.0|INFORM|CSV Reader: Encoding name ''
2016-08-15 15:38:14|   0.8|  0.0|INFORM|CSV Reader: Allowing Spaces in Column Names: yes
2016-08-15 15:38:14|   0.8|  0.0|INFORM|CSV Reader: Max features to scan for schema: 1000
2016-08-15 15:38:14|   0.8|  0.0|INFORM|CSV Reader: Feature type names from file names: no
2016-08-15 15:38:14|   0.8|  0.0|INFORM|CSV Reader: Opening dataset 'C:\DATA\GitHub\NVDBGML\XSD\NIFS\Stikkrenne_enMapping.csv'
2016-08-15 15:38:14|   0.8|  0.0|INFORM|Creating reader for format: Tabular Data
2016-08-15 15:38:14|   0.8|  0.0|INFORM|Using Tabular Reader $Revision$ ( $Date$ ) to read files from folder `C:\DATA\GitHub\NVDBGML\XSD\NIFS'
2016-08-15 15:38:14|   0.8|  0.0|INFORM|Stripping quotes around fields in CSV File `C:\DATA\GitHub\NVDBGML\XSD\NIFS\Stikkrenne_enMapping.csv'
2016-08-15 15:38:14|   0.8|  0.0|INFORM|Opened Separated Value File C:\DATA\GitHub\NVDBGML\XSD\NIFS\Stikkrenne_enMapping.csv for input with delimiter `;'
2016-08-15 15:38:14|   0.8|  0.0|INFORM|Skipped line `ptid;enid;name;fullname' in CSV File `C:\DATA\GitHub\NVDBGML\XSD\NIFS\Stikkrenne_enMapping.csv'
2016-08-15 15:38:14|   0.8|  0.0|INFORM|CSV Reader: Closing dataset 'C:\DATA\GitHub\NVDBGML\XSD\NIFS\Stikkrenne_enMapping.csv'
2016-08-15 15:38:14|   0.8|  0.0|INFORM|CSV Reader: Done reading CSV files in folder `C:\DATA\GitHub\NVDBGML\XSD\NIFS\'
2016-08-15 15:38:14|   0.8|  0.0|INFORM|Creating reader for format: CSV (Comma Separated Value)
2016-08-15 15:38:14|   0.8|  0.0|INFORM|Trying to find a DYNAMIC plugin for reader named `CSV'
2016-08-15 15:38:14|   0.8|  0.0|INFORM|FME API version of module 'CSV' matches current internal version (3.8 20160224)
2016-08-15 15:38:14|   0.8|  0.0|INFORM|CSV Reader: Opening CSV files in folder `C:\DATA\GitHub\NVDBGML\XSD\NIFS\'
2016-08-15 15:38:14|   0.8|  0.0|INFORM|CSV Reader: Separator Character: ';'
2016-08-15 15:38:14|   0.8|  0.0|INFORM|CSV Reader: Skip Duplicate Delimiters: no
2016-08-15 15:38:14|   0.8|  0.0|INFORM|CSV Reader: Strip Quotes From Fields: yes
2016-08-15 15:38:14|   0.8|  0.0|INFORM|CSV Reader: File Has Field Names: yes
2016-08-15 15:38:14|   0.8|  0.0|INFORM|CSV Reader: Field Names Follow Header: no
2016-08-15 15:38:14|   0.8|  0.0|INFORM|CSV Reader: Number of Lines to Skip: 1
2016-08-15 15:38:14|   0.8|  0.0|INFORM|CSV Reader: Number of Footer Lines to Skip: 0
2016-08-15 15:38:14|   0.8|  0.0|INFORM|CSV Reader: Encoding name ''
2016-08-15 15:38:14|   0.8|  0.0|INFORM|CSV Reader: Allowing Spaces in Column Names: yes
2016-08-15 15:38:14|   0.8|  0.0|INFORM|CSV Reader: Max features to scan for schema: 1000
2016-08-15 15:38:14|   0.8|  0.0|INFORM|CSV Reader: Feature type names from file names: no
2016-08-15 15:38:14|   0.8|  0.0|INFORM|CSV Reader: Opening dataset 'C:\DATA\GitHub\NVDBGML\XSD\NIFS\Stikkrenne_ptMapping.csv'
2016-08-15 15:38:14|   0.8|  0.0|INFORM|Creating reader for format: Tabular Data
2016-08-15 15:38:14|   0.8|  0.0|INFORM|Using Tabular Reader $Revision$ ( $Date$ ) to read files from folder `C:\DATA\GitHub\NVDBGML\XSD\NIFS'
2016-08-15 15:38:14|   0.8|  0.0|INFORM|Stripping quotes around fields in CSV File `C:\DATA\GitHub\NVDBGML\XSD\NIFS\Stikkrenne_ptMapping.csv'
2016-08-15 15:38:14|   0.8|  0.0|INFORM|Opened Separated Value File C:\DATA\GitHub\NVDBGML\XSD\NIFS\Stikkrenne_ptMapping.csv for input with delimiter `;'
2016-08-15 15:38:14|   0.8|  0.0|INFORM|Skipped line `ft_attr;ftid;ptid;name' in CSV File `C:\DATA\GitHub\NVDBGML\XSD\NIFS\Stikkrenne_ptMapping.csv'
2016-08-15 15:38:14|   0.8|  0.0|INFORM|CSV Reader: Closing dataset 'C:\DATA\GitHub\NVDBGML\XSD\NIFS\Stikkrenne_ptMapping.csv'
2016-08-15 15:38:14|   0.8|  0.0|INFORM|CSV Reader: Done reading CSV files in folder `C:\DATA\GitHub\NVDBGML\XSD\NIFS\'
2016-08-15 15:38:14|   0.9|  0.1|INFORM|Creating reader for format: CSV (Comma Separated Value)
2016-08-15 15:38:14|   0.9|  0.0|INFORM|Trying to find a DYNAMIC plugin for reader named `CSV'
2016-08-15 15:38:14|   0.9|  0.0|INFORM|FME API version of module 'CSV' matches current internal version (3.8 20160224)
2016-08-15 15:38:14|   0.9|  0.0|INFORM|CSV Reader: Opening CSV files in folder `C:\DATA\GitHub\NVDBGML\XSD\NIFS\'
2016-08-15 15:38:14|   0.9|  0.0|INFORM|CSV Reader: Separator Character: ';'
2016-08-15 15:38:14|   0.9|  0.0|INFORM|CSV Reader: Skip Duplicate Delimiters: no
2016-08-15 15:38:14|   0.9|  0.0|INFORM|CSV Reader: Strip Quotes From Fields: yes
2016-08-15 15:38:14|   0.9|  0.0|INFORM|CSV Reader: File Has Field Names: yes
2016-08-15 15:38:14|   0.9|  0.0|INFORM|CSV Reader: Field Names Follow Header: no
2016-08-15 15:38:14|   0.9|  0.0|INFORM|CSV Reader: Number of Lines to Skip: 1
2016-08-15 15:38:14|   0.9|  0.0|INFORM|CSV Reader: Number of Footer Lines to Skip: 0
2016-08-15 15:38:14|   0.9|  0.0|INFORM|CSV Reader: Encoding name ''
2016-08-15 15:38:14|   0.9|  0.0|INFORM|CSV Reader: Allowing Spaces in Column Names: yes
2016-08-15 15:38:14|   0.9|  0.0|INFORM|CSV Reader: Max features to scan for schema: 1000
2016-08-15 15:38:14|   0.9|  0.0|INFORM|CSV Reader: Feature type names from file names: no
2016-08-15 15:38:14|   0.9|  0.0|INFORM|CSV Reader: Opening dataset 'C:\DATA\GitHub\NVDBGML\XSD\NIFS\Stikkrenne_ftMapping.csv'
2016-08-15 15:38:14|   0.9|  0.0|INFORM|Creating reader for format: Tabular Data
2016-08-15 15:38:14|   0.9|  0.0|INFORM|Using Tabular Reader $Revision$ ( $Date$ ) to read files from folder `C:\DATA\GitHub\NVDBGML\XSD\NIFS'
2016-08-15 15:38:14|   0.9|  0.0|INFORM|Stripping quotes around fields in CSV File `C:\DATA\GitHub\NVDBGML\XSD\NIFS\Stikkrenne_ftMapping.csv'
2016-08-15 15:38:14|   0.9|  0.0|INFORM|Opened Separated Value File C:\DATA\GitHub\NVDBGML\XSD\NIFS\Stikkrenne_ftMapping.csv for input with delimiter `;'
2016-08-15 15:38:14|   0.9|  0.0|INFORM|Skipped line `ftid;name' in CSV File `C:\DATA\GitHub\NVDBGML\XSD\NIFS\Stikkrenne_ftMapping.csv'
2016-08-15 15:38:14|   0.9|  0.0|INFORM|CSV Reader: Closing dataset 'C:\DATA\GitHub\NVDBGML\XSD\NIFS\Stikkrenne_ftMapping.csv'
2016-08-15 15:38:14|   0.9|  0.0|INFORM|CSV Reader: Done reading CSV files in folder `C:\DATA\GitHub\NVDBGML\XSD\NIFS\'
2016-08-15 15:38:14|   0.9|  0.0|INFORM|NVDBAPI2GML_ListExploder_3(ElementFactory): No MODE specified.  Using default processing mode (CLASSIC)
2016-08-15 15:38:38|  25.1| 24.3|STATS |Stored 166 feature(s) to FME feature store file `C:\Users\knjetl\AppData\Local\Temp\no-conn-ffs-1471268289550_5124.ffs'
2016-08-15 15:38:38|  25.2|  0.0|STATS |Storing feature(s) to FME feature store file `C:\Users\knjetl\AppData\Local\Temp\no-conn-ffs-1471268289550_5124_1.ffs'
2016-08-15 15:39:01|  47.8| 22.6|STATS |Stored 166 feature(s) to FME feature store file `C:\Users\knjetl\AppData\Local\Temp\no-conn-ffs-1471268289550_5124_1.ffs'
2016-08-15 15:39:01|  47.8|  0.0|STATS |Storing feature(s) to FME feature store file `C:\Users\knjetl\AppData\Local\Temp\no-conn-ffs-1471268289550_5124_2.ffs'
2016-08-15 15:39:24|  70.4| 22.6|STATS |Stored 166 feature(s) to FME feature store file `C:\Users\knjetl\AppData\Local\Temp\no-conn-ffs-1471268289550_5124_2.ffs'
2016-08-15 15:39:24|  70.5|  0.0|STATS |Storing feature(s) to FME feature store file `C:\Users\knjetl\AppData\Local\Temp\no-conn-ffs-1471268289550_5124_3.ffs'
2016-08-15 15:39:46|  93.2| 22.7|STATS |Stored 166 feature(s) to FME feature store file `C:\Users\knjetl\AppData\Local\Temp\no-conn-ffs-1471268289550_5124_3.ffs'
2016-08-15 15:39:46|  93.2|  0.0|STATS |Storing feature(s) to FME feature store file `C:\Users\knjetl\AppData\Local\Temp\no-conn-ffs-1471268289550_5124_4.ffs'
2016-08-15 15:40:09| 116.0| 22.7|STATS |Stored 166 feature(s) to FME feature store file `C:\Users\knjetl\AppData\Local\Temp\no-conn-ffs-1471268289550_5124_4.ffs'
2016-08-15 15:40:09| 116.0|  0.0|STATS |Storing feature(s) to FME feature store file `C:\Users\knjetl\AppData\Local\Temp\no-conn-ffs-1471268289550_5124_5.ffs'
2016-08-15 15:40:32| 138.7| 22.7|STATS |Stored 166 feature(s) to FME feature store file `C:\Users\knjetl\AppData\Local\Temp\no-conn-ffs-1471268289550_5124_5.ffs'
2016-08-15 15:40:32| 138.7|  0.0|STATS |Storing feature(s) to FME feature store file `C:\Users\knjetl\AppData\Local\Temp\no-conn-ffs-1471268289550_5124_6.ffs'
2016-08-15 15:40:38| 144.4|  5.7|INFORM|Processed 2 elements with mode CLASSIC
2016-08-15 15:40:38| 144.4|  0.0|INFORM|Creating reader for format: CSV (Comma Separated Value)
2016-08-15 15:40:38| 144.4|  0.0|INFORM|Trying to find a DYNAMIC plugin for reader named `CSV'
2016-08-15 15:40:38| 144.4|  0.0|INFORM|FME API version of module 'CSV' matches current internal version (3.8 20160224)
2016-08-15 15:40:38| 144.4|  0.0|INFORM|Creating reader for format: CSV (Comma Separated Value)
2016-08-15 15:40:38| 144.4|  0.0|INFORM|Trying to find a DYNAMIC plugin for reader named `CSV'
2016-08-15 15:40:38| 144.4|  0.0|INFORM|FME API version of module 'CSV' matches current internal version (3.8 20160224)
2016-08-15 15:40:38| 144.4|  0.0|INFORM|CSV Reader: Opening CSV files in folder `C:\DATA\GitHub\NVDBGML\XSD\NIFS\'
2016-08-15 15:40:38| 144.4|  0.0|INFORM|CSV Reader: Separator Character: ';'
2016-08-15 15:40:38| 144.4|  0.0|INFORM|CSV Reader: Skip Duplicate Delimiters: no
2016-08-15 15:40:38| 144.4|  0.0|INFORM|CSV Reader: Strip Quotes From Fields: yes
2016-08-15 15:40:38| 144.4|  0.0|INFORM|CSV Reader: File Has Field Names: yes
2016-08-15 15:40:38| 144.4|  0.0|INFORM|CSV Reader: Field Names Follow Header: no
2016-08-15 15:40:38| 144.4|  0.0|INFORM|CSV Reader: Number of Lines to Skip: 1
2016-08-15 15:40:38| 144.4|  0.0|INFORM|CSV Reader: Number of Footer Lines to Skip: 0
2016-08-15 15:40:38| 144.4|  0.0|INFORM|CSV Reader: Encoding name ''
2016-08-15 15:40:38| 144.4|  0.0|INFORM|CSV Reader: Allowing Spaces in Column Names: yes
2016-08-15 15:40:38| 144.4|  0.0|INFORM|CSV Reader: Max features to scan for schema: 1000
2016-08-15 15:40:38| 144.4|  0.0|INFORM|CSV Reader: Feature type names from file names: no
2016-08-15 15:40:38| 144.4|  0.0|INFORM|CSV Reader: Opening dataset 'C:\DATA\GitHub\NVDBGML\XSD\NIFS\Stikkrenne_ftMapping.csv'
2016-08-15 15:40:38| 144.5|  0.0|INFORM|Creating reader for format: Tabular Data
2016-08-15 15:40:38| 144.5|  0.0|INFORM|Using Tabular Reader $Revision$ ( $Date$ ) to read files from folder `C:\DATA\GitHub\NVDBGML\XSD\NIFS'
2016-08-15 15:40:38| 144.5|  0.0|INFORM|Stripping quotes around fields in CSV File `C:\DATA\GitHub\NVDBGML\XSD\NIFS\Stikkrenne_ftMapping.csv'
2016-08-15 15:40:38| 144.5|  0.0|INFORM|Opened Separated Value File C:\DATA\GitHub\NVDBGML\XSD\NIFS\Stikkrenne_ftMapping.csv for input with delimiter `;'
2016-08-15 15:40:38| 144.5|  0.0|INFORM|Skipped line `ftid;name' in CSV File `C:\DATA\GitHub\NVDBGML\XSD\NIFS\Stikkrenne_ftMapping.csv'
2016-08-15 15:40:38| 144.5|  0.0|INFORM|CSV Reader: Closing dataset 'C:\DATA\GitHub\NVDBGML\XSD\NIFS\Stikkrenne_ftMapping.csv'
2016-08-15 15:40:38| 144.5|  0.0|INFORM|CSV Reader: Done reading CSV files in folder `C:\DATA\GitHub\NVDBGML\XSD\NIFS\'
2016-08-15 15:40:38| 144.5|  0.0|INFORM|Read 2 records from table NVDBAPI2GML_Joiner:CSV
2016-08-15 15:40:38| 144.5|  0.0|INFORM|Created index of 2 records from table NVDBAPI2GML_Joiner:CSV on fields: `ftid' 
2016-08-15 15:40:43| 149.3|  4.9|INFORM|Processed 36 elements with mode CLASSIC
2016-08-15 15:40:48| 154.8|  5.4|INFORM|Processed 77 elements with mode CLASSIC
2016-08-15 15:40:58| 165.1| 10.4|STATS |Stored 166 feature(s) to FME feature store file `C:\Users\knjetl\AppData\Local\Temp\no-conn-ffs-1471268289550_5124_6.ffs'
2016-08-15 15:40:58| 165.2|  0.0|STATS |Storing feature(s) to FME feature store file `C:\Users\knjetl\AppData\Local\Temp\no-conn-ffs-1471268289550_5124_7.ffs'
2016-08-15 15:41:22| 188.4| 23.2|STATS |Stored 166 feature(s) to FME feature store file `C:\Users\knjetl\AppData\Local\Temp\no-conn-ffs-1471268289550_5124_7.ffs'
2016-08-15 15:41:22| 188.4|  0.0|STATS |Storing feature(s) to FME feature store file `C:\Users\knjetl\AppData\Local\Temp\no-conn-ffs-1471268289550_5124_8.ffs'
2016-08-15 15:41:45| 211.8| 23.4|STATS |Stored 166 feature(s) to FME feature store file `C:\Users\knjetl\AppData\Local\Temp\no-conn-ffs-1471268289550_5124_8.ffs'
2016-08-15 15:41:45| 211.8|  0.0|STATS |Storing feature(s) to FME feature store file `C:\Users\knjetl\AppData\Local\Temp\no-conn-ffs-1471268289550_5124_9.ffs'
2016-08-15 15:42:06| 232.5| 20.7|INFORM|Processed 92 elements with mode CLASSIC
2016-08-15 15:42:09| 235.7|  3.2|STATS |Stored 166 feature(s) to FME feature store file `C:\Users\knjetl\AppData\Local\Temp\no-conn-ffs-1471268289550_5124_9.ffs'
2016-08-15 15:42:09| 235.8|  0.0|STATS |Storing feature(s) to FME feature store file `C:\Users\knjetl\AppData\Local\Temp\no-conn-ffs-1471268289550_5124_10.ffs'
2016-08-15 15:42:16| 243.1|  7.3|INFORM|Processed 104 elements with mode CLASSIC
2016-08-15 15:42:21| 247.3|  4.2|INFORM|Processed 138 elements with mode CLASSIC
2016-08-15 15:42:26| 252.9|  5.6|INFORM|Processed 200 elements with mode CLASSIC
2016-08-15 15:42:31| 257.3|  4.4|INFORM|Processed 222 elements with mode CLASSIC
2016-08-15 15:42:38| 264.4|  7.2|INFORM|Processed 266 elements with mode CLASSIC
2016-08-15 15:42:42| 268.5|  4.1|STATS |Stored 166 feature(s) to FME feature store file `C:\Users\knjetl\AppData\Local\Temp\no-conn-ffs-1471268289550_5124_10.ffs'
2016-08-15 15:42:42| 268.6|  0.1|STATS |Storing feature(s) to FME feature store file `C:\Users\knjetl\AppData\Local\Temp\no-conn-ffs-1471268289550_5124_11.ffs'
2016-08-15 15:42:48| 274.7|  6.1|INFORM|Processed 308 elements with mode CLASSIC
2016-08-15 15:42:54| 280.4|  5.6|INFORM|Processed 375 elements with mode CLASSIC
2016-08-15 15:43:00| 286.9|  6.5|INFORM|Processed 382 elements with mode CLASSIC
2016-08-15 15:43:05| 291.3|  4.4|INFORM|Processed 485 elements with mode CLASSIC
2016-08-15 15:43:16| 302.3| 11.0|STATS |Stored 166 feature(s) to FME feature store file `C:\Users\knjetl\AppData\Local\Temp\no-conn-ffs-1471268289550_5124_11.ffs'
2016-08-15 15:43:16| 302.3|  0.0|STATS |Storing feature(s) to FME feature store file `C:\Users\knjetl\AppData\Local\Temp\no-conn-ffs-1471268289550_5124_12.ffs'
2016-08-15 15:43:32| 318.4| 16.1|INFORM|Processed 540 elements with mode CLASSIC
2016-08-15 15:43:43| 330.0| 11.6|STATS |Stored 166 feature(s) to FME feature store file `C:\Users\knjetl\AppData\Local\Temp\no-conn-ffs-1471268289550_5124_12.ffs'
2016-08-15 15:43:43| 330.1|  0.0|STATS |Storing feature(s) to FME feature store file `C:\Users\knjetl\AppData\Local\Temp\no-conn-ffs-1471268289550_5124_13.ffs'
2016-08-15 15:43:46| 332.8|  2.8|INFORM|Processed 599 elements with mode CLASSIC
2016-08-15 15:43:50| 336.3|  3.4|STATS |NVDBAPI2GML Input Input Collector(TeeFactory): Cloned 1 input feature(s) into 1 output feature(s)
2016-08-15 15:43:50| 336.3|  0.0|STATS |NVDBAPI2GML_Input1471268289 Input Splitter(TeeFactory): Cloned 1 input feature(s) into 1 output feature(s)
2016-08-15 15:43:50| 336.3|  0.0|STATS |NVDBAPI2GML_HTTPFetcher_2_<REJECTED> Feature Counter 0 2147680257(TeeFactory): Cloned 0 input feature(s) into 0 output feature(s)
2016-08-15 15:43:50| 336.3|  0.0|INFORM|NVDBAPI2GML_XMLFeatureMapper(XFMapFactory): Total Results: 2812 Mapped Feature(s), 1 Input Feature(s), and 0 Invalid input Feature(s)
2016-08-15 15:43:50| 336.3|  0.0|STATS |NVDBAPI2GML_GeometryReplacer(TeeFactory): Cloned 2812 input feature(s) into 2812 output feature(s)
2016-08-15 15:43:50| 336.3|  0.0|STATS |NVDBAPI2GML_GeometryReplacer_Rejector(TestFactory): Tested 2812 input feature(s) -- 0 feature(s) passed and 2812 feature(s) failed
2016-08-15 15:43:50| 336.3|  0.0|STATS |NVDBAPI2GML_GeometryReplacer_<REJECTED> Feature Counter 0 2147680259(TeeFactory): Cloned 0 input feature(s) into 0 output feature(s)
2016-08-15 15:43:50| 336.3|  0.0|STATS |NVDBAPI2GML_CoordinateSystemSetter(TeeFactory): Cloned 2812 input feature(s) into 2812 output feature(s)
2016-08-15 15:43:50| 336.3|  0.0|STATS |NVDBAPI2GML_NullAttributeMapper_3(TeeFactory): Cloned 2812 input feature(s) into 2812 output feature(s)
2016-08-15 15:43:50| 336.3|  0.0|STATS |NVDBAPI2GML_AttributeExposer_3(TeeFactory): Cloned 2812 input feature(s) into 2812 output feature(s)
2016-08-15 15:43:50| 336.3|  0.0|STATS |NVDBAPI2GML_AttributeRenamer_2(TeeFactory): Cloned 2812 input feature(s) into 2812 output feature(s)
2016-08-15 15:43:50| 336.3|  0.0|STATS |NVDBAPI2GML_AttributeRenamer_2 OUTPUT Splitter(TeeFactory): Cloned 2812 input feature(s) into 5624 output feature(s)
2016-08-15 15:43:50| 336.3|  0.0|STATS |NVDBAPI2GML_ListExploder_3(ElementFactory): Split out 643 list elements from 2812 input features, using mode CLASSIC
2016-08-15 15:43:50| 336.3|  0.0|STATS |NVDBAPI2GML_ListExploder_3_<REJECTED> Feature Counter 0 2147680360(TeeFactory): Cloned 2169 input feature(s) into 0 output feature(s)
2016-08-15 15:43:50| 336.3|  0.0|STATS |NVDBAPI2GML_AttributeKeeper_2(TeeFactory): Cloned 643 input feature(s) into 643 output feature(s)
2016-08-15 15:43:50| 336.3|  0.0|STATS |NVDBAPI2GML_AttributeSplitter_3(TeeFactory): Cloned 0 input feature(s) into 0 output feature(s)
2016-08-15 15:43:50| 336.3|  0.0|STATS |NVDBAPI2GML_ListIndexer_2(TestFactory): Tested 0 input feature(s) -- 0 feature(s) passed and 0 feature(s) failed
2016-08-15 15:43:50| 336.3|  0.0|STATS |NVDBAPI2GML_AttributeRenamer_4(TeeFactory): Cloned 0 input feature(s) into 0 output feature(s)
2016-08-15 15:43:50| 336.3|  0.0|STATS |NVDBAPI2GML_ListRemover_2(TeeFactory): Cloned 0 input feature(s) into 0 output feature(s)
2016-08-15 15:43:50| 336.3|  0.0|STATS |NVDBAPI2GML_StringConcatenator(TeeFactory): Cloned 0 input feature(s) into 0 output feature(s)
2016-08-15 15:43:50| 336.3|  0.0|STATS |NVDBAPI2GML_AttributeKeeper_3(TeeFactory): Cloned 0 input feature(s) into 0 output feature(s)
2016-08-15 15:43:50| 336.3|  0.0|STATS |NVDBAPI2GML_ListBuilder_2_fme_type_remover(TeeFactory): Cloned 0 input feature(s) into 0 output feature(s)
2016-08-15 15:43:50| 336.3|  0.0|STATS |NVDBAPI2GML_ListBuilder_2(ListFactory): Combined 0 input feature(s) into 0 output feature(s), including 0 singleton(s)
2016-08-15 15:43:50| 336.3|  0.0|INFORM|Optional `close' method not present; not called
2016-08-15 15:43:50| 336.3|  0.0|STATS |NVDBAPI2GML_AttributeRemover_2(TeeFactory): Cloned 0 input feature(s) into 0 output feature(s)
2016-08-15 15:43:50| 336.3|  0.1|INFORM|NVDBAPI2GML_ListExploder(ElementFactory): No MODE specified.  Using default processing mode (CLASSIC)
2016-08-15 15:43:50| 336.3|  0.0|INFORM|Processed 2 elements with mode CLASSIC
2016-08-15 15:43:55| 337.1|  0.8|INFORM|Processed 35 elements with mode CLASSIC
2016-08-15 15:44:00| 338.4|  1.3|INFORM|Processed 67 elements with mode CLASSIC
2016-08-15 15:44:03| 339.5|  1.1|INFORM|NVDBAPI2GML_FeatureMerger_3(ReferenceFactory): Processing requestors: Completed 3.55% of intermediate processing
2016-08-15 15:44:05| 339.7|  0.2|INFORM|Processed 110 elements with mode CLASSIC
2016-08-15 15:44:10| 341.3|  1.6|INFORM|Processed 149 elements with mode CLASSIC
2016-08-15 15:44:15| 343.0|  1.7|INFORM|Processed 184 elements with mode CLASSIC
2016-08-15 15:44:17| 343.7|  0.7|INFORM|NVDBAPI2GML_FeatureMerger_3(ReferenceFactory): Processing requestors: Completed 7.11% of intermediate processing
2016-08-15 15:44:20| 344.8|  1.0|INFORM|Processed 218 elements with mode CLASSIC
2016-08-15 15:44:25| 346.7|  1.9|INFORM|Processed 252 elements with mode CLASSIC
2016-08-15 15:44:30| 348.1|  1.4|INFORM|Processed 289 elements with mode CLASSIC
2016-08-15 15:44:31| 348.8|  0.7|INFORM|NVDBAPI2GML_FeatureMerger_3(ReferenceFactory): Processing requestors: Completed 10.66% of intermediate processing
2016-08-15 15:44:35| 349.9|  1.1|INFORM|Processed 322 elements with mode CLASSIC
2016-08-15 15:44:40| 352.1|  2.2|INFORM|Processed 350 elements with mode CLASSIC
2016-08-15 15:44:45| 354.0|  1.9|INFORM|Processed 383 elements with mode CLASSIC
2016-08-15 15:44:47| 355.0|  1.0|INFORM|NVDBAPI2GML_FeatureMerger_3(ReferenceFactory): Processing requestors: Completed 14.22% of intermediate processing
2016-08-15 15:44:50| 356.2|  1.2|INFORM|Processed 411 elements with mode CLASSIC
2016-08-15 15:44:55| 359.1|  2.9|INFORM|Processed 437 elements with mode CLASSIC
2016-08-15 15:45:00| 361.0|  2.0|INFORM|Processed 470 elements with mode CLASSIC
2016-08-15 15:45:05| 364.1|  3.0|INFORM|Processed 492 elements with mode CLASSIC
2016-08-15 15:45:05| 364.2|  0.1|INFORM|NVDBAPI2GML_FeatureMerger_3(ReferenceFactory): Processing requestors: Completed 17.78% of intermediate processing
2016-08-15 15:45:10| 366.4|  2.3|INFORM|Processed 522 elements with mode CLASSIC
2016-08-15 15:45:15| 368.1|  1.7|INFORM|Processed 543 elements with mode CLASSIC
2016-08-15 15:45:18| 369.3|  1.1|INFORM|NVDBAPI2GML_FeatureMerger_3(ReferenceFactory): Processing requestors: Completed 21.33% of intermediate processing
2016-08-15 15:45:20| 370.7|  1.5|INFORM|Processed 827 elements with mode CLASSIC
2016-08-15 15:45:23| 373.2|  2.4|INFORM|NVDBAPI2GML_FeatureMerger_3(ReferenceFactory): Processing requestors: Completed 53.34% of intermediate processing
2016-08-15 15:45:28| 377.1|  3.9|INFORM|NVDBAPI2GML_FeatureMerger_3(ReferenceFactory): Processing requestors: Completed 85.34% of intermediate processing
2016-08-15 15:45:38| 380.2|  3.2|INFORM|NVDBAPI2GML_FeatureMerger_3(ReferenceFactory): Processing requestors: Completed 99.57% of intermediate processing
2016-08-15 15:45:39| 380.5|  0.3|INFORM|NVDBAPI2GML_FeatureMerger_3(ReferenceFactory): Processing requestors: Completed 100% of intermediate processing
2016-08-15 15:45:39| 380.5|  0.0|STATS |NVDBAPI2GML_FeatureMerger_3(ReferenceFactory): Total Results: 0 Complete Feature(s), 2812 Incomplete Feature(s), 0 Referenced Feature(s), 0 Unreferenced Feature(s), 0 Referencer Feature(s) (NO REFERENCES), 0 Referencee Feature(s) (NO Referencee fields defined), and 0 Duplicate Referencee Feature(s)
2016-08-15 15:45:39| 380.5|  0.0|STATS |NVDBAPI2GML_GeometryFilter_InputPassThrough(TeeFactory): Cloned 2812 input feature(s) into 2812 output feature(s)
2016-08-15 15:45:39| 380.5|  0.0|STATS |NVDBAPI2GML_GeometryFilter_RouterPrepper(TeeFactory): Cloned 2812 input feature(s) into 2812 output feature(s)
2016-08-15 15:45:39| 380.5|  0.0|STATS |NVDBAPI2GML_GeometryFilter_Router(TestFactory): Tested 2812 input feature(s) -- 2812 feature(s) passed and 0 feature(s) failed
2016-08-15 15:45:39| 380.5|  0.0|STATS |NVDBAPI2GML_GeometryFilter LINE Splitter(TeeFactory): Cloned 1275 input feature(s) into 2550 output feature(s)
2016-08-15 15:45:39| 380.5|  0.0|STATS |NVDBAPI2GML_GeometryFilter <UNFILTERED> Output Nuker(TeeFactory): Cloned 0 input feature(s) into 0 output feature(s)
2016-08-15 15:45:39| 380.5|  0.0|STATS |NVDBAPI2GML_GeometryPropertySetter_3_Outputter(TeeFactory): Cloned 0 input feature(s) into 0 output feature(s)
2016-08-15 15:45:39| 380.5|  0.0|STATS |NVDBAPI2GML_LineJoiner(ArcFactory): Computing maximal arcs defined by 1275 input features
2016-08-15 15:45:39| 380.5|  0.0|INFORM|NVDBAPI2GML_LineJoiner(ArcFactory): Processing feature groups 1 through 1275
2016-08-15 15:45:39| 380.5|  0.0|STATS |NVDBAPI2GML_LineJoiner(ArcFactory): Completed linearization of all groups
2016-08-15 15:45:39| 380.5|  0.0|STATS |NVDBAPI2GML_LineJoiner(ArcFactory): Reduced 1275 input feature(s) to 1275 output feature(s), for a reduction of 0%
2016-08-15 15:45:39| 380.5|  0.0|STATS |NVDBAPI2GML_LineJoiner_<REJECTED> Feature Counter 0 2147680346(TeeFactory): Cloned 0 input feature(s) into 0 output feature(s)
2016-08-15 15:45:39| 380.5|  0.0|INFORM|Processed 1539 elements with mode CLASSIC
2016-08-15 15:45:44| 385.1|  4.6|INFORM|Processed 1649 elements with mode CLASSIC
2016-08-15 15:45:49| 390.1|  5.0|INFORM|Processed 1738 elements with mode CLASSIC
2016-08-15 15:45:49| 390.1|  0.0|INFORM|NVDBAPI2GML_FeatureMerger_2(ReferenceFactory): Processing requestors: Completed 15.68% of intermediate processing
2016-08-15 15:45:54| 395.0|  5.0|INFORM|Processed 1815 elements with mode CLASSIC
2016-08-15 15:45:55| 396.4|  1.4|INFORM|NVDBAPI2GML_FeatureMerger_2(ReferenceFactory): Processing requestors: Completed 23.52% of intermediate processing
2016-08-15 15:45:59| 400.0|  3.6|INFORM|Processed 1886 elements with mode CLASSIC
2016-08-15 15:46:03| 404.4|  4.4|INFORM|NVDBAPI2GML_FeatureMerger_2(ReferenceFactory): Processing requestors: Completed 31.37% of intermediate processing
2016-08-15 15:46:04| 405.0|  0.6|INFORM|Processed 1945 elements with mode CLASSIC
2016-08-15 15:46:09| 410.1|  5.1|INFORM|Processed 1994 elements with mode CLASSIC
2016-08-15 15:46:14| 415.1|  5.0|INFORM|Processed 2036 elements with mode CLASSIC
2016-08-15 15:46:14| 415.1|  0.0|INFORM|NVDBAPI2GML_FeatureMerger_2(ReferenceFactory): Processing requestors: Completed 39.21% of intermediate processing
2016-08-15 15:46:19| 420.1|  5.0|INFORM|Processed 2065 elements with mode CLASSIC
2016-08-15 15:46:24| 425.0|  4.9|INFORM|Processed 2089 elements with mode CLASSIC
2016-08-15 15:46:29| 429.8|  4.8|INFORM|Processed 2108 elements with mode CLASSIC
2016-08-15 15:46:34| 434.5|  4.7|INFORM|Processed 2129 elements with mode CLASSIC
2016-08-15 15:46:34| 434.7|  0.2|INFORM|NVDBAPI2GML_FeatureMerger_2(ReferenceFactory): Processing requestors: Completed 47.05% of intermediate processing
2016-08-15 15:46:39| 438.7|  3.9|INFORM|Processed 2169 elements with mode CLASSIC
2016-08-15 15:46:44| 443.3|  4.6|INFORM|Processed 2213 elements with mode CLASSIC
2016-08-15 15:46:47| 446.1|  2.8|INFORM|NVDBAPI2GML_FeatureMerger_2(ReferenceFactory): Processing requestors: Completed 54.9% of intermediate processing
2016-08-15 15:46:49| 447.7|  1.6|INFORM|Processed 2247 elements with mode CLASSIC
2016-08-15 15:46:54| 452.0|  4.3|INFORM|Processed 2274 elements with mode CLASSIC
2016-08-15 15:46:59| 456.5|  4.5|INFORM|Processed 2307 elements with mode CLASSIC
2016-08-15 15:47:03| 460.4|  3.9|INFORM|NVDBAPI2GML_FeatureMerger_2(ReferenceFactory): Processing requestors: Completed 62.74% of intermediate processing
2016-08-15 15:47:04| 461.0|  0.6|INFORM|Processed 2340 elements with mode CLASSIC
2016-08-15 15:47:09| 465.4|  4.4|INFORM|Processed 2369 elements with mode CLASSIC
2016-08-15 15:47:14| 469.1|  3.7|INFORM|Processed 2415 elements with mode CLASSIC
2016-08-15 15:47:15| 470.0|  0.8|INFORM|NVDBAPI2GML_FeatureMerger_2(ReferenceFactory): Processing requestors: Completed 70.58% of intermediate processing
2016-08-15 15:47:19| 473.3|  3.4|INFORM|Processed 2462 elements with mode CLASSIC
2016-08-15 15:47:24| 477.3|  3.9|INFORM|Processed 2492 elements with mode CLASSIC
2016-08-15 15:47:29| 481.3|  4.0|INFORM|Processed 2531 elements with mode CLASSIC
2016-08-15 15:47:30| 482.3|  1.0|INFORM|NVDBAPI2GML_FeatureMerger_2(ReferenceFactory): Processing requestors: Completed 78.43% of intermediate processing
2016-08-15 15:47:34| 485.7|  3.4|INFORM|Processed 2560 elements with mode CLASSIC
2016-08-15 15:47:39| 490.2|  4.5|INFORM|Processed 2587 elements with mode CLASSIC
2016-08-15 15:47:44| 494.3|  4.1|INFORM|Processed 2607 elements with mode CLASSIC
2016-08-15 15:47:49| 498.4|  4.1|INFORM|Processed 2625 elements with mode CLASSIC
2016-08-15 15:47:52| 501.1|  2.6|INFORM|NVDBAPI2GML_FeatureMerger_2(ReferenceFactory): Processing requestors: Completed 86.27% of intermediate processing
2016-08-15 15:47:54| 502.7|  1.6|INFORM|Processed 2644 elements with mode CLASSIC
2016-08-15 15:47:59| 506.8|  4.1|INFORM|Processed 2665 elements with mode CLASSIC
2016-08-15 15:48:04| 510.0|  3.2|INFORM|Processed 2706 elements with mode CLASSIC
2016-08-15 15:48:08| 512.4|  2.4|INFORM|NVDBAPI2GML_FeatureMerger_2(ReferenceFactory): Processing requestors: Completed 94.11% of intermediate processing
2016-08-15 15:48:09| 513.2|  0.8|INFORM|Processed 2744 elements with mode CLASSIC
2016-08-15 15:48:14| 516.7|  3.5|INFORM|Processed 2787 elements with mode CLASSIC
2016-08-15 15:48:18| 519.2|  2.5|INFORM|NVDBAPI2GML_FeatureMerger_2(ReferenceFactory): Processing requestors: Completed 100% of intermediate processing
2016-08-15 15:48:19| 520.1|  0.9|STATS |NVDBAPI2GML_FeatureMerger_2(ReferenceFactory): Total Results: 1275 Complete Feature(s), 0 Incomplete Feature(s), 0 Referenced Feature(s), 0 Unreferenced Feature(s), 0 Referencer Feature(s) (NO REFERENCES), 0 Referencee Feature(s) (NO Referencee fields defined), and 0 Duplicate Referencee Feature(s)
2016-08-15 15:48:19| 520.1|  0.0|STATS |NVDBAPI2GML_GeometryPropertySetter_4_Outputter(TeeFactory): Cloned 1275 input feature(s) into 1275 output feature(s)
2016-08-15 15:48:19| 520.1|  0.0|STATS |NVDBAPI2GML_GeometryPropertySetter_Outputter(TeeFactory): Cloned 1537 input feature(s) into 1537 output feature(s)
2016-08-15 15:48:19| 520.1|  0.0|STATS |NVDBAPI2GML_AttributeValueMapper_2(TeeFactory): Cloned 2812 input feature(s) into 2812 output feature(s)
2016-08-15 15:48:19| 520.1|  0.0|STATS |NVDBAPI2GML_AttributeValueMapper_2 OUTPUT Splitter(TeeFactory): Cloned 2812 input feature(s) into 5624 output feature(s)
2016-08-15 15:48:19| 520.1|  0.0|STATS |NVDBAPI2GML_AttributeKeeper(TeeFactory): Cloned 2812 input feature(s) into 2812 output feature(s)
2016-08-15 15:48:19| 520.1|  0.0|STATS |NVDBAPI2GML_ListElementCounter(TeeFactory): Cloned 2812 input feature(s) into 2812 output feature(s)
2016-08-15 15:48:19| 520.1|  0.0|STATS |NVDBAPI2GML_TestFilter(TeeFactory): Cloned 2812 input feature(s) into 2812 output feature(s)
2016-08-15 15:48:19| 520.1|  0.0|STATS |NVDBAPI2GML_TestFilter_TestFactory_0(TestFactory): Tested 2812 input feature(s) -- 2812 feature(s) passed and 0 feature(s) failed
2016-08-15 15:48:19| 520.1|  0.0|STATS |NVDBAPI2GML_TestFilter_Strekning(TeeFactory): Cloned 0 input feature(s) into 0 output feature(s)
2016-08-15 15:48:19| 520.1|  0.0|STATS |NVDBAPI2GML_ListExploder_2(ElementFactory): Split out 0 list elements from 0 input features, using mode CLASSIC
2016-08-15 15:48:19| 520.1|  0.0|STATS |NVDBAPI2GML_ListBuilder_fme_type_remover(TeeFactory): Cloned 0 input feature(s) into 0 output feature(s)
2016-08-15 15:48:19| 520.1|  0.0|STATS |NVDBAPI2GML_ListBuilder(ListFactory): Combined 0 input feature(s) into 0 output feature(s), including 0 singleton(s)
2016-08-15 15:48:19| 520.1|  0.0|STATS |NVDBAPI2GML_ListExploder(ElementFactory): Split out 2812 list elements from 2812 input features, using mode CLASSIC
2016-08-15 15:48:19| 520.1|  0.0|STATS |NVDBAPI2GML_AttributeRenamer(TeeFactory): Cloned 2812 input feature(s) into 2812 output feature(s)
2016-08-15 15:48:19| 520.1|  0.0|STATS |NVDBAPI2GML_AttributeRemover(TeeFactory): Cloned 2812 input feature(s) into 2812 output feature(s)
2016-08-15 15:48:19| 520.2|  0.1|INFORM|Creating writer for format: 
2016-08-15 15:48:19| 520.2|  0.0|INFORM|FME Configuration: No destination coordinate system set
2016-08-15 15:48:19| 520.2|  0.0|INFORM|Using MultiWriter $Revision$ ( $Date$ ) with keyword `GML_1_FANOUT' to output data (ID_ATTRIBUTE is `multi_writer_id')
2016-08-15 15:48:19| 520.2|  0.0|INFORM|Writer output will be ordered by input dataset ordering
2016-08-15 15:48:19| 520.2|  0.0|INFORM|Writer `GML_1_FANOUT' of type `MULTI_WRITER' using group definition keyword `MULTI_WRITER_DEF'
2016-08-15 15:48:19| 520.2|  0.0|INFORM|Creating writer for format: GML (Geography Markup Language)
2016-08-15 15:48:19| 520.2|  0.0|INFORM|Trying to find a DYNAMIC plugin for writer named `GML'
2016-08-15 15:48:20| 520.3|  0.1|INFORM|Loaded module 'GML' from file 'C:\Program Files\FME2016.1\64\plugins/GML.dll'
2016-08-15 15:48:20| 520.3|  0.0|INFORM|FME API version of module 'GML' matches current internal version (3.8 20160224)
2016-08-15 15:48:20| 520.3|  0.0|INFORM|FME Configuration: No destination coordinate system set
2016-08-15 15:48:20| 520.3|  0.0|INFORM|FME API version of module 'GML' matches current internal version (3.8 20160224)
2016-08-15 15:48:20| 520.3|  0.0|INFORM|Writer `GML_1' of type `GML' using group definition keyword `GML_1_DEF'
2016-08-15 15:48:20| 520.3|  0.0|INFORM|FME API version of module 'GML' matches current internal version (3.8 20160224)
2016-08-15 15:48:20| 520.4|  0.0|INFORM|<GML_1 Writer> - Using GML 'GENERIC_APPLICATION_SCHEMA' profile writer
2016-08-15 15:48:20| 520.4|  0.0|INFORM|The uri-map document 'C:\Program Files\FME2016.1\64\xml\urimap\gml_aixm.xml' is being used to map from URI to URI
2016-08-15 15:48:20| 520.4|  0.0|INFORM|The uri-map document 'C:\Program Files\FME2016.1\64\xml\urimap\gml_citygml.xml' is being used to map from URI to URI
2016-08-15 15:48:20| 520.4|  0.0|INFORM|The uri-map document 'C:\Program Files\FME2016.1\64\xml\urimap\gml_inspire.xml' is being used to map from URI to URI
2016-08-15 15:48:20| 520.4|  0.0|INFORM|The uri-map document 'C:\Program Files\FME2016.1\64\xml\urimap\gml_urimap.xml' is being used to map from URI to URI
2016-08-15 15:48:20| 520.4|  0.0|INFORM|URI 'file:///C:/DATA/GitHub/NVDBGML/XSD/NIFS/Stikkrenne.xsd' mapped to 'file:///C:/DATA/GitHub/NVDBGML/XSD/NIFS/Stikkrenne.xsd'
2016-08-15 15:48:20| 520.4|  0.0|INFORM|Parsing schema document 'file:///C:/DATA/GitHub/NVDBGML/XSD/NIFS/Stikkrenne.xsd' ...
2016-08-15 15:48:20| 520.4|  0.0|INFORM|A <schemaLocation> in the uri-map is overriding the namespace 'http://www.w3.org/1999/xlink' xsd location from '../../xlink/1.0.0/xlinks.xsd' to 'xlink.xsd'
2016-08-15 15:48:20| 520.4|  0.0|INFORM|A <schemaLocation> in the uri-map is overriding the namespace 'http://www.w3.org/1999/xlink' xsd location from '../../../../xlink/1.0.0/xlinks.xsd' to 'xlink.xsd'
2016-08-15 15:48:20| 520.4|  0.0|INFORM|A <schemaLocation> in the uri-map is overriding the namespace 'http://www.w3.org/1999/xlink' xsd location from '../../../../xlink/1.0.0/xlinks.xsd' to 'xlink.xsd'
2016-08-15 15:48:20| 520.4|  0.0|INFORM|<GML_1 Writer> - Map Embedded Object as: 'ATTRIBUTES'
2016-08-15 15:48:20| 520.4|  0.0|INFORM|<GML_1 Writer> - Map Predefined Properties: 'NO'
2016-08-15 15:48:20| 520.4|  0.0|INFORM|<GML_1 Writer> - Map All Substitutable Properties: 'YES'
2016-08-15 15:48:20| 520.4|  0.0|INFORM|<GML_1 Writer> - Map Complex Properties as: 'NESTED_ATTRIBUTES'
2016-08-15 15:48:20| 520.4|  0.0|INFORM|<GML_1 Writer> - Add XML Namespace Prefix to: 'UNSET'
2016-08-15 15:48:20| 520.4|  0.0|INFORM|<GML_1 Writer> - Limit Number of Lists in Nested Attributes: 'UNSET'
2016-08-15 15:48:20| 520.4|  0.0|INFORM|Using XSD semantics configuration file 'file:///C:/Program Files/FME2016.1/64/xml/gml_v3.2/gml_config.xml'.
2016-08-15 15:48:20| 520.5|  0.1|INFORM|FME Configuration: Destination coordinate system set to input coordinate system `EPSG:25833'
2016-08-15 15:48:20| 520.5|  0.0|INFORM|<GML_1 Writer> - Calculating dataset bounding box, please wait...
2016-08-15 15:48:21| 520.8|  0.4|STATS |NVDBAPI2GML_FeatureMerger(ReferenceFactory): Total Results: 2812 Complete Feature(s), 0 Incomplete Feature(s), 0 Referenced Feature(s), 0 Unreferenced Feature(s), 0 Referencer Feature(s) (NO REFERENCES), 0 Referencee Feature(s) (NO Referencee fields defined), and 0 Duplicate Referencee Feature(s)
2016-08-15 15:48:21| 520.8|  0.0|STATS |NVDBAPI2GML_Output1471268289 Output Collector(TeeFactory): Cloned 2812 input feature(s) into 2812 output feature(s)
2016-08-15 15:48:21| 520.8|  0.0|STATS |NVDBAPI2GML Output Output Renamer/Nuker(TeeFactory): Cloned 2812 input feature(s) into 2812 output feature(s)
2016-08-15 15:48:21| 520.9|  0.0|STATS |AttributeCreator (Disabled) Nuker(TeeFactory): Cloned 1 input feature(s) into 0 output feature(s)
2016-08-15 15:48:21| 520.9|  0.0|STATS |Destination Feature Type Routing Correlator(RoutingFactory): Tested 2812 input feature(s), wrote 2812 output feature(s): 0 matched merge filters, 2812 were routed to output, 0 could not be routed.
2016-08-15 15:48:21| 520.9|  0.0|STATS |Final Output Nuker(TeeFactory): Cloned 0 input feature(s) into 0 output feature(s)
2016-08-15 15:48:21| 520.9|  0.0|STATS |Stored 11 feature(s) to FME feature store file `C:\Users\knjetl\AppData\Local\Temp\no-conn-ffs-1471268289550_5124_13.ffs'
2016-08-15 15:48:21| 520.9|  0.0|INFORM|=-=-=-=-=-=-=-=-=-=-=-=-=-=-=-=-=-=-=-=-=-=-=-=-=-=-=-=-=-=-=-=-=-=-=-=-=-=-=-
2016-08-15 15:48:21| 520.9|  0.0|INFORM|Feature output statistics for `FFS' writer using keyword `W_1':
2016-08-15 15:48:21| 520.9|  0.0|STATS |=-=-=-=-=-=-=-=-=-=-=-=-=-=-=-=-=-=-=-=-=-=-=-=-=-=-=-=-=-=-=-=-=-=-=-=-=-=-=-
2016-08-15 15:48:21| 520.9|  0.0|STATS |                               Features Written
2016-08-15 15:48:21| 520.9|  0.0|STATS |=-=-=-=-=-=-=-=-=-=-=-=-=-=-=-=-=-=-=-=-=-=-=-=-=-=-=-=-=-=-=-=-=-=-=-=-=-=-=-
2016-08-15 15:48:21| 520.9|  0.0|STATS |NVDBAPI2GML_ListExploder_3_<REJECTED>                                     2169
2016-08-15 15:48:21| 520.9|  0.0|STATS |==============================================================================
2016-08-15 15:48:21| 520.9|  0.0|STATS |Total Features Written                                                    2169
2016-08-15 15:48:21| 520.9|  0.0|STATS |=-=-=-=-=-=-=-=-=-=-=-=-=-=-=-=-=-=-=-=-=-=-=-=-=-=-=-=-=-=-=-=-=-=-=-=-=-=-=-
2016-08-15 15:48:21| 520.9|  0.0|INFORM|<GML_1 Writer> - Writing the GML document 'C:\DATA\GitHub\NVDBGML\GML\NIFS\0520\StikkrenneKulvert.gml'
2016-08-15 15:48:24| 523.0|  2.2|INFORM|=-=-=-=-=-=-=-=-=-=-=-=-=-=-=-=-=-=-=-=-=-=-=-=-=-=-=-=-=-=-=-=-=-=-=-=-=-=-=-
2016-08-15 15:48:24| 523.0|  0.0|INFORM|Feature output statistics for `GML' writer using keyword `GML_1':
2016-08-15 15:48:24| 523.0|  0.0|STATS |=-=-=-=-=-=-=-=-=-=-=-=-=-=-=-=-=-=-=-=-=-=-=-=-=-=-=-=-=-=-=-=-=-=-=-=-=-=-=-
2016-08-15 15:48:24| 523.0|  0.0|STATS |                               Features Written
2016-08-15 15:48:24| 523.0|  0.0|STATS |=-=-=-=-=-=-=-=-=-=-=-=-=-=-=-=-=-=-=-=-=-=-=-=-=-=-=-=-=-=-=-=-=-=-=-=-=-=-=-
2016-08-15 15:48:24| 523.0|  0.0|STATS |StikkrenneKulvert                                                         2812
2016-08-15 15:48:24| 523.0|  0.0|STATS |==============================================================================
2016-08-15 15:48:24| 523.0|  0.0|STATS |Total Features Written                                                    2812
2016-08-15 15:48:24| 523.0|  0.0|STATS |=-=-=-=-=-=-=-=-=-=-=-=-=-=-=-=-=-=-=-=-=-=-=-=-=-=-=-=-=-=-=-=-=-=-=-=-=-=-=-
2016-08-15 15:48:24| 523.0|  0.0|INFORM|=-=-=-=-=-=-=-=-=-=-=-=-=-=-=-=-=-=-=-=-=-=-=-=-=-=-=-=-=-=-=-=-=-=-=-=-=-=-=-
2016-08-15 15:48:24| 523.0|  0.0|INFORM|Feature output statistics for `MULTI_WRITER' writer using keyword `GML_1_FANOUT':
2016-08-15 15:48:24| 523.0|  0.0|STATS |=-=-=-=-=-=-=-=-=-=-=-=-=-=-=-=-=-=-=-=-=-=-=-=-=-=-=-=-=-=-=-=-=-=-=-=-=-=-=-
2016-08-15 15:48:24| 523.0|  0.0|STATS |                               Features Written
2016-08-15 15:48:24| 523.0|  0.0|STATS |=-=-=-=-=-=-=-=-=-=-=-=-=-=-=-=-=-=-=-=-=-=-=-=-=-=-=-=-=-=-=-=-=-=-=-=-=-=-=-
2016-08-15 15:48:24| 523.0|  0.0|STATS |StikkrenneKulvert                                                         2812
2016-08-15 15:48:24| 523.0|  0.0|STATS |==============================================================================
2016-08-15 15:48:24| 523.0|  0.0|STATS |Total Features Written                                                    2812
2016-08-15 15:48:24| 523.0|  0.0|STATS |=-=-=-=-=-=-=-=-=-=-=-=-=-=-=-=-=-=-=-=-=-=-=-=-=-=-=-=-=-=-=-=-=-=-=-=-=-=-=-
2016-08-15 15:48:24| 523.0|  0.0|STATS |=-=-=-=-=-=-=-=-=-=-=-=-=-=-=-=-=-=-=-=-=-=-=-=-=-=-=-=-=-=-=-=-=-=-=-=-=-=-=-
2016-08-15 15:48:24| 523.0|  0.0|STATS |                            Features Read Summary
2016-08-15 15:48:24| 523.0|  0.0|STATS |=-=-=-=-=-=-=-=-=-=-=-=-=-=-=-=-=-=-=-=-=-=-=-=-=-=-=-=-=-=-=-=-=-=-=-=-=-=-=-
2016-08-15 15:48:24| 523.0|  0.0|STATS |==============================================================================
2016-08-15 15:48:24| 523.0|  0.0|STATS |Total Features Read                                                          0
2016-08-15 15:48:24| 523.0|  0.0|STATS |=-=-=-=-=-=-=-=-=-=-=-=-=-=-=-=-=-=-=-=-=-=-=-=-=-=-=-=-=-=-=-=-=-=-=-=-=-=-=-
2016-08-15 15:48:24| 523.0|  0.0|STATS |=-=-=-=-=-=-=-=-=-=-=-=-=-=-=-=-=-=-=-=-=-=-=-=-=-=-=-=-=-=-=-=-=-=-=-=-=-=-=-
2016-08-15 15:48:24| 523.0|  0.0|STATS |                           Features Written Summary
2016-08-15 15:48:24| 523.0|  0.0|STATS |=-=-=-=-=-=-=-=-=-=-=-=-=-=-=-=-=-=-=-=-=-=-=-=-=-=-=-=-=-=-=-=-=-=-=-=-=-=-=-
2016-08-15 15:48:24| 523.0|  0.0|STATS |StikkrenneKulvert                                                         2812
2016-08-15 15:48:24| 523.0|  0.0|STATS |==============================================================================
2016-08-15 15:48:24| 523.0|  0.0|STATS |Total Features Written                                                    2812
2016-08-15 15:48:24| 523.0|  0.0|STATS |=-=-=-=-=-=-=-=-=-=-=-=-=-=-=-=-=-=-=-=-=-=-=-=-=-=-=-=-=-=-=-=-=-=-=-=-=-=-=-
2016-08-15 15:48:24| 523.0|  0.0|INFORM|Translation was SUCCESSFUL with 0 warning(s) (2812 feature(s) output)
2016-08-15 15:48:24| 523.0|  0.0|INFORM|FME Session Duration: 10 minutes 14.5 seconds. (CPU: 286.3s user, 236.5s system)
2016-08-15 15:48:24| 523.0|  0.0|INFORM|END - ProcessID: 10996, peak process memory usage: 39274752 kB, current process memory usage: 159528 kB
