2015-07-09 08:39:01|   0.1|  0.1|INFORM|FME 2015.1.0.0 (20150426 - Build 15479 - WIN64)
2015-07-09 08:39:01|   0.1|  0.0|INFORM|FME_HOME is 'C:\Program Files\FME2015\64\'
2015-07-09 08:39:01|   0.1|  0.0|INFORM|FME ESRI Edition (node locked-crc)
2015-07-09 08:39:01|   0.1|  0.0|INFORM|Serial Number: S0601A0917
2015-07-09 08:39:01|   0.1|  0.0|INFORM|Permanent License.
2015-07-09 08:39:01|   0.1|  0.0|INFORM|Machine host name is: SVV-55247
2015-07-09 08:39:01|   0.1|  0.0|INFORM|START - ProcessID: 11384, peak process memory usage: 53264 kB, current process memory usage: 53264 kB
2015-07-09 08:39:01|   0.1|  0.0|INFORM|FME Configuration: Command line arguments are `C:\Program Files\FME2015\64\fme.exe' `C:/DATA/Standardisering/NVDBGML/FME\wb-xlate-1436423936737_5420' `LOG_STANDARDOUT' `YES' `LogCountServerName' `{e73fedea-65f9-43ef-a981-c7ecc342ebb4}'
2015-07-09 08:39:01|   0.2|  0.1|INFORM|Shared folders for formats are : C:\Program Files\FME2015\64\datasources;C:\Users\knjetl\AppData\Roaming\Safe Software\FME\FME Store\Formats;\\SVV1P04AUSER01\KNJETL$\documents\FME\Formats
2015-07-09 08:39:01|   0.2|  0.0|INFORM|Shared folders for transformers are : C:\Program Files\FME2015\64\transformers;C:\Users\knjetl\AppData\Roaming\Safe Software\FME\FME Store\Transformers;\\SVV1P04AUSER01\KNJETL$\documents\FME\Transformers
2015-07-09 08:39:01|   0.2|  0.0|INFORM|Shared folders for coordinate systems are : \\SVV1P04AUSER01\KNJETL$\documents\FME\CoordinateSystems
2015-07-09 08:39:01|   0.2|  0.0|INFORM|Shared folders for coordinate system exceptions are : \\SVV1P04AUSER01\KNJETL$\documents\FME\CoordinateSystemExceptions
2015-07-09 08:39:01|   0.2|  0.0|INFORM|Shared folders for coordinate system grid overrides are : \\SVV1P04AUSER01\KNJETL$\documents\FME\CoordinateSystemGridOverrides
2015-07-09 08:39:01|   0.2|  0.0|INFORM|Shared folders for CS-MAP transformation exceptions are : \\SVV1P04AUSER01\KNJETL$\documents\FME\CsmapTransformationExceptions
2015-07-09 08:39:01|   0.2|  0.0|INFORM|Shared folders for transformer categories are : \\SVV1P04AUSER01\KNJETL$\documents\FME\TransformerCategories
2015-07-09 08:39:01|   0.2|  0.0|INFORM|FME Configuration: Reader Keyword is `NULL_SOURCE'
2015-07-09 08:39:01|   0.2|  0.0|INFORM|FME Configuration: Writer Keyword is `NULL_DEST'
2015-07-09 08:39:01|   0.2|  0.0|INFORM|FME Configuration: Writer Group Definition Keyword is `NULL_DEST_DEF'
2015-07-09 08:39:01|   0.2|  0.0|INFORM|FME Configuration: Reader type is `NULL'
2015-07-09 08:39:01|   0.2|  0.0|INFORM|FME Configuration: Writer type is `NULL'
2015-07-09 08:39:01|   0.2|  0.0|INFORM|FME Configuration: No destination coordinate system set
2015-07-09 08:39:01|   0.2|  0.0|INFORM|FME Configuration: Current working folder is `C:\DATA\Standardisering\NVDBGML\FME'
2015-07-09 08:39:01|   0.2|  0.0|INFORM|FME Configuration: Temporary folder is `C:\Users\knjetl\AppData\Local\Temp'
2015-07-09 08:39:01|   0.2|  0.0|INFORM|FME Configuration: FME_HOME is `C:\Program Files\FME2015\64\'
2015-07-09 08:39:01|   0.2|  0.0|INFORM|FME Configuration: FME_BASE is 'no'
2015-07-09 08:39:01|   0.2|  0.0|INFORM|FME Configuration: FME_MF_DIR is 'C:\DATA\Standardisering\NVDBGML\FME/'
2015-07-09 08:39:01|   0.2|  0.0|INFORM|FME Configuration: FME_MF_NAME is 'NVDBAPI2GML_MappingFiles_Paraply.fmw'
2015-07-09 08:39:01|   0.2|  0.0|INFORM|FME Configuration: FME_PRODUCT_NAME is 'FME(R) 2015.1.0.0'
2015-07-09 08:39:01|   0.2|  0.0|INFORM|System Status: 192.37 GB of disk space available in the FME temporary folder (C:\Users\knjetl\AppData\Local\Temp)
2015-07-09 08:39:01|   0.2|  0.0|INFORM|System Status: 8.00 TB of virtual memory available
2015-07-09 08:39:01|   0.2|  0.0|INFORM|Operating System: Microsoft Windows 7 64-bit Service Pack 1 (Build 7601)
2015-07-09 08:39:01|   0.2|  0.0|INFORM|FME Platform: WIN64
2015-07-09 08:39:01|   0.2|  0.0|INFORM|Locale: nb_NO
2015-07-09 08:39:01|   0.2|  0.0|INFORM|Code Page: 1252  (ANSI - latin I)
2015-07-09 08:39:01|   0.2|  0.0|INFORM|FME Configuration: Process limits are 31.91 GB of physical memory and 8.00 TB of address space
2015-07-09 08:39:01|   0.2|  0.0|INFORM|FME Configuration: Start freeing memory when process usage exceeds 12.00 GB of memory or 8.00 TB of address space
2015-07-09 08:39:01|   0.2|  0.0|INFORM|FME Configuration: Stop freeing memory when process usage is below 9.00 GB of memory and 6.00 TB of address space
2015-07-09 08:39:02|   0.3|  0.1|INFORM|Creating writer for format: NULL (Nothing)
2015-07-09 08:39:02|   0.4|  0.0|INFORM|Trying to find a DYNAMIC plugin for writer named `NULL'
2015-07-09 08:39:02|   0.4|  0.0|INFORM|Loaded module 'NULL' from file 'C:\Program Files\FME2015\64\plugins/NULL.dll'
2015-07-09 08:39:02|   0.4|  0.0|INFORM|FME API version of module 'NULL' matches current internal version (3.7 20150407)
2015-07-09 08:39:02|   0.4|  0.0|INFORM|Creating reader for format: NULL (Nothing)
2015-07-09 08:39:02|   0.4|  0.0|INFORM|Trying to find a DYNAMIC plugin for reader named `NULL'
2015-07-09 08:39:02|   0.4|  0.0|INFORM|FME API version of module 'NULL' matches current internal version (3.7 20150407)
2015-07-09 08:39:02|   0.4|  0.0|INFORM|Loaded module 'LogCount_func' from file 'C:\Program Files\FME2015\64\plugins/LogCount_func.dll'
2015-07-09 08:39:02|   0.4|  0.0|INFORM|FME API version of module 'LogCount_func' matches current internal version (3.7 20150407)
2015-07-09 08:39:03|   0.5|  0.0|INFORM|Creating writer for format: FME Feature Store (FFS)
2015-07-09 08:39:03|   0.5|  0.0|INFORM|FME Configuration: No destination coordinate system set
2015-07-09 08:39:03|   0.5|  0.0|INFORM|FME API version of module 'NULL' matches current internal version (3.7 20150407)
2015-07-09 08:39:03|   0.5|  0.0|INFORM|FME API version of module 'NULL' matches current internal version (3.7 20150407)
2015-07-09 08:39:03|   0.5|  0.0|INFORM|Loaded module 'Geometry_func' from file 'C:\Program Files\FME2015\64\plugins/Geometry_func.dll'
2015-07-09 08:39:03|   0.5|  0.0|INFORM|FME API version of module 'Geometry_func' matches current internal version (3.7 20150407)
2015-07-09 08:39:03|   0.5|  0.0|INFORM|Emptying factory pipeline
2015-07-09 08:39:03|   0.5|  0.0|INFORM|ListExploder(ElementFactory): No MODE specified.  Using default processing mode (CLASSIC)
2015-07-09 08:39:03|   0.5|  0.0|INFORM|WorkspaceRunner: Running FME Workspace C:\DATA\Standardisering\NVDBGML\FME/NVDBAPI2GML_MappingFiles.fmw with command line:
2015-07-09 08:39:03|   0.5|  0.0|INFORM|WorkspaceRunner: {C:/Program Files/FME2015/64/fme} C:/DATA/Standardisering/NVDBGML/FME/NVDBAPI2GML_MappingFiles.fmw --gmlName NVDBLedning --ftID 470 --Kommuner 402 2>@1
2015-07-09 08:39:09|   0.5|  0.0|INFORM|WorkspaceRunner: Successfully ran workspace C:\DATA\Standardisering\NVDBGML\FME/NVDBAPI2GML_MappingFiles.fmw
2015-07-09 08:39:09|   0.5|  0.0|STATS |Storing feature(s) to FME feature store file `C:\Users\knjetl\AppData\Local\Temp\NVDBAPI2GML_MappingFiles_Paraply_083900\inspector.ffs'
2015-07-09 08:39:09|   0.5|  0.0|STATS |Storing feature(s) to FME feature store file `C:\Users\knjetl\AppData\Local\Temp\NVDBAPI2GML_MappingFiles_Paraply_083900\inspector.fsc'
2015-07-09 08:39:09|   0.5|  0.0|INFORM|Processed 3 elements with mode CLASSIC
2015-07-09 08:39:09|   0.5|  0.0|INFORM|WorkspaceRunner: Running FME Workspace C:\DATA\Standardisering\NVDBGML\FME/NVDBAPI2GML_MappingFiles.fmw with command line:
2015-07-09 08:39:09|   0.5|  0.0|INFORM|WorkspaceRunner: {C:/Program Files/FME2015/64/fme} C:/DATA/Standardisering/NVDBGML/FME/NVDBAPI2GML_MappingFiles.fmw --gmlName NVDBLedning --ftID 87 --Kommuner 402 2>@1
2015-07-09 08:39:33|   0.5|  0.0|INFORM|WorkspaceRunner: Successfully ran workspace C:\DATA\Standardisering\NVDBGML\FME/NVDBAPI2GML_MappingFiles.fmw
2015-07-09 08:39:33|   0.5|  0.0|INFORM|Processed 4 elements with mode CLASSIC
2015-07-09 08:39:33|   0.5|  0.0|INFORM|WorkspaceRunner: Running FME Workspace C:\DATA\Standardisering\NVDBGML\FME/NVDBAPI2GML_MappingFiles.fmw with command line:
2015-07-09 08:39:33|   0.5|  0.0|INFORM|WorkspaceRunner: {C:/Program Files/FME2015/64/fme} C:/DATA/Standardisering/NVDBGML/FME/NVDBAPI2GML_MappingFiles.fmw --gmlName NVDBLedning --ftID 86 --Kommuner 402 2>@1
2015-07-09 08:39:45|   0.5|  0.0|INFORM|WorkspaceRunner: Successfully ran workspace C:\DATA\Standardisering\NVDBGML\FME/NVDBAPI2GML_MappingFiles.fmw
2015-07-09 08:39:45|   0.5|  0.0|INFORM|Processed 5 elements with mode CLASSIC
2015-07-09 08:39:45|   0.5|  0.0|INFORM|WorkspaceRunner: Running FME Workspace C:\DATA\Standardisering\NVDBGML\FME/NVDBAPI2GML_MappingFiles.fmw with command line:
2015-07-09 08:39:45|   0.5|  0.0|INFORM|WorkspaceRunner: {C:/Program Files/FME2015/64/fme} C:/DATA/Standardisering/NVDBGML/FME/NVDBAPI2GML_MappingFiles.fmw --gmlName NVDBLedning --ftID 461 --Kommuner 402 2>@1
2015-07-09 08:39:51|   0.5|  0.0|INFORM|WorkspaceRunner: Successfully ran workspace C:\DATA\Standardisering\NVDBGML\FME/NVDBAPI2GML_MappingFiles.fmw
2015-07-09 08:39:51|   0.5|  0.0|INFORM|Processed 6 elements with mode CLASSIC
2015-07-09 08:39:51|   0.5|  0.0|INFORM|WorkspaceRunner: Running FME Workspace C:\DATA\Standardisering\NVDBGML\FME/NVDBAPI2GML_MappingFiles.fmw with command line:
2015-07-09 08:39:51|   0.5|  0.0|INFORM|WorkspaceRunner: {C:/Program Files/FME2015/64/fme} C:/DATA/Standardisering/NVDBGML/FME/NVDBAPI2GML_MappingFiles.fmw --gmlName NVDBLedning --ftID 453 --Kommuner 402 2>@1
2015-07-09 08:39:59|   0.5|  0.0|INFORM|WorkspaceRunner: Successfully ran workspace C:\DATA\Standardisering\NVDBGML\FME/NVDBAPI2GML_MappingFiles.fmw
2015-07-09 08:39:59|   0.5|  0.0|INFORM|Processed 7 elements with mode CLASSIC
2015-07-09 08:39:59|   0.5|  0.0|INFORM|WorkspaceRunner: Running FME Workspace C:\DATA\Standardisering\NVDBGML\FME/NVDBAPI2GML_MappingFiles.fmw with command line:
2015-07-09 08:39:59|   0.5|  0.0|INFORM|WorkspaceRunner: {C:/Program Files/FME2015/64/fme} C:/DATA/Standardisering/NVDBGML/FME/NVDBAPI2GML_MappingFiles.fmw --gmlName NVDBLedning --ftID 81 --Kommuner 402 2>@1
2015-07-09 08:40:05|   0.5|  0.0|INFORM|WorkspaceRunner: Successfully ran workspace C:\DATA\Standardisering\NVDBGML\FME/NVDBAPI2GML_MappingFiles.fmw
2015-07-09 08:40:05|   0.5|  0.0|INFORM|Processed 8 elements with mode CLASSIC
2015-07-09 08:40:05|   0.5|  0.0|INFORM|WorkspaceRunner: Running FME Workspace C:\DATA\Standardisering\NVDBGML\FME/NVDBAPI2GML_MappingFiles.fmw with command line:
2015-07-09 08:40:05|   0.5|  0.0|INFORM|WorkspaceRunner: {C:/Program Files/FME2015/64/fme} C:/DATA/Standardisering/NVDBGML/FME/NVDBAPI2GML_MappingFiles.fmw --gmlName NVDBLedning --ftID 860 --Kommuner 402 2>@1
2015-07-09 08:40:14|   0.5|  0.0|INFORM|WorkspaceRunner: Successfully ran workspace C:\DATA\Standardisering\NVDBGML\FME/NVDBAPI2GML_MappingFiles.fmw
2015-07-09 08:40:14|   0.5|  0.0|INFORM|Processed 9 elements with mode CLASSIC
2015-07-09 08:40:14|   0.5|  0.0|INFORM|WorkspaceRunner: Running FME Workspace C:\DATA\Standardisering\NVDBGML\FME/NVDBAPI2GML_MappingFiles.fmw with command line:
2015-07-09 08:40:14|   0.5|  0.0|INFORM|WorkspaceRunner: {C:/Program Files/FME2015/64/fme} C:/DATA/Standardisering/NVDBGML/FME/NVDBAPI2GML_MappingFiles.fmw --gmlName NVDBLedning --ftID 80 --Kommuner 402 2>@1
2015-07-09 08:41:51|   0.5|  0.0|INFORM|WorkspaceRunner: Successfully ran workspace C:\DATA\Standardisering\NVDBGML\FME/NVDBAPI2GML_MappingFiles.fmw
2015-07-09 08:41:51|   0.5|  0.0|INFORM|Processed 10 elements with mode CLASSIC
2015-07-09 08:41:51|   0.5|  0.0|INFORM|WorkspaceRunner: Running FME Workspace C:\DATA\Standardisering\NVDBGML\FME/NVDBAPI2GML_MappingFiles.fmw with command line:
2015-07-09 08:41:51|   0.5|  0.0|INFORM|WorkspaceRunner: {C:/Program Files/FME2015/64/fme} C:/DATA/Standardisering/NVDBGML/FME/NVDBAPI2GML_MappingFiles.fmw --gmlName NVDBLedning --ftID 209 --Kommuner 402 2>@1
2015-07-09 08:42:02|   0.5|  0.0|INFORM|WorkspaceRunner: Successfully ran workspace C:\DATA\Standardisering\NVDBGML\FME/NVDBAPI2GML_MappingFiles.fmw
2015-07-09 08:42:02|   0.5|  0.0|INFORM|Processed 11 elements with mode CLASSIC
2015-07-09 08:42:02|   0.5|  0.0|INFORM|WorkspaceRunner: Running FME Workspace C:\DATA\Standardisering\NVDBGML\FME/NVDBAPI2GML_MappingFiles.fmw with command line:
2015-07-09 08:42:02|   0.5|  0.0|INFORM|WorkspaceRunner: {C:/Program Files/FME2015/64/fme} C:/DATA/Standardisering/NVDBGML/FME/NVDBAPI2GML_MappingFiles.fmw --gmlName NVDBLedning --ftID 92 --Kommuner 402 2>@1
2015-07-09 08:42:16|   0.5|  0.0|INFORM|WorkspaceRunner: Successfully ran workspace C:\DATA\Standardisering\NVDBGML\FME/NVDBAPI2GML_MappingFiles.fmw
2015-07-09 08:42:16|   0.5|  0.0|INFORM|Processed 12 elements with mode CLASSIC
2015-07-09 08:42:16|   0.5|  0.0|INFORM|WorkspaceRunner: Running FME Workspace C:\DATA\Standardisering\NVDBGML\FME/NVDBAPI2GML_MappingFiles.fmw with command line:
2015-07-09 08:42:16|   0.5|  0.0|INFORM|WorkspaceRunner: {C:/Program Files/FME2015/64/fme} C:/DATA/Standardisering/NVDBGML/FME/NVDBAPI2GML_MappingFiles.fmw --gmlName NVDBLedning --ftID 183 --Kommuner 402 2>@1
2015-07-09 08:42:22|   0.5|  0.0|INFORM|WorkspaceRunner: Successfully ran workspace C:\DATA\Standardisering\NVDBGML\FME/NVDBAPI2GML_MappingFiles.fmw
2015-07-09 08:42:22|   0.5|  0.0|INFORM|Processed 13 elements with mode CLASSIC
2015-07-09 08:42:22|   0.5|  0.0|INFORM|WorkspaceRunner: Running FME Workspace C:\DATA\Standardisering\NVDBGML\FME/NVDBAPI2GML_MappingFiles.fmw with command line:
2015-07-09 08:42:22|   0.5|  0.0|INFORM|WorkspaceRunner: {C:/Program Files/FME2015/64/fme} C:/DATA/Standardisering/NVDBGML/FME/NVDBAPI2GML_MappingFiles.fmw --gmlName NVDBLedning --ftID 843 --Kommuner 402 2>@1
2015-07-09 08:42:32|   0.5|  0.0|INFORM|WorkspaceRunner: Successfully ran workspace C:\DATA\Standardisering\NVDBGML\FME/NVDBAPI2GML_MappingFiles.fmw
2015-07-09 08:42:32|   0.5|  0.0|INFORM|Processed 14 elements with mode CLASSIC
2015-07-09 08:42:32|   0.5|  0.0|INFORM|WorkspaceRunner: Running FME Workspace C:\DATA\Standardisering\NVDBGML\FME/NVDBAPI2GML_MappingFiles.fmw with command line:
2015-07-09 08:42:32|   0.5|  0.0|INFORM|WorkspaceRunner: {C:/Program Files/FME2015/64/fme} C:/DATA/Standardisering/NVDBGML/FME/NVDBAPI2GML_MappingFiles.fmw --gmlName NVDBLedning --ftID 83 --Kommuner 402 2>@1
2015-07-09 08:42:56|   0.5|  0.0|INFORM|WorkspaceRunner: Successfully ran workspace C:\DATA\Standardisering\NVDBGML\FME/NVDBAPI2GML_MappingFiles.fmw
2015-07-09 08:42:56|   0.5|  0.0|INFORM|Processed 15 elements with mode CLASSIC
2015-07-09 08:42:56|   0.5|  0.0|INFORM|WorkspaceRunner: Running FME Workspace C:\DATA\Standardisering\NVDBGML\FME/NVDBAPI2GML_MappingFiles.fmw with command line:
2015-07-09 08:42:56|   0.5|  0.0|INFORM|WorkspaceRunner: {C:/Program Files/FME2015/64/fme} C:/DATA/Standardisering/NVDBGML/FME/NVDBAPI2GML_MappingFiles.fmw --gmlName NVDBLedning --ftID 861 --Kommuner 402 2>@1
2015-07-09 08:43:01|   0.5|  0.0|INFORM|WorkspaceRunner: Successfully ran workspace C:\DATA\Standardisering\NVDBGML\FME/NVDBAPI2GML_MappingFiles.fmw
2015-07-09 08:43:01|   0.5|  0.0|INFORM|Processed 16 elements with mode CLASSIC
2015-07-09 08:43:01|   0.5|  0.0|INFORM|WorkspaceRunner: Running FME Workspace C:\DATA\Standardisering\NVDBGML\FME/NVDBAPI2GML_MappingFiles.fmw with command line:
2015-07-09 08:43:01|   0.5|  0.0|INFORM|WorkspaceRunner: {C:/Program Files/FME2015/64/fme} C:/DATA/Standardisering/NVDBGML/FME/NVDBAPI2GML_MappingFiles.fmw --gmlName NVDBLedning --ftID 78 --Kommuner 402 2>@1
2015-07-09 08:43:52|   0.5|  0.0|INFORM|WorkspaceRunner: Successfully ran workspace C:\DATA\Standardisering\NVDBGML\FME/NVDBAPI2GML_MappingFiles.fmw
2015-07-09 08:43:52|   0.5|  0.0|INFORM|Processed 17 elements with mode CLASSIC
2015-07-09 08:43:52|   0.5|  0.0|INFORM|WorkspaceRunner: Running FME Workspace C:\DATA\Standardisering\NVDBGML\FME/NVDBAPI2GML_MappingFiles.fmw with command line:
2015-07-09 08:43:52|   0.5|  0.0|INFORM|WorkspaceRunner: {C:/Program Files/FME2015/64/fme} C:/DATA/Standardisering/NVDBGML/FME/NVDBAPI2GML_MappingFiles.fmw --gmlName NVDBLedning --ftID 88 --Kommuner 402 2>@1
2015-07-09 08:44:16|   0.5|  0.0|INFORM|WorkspaceRunner: Successfully ran workspace C:\DATA\Standardisering\NVDBGML\FME/NVDBAPI2GML_MappingFiles.fmw
2015-07-09 08:44:16|   0.5|  0.0|INFORM|Processed 18 elements with mode CLASSIC
2015-07-09 08:44:16|   0.5|  0.0|INFORM|WorkspaceRunner: Running FME Workspace C:\DATA\Standardisering\NVDBGML\FME/NVDBAPI2GML_MappingFiles.fmw with command line:
2015-07-09 08:44:16|   0.5|  0.0|INFORM|WorkspaceRunner: {C:/Program Files/FME2015/64/fme} C:/DATA/Standardisering/NVDBGML/FME/NVDBAPI2GML_MappingFiles.fmw --gmlName NVDBLedning --ftID 181 --Kommuner 402 2>@1
2015-07-09 08:44:38|   0.5|  0.0|INFORM|WorkspaceRunner: Successfully ran workspace C:\DATA\Standardisering\NVDBGML\FME/NVDBAPI2GML_MappingFiles.fmw
2015-07-09 08:44:38|   0.5|  0.0|INFORM|Processed 19 elements with mode CLASSIC
2015-07-09 08:44:38|   0.5|  0.0|INFORM|WorkspaceRunner: Running FME Workspace C:\DATA\Standardisering\NVDBGML\FME/NVDBAPI2GML_MappingFiles.fmw with command line:
2015-07-09 08:44:38|   0.5|  0.0|INFORM|WorkspaceRunner: {C:/Program Files/FME2015/64/fme} C:/DATA/Standardisering/NVDBGML/FME/NVDBAPI2GML_MappingFiles.fmw --gmlName NVDBLedning --ftID 876 --Kommuner 402 2>@1
2015-07-09 08:44:45|   0.5|  0.0|INFORM|WorkspaceRunner: Successfully ran workspace C:\DATA\Standardisering\NVDBGML\FME/NVDBAPI2GML_MappingFiles.fmw
2015-07-09 08:44:45|   0.5|  0.0|INFORM|Processed 20 elements with mode CLASSIC
2015-07-09 08:44:45|   0.5|  0.0|INFORM|WorkspaceRunner: Running FME Workspace C:\DATA\Standardisering\NVDBGML\FME/NVDBAPI2GML_MappingFiles.fmw with command line:
2015-07-09 08:44:45|   0.5|  0.0|INFORM|WorkspaceRunner: {C:/Program Files/FME2015/64/fme} C:/DATA/Standardisering/NVDBGML/FME/NVDBAPI2GML_MappingFiles.fmw --gmlName NVDBLedning --ftID 85 --Kommuner 402 2>@1
2015-07-09 08:44:56|   0.5|  0.0|INFORM|WorkspaceRunner: Successfully ran workspace C:\DATA\Standardisering\NVDBGML\FME/NVDBAPI2GML_MappingFiles.fmw
2015-07-09 08:44:56|   0.5|  0.0|INFORM|Processed 21 elements with mode CLASSIC
2015-07-09 08:44:56|   0.5|  0.0|INFORM|WorkspaceRunner: Running FME Workspace C:\DATA\Standardisering\NVDBGML\FME/NVDBAPI2GML_MappingFiles.fmw with command line:
2015-07-09 08:44:56|   0.5|  0.0|INFORM|WorkspaceRunner: {C:/Program Files/FME2015/64/fme} C:/DATA/Standardisering/NVDBGML/FME/NVDBAPI2GML_MappingFiles.fmw --gmlName NVDBLedning --ftID 210 --Kommuner 402 2>@1
2015-07-09 08:45:22|   0.5|  0.0|INFORM|WorkspaceRunner: Successfully ran workspace C:\DATA\Standardisering\NVDBGML\FME/NVDBAPI2GML_MappingFiles.fmw
2015-07-09 08:45:22|   0.5|  0.0|INFORM|Processed 22 elements with mode CLASSIC
2015-07-09 08:45:22|   0.5|  0.0|INFORM|WorkspaceRunner: Running FME Workspace C:\DATA\Standardisering\NVDBGML\FME/NVDBAPI2GML_MappingFiles.fmw with command line:
2015-07-09 08:45:22|   0.5|  0.0|INFORM|WorkspaceRunner: {C:/Program Files/FME2015/64/fme} C:/DATA/Standardisering/NVDBGML/FME/NVDBAPI2GML_MappingFiles.fmw --gmlName NVDBLedning --ftID 828 --Kommuner 402 2>@1
2015-07-09 08:45:29|   0.6|  0.0|INFORM|WorkspaceRunner: Successfully ran workspace C:\DATA\Standardisering\NVDBGML\FME/NVDBAPI2GML_MappingFiles.fmw
2015-07-09 08:45:29|   0.6|  0.0|INFORM|Processed 23 elements with mode CLASSIC
2015-07-09 08:45:29|   0.6|  0.0|INFORM|WorkspaceRunner: Running FME Workspace C:\DATA\Standardisering\NVDBGML\FME/NVDBAPI2GML_MappingFiles.fmw with command line:
2015-07-09 08:45:29|   0.6|  0.0|INFORM|WorkspaceRunner: {C:/Program Files/FME2015/64/fme} C:/DATA/Standardisering/NVDBGML/FME/NVDBAPI2GML_MappingFiles.fmw --gmlName NVDBLedning --ftID 77 --Kommuner 402 2>@1
2015-07-09 08:45:43|   0.6|  0.0|INFORM|WorkspaceRunner: Successfully ran workspace C:\DATA\Standardisering\NVDBGML\FME/NVDBAPI2GML_MappingFiles.fmw
2015-07-09 08:45:43|   0.6|  0.0|INFORM|Processed 24 elements with mode CLASSIC
2015-07-09 08:45:43|   0.6|  0.0|INFORM|WorkspaceRunner: Running FME Workspace C:\DATA\Standardisering\NVDBGML\FME/NVDBAPI2GML_MappingFiles.fmw with command line:
2015-07-09 08:45:43|   0.6|  0.0|INFORM|WorkspaceRunner: {C:/Program Files/FME2015/64/fme} C:/DATA/Standardisering/NVDBGML/FME/NVDBAPI2GML_MappingFiles.fmw --gmlName NVDBLedning --ftID 79 --Kommuner 402 2>@1
2015-07-09 08:51:43|   0.6|  0.0|WARN  |WorkspaceRunner: Failed to run workspace C:/DATA/Standardisering/NVDBGML/FME/NVDBAPI2GML_MappingFiles.fmw -- Trace was:

                FME 2015.1.0.0 (20150426 - Build 15479 - WIN64)
                       FME ESRI Edition (node locked-crc)
                               Permanent License.
                        Machine host name is: SVV-55247
    Operating System: Microsoft Windows 7 64-bit Service Pack 1 (Build 7601)
                 Copyright (c) 1994 - 2015, Safe Software Inc.
                               Safe Software Inc.


Reading...
Emptying factory pipeline....2..141..212...378..543...708..871...1036..1202..1327...1482..1613..1759...1921..2041..2192...2349..2488...2645..2736...77.51%.2807..100%..3.55%....46.27%...53.39%..56.95%...64.07%...71.19%...78.31%..81.87%...88.99%...96.11%...100%

A fatal error has occurred. Check the logfile above for details
Program Terminating

Translation FAILED.

2015-07-09 08:51:43|   0.6|  0.0|INFORM|Processed 25 elements with mode CLASSIC
2015-07-09 08:51:43|   0.6|  0.0|INFORM|WorkspaceRunner: Running FME Workspace C:\DATA\Standardisering\NVDBGML\FME/NVDBAPI2GML_MappingFiles.fmw with command line:
2015-07-09 08:51:43|   0.6|  0.0|INFORM|WorkspaceRunner: {C:/Program Files/FME2015/64/fme} C:/DATA/Standardisering/NVDBGML/FME/NVDBAPI2GML_MappingFiles.fmw --gmlName NVDBLedning --ftID 853 --Kommuner 402 2>@1
2015-07-09 08:52:09|   0.6|  0.0|INFORM|WorkspaceRunner: Successfully ran workspace C:\DATA\Standardisering\NVDBGML\FME/NVDBAPI2GML_MappingFiles.fmw
2015-07-09 08:52:09|   0.6|  0.0|INFORM|Processed 26 elements with mode CLASSIC
2015-07-09 08:52:09|   0.6|  0.0|INFORM|WorkspaceRunner: Running FME Workspace C:\DATA\Standardisering\NVDBGML\FME/NVDBAPI2GML_MappingFiles.fmw with command line:
2015-07-09 08:52:09|   0.6|  0.0|INFORM|WorkspaceRunner: {C:/Program Files/FME2015/64/fme} C:/DATA/Standardisering/NVDBGML/FME/NVDBAPI2GML_MappingFiles.fmw --gmlName NVDBLedning --ftID 852 --Kommuner 402 2>@1
2015-07-09 08:52:19|   0.6|  0.0|INFORM|WorkspaceRunner: Successfully ran workspace C:\DATA\Standardisering\NVDBGML\FME/NVDBAPI2GML_MappingFiles.fmw
2015-07-09 08:52:19|   0.6|  0.0|STATS |Creator_XML_Creator(CreationFactory): Created 1 features
2015-07-09 08:52:19|   0.6|  0.0|STATS |Creator_Cloner(TeeFactory): Cloned 1 input feature(s) into 1 output feature(s)
2015-07-09 08:52:19|   0.6|  0.0|STATS |Creator_CREATED Feature Counter -1 5(TeeFactory): Cloned 1 input feature(s) into 1 output feature(s)
2015-07-09 08:52:19|   0.6|  0.0|STATS |AttributeCreator_3_OUTPUT Feature Counter -1 6(TeeFactory): Cloned 1 input feature(s) into 1 output feature(s)
2015-07-09 08:52:19|   0.6|  0.0|STATS |AttributeSplitter(TeeFactory): Cloned 1 input feature(s) into 1 output feature(s)
2015-07-09 08:52:19|   0.6|  0.0|STATS |AttributeSplitter_OUTPUT Feature Counter -1 7(TeeFactory): Cloned 1 input feature(s) into 1 output feature(s)
2015-07-09 08:52:19|   0.6|  0.0|STATS |ListExploder(ElementFactory): Split out 25 list elements from 1 input features, using mode CLASSIC
2015-07-09 08:52:19|   0.6|  0.0|STATS |ListExploder_LIST_FOUND Feature Counter -1 9(TeeFactory): Cloned 25 input feature(s) into 25 output feature(s)
2015-07-09 08:52:19|   0.6|  0.0|STATS |ListExploder_NOT_FOUND Feature Counter -1 10(TeeFactory): Cloned 0 input feature(s) into 0 output feature(s)
2015-07-09 08:52:19|   0.6|  0.0|STATS |WorkspaceRunner_ExecutorAndRouter(TestFactory): Tested 25 input feature(s) -- 24 feature(s) passed and 1 feature(s) failed
2015-07-09 08:52:19|   0.6|  0.0|STATS |WorkspaceRunner_SummaryMaker(CreationFactory): Created 1 features
2015-07-09 08:52:19|   0.6|  0.0|STATS |WorkspaceRunner_SUCCEEDED Feature Counter -1 12(TeeFactory): Cloned 24 input feature(s) into 24 output feature(s)
2015-07-09 08:52:19|   0.6|  0.0|STATS |WorkspaceRunner_FAILED Feature Counter -1 14(TeeFactory): Cloned 1 input feature(s) into 1 output feature(s)
2015-07-09 08:52:19|   0.6|  0.0|STATS |WorkspaceRunner_SUMMARY Feature Counter -1 16(TeeFactory): Cloned 1 input feature(s) into 1 output feature(s)
2015-07-09 08:52:19|   0.6|  0.0|STATS |WorkspaceRunner_Summary_DirCreator(CreationFactory): Created 1 features
2015-07-09 08:52:19|   0.6|  0.0|STATS |WorkspaceRunner_Summary_DirCreatorCleanerUpper(TeeFactory): Cloned 1 input feature(s) into 0 output feature(s)
2015-07-09 08:52:19|   0.6|  0.0|STATS |WorkspaceRunner_Summary_FeatureDirector(TestFactory): Tested 1 input feature(s) -- 0 feature(s) passed and 1 feature(s) failed
2015-07-09 08:52:19|   0.6|  0.0|STATS |WorkspaceRunner_Summary___FeatureDirector1(TestFactory): Tested 1 input feature(s) -- 0 feature(s) passed and 1 feature(s) failed
2015-07-09 08:52:19|   0.6|  0.0|STATS |WorkspaceRunner_Summary_VectorSetterUpper(TeeFactory): Cloned 1 input feature(s) into 1 output feature(s)
2015-07-09 08:52:19|   0.6|  0.0|STATS |WorkspaceRunner_Summary___PointCloudThinner(TeeFactory): Cloned 0 input feature(s) into 0 output feature(s)
2015-07-09 08:52:19|   0.6|  0.0|STATS |WorkspaceRunner_Summary_RasterSetterUpper(TeeFactory): Cloned 0 input feature(s) into 0 output feature(s)
2015-07-09 08:52:19|   0.6|  0.0|INFORM|WorkspaceRunner_Summary_Recorder(RecorderFactory): Recorded 1 feature(s) to file `C:\Users\knjetl\AppData\Local\Temp\NVDBAPI2GML_MappingFiles_Paraply_083900\inspector.ffs'
2015-07-09 08:52:19|   0.6|  0.0|STATS |WorkspaceRunner_Failed_DirCreator(CreationFactory): Created 1 features
2015-07-09 08:52:19|   0.6|  0.0|STATS |WorkspaceRunner_Failed_DirCreatorCleanerUpper(TeeFactory): Cloned 1 input feature(s) into 0 output feature(s)
2015-07-09 08:52:19|   0.6|  0.0|STATS |WorkspaceRunner_Failed_FeatureDirector(TestFactory): Tested 1 input feature(s) -- 0 feature(s) passed and 1 feature(s) failed
2015-07-09 08:52:19|   0.6|  0.0|STATS |WorkspaceRunner_Failed___FeatureDirector1(TestFactory): Tested 1 input feature(s) -- 0 feature(s) passed and 1 feature(s) failed
2015-07-09 08:52:19|   0.6|  0.0|STATS |WorkspaceRunner_Failed_VectorSetterUpper(TeeFactory): Cloned 1 input feature(s) into 1 output feature(s)
2015-07-09 08:52:19|   0.6|  0.0|STATS |WorkspaceRunner_Failed___PointCloudThinner(TeeFactory): Cloned 0 input feature(s) into 0 output feature(s)
2015-07-09 08:52:19|   0.6|  0.0|STATS |WorkspaceRunner_Failed_RasterSetterUpper(TeeFactory): Cloned 0 input feature(s) into 0 output feature(s)
2015-07-09 08:52:19|   0.6|  0.0|INFORM|WorkspaceRunner_Failed_Recorder(RecorderFactory): Recorded 1 feature(s) to file `C:\Users\knjetl\AppData\Local\Temp\NVDBAPI2GML_MappingFiles_Paraply_083900\inspector.ffs'
2015-07-09 08:52:19|   0.6|  0.0|STATS |WorkspaceRunner_Succeeded_DirCreator(CreationFactory): Created 1 features
2015-07-09 08:52:19|   0.6|  0.0|STATS |WorkspaceRunner_Succeeded_DirCreatorCleanerUpper(TeeFactory): Cloned 1 input feature(s) into 0 output feature(s)
2015-07-09 08:52:19|   0.6|  0.0|STATS |WorkspaceRunner_Succeeded_FeatureDirector(TestFactory): Tested 24 input feature(s) -- 0 feature(s) passed and 24 feature(s) failed
2015-07-09 08:52:19|   0.6|  0.0|STATS |WorkspaceRunner_Succeeded___FeatureDirector1(TestFactory): Tested 24 input feature(s) -- 0 feature(s) passed and 24 feature(s) failed
2015-07-09 08:52:19|   0.6|  0.0|STATS |WorkspaceRunner_Succeeded_VectorSetterUpper(TeeFactory): Cloned 24 input feature(s) into 24 output feature(s)
2015-07-09 08:52:19|   0.6|  0.0|STATS |WorkspaceRunner_Succeeded___PointCloudThinner(TeeFactory): Cloned 0 input feature(s) into 0 output feature(s)
2015-07-09 08:52:19|   0.6|  0.0|STATS |WorkspaceRunner_Succeeded_RasterSetterUpper(TeeFactory): Cloned 0 input feature(s) into 0 output feature(s)
2015-07-09 08:52:19|   0.6|  0.0|STATS |Stored 26 feature(s) to FME feature store file `C:\Users\knjetl\AppData\Local\Temp\NVDBAPI2GML_MappingFiles_Paraply_083900\inspector.ffs'
2015-07-09 08:52:19|   0.6|  0.0|INFORM|Saving spatial index into file 'C:\Users\knjetl\AppData\Local\Temp\NVDBAPI2GML_MappingFiles_Paraply_083900\inspector.fsi'
2015-07-09 08:52:19|   0.6|  0.0|INFORM|Finished saving spatial index into file 'C:\Users\knjetl\AppData\Local\Temp\NVDBAPI2GML_MappingFiles_Paraply_083900\inspector.fsi'
2015-07-09 08:52:19|   0.6|  0.0|STATS |Stored 3 feature(s) to FME feature store file `C:\Users\knjetl\AppData\Local\Temp\NVDBAPI2GML_MappingFiles_Paraply_083900\inspector.fsc'
2015-07-09 08:52:19|   0.6|  0.0|INFORM|WorkspaceRunner_Succeeded_Recorder(RecorderFactory): Recorded 24 feature(s) to file `C:\Users\knjetl\AppData\Local\Temp\NVDBAPI2GML_MappingFiles_Paraply_083900\inspector.ffs'
2015-07-09 08:52:19|   0.6|  0.0|STATS |Destination Feature Type Routing Correlator(RoutingFactory): Tested 0 input feature(s), wrote 0 output feature(s): 0 matched merge filters, 0 were routed to output, 0 could not be routed.
2015-07-09 08:52:19|   0.6|  0.0|STATS |Final Output Nuker(TeeFactory): Cloned 0 input feature(s) into 0 output feature(s)
2015-07-09 08:52:20|   0.6|  0.0|STATS |f_41(CreationFactory): Created 1 features
2015-07-09 08:52:20|   0.6|  0.0|STATS |f_42(TeeFactory): Cloned 1 input feature(s) into 0 output feature(s)
2015-07-09 08:52:20|   0.6|  0.0|INFORM|=-=-=-=-=-=-=-=-=-=-=-=-=-=-=-=-=-=-=-=-=-=-=-=-=-=-=-=-=-=-=-=-=-=-=-=-=-=-=-
2015-07-09 08:52:20|   0.6|  0.0|INFORM|Feature output statistics for `FFS' writer using keyword `W_1':
2015-07-09 08:52:20|   0.6|  0.0|STATS |=-=-=-=-=-=-=-=-=-=-=-=-=-=-=-=-=-=-=-=-=-=-=-=-=-=-=-=-=-=-=-=-=-=-=-=-=-=-=-
2015-07-09 08:52:20|   0.6|  0.0|STATS |                               Features Written
2015-07-09 08:52:20|   0.6|  0.0|STATS |=-=-=-=-=-=-=-=-=-=-=-=-=-=-=-=-=-=-=-=-=-=-=-=-=-=-=-=-=-=-=-=-=-=-=-=-=-=-=-
2015-07-09 08:52:20|   0.6|  0.0|STATS |==============================================================================
2015-07-09 08:52:20|   0.6|  0.0|STATS |Total Features Written                                                       0
2015-07-09 08:52:20|   0.6|  0.0|STATS |=-=-=-=-=-=-=-=-=-=-=-=-=-=-=-=-=-=-=-=-=-=-=-=-=-=-=-=-=-=-=-=-=-=-=-=-=-=-=-
2015-07-09 08:52:20|   0.6|  0.0|STATS |=-=-=-=-=-=-=-=-=-=-=-=-=-=-=-=-=-=-=-=-=-=-=-=-=-=-=-=-=-=-=-=-=-=-=-=-=-=-=-
2015-07-09 08:52:20|   0.6|  0.0|STATS |                            Features Read Summary
2015-07-09 08:52:20|   0.6|  0.0|STATS |=-=-=-=-=-=-=-=-=-=-=-=-=-=-=-=-=-=-=-=-=-=-=-=-=-=-=-=-=-=-=-=-=-=-=-=-=-=-=-
2015-07-09 08:52:20|   0.6|  0.0|STATS |==============================================================================
2015-07-09 08:52:20|   0.6|  0.0|STATS |Total Features Read                                                          0
2015-07-09 08:52:20|   0.6|  0.0|STATS |=-=-=-=-=-=-=-=-=-=-=-=-=-=-=-=-=-=-=-=-=-=-=-=-=-=-=-=-=-=-=-=-=-=-=-=-=-=-=-
2015-07-09 08:52:20|   0.6|  0.0|STATS |=-=-=-=-=-=-=-=-=-=-=-=-=-=-=-=-=-=-=-=-=-=-=-=-=-=-=-=-=-=-=-=-=-=-=-=-=-=-=-
2015-07-09 08:52:20|   0.6|  0.0|STATS |                           Features Written Summary
2015-07-09 08:52:20|   0.6|  0.0|STATS |=-=-=-=-=-=-=-=-=-=-=-=-=-=-=-=-=-=-=-=-=-=-=-=-=-=-=-=-=-=-=-=-=-=-=-=-=-=-=-
2015-07-09 08:52:20|   0.6|  0.0|STATS |==============================================================================
2015-07-09 08:52:20|   0.6|  0.0|STATS |Total Features Written                                                       0
2015-07-09 08:52:20|   0.6|  0.0|STATS |=-=-=-=-=-=-=-=-=-=-=-=-=-=-=-=-=-=-=-=-=-=-=-=-=-=-=-=-=-=-=-=-=-=-=-=-=-=-=-
2015-07-09 08:52:20|   0.6|  0.0|INFORM|Translation was SUCCESSFUL with 1 warning(s) (0 feature(s) output)
2015-07-09 08:52:20|   0.6|  0.0|INFORM|FME Session Duration: 13 minutes 19.0 seconds. (CPU: 0.2s user, 0.3s system)
2015-07-09 08:52:20|   0.6|  0.0|INFORM|END - ProcessID: 11384, peak process memory usage: 64532 kB, current process memory usage: 64188 kB
