2018-02-21 13:48:54|   0.5|  0.5|INFORM|FME 2018.0.0.0 Beta (20180123 - Build 18253 - WIN64)
2018-02-21 13:48:54|   0.5|  0.0|INFORM|FME_HOME is 'C:\Program Files\FME\'
2018-02-21 13:48:56|   0.6|  0.1|INFORM|FME Desktop Oracle Edition (floating)
2018-02-21 13:48:56|   0.6|  0.0|INFORM|Permanent License.
2018-02-21 13:48:56|   0.6|  0.0|INFORM|Machine host name is: SVV-58758
2018-02-21 13:48:56|   0.6|  0.0|INFORM|START - ProcessID: 10440, peak process memory usage: 43468 kB, current process memory usage: 43468 kB
2018-02-21 13:48:56|   0.6|  0.0|INFORM|FME Configuration: Command line arguments are `C:\Program Files\FME\fme.exe' `C:/DATA/GitHub/NVDBGML/FME\wb-xlate-1519217326463_9760' `LOG_STANDARDOUT' `YES' `LogCountServerName' `{b947e192-2e52-4bec-9740-175dcd985f1d}' `DEBUG_PORT' `53934' `LOG_TIMINGS' `Yes'
2018-02-21 13:48:56|   0.6|  0.0|INFORM|FME Configuration: Connection Storage: 'C:\Users\knjetl\AppData\Roaming\Safe Software\FME\'
2018-02-21 13:48:58|   1.0|  0.4|INFORM|Shared folders for formats are : C:\Program Files\FME\datasources;\\SVV1P04AUSER01\KNJETL$\documents\FME\Formats
2018-02-21 13:48:58|   1.0|  0.0|INFORM|Shared folders for transformers are : C:\Users\knjetl\AppData\Roaming\Safe Software\FME\Packages\18253-win64\transformers;C:\Program Files\FME\transformers;\\SVV1P04AUSER01\KNJETL$\documents\FME\Transformers
2018-02-21 13:48:58|   1.0|  0.0|INFORM|Shared folders for coordinate systems are : \\SVV1P04AUSER01\KNJETL$\documents\FME\CoordinateSystems
2018-02-21 13:48:58|   1.0|  0.0|INFORM|Shared folders for coordinate system exceptions are : \\SVV1P04AUSER01\KNJETL$\documents\FME\CoordinateSystemExceptions
2018-02-21 13:48:58|   1.0|  0.0|INFORM|Shared folders for coordinate system grid overrides are : \\SVV1P04AUSER01\KNJETL$\documents\FME\CoordinateSystemGridOverrides
2018-02-21 13:48:58|   1.0|  0.0|INFORM|Shared folders for CS-MAP transformation exceptions are : \\SVV1P04AUSER01\KNJETL$\documents\FME\CsmapTransformationExceptions
2018-02-21 13:48:58|   1.0|  0.0|INFORM|Shared folders for transformer categories are : \\SVV1P04AUSER01\KNJETL$\documents\FME\TransformerCategories
2018-02-21 13:48:58|   1.0|  0.0|INFORM|Mapping File Identifier is: NVDBAPI2GML
2018-02-21 13:48:58|   1.0|  0.0|INFORM|FME Configuration: Reader Keyword is `MULTI_READER'
2018-02-21 13:48:58|   1.0|  0.0|INFORM|FME Configuration: Writer Keyword is `MULTI_WRITER'
2018-02-21 13:48:58|   1.0|  0.0|INFORM|FME Configuration: Writer Group Definition Keyword is `MULTI_WRITER_DEF'
2018-02-21 13:48:58|   1.0|  0.0|INFORM|FME Configuration: Reader type is `MULTI_READER'
2018-02-21 13:48:58|   1.0|  0.0|INFORM|FME Configuration: Writer type is `MULTI_WRITER'
2018-02-21 13:48:58|   1.0|  0.0|INFORM|FME Configuration: No destination coordinate system set
2018-02-21 13:48:58|   1.0|  0.0|INFORM|FME Configuration: Current working folder is `C:\DATA\GitHub\NVDBGML\FME'
2018-02-21 13:48:58|   1.0|  0.0|INFORM|FME Configuration: Temporary folder is `C:\Users\knjetl\AppData\Local\Temp', set from environment variable `TEMP'
2018-02-21 13:48:58|   1.0|  0.0|INFORM|FME Configuration: FME_HOME is `C:\Program Files\FME\'
2018-02-21 13:48:58|   1.0|  0.0|INFORM|FME Configuration: FME_BASE is 'no'
2018-02-21 13:48:58|   1.0|  0.0|INFORM|FME Configuration: FME_MF_DIR is 'C:\DATA\GitHub\NVDBGML\FME/'
2018-02-21 13:48:58|   1.0|  0.0|INFORM|FME Configuration: FME_MF_NAME is 'NVDBAPI2GML_V2_2017.fmw'
2018-02-21 13:48:58|   1.0|  0.0|INFORM|FME Configuration: FME_PRODUCT_NAME is 'FME(R) 2018.0.0.0'
2018-02-21 13:48:58|   1.0|  0.0|INFORM|System Status: 285.11 GB of disk space available in the FME temporary folder (C:\Users\knjetl\AppData\Local\Temp)
2018-02-21 13:48:58|   1.0|  0.0|INFORM|System Status: 8.00 TB of virtual memory available
2018-02-21 13:48:58|   1.0|  0.0|INFORM|Operating System: Microsoft Windows 7 64-bit Service Pack 1 (Build 7601)
2018-02-21 13:48:58|   1.0|  0.0|INFORM|FME Platform: WIN64
2018-02-21 13:48:58|   1.0|  0.0|INFORM|Locale: nb_NO
2018-02-21 13:48:58|   1.0|  0.0|INFORM|Code Page: 1252  (ANSI - latin I)
2018-02-21 13:48:58|   1.0|  0.0|INFORM|FME Configuration: Process limit is 31.83 GB of physical memory
2018-02-21 13:48:58|   1.0|  0.0|INFORM|FME Configuration: Start freeing memory when process usage exceeds 95.50 GB of virtual memory
2018-02-21 13:48:58|   1.0|  0.0|INFORM|FME Configuration: Stop freeing memory when process usage is below 71.63 GB of virtual memory
2018-02-21 13:49:00|   1.1|  0.1|INFORM|Creating writer for format: 
2018-02-21 13:49:01|   1.1|  0.0|INFORM|Creating reader for format: 
2018-02-21 13:49:01|   1.1|  0.0|INFORM|MULTI_READER(MULTI_READER): Will fail with first member reader failure
2018-02-21 13:49:01|   1.1|  0.0|INFORM|Using Multi Reader with keyword `MULTI_READER' to read multiple datasets
2018-02-21 13:49:01|   1.1|  0.0|INFORM|Using MultiWriter with keyword `MULTI_WRITER' to output data (ID_ATTRIBUTE is `multi_writer_id')
2018-02-21 13:49:01|   1.1|  0.0|INFORM|Writer output will be ordered by value of multi_writer_id
2018-02-21 13:49:01|   1.1|  0.0|INFORM|Loaded module 'Geometry_func' from file 'C:\Program Files\FME\plugins/Geometry_func.dll'
2018-02-21 13:49:01|   1.1|  0.0|INFORM|FME API version of module 'Geometry_func' matches current internal version (3.8 20180112)
2018-02-21 13:49:01|   1.2|  0.0|INFORM|Loaded module 'BreakpointFactory' from file 'C:\Program Files\FME\plugins/BreakpointFactory.dll'
2018-02-21 13:49:01|   1.2|  0.0|INFORM|FME API version of module 'BreakpointFactory' matches current internal version (3.8 20180112)
2018-02-21 13:49:01|   1.2|  0.0|INFORM|Feature Inspection module initialized. Workbench@53934 and FME@53953
2018-02-21 13:49:02|   1.2|  0.0|INFORM|Loaded module 'LogCount_func' from file 'C:\Program Files\FME\plugins/LogCount_func.dll'
2018-02-21 13:49:02|   1.2|  0.0|INFORM|FME API version of module 'LogCount_func' matches current internal version (3.8 20180112)
2018-02-21 13:49:02|   1.2|  0.0|INFORM|FME API version of module 'BreakpointFactory' matches current internal version (3.8 20180112)
2018-02-21 13:49:02|   1.2|  0.0|INFORM|... Last line repeated 2 times ...
2018-02-21 13:49:02|   1.2|  0.0|INFORM|Loaded module 'HTTPFactory' from file 'C:\Program Files\FME\plugins/HTTPFactory.dll'
2018-02-21 13:49:02|   1.2|  0.0|INFORM|FME API version of module 'HTTPFactory' matches current internal version (3.8 20180112)
2018-02-21 13:49:02|   1.2|  0.0|INFORM|FME API version of module 'BreakpointFactory' matches current internal version (3.8 20180112)
2018-02-21 13:49:02|   1.2|  0.0|INFORM|FME API version of module 'BreakpointFactory' matches current internal version (3.8 20180112)
2018-02-21 13:49:02|   1.2|  0.0|INFORM|Loaded module 'XFMapFactory' from file 'C:\Program Files\FME\plugins/XFMapFactory.dll'
2018-02-21 13:49:02|   1.2|  0.0|INFORM|FME API version of module 'XFMapFactory' matches current internal version (3.8 20180112)
2018-02-21 13:49:02|   1.2|  0.0|INFORM|FME API version of module 'BreakpointFactory' matches current internal version (3.8 20180112)
2018-02-21 13:49:02|   1.2|  0.0|INFORM|FME API version of module 'BreakpointFactory' matches current internal version (3.8 20180112)
2018-02-21 13:49:02|   1.2|  0.0|INFORM|FME API version of module 'XFMapFactory' matches current internal version (3.8 20180112)
2018-02-21 13:49:02|   1.2|  0.0|INFORM|FME API version of module 'BreakpointFactory' matches current internal version (3.8 20180112)
2018-02-21 13:49:03|   1.2|  0.0|INFORM|FME API version of module 'BreakpointFactory' matches current internal version (3.8 20180112)
2018-02-21 13:49:03|   1.2|  0.0|INFORM|Loaded module 'PythonFactory' from file 'C:\Program Files\FME\plugins/PythonFactory.dll'
2018-02-21 13:49:03|   1.2|  0.0|INFORM|FME API version of module 'PythonFactory' matches current internal version (3.8 20180112)
2018-02-21 13:49:04|   1.3|  0.0|INFORM|Adding folder `C:\DATA\GitHub\NVDBGML\FME\' to the python path
2018-02-21 13:49:04|   1.3|  0.0|INFORM|FME API version of module 'BreakpointFactory' matches current internal version (3.8 20180112)
2018-02-21 13:49:05|   1.3|  0.0|INFORM|Loaded module 'OGCGeometry_func' from file 'C:\Program Files\FME\plugins/OGCGeometry_func.dll'
2018-02-21 13:49:05|   1.3|  0.0|INFORM|FME API version of module 'OGCGeometry_func' matches current internal version (3.8 20180112)
2018-02-21 13:49:05|   1.3|  0.0|INFORM|FME API version of module 'BreakpointFactory' matches current internal version (3.8 20180112)
2018-02-21 13:49:05|   1.3|  0.0|INFORM|... Last line repeated 14 times ...
2018-02-21 13:49:05|   1.3|  0.0|INFORM|Loaded module 'JoinFactory' from file 'C:\Program Files\FME\plugins/JoinFactory.dll'
2018-02-21 13:49:05|   1.3|  0.0|INFORM|FME API version of module 'JoinFactory' matches current internal version (3.8 20180112)
2018-02-21 13:49:05|   1.3|  0.0|INFORM|FME API version of module 'BreakpointFactory' matches current internal version (3.8 20180112)
2018-02-21 13:49:05|   1.3|  0.0|INFORM|... Last line repeated 2 times ...
2018-02-21 13:49:05|   1.3|  0.0|INFORM|FME API version of module 'PythonFactory' matches current internal version (3.8 20180112)
2018-02-21 13:49:05|   1.3|  0.0|INFORM|FME API version of module 'BreakpointFactory' matches current internal version (3.8 20180112)
2018-02-21 13:49:05|   1.4|  0.0|INFORM|... Last line repeated 2 times ...
2018-02-21 13:49:05|   1.4|  0.0|INFORM|Loaded module 'DuplicateRemoverFactory' from file 'C:\Program Files\FME\plugins/DuplicateRemoverFactory.dll'
2018-02-21 13:49:05|   1.4|  0.0|INFORM|FME API version of module 'DuplicateRemoverFactory' matches current internal version (3.8 20180112)
2018-02-21 13:49:05|   1.4|  0.0|INFORM|FME API version of module 'BreakpointFactory' matches current internal version (3.8 20180112)
2018-02-21 13:49:05|   1.4|  0.0|INFORM|... Last line repeated 3 times ...
2018-02-21 13:49:05|   1.4|  0.0|INFORM|FME API version of module 'HTTPFactory' matches current internal version (3.8 20180112)
2018-02-21 13:49:05|   1.4|  0.0|INFORM|FME API version of module 'BreakpointFactory' matches current internal version (3.8 20180112)
2018-02-21 13:49:05|   1.4|  0.0|INFORM|FME API version of module 'BreakpointFactory' matches current internal version (3.8 20180112)
2018-02-21 13:49:05|   1.4|  0.0|INFORM|FME API version of module 'XFMapFactory' matches current internal version (3.8 20180112)
2018-02-21 13:49:05|   1.4|  0.0|INFORM|FME API version of module 'BreakpointFactory' matches current internal version (3.8 20180112)
2018-02-21 13:49:05|   1.4|  0.0|INFORM|FME API version of module 'BreakpointFactory' matches current internal version (3.8 20180112)
2018-02-21 13:49:05|   1.4|  0.0|INFORM|FME API version of module 'XFMapFactory' matches current internal version (3.8 20180112)
2018-02-21 13:49:05|   1.4|  0.0|INFORM|FME API version of module 'BreakpointFactory' matches current internal version (3.8 20180112)
2018-02-21 13:49:05|   1.4|  0.0|INFORM|FME API version of module 'BreakpointFactory' matches current internal version (3.8 20180112)
2018-02-21 13:49:05|   1.4|  0.0|INFORM|FME API version of module 'PythonFactory' matches current internal version (3.8 20180112)
2018-02-21 13:49:05|   1.4|  0.0|INFORM|FME API version of module 'BreakpointFactory' matches current internal version (3.8 20180112)
2018-02-21 13:49:05|   1.4|  0.0|INFORM|... Last line repeated 14 times ...
2018-02-21 13:49:05|   1.4|  0.0|INFORM|FME API version of module 'JoinFactory' matches current internal version (3.8 20180112)
2018-02-21 13:49:05|   1.4|  0.0|INFORM|FME API version of module 'BreakpointFactory' matches current internal version (3.8 20180112)
2018-02-21 13:49:05|   1.4|  0.0|INFORM|... Last line repeated 2 times ...
2018-02-21 13:49:05|   1.4|  0.0|INFORM|FME API version of module 'PythonFactory' matches current internal version (3.8 20180112)
2018-02-21 13:49:05|   1.4|  0.0|INFORM|FME API version of module 'BreakpointFactory' matches current internal version (3.8 20180112)
2018-02-21 13:49:06|   1.4|  0.0|INFORM|... Last line repeated 17 times ...
2018-02-21 13:49:06|   1.4|  0.0|INFORM|Loaded module 'GQueryFactory' from file 'C:\Program Files\FME\plugins/GQueryFactory.dll'
2018-02-21 13:49:06|   1.4|  0.0|INFORM|FME API version of module 'GQueryFactory' matches current internal version (3.8 20180112)
2018-02-21 13:49:06|   1.4|  0.0|INFORM|FME API version of module 'BreakpointFactory' matches current internal version (3.8 20180112)
2018-02-21 13:49:06|   1.4|  0.0|INFORM|FME API version of module 'GQueryFactory' matches current internal version (3.8 20180112)
2018-02-21 13:49:06|   1.4|  0.0|INFORM|FME API version of module 'BreakpointFactory' matches current internal version (3.8 20180112)
2018-02-21 13:49:06|   1.4|  0.0|INFORM|FME API version of module 'BreakpointFactory' matches current internal version (3.8 20180112)
2018-02-21 13:49:06|   1.4|  0.0|INFORM|FME API version of module 'GQueryFactory' matches current internal version (3.8 20180112)
2018-02-21 13:49:06|   1.4|  0.0|INFORM|FME API version of module 'BreakpointFactory' matches current internal version (3.8 20180112)
2018-02-21 13:49:06|   1.4|  0.0|INFORM|... Last line repeated 2 times ...
2018-02-21 13:49:06|   1.4|  0.0|INFORM|Emptying factory pipeline
2018-02-21 13:49:06|   1.4|  0.0|INFORM|NVDB_Leser_HTTPCaller_2(HTTPFactory): HTTP/FTP Transfer: Downloading resource 'https://www.vegvesen.no/nvdb/api/v2/vegobjekter/98?kommune=519&antall=5000&inkluder=alle' to internal memory buffer
2018-02-21 13:49:06|   1.4|  0.0|INFORM|NVDB_Leser_HTTPCaller_2(HTTPFactory): HTTP transfer summary - status code: 200, download size: '82972 bytes', DNS lookup time: '0.016 seconds', total transfer time: '0.203 seconds', url: 'https://www.vegvesen.no/nvdb/api/v2/vegobjekter/98?kommune=519&antall=5000&inkluder=alle'
2018-02-21 13:49:06|   1.4|  0.0|INFORM|FME Configuration: Using FME Reprojection Engine
2018-02-21 13:49:06|   1.5|  0.0|INFORM|NVDB_Leser_HTTPCaller_2(HTTPFactory): HTTP/FTP Transfer: Downloading resource 'https://www.vegvesen.no/nvdb/api/v2/vegobjekter/98?kommune=519&antall=5000&start=iUwgZjd7wS9M&inkluder=alle' to internal memory buffer
2018-02-21 13:49:06|   1.5|  0.0|INFORM|NVDB_Leser_HTTPCaller_2(HTTPFactory): HTTP transfer summary - status code: 200, download size: '281 bytes', DNS lookup time: '1e-6 seconds', total transfer time: '0.14 seconds', url: 'https://www.vegvesen.no/nvdb/api/v2/vegobjekter/98?kommune=519&antall=5000&start=iUwgZjd7wS9M&inkluder=alle'
2018-02-21 13:49:06|   1.5|  0.0|INFORM|$(NVDB_Leser_WORKSPACE_NAME)_XMLFragmenter__Rejected_: Feature is:
2018-02-21 13:49:06|   1.5|  0.0|INFORM|+++++++++++++++++++++++++++++++++++++++++++++++++++++++++++++++++++++++++++
2018-02-21 13:49:06|   1.5|  0.0|INFORM|Feature Type: `NVDB_Leser_XMLFragmenter__Rejected__LOGGED'
2018-02-21 13:49:06|   1.5|  0.0|INFORM|Attribute(32 bit integer)         : `Loop to NVDB_Leser_Loop1519217328 Input Splitter.BranchingFactory.Count' has value `1'
2018-02-21 13:49:06|   1.5|  0.0|INFORM|Attribute(string)                 : `_headers{0}.name' has value `Server'
2018-02-21 13:49:06|   1.5|  0.0|INFORM|Attribute(string)                 : `_headers{0}.value' has value `Apache-Coyote/1.1'
2018-02-21 13:49:06|   1.5|  0.0|INFORM|Attribute(string)                 : `_headers{10}.name' has value `Date'
2018-02-21 13:49:06|   1.5|  0.0|INFORM|Attribute(string)                 : `_headers{10}.value' has value `Wed, 21 Feb 2018 12:49:05 GMT'
2018-02-21 13:49:06|   1.5|  0.0|INFORM|Attribute(string)                 : `_headers{1}.name' has value `X-Datakatalog-Versjon'
2018-02-21 13:49:06|   1.5|  0.0|INFORM|Attribute(string)                 : `_headers{1}.value' has value `2.11'
2018-02-21 13:49:06|   1.5|  0.0|INFORM|Attribute(string)                 : `_headers{2}.name' has value `Access-Control-Allow-Methods'
2018-02-21 13:49:06|   1.5|  0.0|INFORM|Attribute(string)                 : `_headers{2}.value' has value `GET, POST, OPTIONS'
2018-02-21 13:49:06|   1.5|  0.0|INFORM|Attribute(string)                 : `_headers{3}.name' has value `Access-Control-Allow-Origin'
2018-02-21 13:49:06|   1.5|  0.0|INFORM|Attribute(string)                 : `_headers{3}.value' has value `*'
2018-02-21 13:49:06|   1.5|  0.0|INFORM|Attribute(string)                 : `_headers{4}.name' has value `Access-Control-Allow-Headers'
2018-02-21 13:49:06|   1.5|  0.0|INFORM|Attribute(string)                 : `_headers{4}.value' has value `accept, x-client, origin'
2018-02-21 13:49:06|   1.5|  0.0|INFORM|Attribute(string)                 : `_headers{5}.name' has value `Access-Control-Max-Age'
2018-02-21 13:49:06|   1.5|  0.0|INFORM|Attribute(string)                 : `_headers{5}.value' has value `1728000'
2018-02-21 13:49:06|   1.5|  0.0|INFORM|Attribute(string)                 : `_headers{6}.name' has value `X-Robots-Tag'
2018-02-21 13:49:06|   1.5|  0.0|INFORM|Attribute(string)                 : `_headers{6}.value' has value `none'
2018-02-21 13:49:06|   1.5|  0.0|INFORM|Attribute(string)                 : `_headers{7}.name' has value `Cache-Control'
2018-02-21 13:49:06|   1.5|  0.0|INFORM|Attribute(string)                 : `_headers{7}.value' has value `no-cache'
2018-02-21 13:49:06|   1.5|  0.0|INFORM|Attribute(string)                 : `_headers{8}.name' has value `Content-Type'
2018-02-21 13:49:06|   1.5|  0.0|INFORM|Attribute(string)                 : `_headers{8}.value' has value `application/vnd.vegvesen.nvdb-v2+xml;charset=utf-8'
2018-02-21 13:49:06|   1.5|  0.0|INFORM|Attribute(string)                 : `_headers{9}.name' has value `Content-Length'
2018-02-21 13:49:06|   1.5|  0.0|INFORM|Attribute(string)                 : `_headers{9}.value' has value `281'
2018-02-21 13:49:06|   1.5|  0.0|INFORM|Attribute(32 bit unsigned integer): `_http_status_code' has value `200'
2018-02-21 13:49:06|   1.5|  0.0|INFORM|Attribute(encoded: UTF-8)         : `_url_contents' has value `<?xml version="1.0" encoding="UTF-8"?><side><objekter/><metadata><returnert>0</returnert><neste><start>iUwgZjd7wS9M</start><href>https://www.vegvesen.no/nvdb/api/v2/vegobjekter/98?kommune=519&amp;antall=5000&amp;start=iUwgZjd7wS9M&amp;inkluder=alle</href></neste></metadata></side>'
2018-02-21 13:49:06|   1.5|  0.0|INFORM|Attribute(string)                 : `fme_rejection_code' has value `NO_RESULT'
2018-02-21 13:49:06|   1.5|  0.0|INFORM|Attribute(string)                 : `fme_type' has value `fme_no_geom'
2018-02-21 13:49:06|   1.5|  0.0|INFORM|Attribute(encoded: UTF-16LE)      : `neste.href' has value `https://www.vegvesen.no/nvdb/api/v2/vegobjekter/98?kommune=519&antall=5000&start=iUwgZjd7wS9M&inkluder=alle'
2018-02-21 13:49:06|   1.5|  0.0|INFORM|Attribute(encoded: UTF-16LE)      : `neste.start' has value `iUwgZjd7wS9M'
2018-02-21 13:49:06|   1.5|  0.0|INFORM|Attribute(encoded: UTF-16LE)      : `returnert' has value `33'
2018-02-21 13:49:06|   1.5|  0.0|INFORM|Attribute(encoded: UTF-16LE)      : `xml_fragment' has value `﻿<?xml version="1.0" encoding="UTF-16"?><metadata><returnert>33</returnert><neste><start>iUwgZjd7wS9M</start><href>https://www.vegvesen.no/nvdb/api/v2/vegobjekter/98?kommune=519&amp;antall=5000&amp;start=iUwgZjd7wS9M&amp;inkluder=alle</href></neste></metadata>'
2018-02-21 13:49:06|   1.5|  0.0|INFORM|Attribute(encoded: UTF-16LE)      : `xml_id' has value `id-metadata-1.2'
2018-02-21 13:49:06|   1.5|  0.0|INFORM|Attribute(encoded: UTF-16LE)      : `xml_matched_element' has value `metadata'
2018-02-21 13:49:06|   1.5|  0.0|INFORM|Attribute(encoded: UTF-16LE)      : `xml_parent_child_pos' has value `'
2018-02-21 13:49:06|   1.5|  0.0|INFORM|Attribute(encoded: UTF-16LE)      : `xml_parent_id' has value `'
2018-02-21 13:49:06|   1.5|  0.0|INFORM|Attribute(string)                 : `xml_type' has value `xml_no_geom'
2018-02-21 13:49:06|   1.5|  0.0|INFORM|Attribute: `_headers{0}.name' is sequenced
2018-02-21 13:49:06|   1.5|  0.0|INFORM|Attribute: `_headers{1}.name' is sequenced
2018-02-21 13:49:06|   1.5|  0.0|INFORM|Attribute: `_headers{2}.name' is sequenced
2018-02-21 13:49:06|   1.5|  0.0|INFORM|Attribute: `_headers{3}.name' is sequenced
2018-02-21 13:49:06|   1.5|  0.0|INFORM|Attribute: `_headers{4}.name' is sequenced
2018-02-21 13:49:06|   1.5|  0.0|INFORM|Attribute: `_headers{5}.name' is sequenced
2018-02-21 13:49:06|   1.5|  0.0|INFORM|Attribute: `_headers{6}.name' is sequenced
2018-02-21 13:49:06|   1.5|  0.0|INFORM|Attribute: `_headers{7}.name' is sequenced
2018-02-21 13:49:06|   1.5|  0.0|INFORM|Attribute: `_headers{8}.name' is sequenced
2018-02-21 13:49:06|   1.5|  0.0|INFORM|Attribute: `_headers{9}.name' is sequenced
2018-02-21 13:49:06|   1.5|  0.0|INFORM|Attribute: `_headers{10}.name' is sequenced
2018-02-21 13:49:06|   1.5|  0.0|INFORM|Attribute: `_headers{0}.value' is sequenced
2018-02-21 13:49:06|   1.5|  0.0|INFORM|Attribute: `_headers{1}.value' is sequenced
2018-02-21 13:49:06|   1.5|  0.0|INFORM|Attribute: `_headers{2}.value' is sequenced
2018-02-21 13:49:06|   1.5|  0.0|INFORM|Attribute: `_headers{3}.value' is sequenced
2018-02-21 13:49:06|   1.5|  0.0|INFORM|Attribute: `_headers{4}.value' is sequenced
2018-02-21 13:49:06|   1.5|  0.0|INFORM|Attribute: `_headers{5}.value' is sequenced
2018-02-21 13:49:06|   1.5|  0.0|INFORM|Attribute: `_headers{6}.value' is sequenced
2018-02-21 13:49:06|   1.5|  0.0|INFORM|Attribute: `_headers{7}.value' is sequenced
2018-02-21 13:49:06|   1.5|  0.0|INFORM|Attribute: `_headers{8}.value' is sequenced
2018-02-21 13:49:06|   1.5|  0.0|INFORM|Attribute: `_headers{9}.value' is sequenced
2018-02-21 13:49:06|   1.5|  0.0|INFORM|Attribute: `_headers{10}.value' is sequenced
2018-02-21 13:49:06|   1.5|  0.0|INFORM|Geometry Type: Unknown (0)
2018-02-21 13:49:06|   1.5|  0.0|INFORM|===========================================================================
2018-02-21 13:49:06|   1.5|  0.0|STATS |Storing feature(s) to FME feature store file `C:\Users\knjetl\AppData\Local\Temp\wb-cache-NVDBAPI2GML_V2_2017-yo9760\Main_ListExploder -1 80 fo 1 _lt_REJECTED_gt_  0  fa557037e4c188ce0ccdf8030a80884d33bbaf35.ffsupdating'
2018-02-21 13:49:07|   1.9|  0.4|INFORM|Predefined coordinate system `ETRS89.UTM-33N' (Transverse Mercator (ETRS89-TM33)) matches dataset coordinate system 
2018-02-21 13:49:07|   1.9|  0.0|INFORM|The EPSG number of the FME coordinate system 'ETRS89.UTM-33N' is '6173'
2018-02-21 13:49:07|   1.9|  0.0|STATS |Creator_XML_Creator(CreationFactory): Created 1 features
2018-02-21 13:49:07|   1.9|  0.0|STATS |Creator_Cloner(TeeFactory): Cloned 1 input feature(s) into 1 output feature(s)
2018-02-21 13:49:07|   1.9|  0.0|STATS |Creator_CREATED Brancher -1 93(BranchingFactory): Branched 1 input feature -- 1 feature routed to the target factory, and 0 features routed to the fallback factory.
2018-02-21 13:49:07|   1.9|  0.0|STATS |_CREATOR_BRANCH_TARGET(TeeFactory): Cloned 1 input feature(s) into 1 output feature(s)
2018-02-21 13:49:07|   1.9|  0.0|STATS |NVDB_Leser _Input Input Collector(TeeFactory): Cloned 1 input feature(s) into 1 output feature(s)
2018-02-21 13:49:07|   1.9|  0.0|STATS |NVDB_Leser__Input1519217328 Input Splitter(TeeFactory): Cloned 1 input feature(s) into 1 output feature(s)
2018-02-21 13:49:07|   1.9|  0.0|STATS |NVDB_Leser_Loop1519217328 Input Splitter(TeeFactory): Cloned 1 input feature(s) into 1 output feature(s)
2018-02-21 13:49:07|   1.9|  0.0|STATS |NVDB_Leser_HTTPCaller_2 Output Splitter(TeeFactory): Cloned 2 input feature(s) into 4 output feature(s)
2018-02-21 13:49:07|   1.9|  0.0|INFORM|NVDB_Leser_HTTPCaller_2_<Rejected> Feature Recorder 0 2147680259(RecorderFactory): Recorded 0 feature(s) to file `C:\Users\knjetl\AppData\Local\Temp\wb-cache-NVDBAPI2GML_V2_2017-yo9760\NVDB_Leser_HTTPCaller_2 0 3 fo 1 _lt_Rejected_gt_  0  .ffsupdating'
2018-02-21 13:49:07|   1.9|  0.0|STATS |NVDB_Leser_HTTPCaller_2_<Rejected> Feature Counter 0 2147680259(TeeFactory): Cloned 0 input feature(s) into 0 output feature(s)
2018-02-21 13:49:07|   1.9|  0.0|INFORM|NVDB_Leser_XMLFragmenter_2(XFMapFactory): Total Results: 2 Mapped Feature(s), 2 Input Feature(s), and 0 Invalid input Feature(s)
2018-02-21 13:49:07|   1.9|  0.0|INFORM|NVDB_Leser_XMLFragmenter_2_<REJECTED> Feature Recorder 0 2147680296(RecorderFactory): Recorded 0 feature(s) to file `C:\Users\knjetl\AppData\Local\Temp\wb-cache-NVDBAPI2GML_V2_2017-yo9760\NVDB_Leser_XMLFragmenter_2 0 40 fo 1 _lt_REJECTED_gt_  0  .ffsupdating'
2018-02-21 13:49:07|   1.9|  0.0|STATS |NVDB_Leser_XMLFragmenter_2_<REJECTED> Feature Counter 0 2147680296(TeeFactory): Cloned 0 input feature(s) into 0 output feature(s)
2018-02-21 13:49:07|   1.9|  0.0|STATS |NVDB_Leser_TestFilter(TeeFactory): Cloned 2 input feature(s) into 2 output feature(s)
2018-02-21 13:49:07|   1.9|  0.0|STATS |NVDB_Leser_TestFilter_TestFactory_0(TestFactory): Tested 2 input feature(s) -- 1 feature(s) passed and 1 feature(s) failed
2018-02-21 13:49:07|   1.9|  0.0|STATS |NVDB_Leser_TestFilter_<lt>UNFILTERED<gt>(TeeFactory): Cloned 1 input feature(s) into 1 output feature(s)
2018-02-21 13:49:07|   1.9|  0.0|STATS |NVDB_Leser_TestFilter <lt>UNFILTERED<gt> Transformer Output Nuker(TeeFactory): Cloned 1 input feature(s) into 0 output feature(s)
2018-02-21 13:49:07|   1.9|  0.0|INFORM|NVDB_Leser_XMLFragmenter(XFMapFactory): Total Results: 33 Mapped Feature(s), 2 Input Feature(s), and 1 Invalid input Feature(s)
2018-02-21 13:49:07|   1.9|  0.0|STATS |NVDB_Leser_XMLFragmenter__Rejected__Logger(TeeFactory): Cloned 1 input feature(s) into 1 output feature(s)
2018-02-21 13:49:07|   1.9|  0.0|STATS |NVDB_Leser_XMLFragmenter__Rejected_ LOGGED Transformer Output Nuker(TeeFactory): Cloned 1 input feature(s) into 0 output feature(s)
2018-02-21 13:49:07|   1.9|  0.0|INFORM|Optional `close' method not present; not called
2018-02-21 13:49:07|   1.9|  0.0|STATS |NVDB_Leser_GeometryReplacer(TeeFactory): Cloned 33 input feature(s) into 33 output feature(s)
2018-02-21 13:49:07|   1.9|  0.0|STATS |NVDB_Leser_GeometryReplacer_Rejector(TestFactory): Tested 33 input feature(s) -- 0 feature(s) passed and 33 feature(s) failed
2018-02-21 13:49:07|   1.9|  0.0|STATS |NVDB_Leser_GeometryReplacer OUTPUT Splitter(TeeFactory): Cloned 33 input feature(s) into 99 output feature(s)
2018-02-21 13:49:07|   1.9|  0.0|INFORM|NVDB_Leser_GeometryReplacer_<REJECTED> Feature Recorder 0 2147680271(RecorderFactory): Recorded 0 feature(s) to file `C:\Users\knjetl\AppData\Local\Temp\wb-cache-NVDBAPI2GML_V2_2017-yo9760\NVDB_Leser_GeometryReplacer 0 15 fo 1 _lt_REJECTED_gt_  0  .ffsupdating'
2018-02-21 13:49:07|   1.9|  0.0|STATS |NVDB_Leser_GeometryReplacer_<REJECTED> Feature Counter 0 2147680271(TeeFactory): Cloned 0 input feature(s) into 0 output feature(s)
2018-02-21 13:49:07|   1.9|  0.0|STATS |NVDB_Leser_3DForcer(TeeFactory): Cloned 33 input feature(s) into 33 output feature(s)
2018-02-21 13:49:07|   1.9|  0.0|STATS |NVDB_Leser_3DForcer_Rejector(TestFactory): Tested 33 input feature(s) -- 0 feature(s) passed and 33 feature(s) failed
2018-02-21 13:49:07|   1.9|  0.0|INFORM|NVDB_Leser_3DForcer_<REJECTED> Feature Recorder 0 2147680306(RecorderFactory): Recorded 0 feature(s) to file `C:\Users\knjetl\AppData\Local\Temp\wb-cache-NVDBAPI2GML_V2_2017-yo9760\NVDB_Leser_3DForcer 0 50 fo 1 _lt_REJECTED_gt_  0  .ffsupdating'
2018-02-21 13:49:07|   1.9|  0.0|STATS |NVDB_Leser_3DForcer_<REJECTED> Feature Counter 0 2147680306(TeeFactory): Cloned 0 input feature(s) into 0 output feature(s)
2018-02-21 13:49:07|   1.9|  0.0|STATS |NVDB_Leser_CoordinateSystemSetter_3(TeeFactory): Cloned 33 input feature(s) into 33 output feature(s)
2018-02-21 13:49:07|   1.9|  0.0|STATS |NVDB_Leser_CoordinateSystemSetter (Disabled) Nuker(TeeFactory): Cloned 33 input feature(s) into 0 output feature(s)
2018-02-21 13:49:07|   1.9|  0.0|STATS |NVDB_Leser_CoordinateSystemSetter_2 (Disabled) Nuker(TeeFactory): Cloned 33 input feature(s) into 0 output feature(s)
2018-02-21 13:49:07|   1.9|  0.0|STATS |NVDB_Leser_Deaggregator(DeaggregateFactory): Split 33 input feature(s) into 0 point-in-polygon feature(s), 0 donut polygon(s), 0 polygon(s), 0 line(s), 33 point(s), and 0 aggregate(s)
2018-02-21 13:49:07|   1.9|  0.0|STATS |NVDB_Leser_Deaggregator(DeaggregateFactory): 33 non-aggregate input features were routed through the factory
2018-02-21 13:49:07|   1.9|  0.0|STATS |NVDB_Leser_NullAttributeMapper(TeeFactory): Cloned 33 input feature(s) into 33 output feature(s)
2018-02-21 13:49:07|   1.9|  0.0|STATS |NVDB_Leser_StringConcatenator(TeeFactory): Cloned 33 input feature(s) into 33 output feature(s)
2018-02-21 13:49:07|   1.9|  0.0|STATS |Loop to NVDB_Leser_Loop1519217328 Input Splitter(BranchingFactory): Branched 1 input feature -- 1 feature routed to the target factory, and 0 features routed to the fallback factory.
2018-02-21 13:49:07|   1.9|  0.0|STATS |NVDB_Leser_Output1519217328 Output Collector(TeeFactory): Cloned 33 input feature(s) into 33 output feature(s)
2018-02-21 13:49:07|   1.9|  0.0|STATS |NVDB_Leser Output Output Renamer/Nuker(TeeFactory): Cloned 33 input feature(s) into 33 output feature(s)
2018-02-21 13:49:07|   1.9|  0.0|STATS |NVDB_Leser Output Splitter(TeeFactory): Cloned 33 input feature(s) into 66 output feature(s)
2018-02-21 13:49:07|   1.9|  0.0|STATS |ListExploder(ElementFactory): Split out 0 list elements from 33 input features, using mode CLASSIC
2018-02-21 13:49:07|   1.9|  0.0|STATS |ListExploder ELEMENTS Splitter(TeeFactory): Cloned 0 input feature(s) into 0 output feature(s)
2018-02-21 13:49:07|   1.9|  0.0|INFORM|ListExploder_<REJECTED> Feature Recorder -1 2147680336(RecorderFactory): Recorded 33 feature(s) to file `C:\Users\knjetl\AppData\Local\Temp\wb-cache-NVDBAPI2GML_V2_2017-yo9760\Main_ListExploder -1 80 fo 1 _lt_REJECTED_gt_  0  fa557037e4c188ce0ccdf8030a80884d33bbaf35.ffsupdating'
2018-02-21 13:49:07|   1.9|  0.0|STATS |ListExploder_<REJECTED> Feature Counter -1 2147680336(TeeFactory): Cloned 33 input feature(s) into 0 output feature(s)
2018-02-21 13:49:07|   1.9|  0.0|STATS |AttributeKeeper_2(TeeFactory): Cloned 0 input feature(s) into 0 output feature(s)
2018-02-21 13:49:07|   1.9|  0.0|INFORM|Joiner_<REJECTED> Feature Recorder -1 2147745873(RecorderFactory): Recorded 0 feature(s) to file `C:\Users\knjetl\AppData\Local\Temp\wb-cache-NVDBAPI2GML_V2_2017-yo9760\Main_Joiner -1 81 fo 2 _lt_REJECTED_gt_  0  e59252645973e41ccb4076b4c44593123e0a5b7c.ffsupdating'
2018-02-21 13:49:07|   1.9|  0.0|STATS |Joiner_<REJECTED> Feature Counter -1 2147745873(TeeFactory): Cloned 0 input feature(s) into 0 output feature(s)
2018-02-21 13:49:07|   1.9|  0.0|STATS |StringConcatenator(TeeFactory): Cloned 0 input feature(s) into 0 output feature(s)
2018-02-21 13:49:07|   1.9|  0.0|STATS |ListBuilder_fme_type_remover(TeeFactory): Cloned 0 input feature(s) into 0 output feature(s)
2018-02-21 13:49:07|   1.9|  0.0|STATS |ListBuilder(ListFactory): Combined 0 input feature(s) into 0 output feature(s), including 0 singleton(s)
2018-02-21 13:49:07|   1.9|  0.0|INFORM|Optional `close' method not present; not called
2018-02-21 13:49:07|   1.9|  0.0|STATS |AttributeRemover_2(TeeFactory): Cloned 0 input feature(s) into 0 output feature(s)
2018-02-21 13:49:07|   1.9|  0.0|STATS |TestFilter(TeeFactory): Cloned 0 input feature(s) into 0 output feature(s)
2018-02-21 13:49:07|   1.9|  0.0|STATS |TestFilter_TestFactory_0(TestFactory): Tested 0 input feature(s) -- 0 feature(s) passed and 0 feature(s) failed
2018-02-21 13:49:07|   1.9|  0.0|STATS |TestFilter_<lt>UNFILTERED<gt>(TeeFactory): Cloned 0 input feature(s) into 0 output feature(s)
2018-02-21 13:49:07|   1.9|  0.0|STATS |TestFilter <lt>UNFILTERED<gt> Transformer Output Nuker(TeeFactory): Cloned 0 input feature(s) into 0 output feature(s)
2018-02-21 13:49:07|   1.9|  0.0|STATS |NVDB_Leser_2 _Input Input Collector(TeeFactory): Cloned 0 input feature(s) into 0 output feature(s)
2018-02-21 13:49:07|   1.9|  0.0|STATS |NVDB_Leser_2__Input1519217328 Input Splitter(TeeFactory): Cloned 0 input feature(s) into 0 output feature(s)
2018-02-21 13:49:07|   1.9|  0.0|STATS |NVDB_Leser_2_Loop1519217328 Input Splitter(TeeFactory): Cloned 0 input feature(s) into 0 output feature(s)
2018-02-21 13:49:07|   1.9|  0.0|STATS |NVDB_Leser_2_HTTPCaller_2 Output Splitter(TeeFactory): Cloned 0 input feature(s) into 0 output feature(s)
2018-02-21 13:49:07|   1.9|  0.0|INFORM|NVDB_Leser_2_HTTPCaller_2_<Rejected> Feature Recorder 0 2147680259(RecorderFactory): Recorded 0 feature(s) to file `C:\Users\knjetl\AppData\Local\Temp\wb-cache-NVDBAPI2GML_V2_2017-yo9760\NVDB_Leser_HTTPCaller_2 0 3 fo 1 _lt_Rejected_gt_  0  .ffsupdating'
2018-02-21 13:49:07|   1.9|  0.0|STATS |NVDB_Leser_2_HTTPCaller_2_<Rejected> Feature Counter 0 2147680259(TeeFactory): Cloned 0 input feature(s) into 0 output feature(s)
2018-02-21 13:49:07|   1.9|  0.0|INFORM|NVDB_Leser_2_XMLFragmenter_2(XFMapFactory): Total Results: 0 Mapped Feature(s), 0 Input Feature(s), and 0 Invalid input Feature(s)
2018-02-21 13:49:07|   1.9|  0.0|INFORM|NVDB_Leser_2_XMLFragmenter_2_<REJECTED> Feature Recorder 0 2147680296(RecorderFactory): Recorded 0 feature(s) to file `C:\Users\knjetl\AppData\Local\Temp\wb-cache-NVDBAPI2GML_V2_2017-yo9760\NVDB_Leser_XMLFragmenter_2 0 40 fo 1 _lt_REJECTED_gt_  0  .ffsupdating'
2018-02-21 13:49:07|   1.9|  0.0|STATS |NVDB_Leser_2_XMLFragmenter_2_<REJECTED> Feature Counter 0 2147680296(TeeFactory): Cloned 0 input feature(s) into 0 output feature(s)
2018-02-21 13:49:07|   1.9|  0.0|STATS |NVDB_Leser_2_TestFilter(TeeFactory): Cloned 0 input feature(s) into 0 output feature(s)
2018-02-21 13:49:07|   1.9|  0.0|STATS |NVDB_Leser_2_TestFilter_TestFactory_0(TestFactory): Tested 0 input feature(s) -- 0 feature(s) passed and 0 feature(s) failed
2018-02-21 13:49:07|   1.9|  0.0|STATS |NVDB_Leser_2_TestFilter_<lt>UNFILTERED<gt>(TeeFactory): Cloned 0 input feature(s) into 0 output feature(s)
2018-02-21 13:49:07|   1.9|  0.0|STATS |NVDB_Leser_2_TestFilter <lt>UNFILTERED<gt> Transformer Output Nuker(TeeFactory): Cloned 0 input feature(s) into 0 output feature(s)
2018-02-21 13:49:07|   1.9|  0.0|INFORM|NVDB_Leser_2_XMLFragmenter(XFMapFactory): Total Results: 0 Mapped Feature(s), 0 Input Feature(s), and 0 Invalid input Feature(s)
2018-02-21 13:49:07|   1.9|  0.0|STATS |NVDB_Leser_2_XMLFragmenter__Rejected__Logger(TeeFactory): Cloned 0 input feature(s) into 0 output feature(s)
2018-02-21 13:49:07|   1.9|  0.0|STATS |NVDB_Leser_2_XMLFragmenter__Rejected_ LOGGED Transformer Output Nuker(TeeFactory): Cloned 0 input feature(s) into 0 output feature(s)
2018-02-21 13:49:07|   1.9|  0.0|INFORM|Optional `close' method not present; not called
2018-02-21 13:49:07|   1.9|  0.0|STATS |NVDB_Leser_2_GeometryReplacer(TeeFactory): Cloned 0 input feature(s) into 0 output feature(s)
2018-02-21 13:49:07|   1.9|  0.0|STATS |NVDB_Leser_2_GeometryReplacer_Rejector(TestFactory): Tested 0 input feature(s) -- 0 feature(s) passed and 0 feature(s) failed
2018-02-21 13:49:07|   1.9|  0.0|STATS |NVDB_Leser_2_GeometryReplacer OUTPUT Splitter(TeeFactory): Cloned 0 input feature(s) into 0 output feature(s)
2018-02-21 13:49:07|   1.9|  0.0|INFORM|NVDB_Leser_2_GeometryReplacer_<REJECTED> Feature Recorder 0 2147680271(RecorderFactory): Recorded 0 feature(s) to file `C:\Users\knjetl\AppData\Local\Temp\wb-cache-NVDBAPI2GML_V2_2017-yo9760\NVDB_Leser_GeometryReplacer 0 15 fo 1 _lt_REJECTED_gt_  0  .ffsupdating'
2018-02-21 13:49:07|   1.9|  0.0|STATS |NVDB_Leser_2_GeometryReplacer_<REJECTED> Feature Counter 0 2147680271(TeeFactory): Cloned 0 input feature(s) into 0 output feature(s)
2018-02-21 13:49:07|   1.9|  0.0|STATS |NVDB_Leser_2_3DForcer(TeeFactory): Cloned 0 input feature(s) into 0 output feature(s)
2018-02-21 13:49:07|   1.9|  0.0|STATS |NVDB_Leser_2_3DForcer_Rejector(TestFactory): Tested 0 input feature(s) -- 0 feature(s) passed and 0 feature(s) failed
2018-02-21 13:49:07|   1.9|  0.0|INFORM|NVDB_Leser_2_3DForcer_<REJECTED> Feature Recorder 0 2147680306(RecorderFactory): Recorded 0 feature(s) to file `C:\Users\knjetl\AppData\Local\Temp\wb-cache-NVDBAPI2GML_V2_2017-yo9760\NVDB_Leser_3DForcer 0 50 fo 1 _lt_REJECTED_gt_  0  .ffsupdating'
2018-02-21 13:49:07|   1.9|  0.0|STATS |NVDB_Leser_2_3DForcer_<REJECTED> Feature Counter 0 2147680306(TeeFactory): Cloned 0 input feature(s) into 0 output feature(s)
2018-02-21 13:49:07|   1.9|  0.0|STATS |NVDB_Leser_2_CoordinateSystemSetter_3(TeeFactory): Cloned 0 input feature(s) into 0 output feature(s)
2018-02-21 13:49:07|   1.9|  0.0|STATS |NVDB_Leser_2_CoordinateSystemSetter (Disabled) Nuker(TeeFactory): Cloned 0 input feature(s) into 0 output feature(s)
2018-02-21 13:49:07|   1.9|  0.0|STATS |NVDB_Leser_2_CoordinateSystemSetter_2 (Disabled) Nuker(TeeFactory): Cloned 0 input feature(s) into 0 output feature(s)
2018-02-21 13:49:07|   1.9|  0.0|STATS |NVDB_Leser_2_Deaggregator(DeaggregateFactory): Split 0 input feature(s) into 0 point-in-polygon feature(s), 0 donut polygon(s), 0 polygon(s), 0 line(s), 0 point(s), and 0 aggregate(s)
2018-02-21 13:49:07|   1.9|  0.0|STATS |NVDB_Leser_2_NullAttributeMapper(TeeFactory): Cloned 0 input feature(s) into 0 output feature(s)
2018-02-21 13:49:07|   1.9|  0.0|STATS |NVDB_Leser_2_StringConcatenator(TeeFactory): Cloned 0 input feature(s) into 0 output feature(s)
2018-02-21 13:49:07|   1.9|  0.0|STATS |Loop to NVDB_Leser_2_Loop1519217328 Input Splitter(BranchingFactory): Branched 0 input features -- 0 features routed to the target factory, and 0 features routed to the fallback factory.
2018-02-21 13:49:07|   1.9|  0.0|STATS |NVDB_Leser_2_Output1519217328 Output Collector(TeeFactory): Cloned 0 input feature(s) into 0 output feature(s)
2018-02-21 13:49:07|   1.9|  0.0|STATS |NVDB_Leser_2 Output Output Renamer/Nuker(TeeFactory): Cloned 0 input feature(s) into 0 output feature(s)
2018-02-21 13:49:07|   1.9|  0.0|STATS |NVDB_Leser_2 Output Splitter(TeeFactory): Cloned 0 input feature(s) into 0 output feature(s)
2018-02-21 13:49:07|   1.9|  0.0|STATS |ListExploder_2(ElementFactory): Split out 0 list elements from 0 input features, using mode CLASSIC
2018-02-21 13:49:07|   1.9|  0.0|INFORM|ListExploder_2_<REJECTED> Feature Recorder -1 2147680370(RecorderFactory): Recorded 0 feature(s) to file `C:\Users\knjetl\AppData\Local\Temp\wb-cache-NVDBAPI2GML_V2_2017-yo9760\Main_ListExploder_2 -1 114 fo 1 _lt_REJECTED_gt_  0  a08937601051068c29813781cea762aa5fe3775a.ffsupdating'
2018-02-21 13:49:07|   1.9|  0.0|STATS |ListExploder_2_<REJECTED> Feature Counter -1 2147680370(TeeFactory): Cloned 0 input feature(s) into 0 output feature(s)
2018-02-21 13:49:07|   1.9|  0.0|STATS |AttributeKeeper_3(TeeFactory): Cloned 0 input feature(s) into 0 output feature(s)
2018-02-21 13:49:07|   1.9|  0.0|INFORM|Joiner_2_<REJECTED> Feature Recorder -1 2147745907(RecorderFactory): Recorded 0 feature(s) to file `C:\Users\knjetl\AppData\Local\Temp\wb-cache-NVDBAPI2GML_V2_2017-yo9760\Main_Joiner_2 -1 115 fo 2 _lt_REJECTED_gt_  0  3839dbe05bdf4ed6bf9821ad0e5af9ca76b59ea7.ffsupdating'
2018-02-21 13:49:07|   1.9|  0.0|STATS |Joiner_2_<REJECTED> Feature Counter -1 2147745907(TeeFactory): Cloned 0 input feature(s) into 0 output feature(s)
2018-02-21 13:49:07|   1.9|  0.0|STATS |StringConcatenator_2(TeeFactory): Cloned 0 input feature(s) into 0 output feature(s)
2018-02-21 13:49:07|   1.9|  0.0|STATS |ListBuilder_2_fme_type_remover(TeeFactory): Cloned 0 input feature(s) into 0 output feature(s)
2018-02-21 13:49:07|   1.9|  0.0|STATS |ListBuilder_2(ListFactory): Combined 0 input feature(s) into 0 output feature(s), including 0 singleton(s)
2018-02-21 13:49:07|   1.9|  0.0|INFORM|Optional `close' method not present; not called
2018-02-21 13:49:07|   1.9|  0.0|STATS |AttributeRemover_3(TeeFactory): Cloned 0 input feature(s) into 0 output feature(s)
2018-02-21 13:49:07|   1.9|  0.0|STATS |FeatureMerger_4(ReferenceFactory): Total Results: 0 Complete Feature(s), 0 Incomplete Feature(s), 0 Referenced Feature(s), 0 Unreferenced Feature(s), 0 Referencer Feature(s) (NO REFERENCES), 0 Referencee Feature(s) (NO Referencee fields defined), and 0 Duplicate Referencee Feature(s)
2018-02-21 13:49:07|   1.9|  0.0|INFORM|FeatureMerger_4_<REJECTED> Feature Recorder -1 2147877007(RecorderFactory): Recorded 0 feature(s) to file `C:\Users\knjetl\AppData\Local\Temp\wb-cache-NVDBAPI2GML_V2_2017-yo9760\Main_FeatureMerger_4 -1 143 fo 4 _lt_REJECTED_gt_  0  b93d91d0f4dc6e6bfcd2910519fe553ec7209ad8.ffsupdating'
2018-02-21 13:49:07|   1.9|  0.0|STATS |FeatureMerger_4_<REJECTED> Feature Counter -1 2147877007(TeeFactory): Cloned 0 input feature(s) into 0 output feature(s)
2018-02-21 13:49:08|   2.0|  0.1|INFORM|Creating reader for format: CSV (Comma Separated Value)
2018-02-21 13:49:09|   2.1|  0.1|INFORM|Trying to find a DYNAMIC plugin for reader named `CSV2'
2018-02-21 13:49:09|   2.1|  0.0|INFORM|Loaded module 'CSV2' from file 'C:\Program Files\FME\plugins/CSV2.dll'
2018-02-21 13:49:09|   2.1|  0.0|INFORM|FME API version of module 'CSV2' matches current internal version (3.8 20180112)
2018-02-21 13:49:09|   2.1|  0.0|INFORM|CSV reader: Opening dataset 'C:\Users\noloit\Documents\GitHub\NVDBGML\XSD\NVDB_enMapping.csv'
2018-02-21 13:49:09|   2.1|  0.0|INFORM|CSV reader: Directive '_DELIMITER' has the value ';'
2018-02-21 13:49:09|   2.1|  0.0|INFORM|CSV reader: Directive '_FIELD_NAMES_LINE' has the value '1'
2018-02-21 13:49:09|   2.1|  0.0|INFORM|CSV reader: Directive '_DATA_START_LINE' has the value '2'
2018-02-21 13:49:09|   2.1|  0.0|INFORM|CSV reader: Directive '_SCAN_MAX_ROWS' has the value '1000'
2018-02-21 13:49:09|   2.1|  0.0|INFORM|CSV reader: Directive '_READ_SKIPPED_LINES' has the value 'No'
2018-02-21 13:49:09|   2.1|  0.0|INFORM|CSV reader: Directive '_SKIP_DUPLICATE_DELIMITERS' has the value 'No'
2018-02-21 13:49:09|   2.1|  0.0|INFORM|CSV reader: Directive '_FIELD_QUALIFIER_CHARACTER' has the value '"'
2018-02-21 13:49:09|   2.1|  0.0|INFORM|CSV reader: Directive '_FIELD_QUALIFIER_ESCAPE_CHARACTER' has the value '"'
2018-02-21 13:49:09|   2.1|  0.0|INFORM|CSV reader: Directive '_TRIM_FIELD_NAME_QUALIFIERS' has the value 'Yes'
2018-02-21 13:49:09|   2.1|  0.0|INFORM|CSV reader: Directive '_TRIM_FIELD_VALUE_QUALIFIERS' has the value 'Yes'
2018-02-21 13:49:09|   2.1|  0.0|INFORM|CSV reader: Directive '_PRESERVE_SOURCE_ENCODING' has the value 'No'
2018-02-21 13:49:09|   2.1|  0.0|INFORM|CSV reader: Directive '_CASE_SENSITIVE_FIELD_NAMES' has the value 'Yes'
2018-02-21 13:49:09|   2.1|  0.0|INFORM|CSV reader: Directive '_ENFORCE_STRICT_SCHEMA' has the value 'No'
2018-02-21 13:49:09|   2.1|  0.0|INFORM|CSV reader: Directive '_SCAN_TYPES' has the value 'No'
2018-02-21 13:49:09|   2.1|  0.0|INFORM|CSV reader: Directive '_SCAN_ADDITIONAL_FIELDS' has the value 'No'
2018-02-21 13:49:09|   2.1|  0.0|ERROR |CSV reader: Failed to open file 'C:\Users\noloit\Documents\GitHub\NVDBGML\XSD\NVDB_enMapping.csv' for reading.  Please ensure that the file exists and you have sufficient privileges to read it
2018-02-21 13:49:09|   2.1|  0.0|ERROR |CSV reader: Failed to open file 'C:\Users\noloit\Documents\GitHub\NVDBGML\XSD\NVDB_enMapping.csv' for reading.  Please ensure that the file exists and you have sufficient privileges to read it
2018-02-21 13:49:09|   2.1|  0.0|ERROR |A fatal error has occurred. Check the logfile above for details
2018-02-21 13:49:09|   2.1|  0.0|ERROR |SchemaMapper_Mapper(SchemaMappingFactory): Could not read feature: A fatal error has occurred. Check the logfile above for details
2018-02-21 13:49:09|   2.1|  0.0|ERROR |Could not read feature: A fatal error has occurred. Check the logfile above for details
2018-02-21 13:49:09|   2.1|  0.0|ERROR |
2018-02-21 13:49:09|   2.1|  0.0|ERROR |A fatal error has occurred. Check the logfile above for details
2018-02-21 13:49:09|   2.1|  0.0|ERROR |
2018-02-21 13:49:09|   2.1|  0.0|STATS |Stored 33 feature(s) to FME feature store file `C:\Users\knjetl\AppData\Local\Temp\wb-cache-NVDBAPI2GML_V2_2017-yo9760\Main_ListExploder -1 80 fo 1 _lt_REJECTED_gt_  0  fa557037e4c188ce0ccdf8030a80884d33bbaf35.ffsupdating'
2018-02-21 13:49:09|   2.1|  0.0|INFORM|Saving spatial index into file 'C:\Users\knjetl\AppData\Local\Temp\wb-cache-NVDBAPI2GML_V2_2017-yo9760\Main_ListExploder -1 80 fo 1 _lt_REJECTED_gt_  0  fa557037e4c188ce0ccdf8030a80884d33bbaf35.fsi'
2018-02-21 13:49:09|   2.1|  0.0|INFORM|Finished saving spatial index into file 'C:\Users\knjetl\AppData\Local\Temp\wb-cache-NVDBAPI2GML_V2_2017-yo9760\Main_ListExploder -1 80 fo 1 _lt_REJECTED_gt_  0  fa557037e4c188ce0ccdf8030a80884d33bbaf35.fsi'
2018-02-21 13:49:09|   2.1|  0.0|ERROR |A fatal error has occurred. Check the logfile above for details
2018-02-21 13:49:09|   2.1|  0.0|INFORM|Translation FAILED with 9 error(s) and 0 warning(s) (0 feature(s) output)
2018-02-21 13:49:09|   2.1|  0.0|INFORM|FME Session Duration: 17.1 seconds. (CPU: 0.7s user, 0.8s system)
2018-02-21 13:49:09|   2.1|  0.0|INFORM|END - ProcessID: 10440, peak process memory usage: 134284 kB, current process memory usage: 132920 kB
