2016-09-16 12:13:56|   0.1|  0.1|INFORM|FME 2016.1.0.0 Beta (20160329 - Build 16481 - WIN64)
2016-09-16 12:13:56|   0.1|  0.0|INFORM|FME_HOME is 'C:\Program Files\FME2016.1\64\'
2016-09-16 12:13:56|   0.1|  0.0|INFORM|FME ESRI Edition (node locked-crc)
2016-09-16 12:13:56|   0.1|  0.0|INFORM|Serial Number: S0601A0917
2016-09-16 12:13:56|   0.1|  0.0|INFORM|Permanent License.
2016-09-16 12:13:56|   0.1|  0.0|INFORM|Machine host name is: SVV-55247
2016-09-16 12:13:56|   0.1|  0.0|INFORM|START - ProcessID: 11352, peak process memory usage: 36020 kB, current process memory usage: 36020 kB
2016-09-16 12:13:56|   0.1|  0.0|INFORM|FME Configuration: Command line arguments are `C:\Program Files\FME2016.1\64\fme.exe' `C:/DATA/GitHub/NVDBGML/FME\wb-xlate-1474020835991_4784' `LOG_STANDARDOUT' `YES' `LogCountServerName' `{45866ffa-fdeb-41c5-aebc-80e38263b278}' `DEBUG_PORT' `51725'
2016-09-16 12:13:56|   0.2|  0.1|INFORM|Shared folders for formats are : C:\Program Files\FME2016.1\64\datasources;C:\Users\knjetl\AppData\Roaming\Safe Software\FME\FME Store\Formats;\\SVV1P04AUSER01\KNJETL$\documents\FME\Formats
2016-09-16 12:13:56|   0.2|  0.0|INFORM|Shared folders for transformers are : C:\Program Files\FME2016.1\64\transformers;C:\Users\knjetl\AppData\Roaming\Safe Software\FME\FME Store\Transformers;\\SVV1P04AUSER01\KNJETL$\documents\FME\Transformers
2016-09-16 12:13:56|   0.2|  0.0|INFORM|Shared folders for coordinate systems are : \\SVV1P04AUSER01\KNJETL$\documents\FME\CoordinateSystems
2016-09-16 12:13:56|   0.2|  0.0|INFORM|Shared folders for coordinate system exceptions are : \\SVV1P04AUSER01\KNJETL$\documents\FME\CoordinateSystemExceptions
2016-09-16 12:13:56|   0.2|  0.0|INFORM|Shared folders for coordinate system grid overrides are : \\SVV1P04AUSER01\KNJETL$\documents\FME\CoordinateSystemGridOverrides
2016-09-16 12:13:56|   0.2|  0.0|INFORM|Shared folders for CS-MAP transformation exceptions are : \\SVV1P04AUSER01\KNJETL$\documents\FME\CsmapTransformationExceptions
2016-09-16 12:13:56|   0.2|  0.0|INFORM|Shared folders for transformer categories are : \\SVV1P04AUSER01\KNJETL$\documents\FME\TransformerCategories
2016-09-16 12:13:56|   0.2|  0.0|INFORM|FME Configuration: Reader Keyword is `NULL_SOURCE'
2016-09-16 12:13:56|   0.2|  0.0|INFORM|FME Configuration: Writer Keyword is `NULL_DEST'
2016-09-16 12:13:56|   0.2|  0.0|INFORM|FME Configuration: Writer Group Definition Keyword is `NULL_DEST_DEF'
2016-09-16 12:13:56|   0.2|  0.0|INFORM|FME Configuration: Reader type is `NULL'
2016-09-16 12:13:56|   0.2|  0.0|INFORM|FME Configuration: Writer type is `NULL'
2016-09-16 12:13:56|   0.2|  0.0|INFORM|FME Configuration: No destination coordinate system set
2016-09-16 12:13:56|   0.2|  0.0|INFORM|FME Configuration: Current working folder is `C:\DATA\GitHub\NVDBGML\FME'
2016-09-16 12:13:56|   0.2|  0.0|INFORM|FME Configuration: Temporary folder is `C:\Users\knjetl\AppData\Local\Temp'
2016-09-16 12:13:56|   0.2|  0.0|INFORM|FME Configuration: FME_HOME is `C:\Program Files\FME2016.1\64\'
2016-09-16 12:13:56|   0.2|  0.0|INFORM|FME Configuration: FME_BASE is 'no'
2016-09-16 12:13:56|   0.2|  0.0|INFORM|FME Configuration: FME_MF_DIR is 'C:\DATA\GitHub\NVDBGML\FME/'
2016-09-16 12:13:56|   0.2|  0.0|INFORM|FME Configuration: FME_MF_NAME is 'NVDBAPI2GML_V2_Paraply.fmw'
2016-09-16 12:13:56|   0.2|  0.0|INFORM|FME Configuration: FME_PRODUCT_NAME is 'FME(R) 2016.1.0.0'
2016-09-16 12:13:56|   0.2|  0.0|INFORM|System Status: 182.48 GB of disk space available in the FME temporary folder (C:\Users\knjetl\AppData\Local\Temp)
2016-09-16 12:13:56|   0.2|  0.0|INFORM|System Status: 8.00 TB of virtual memory available
2016-09-16 12:13:56|   0.2|  0.0|INFORM|Operating System: Microsoft Windows 7 64-bit Service Pack 1 (Build 7601)
2016-09-16 12:13:56|   0.2|  0.0|INFORM|FME Platform: WIN64
2016-09-16 12:13:56|   0.2|  0.0|INFORM|Locale: nb_NO
2016-09-16 12:13:56|   0.2|  0.0|INFORM|Code Page: 1252  (ANSI - latin I)
2016-09-16 12:13:56|   0.2|  0.0|INFORM|FME Configuration: Process limits are 31.91 GB of physical memory and 8.00 TB of address space
2016-09-16 12:13:56|   0.2|  0.0|INFORM|FME Configuration: Start freeing memory when process usage exceeds 95.72 GB of memory or 8.00 TB of address space
2016-09-16 12:13:56|   0.2|  0.0|INFORM|FME Configuration: Stop freeing memory when process usage is below 71.79 GB of memory and 6.00 TB of address space
2016-09-16 12:13:57|   0.2|  0.0|INFORM|Creating writer for format: NULL (Nothing)
2016-09-16 12:13:57|   0.2|  0.0|INFORM|Trying to find a DYNAMIC plugin for writer named `NULL'
2016-09-16 12:13:57|   0.2|  0.0|INFORM|Loaded module 'NULL' from file 'C:\Program Files\FME2016.1\64\plugins/NULL.dll'
2016-09-16 12:13:57|   0.2|  0.0|INFORM|FME API version of module 'NULL' matches current internal version (3.8 20160224)
2016-09-16 12:13:57|   0.2|  0.0|INFORM|Creating reader for format: NULL (Nothing)
2016-09-16 12:13:57|   0.2|  0.0|INFORM|Trying to find a DYNAMIC plugin for reader named `NULL'
2016-09-16 12:13:57|   0.2|  0.0|INFORM|FME API version of module 'NULL' matches current internal version (3.8 20160224)
2016-09-16 12:13:57|   0.2|  0.0|INFORM|Loaded module 'LogCount_func' from file 'C:\Program Files\FME2016.1\64\plugins/LogCount_func.dll'
2016-09-16 12:13:57|   0.2|  0.0|INFORM|FME API version of module 'LogCount_func' matches current internal version (3.8 20160224)
2016-09-16 12:13:57|   0.2|  0.0|INFORM|Creating writer for format: FME Feature Store (FFS)
2016-09-16 12:13:57|   0.2|  0.0|INFORM|FME Configuration: No destination coordinate system set
2016-09-16 12:13:57|   0.2|  0.0|INFORM|FME API version of module 'NULL' matches current internal version (3.8 20160224)
2016-09-16 12:13:57|   0.3|  0.0|INFORM|FME API version of module 'NULL' matches current internal version (3.8 20160224)
2016-09-16 12:13:57|   0.3|  0.0|INFORM|Loaded module 'Geometry_func' from file 'C:\Program Files\FME2016.1\64\plugins/Geometry_func.dll'
2016-09-16 12:13:57|   0.3|  0.0|INFORM|FME API version of module 'Geometry_func' matches current internal version (3.8 20160224)
2016-09-16 12:13:57|   0.3|  0.0|INFORM|Loaded module 'BreakpointFactory' from file 'C:\Program Files\FME2016.1\64\plugins/BreakpointFactory.dll'
2016-09-16 12:13:57|   0.3|  0.0|INFORM|FME API version of module 'BreakpointFactory' matches current internal version (3.8 20160224)
2016-09-16 12:13:57|   0.3|  0.0|INFORM|Feature Inspection module initialized. Workbench@51725 and FME@51931
2016-09-16 12:13:57|   0.3|  0.0|INFORM|FME API version of module 'BreakpointFactory' matches current internal version (3.8 20160224)
2016-09-16 12:13:57|   0.3|  0.0|INFORM|... Last line repeated 4 times ...
2016-09-16 12:13:57|   0.3|  0.0|INFORM|Loaded module 'HTTPFactory' from file 'C:\Program Files\FME2016.1\64\plugins/HTTPFactory.dll'
2016-09-16 12:13:57|   0.3|  0.0|INFORM|FME API version of module 'HTTPFactory' matches current internal version (3.8 20160224)
2016-09-16 12:13:57|   0.3|  0.0|INFORM|FME API version of module 'BreakpointFactory' matches current internal version (3.8 20160224)
2016-09-16 12:13:57|   0.3|  0.0|INFORM|Loaded module 'XFMapFactory' from file 'C:\Program Files\FME2016.1\64\plugins/XFMapFactory.dll'
2016-09-16 12:13:57|   0.3|  0.0|INFORM|FME API version of module 'XFMapFactory' matches current internal version (3.8 20160224)
2016-09-16 12:13:57|   0.3|  0.0|INFORM|FME API version of module 'BreakpointFactory' matches current internal version (3.8 20160224)
2016-09-16 12:13:57|   0.3|  0.0|INFORM|FME API version of module 'BreakpointFactory' matches current internal version (3.8 20160224)
2016-09-16 12:13:57|   0.3|  0.0|INFORM|Loaded module 'DuplicateRemoverFactory' from file 'C:\Program Files\FME2016.1\64\plugins/DuplicateRemoverFactory.dll'
2016-09-16 12:13:57|   0.3|  0.0|INFORM|FME API version of module 'DuplicateRemoverFactory' matches current internal version (3.8 20160224)
2016-09-16 12:13:57|   0.3|  0.0|INFORM|FME API version of module 'BreakpointFactory' matches current internal version (3.8 20160224)
2016-09-16 12:13:57|   0.3|  0.0|INFORM|... Last line repeated 2 times ...
2016-09-16 12:13:57|   0.3|  0.0|INFORM|Emptying factory pipeline
2016-09-16 12:13:57|   0.3|  0.0|INFORM|ListExploder_2(ElementFactory): No MODE specified.  Using default processing mode (CLASSIC)
2016-09-16 12:13:57|   0.3|  0.0|INFORM|HTTPCaller_2(HTTPFactory): HTTP/FTP Transfer: Downloading resource 'https://www.vegvesen.no/nvdb/api/v2/vegobjekttyper/470' to internal memory buffer
2016-09-16 12:13:57|   0.3|  0.0|INFORM|HTTPCaller_2(HTTPFactory): HTTP transfer summary - status code: 200, download size: '9097 bytes', DNS lookup time: '0.015 seconds', total transfer time: '0.046 seconds', url: 'https://www.vegvesen.no/nvdb/api/v2/vegobjekttyper/470'
2016-09-16 12:13:57|   0.3|  0.0|INFORM|WorkspaceRunner: Running FME Workspace C:\DATA\GitHub\NVDBGML\FME/NVDBAPI2GML_V2.fmw with command line:
2016-09-16 12:13:57|   0.3|  0.0|INFORM|WorkspaceRunner: {C:/Program Files/FME2016.1/64/fme} C:/DATA/GitHub/NVDBGML/FME/NVDBAPI2GML_V2.fmw --ftID 67 --omr region --omrNvn 1 --gmlFolder {C:\DATA\GitHub\NVDBGML\GML\Test} --gmlNs https://raw.githubusercontent.com/jetgeo/NVDBGML/master/XSD/NVDB 2>@1
2016-09-16 12:14:02|   0.4|  0.0|WARN  |WorkspaceRunner: Failed to run workspace C:/DATA/GitHub/NVDBGML/FME/NVDBAPI2GML_V2.fmw -- Trace was:

              FME 2016.1.0.0 Beta (20160329 - Build 16481 - WIN64)
                       FME ESRI Edition (node locked-crc)
                               Permanent License.
                        Machine host name is: SVV-55247
    Operating System: Microsoft Windows 7 64-bit Service Pack 1 (Build 7601)
                 Copyright (c) 1994 - 2016, Safe Software Inc.
                               Safe Software Inc.


Reading...
Emptying factory pipeline.....
A fatal error has occurred. Check the logfile above for details
Program Terminating

Translation FAILED.

2016-09-16 12:14:02|   0.4|  0.0|STATS |Storing feature(s) to FME feature store file `C:\Users\knjetl\AppData\Local\Temp\NVDBAPI2GML_V2_Paraply_121356\inspector.ffs'
2016-09-16 12:14:02|   0.4|  0.0|STATS |Storing feature(s) to FME feature store file `C:\Users\knjetl\AppData\Local\Temp\NVDBAPI2GML_V2_Paraply_121356\inspector.fsc'
2016-09-16 12:14:02|   0.4|  0.0|INFORM|WorkspaceRunner: Running FME Workspace C:\DATA\GitHub\NVDBGML\FME/NVDBAPI2GML_V2.fmw with command line:
2016-09-16 12:14:02|   0.4|  0.0|INFORM|WorkspaceRunner: {C:/Program Files/FME2016.1/64/fme} C:/DATA/GitHub/NVDBGML/FME/NVDBAPI2GML_V2.fmw --ftID 794 --omr region --omrNvn 1 --gmlFolder {C:\DATA\GitHub\NVDBGML\GML\Test} --gmlNs https://raw.githubusercontent.com/jetgeo/NVDBGML/master/XSD/NVDB 2>@1
