2015-04-28 08:58:44|   0.3|  0.3|INFORM|FME 2015.0 (20150217 - Build 15253 - WIN64)
2015-04-28 08:58:44|   0.3|  0.0|INFORM|FME_HOME is 'C:\Program Files\FME2015\64\'
2015-04-28 08:58:44|   0.3|  0.0|INFORM|FME ESRI Edition (node locked-crc)
2015-04-28 08:58:44|   0.3|  0.0|INFORM|Serial Number: S0601A0917
2015-04-28 08:58:44|   0.3|  0.0|INFORM|Permanent License.
2015-04-28 08:58:44|   0.3|  0.0|INFORM|Machine host name is: SVV-55247
2015-04-28 08:58:44|   0.3|  0.0|INFORM|START - ProcessID: 2996, peak process memory usage: 55192 kB, current process memory usage: 55192 kB
2015-04-28 08:58:44|   0.3|  0.0|INFORM|FME Configuration: Command line arguments are `C:\Program Files\FME2015\64\fme.exe' `C:/DATA/Standardisering/NVDB-GML/FME\wb-xlate-1430204322820_7052' `LOG_STANDARDOUT' `YES' `LogCountServerName' `{840baf57-fe74-4c98-88f0-55648dbb6885}'
2015-04-28 08:58:44|   0.3|  0.1|INFORM|Shared folders for formats are : C:\Program Files\FME2015\64\datasources;C:\Users\knjetl\AppData\Roaming\Safe Software\FME\FME Store\Formats;\\SVV1P04AUSER01\KNJETL$\documents\FME\Formats
2015-04-28 08:58:44|   0.3|  0.0|INFORM|Shared folders for transformers are : C:\Program Files\FME2015\64\transformers;C:\Users\knjetl\AppData\Roaming\Safe Software\FME\FME Store\Transformers;\\SVV1P04AUSER01\KNJETL$\documents\FME\Transformers
2015-04-28 08:58:44|   0.3|  0.0|INFORM|Shared folders for coordinate systems are : \\SVV1P04AUSER01\KNJETL$\documents\FME\CoordinateSystems
2015-04-28 08:58:44|   0.3|  0.0|INFORM|Shared folders for coordinate system exceptions are : \\SVV1P04AUSER01\KNJETL$\documents\FME\CoordinateSystemExceptions
2015-04-28 08:58:44|   0.3|  0.0|INFORM|Shared folders for coordinate system grid overrides are : \\SVV1P04AUSER01\KNJETL$\documents\FME\CoordinateSystemGridOverrides
2015-04-28 08:58:44|   0.3|  0.0|INFORM|Shared folders for CS-MAP transformation exceptions are : \\SVV1P04AUSER01\KNJETL$\documents\FME\CsmapTransformationExceptions
2015-04-28 08:58:44|   0.3|  0.0|INFORM|Shared folders for transformer categories are : \\SVV1P04AUSER01\KNJETL$\documents\FME\TransformerCategories
2015-04-28 08:58:44|   0.3|  0.0|INFORM|FME Configuration: Reader Keyword is `NULL_SOURCE'
2015-04-28 08:58:44|   0.3|  0.0|INFORM|FME Configuration: Writer Keyword is `MULTI_WRITER'
2015-04-28 08:58:44|   0.3|  0.0|INFORM|FME Configuration: Writer Group Definition Keyword is `MULTI_WRITER_DEF'
2015-04-28 08:58:44|   0.3|  0.0|INFORM|FME Configuration: Reader type is `NULL'
2015-04-28 08:58:44|   0.3|  0.0|INFORM|FME Configuration: Writer type is `MULTI_WRITER'
2015-04-28 08:58:44|   0.3|  0.0|INFORM|FME Configuration: No destination coordinate system set
2015-04-28 08:58:44|   0.3|  0.0|INFORM|FME Configuration: Current working folder is `C:\DATA\Standardisering\NVDB-GML\FME'
2015-04-28 08:58:44|   0.3|  0.0|INFORM|FME Configuration: Temporary folder is `C:\Users\knjetl\AppData\Local\Temp'
2015-04-28 08:58:44|   0.3|  0.0|INFORM|FME Configuration: FME_HOME is `C:\Program Files\FME2015\64\'
2015-04-28 08:58:44|   0.3|  0.0|INFORM|FME Configuration: FME_BASE is 'no'
2015-04-28 08:58:44|   0.3|  0.0|INFORM|FME Configuration: FME_MF_DIR is 'C:\DATA\Standardisering\NVDB-GML\FME/'
2015-04-28 08:58:44|   0.3|  0.0|INFORM|FME Configuration: FME_MF_NAME is 'NVDBAPI2GML.fmw'
2015-04-28 08:58:44|   0.3|  0.0|INFORM|FME Configuration: FME_PRODUCT_NAME is 'FME(R) 2015.0'
2015-04-28 08:58:44|   0.3|  0.0|INFORM|System Status: 217.48 GB of disk space available in the FME temporary folder (C:\Users\knjetl\AppData\Local\Temp)
2015-04-28 08:58:44|   0.3|  0.0|INFORM|System Status: 8.00 TB of virtual memory available
2015-04-28 08:58:44|   0.3|  0.0|INFORM|Operating System: Microsoft Windows 7 64-bit Service Pack 1 (Build 7601)
2015-04-28 08:58:44|   0.3|  0.0|INFORM|FME Platform: WIN64
2015-04-28 08:58:44|   0.3|  0.0|INFORM|Locale: nb_NO
2015-04-28 08:58:44|   0.3|  0.0|INFORM|Code Page: 1252  (ANSI - latin I)
2015-04-28 08:58:44|   0.3|  0.0|INFORM|FME Configuration: Process limits are 31.91 GB of physical memory and 8.00 TB of address space
2015-04-28 08:58:44|   0.3|  0.0|INFORM|FME Configuration: Start freeing memory when process usage exceeds 12.00 GB of memory or 8.00 TB of address space
2015-04-28 08:58:44|   0.3|  0.0|INFORM|FME Configuration: Stop freeing memory when process usage is below 9.00 GB of memory and 6.00 TB of address space
2015-04-28 08:58:44|   0.3|  0.0|INFORM|FME Configuration: Autodetermining optimal maximum number of objects in memory
2015-04-28 08:58:44|   0.4|  0.1|INFORM|Creating writer for format: 
2015-04-28 08:58:45|   0.5|  0.0|INFORM|Creating reader for format: NULL (Nothing)
2015-04-28 08:58:45|   0.5|  0.0|INFORM|Trying to find a DYNAMIC plugin for reader named `NULL'
2015-04-28 08:58:45|   0.5|  0.0|INFORM|Loaded module 'NULL' from file 'C:\Program Files\FME2015\64\plugins/NULL.dll'
2015-04-28 08:58:45|   0.5|  0.0|INFORM|FME API version of module 'NULL' matches current internal version (3.7 20141021)
2015-04-28 08:58:45|   0.5|  0.0|INFORM|Using MultiWriter $Revision$ ( $Date$ ) with keyword `MULTI_WRITER' to output data (ID_ATTRIBUTE is `multi_writer_id')
2015-04-28 08:58:45|   0.5|  0.0|INFORM|Writer output will be ordered by value of multi_writer_id
2015-04-28 08:58:45|   0.5|  0.0|INFORM|Loaded module 'LogCount_func' from file 'C:\Program Files\FME2015\64\plugins/LogCount_func.dll'
2015-04-28 08:58:45|   0.5|  0.0|INFORM|FME API version of module 'LogCount_func' matches current internal version (3.7 20141021)
2015-04-28 08:58:45|   0.5|  0.0|INFORM|Creating writer for format: FME Feature Store (FFS)
2015-04-28 08:58:45|   0.5|  0.0|INFORM|FME Configuration: No destination coordinate system set
2015-04-28 08:58:45|   0.5|  0.0|INFORM|Loaded module 'Geometry_func' from file 'C:\Program Files\FME2015\64\plugins/Geometry_func.dll'
2015-04-28 08:58:45|   0.5|  0.0|INFORM|FME API version of module 'Geometry_func' matches current internal version (3.7 20141021)
2015-04-28 08:58:45|   0.6|  0.0|INFORM|Loaded module 'HTTPFactory' from file 'C:\Program Files\FME2015\64\plugins/HTTPFactory.dll'
2015-04-28 08:58:45|   0.6|  0.0|INFORM|FME API version of module 'HTTPFactory' matches current internal version (3.7 20141021)
2015-04-28 08:58:46|   0.7|  0.1|INFORM|Loaded module 'XFMapFactory' from file 'C:\Program Files\FME2015\64\plugins/XFMapFactory.dll'
2015-04-28 08:58:46|   0.7|  0.0|INFORM|FME API version of module 'XFMapFactory' matches current internal version (3.7 20141021)
2015-04-28 08:58:46|   0.7|  0.0|INFORM|Loaded module 'OGCGeometry_func' from file 'C:\Program Files\FME2015\64\plugins/OGCGeometry_func.dll'
2015-04-28 08:58:46|   0.7|  0.0|INFORM|FME API version of module 'OGCGeometry_func' matches current internal version (3.7 20141021)
2015-04-28 08:58:46|   0.7|  0.0|INFORM|Loaded module 'GQueryFactory' from file 'C:\Program Files\FME2015\64\plugins/GQueryFactory.dll'
2015-04-28 08:58:46|   0.7|  0.0|INFORM|FME API version of module 'GQueryFactory' matches current internal version (3.7 20141021)
2015-04-28 08:58:46|   0.7|  0.0|INFORM|... Last line repeated 2 times ...
2015-04-28 08:58:46|   0.7|  0.0|INFORM|Emptying factory pipeline
2015-04-28 08:58:46|   0.7|  0.0|STATS |Creator_XML_Creator(CreationFactory): Created 1 features
2015-04-28 08:58:46|   0.7|  0.0|STATS |Creator_Cloner(TeeFactory): Cloned 1 input feature(s) into 1 output feature(s)
2015-04-28 08:58:46|   0.7|  0.0|STATS |Creator_CREATED Feature Counter -1 41(TeeFactory): Cloned 1 input feature(s) into 1 output feature(s)
2015-04-28 08:58:46|   0.7|  0.0|INFORM|Sending request to 'https://www.vegvesen.no/nvdb/api/sok?kriterie={objektTyper:[{id:45,antall:10}]}'
2015-04-28 08:58:46|   0.7|  0.0|INFORM|NVDBAPI2GML_HTTPFetcher_2(HTTPFactory): HTTP transfer summary - status code: 200, download size: '37823 bytes', DNS lookup time: '0 seconds', total transfer time: '0.063 seconds', url: 'https://www.vegvesen.no/nvdb/api/sok?kriterie={objektTyper:[{id:45,antall:10}]}'
2015-04-28 08:58:46|   0.7|  0.0|STATS |Storing feature(s) to FME feature store file `C:\Users\knjetl\AppData\Local\Temp\NVDBAPI2GML_085844\inspector.ffs'
2015-04-28 08:58:46|   0.7|  0.0|STATS |Storing feature(s) to FME feature store file `C:\Users\knjetl\AppData\Local\Temp\NVDBAPI2GML_085844\inspector.fsc'
2015-04-28 08:58:46|   0.8|  0.0|INFORM|Creating reader for format: XML (Extensible Markup Language)
2015-04-28 08:58:46|   0.8|  0.0|INFORM|Trying to find a DYNAMIC plugin for reader named `XML'
2015-04-28 08:58:46|   0.9|  0.1|INFORM|Loaded module 'XML' from file 'C:\Program Files\FME2015\64\plugins/XML.dll'
2015-04-28 08:58:46|   0.9|  0.0|INFORM|FME API version of module 'XML' matches current internal version (3.7 20141021)
2015-04-28 08:58:46|   0.9|  0.0|INFORM|XML Reader CONTINUE_ON_GEOM_ERROR is set to YES, the reader will continue upon encountering features with geometry error, these features will be output and tagged with a xml_geom_error boolean attribute
2015-04-28 08:58:46|   0.9|  0.0|INFORM|Opening the XML reader with source dataset 'C:\DATA\Standardisering\NVDB-GML\XSD\Bomstasjon.xsd'
2015-04-28 08:58:46|   0.9|  0.0|INFORM|The XML Reader is using xfMap 'C:\DATA\Standardisering\NVDB-GML\FME\NVDB_GML_SchemaMapper.xmp'
2015-04-28 08:58:46|   0.9|  0.0|INFORM|The uri-map document 'C:\Program Files\FME2015\64\xml\urimap\gml_aixm.xml' is being used to map from URI to URI
2015-04-28 08:58:46|   0.9|  0.0|INFORM|The uri-map document 'C:\Program Files\FME2015\64\xml\urimap\gml_citygml.xml' is being used to map from URI to URI
2015-04-28 08:58:46|   0.9|  0.0|INFORM|The uri-map document 'C:\Program Files\FME2015\64\xml\urimap\gml_inspire.xml' is being used to map from URI to URI
2015-04-28 08:58:46|   0.9|  0.0|INFORM|The uri-map document 'C:\Program Files\FME2015\64\xml\urimap\gml_urimap.xml' is being used to map from URI to URI
2015-04-28 08:58:46|   0.9|  0.0|WARN  |A required column was not found in the table.  Row 23 will be skipped
2015-04-28 08:58:46|   0.9|  0.0|WARN  |A required column was not found in the table.  Row 24 will be skipped
2015-04-28 08:58:46|   0.9|  0.0|WARN  |A required column was not found in the table.  Row 28 will be skipped
2015-04-28 08:58:46|   0.9|  0.0|WARN  |A required column was not found in the table.  Row 29 will be skipped
2015-04-28 08:58:46|   0.9|  0.0|WARN  |A required column was not found in the table.  Row 30 will be skipped
2015-04-28 08:58:46|   0.9|  0.0|WARN  |A required column was not found in the table.  Row 31 will be skipped
2015-04-28 08:58:46|   0.9|  0.0|WARN  |A required column was not found in the table.  Row 34 will be skipped
2015-04-28 08:58:46|   0.9|  0.0|WARN  |A required column was not found in the table.  Row 36 will be skipped
2015-04-28 08:58:46|   0.9|  0.0|WARN  |A required column was not found in the table.  Row 37 will be skipped
2015-04-28 08:58:46|   0.9|  0.0|WARN  |A required column was not found in the table.  Row 38 will be skipped
2015-04-28 08:58:46|   0.9|  0.0|WARN  |A required column was not found in the table.  Row 39 will be skipped
2015-04-28 08:58:46|   0.9|  0.0|WARN  |A required column was not found in the table.  Row 44 will be skipped
2015-04-28 08:58:46|   0.9|  0.0|WARN  |A required column was not found in the table.  Row 46 will be skipped
2015-04-28 08:58:46|   0.9|  0.0|WARN  |A required column was not found in the table.  Row 50 will be skipped
2015-04-28 08:58:46|   0.9|  0.0|WARN  |A required column was not found in the table.  Row 53 will be skipped
2015-04-28 08:58:46|   0.9|  0.0|WARN  |A required column was not found in the table.  Row 57 will be skipped
2015-04-28 08:58:46|   0.9|  0.0|WARN  |A required column was not found in the table.  Row 58 will be skipped
2015-04-28 08:58:46|   0.9|  0.0|WARN  |A required column was not found in the table.  Row 59 will be skipped
2015-04-28 08:58:46|   0.9|  0.0|WARN  |A required column was not found in the table.  Row 60 will be skipped
2015-04-28 08:58:46|   0.9|  0.0|WARN  |A required column was not found in the table.  Row 64 will be skipped
2015-04-28 08:58:46|   0.9|  0.0|WARN  |A required column was not found in the table.  Row 66 will be skipped
2015-04-28 08:58:46|   0.9|  0.0|WARN  |A required column was not found in the table.  Row 74 will be skipped
2015-04-28 08:58:46|   0.9|  0.0|WARN  |A required column was not found in the table.  Row 77 will be skipped
2015-04-28 08:58:46|   0.9|  0.0|WARN  |A required column was not found in the table.  Row 79 will be skipped
2015-04-28 08:58:46|   0.9|  0.0|WARN  |A required column was not found in the table.  Row 84 will be skipped
2015-04-28 08:58:47|   1.0|  0.1|INFORM|Creating writer for format: GML (Geography Markup Language)
2015-04-28 08:58:47|   1.1|  0.0|INFORM|Trying to find a DYNAMIC plugin for writer named `GML'
2015-04-28 08:58:47|   1.1|  0.0|INFORM|Loaded module 'GML' from file 'C:\Program Files\FME2015\64\plugins/GML.dll'
2015-04-28 08:58:47|   1.1|  0.0|INFORM|FME API version of module 'GML' matches current internal version (3.7 20141021)
2015-04-28 08:58:47|   1.1|  0.0|INFORM|FME Configuration: No destination coordinate system set
2015-04-28 08:58:47|   1.1|  0.0|INFORM|FME API version of module 'GML' matches current internal version (3.7 20141021)
2015-04-28 08:58:47|   1.1|  0.0|INFORM|Writer `GML_1' of type `GML' using group definition keyword `GML_1_DEF'
2015-04-28 08:58:47|   1.1|  0.0|INFORM|FME API version of module 'GML' matches current internal version (3.7 20141021)
2015-04-28 08:58:47|   1.1|  0.0|INFORM|<GML_1 Writer> - Using GML 'GENERIC_APPLICATION_SCHEMA' profile writer
2015-04-28 08:58:47|   1.1|  0.0|INFORM|The uri-map document 'C:\Program Files\FME2015\64\xml\urimap\gml_aixm.xml' is being used to map from URI to URI
2015-04-28 08:58:47|   1.1|  0.0|INFORM|The uri-map document 'C:\Program Files\FME2015\64\xml\urimap\gml_citygml.xml' is being used to map from URI to URI
2015-04-28 08:58:47|   1.1|  0.0|INFORM|The uri-map document 'C:\Program Files\FME2015\64\xml\urimap\gml_inspire.xml' is being used to map from URI to URI
2015-04-28 08:58:47|   1.1|  0.0|INFORM|The uri-map document 'C:\Program Files\FME2015\64\xml\urimap\gml_urimap.xml' is being used to map from URI to URI
2015-04-28 08:58:47|   1.1|  0.0|INFORM|URI 'file:///C:/DATA/Standardisering/NVDB-GML/XSD/Bomstasjon.xsd' mapped to 'file:///C:/DATA/Standardisering/NVDB-GML/XSD/Bomstasjon.xsd'
2015-04-28 08:58:47|   1.1|  0.0|INFORM|Parsing schema document 'file:///C:/DATA/Standardisering/NVDB-GML/XSD/Bomstasjon.xsd' ...
2015-04-28 08:58:47|   1.1|  0.0|INFORM|<GML_1 Writer> - Map Embedded Object as: 'ATTRIBUTES'
2015-04-28 08:58:47|   1.1|  0.0|INFORM|<GML_1 Writer> - Map Predefined Properties: 'NO'
2015-04-28 08:58:47|   1.1|  0.0|INFORM|<GML_1 Writer> - Map All Substitutable Properties: 'YES'
2015-04-28 08:58:47|   1.1|  0.0|INFORM|<GML_1 Writer> - Map Complex Properties as: 'NESTED_ATTRIBUTES'
2015-04-28 08:58:47|   1.1|  0.0|INFORM|<GML_1 Writer> - Add XML Namespace Prefix to Names: 'NO'
2015-04-28 08:58:47|   1.1|  0.0|INFORM|<GML_1 Writer> - Limit Number of Lists in Nested Attributes: 'UNSET'
2015-04-28 08:58:47|   1.1|  0.0|INFORM|Using XSD semantics configuration file 'file:///C:/Program Files/FME2015/64/xml/gml_v3.2/gml_config.xml'.
2015-04-28 08:58:47|   1.2|  0.1|INFORM|FME Configuration: Destination coordinate system set to input coordinate system `EPSG:25833'
2015-04-28 08:58:47|   1.4|  0.1|INFORM|<GML_1 Writer> - Calculating dataset bounding box, please wait...
2015-04-28 08:58:47|   1.4|  0.0|STATS |AttributeCreator_OUTPUT Feature Counter -1 71(TeeFactory): Cloned 1 input feature(s) into 1 output feature(s)
2015-04-28 08:58:47|   1.4|  0.0|STATS |NVDBAPI2GML Input Input Collector(TeeFactory): Cloned 1 input feature(s) into 1 output feature(s)
2015-04-28 08:58:47|   1.4|  0.0|STATS |NVDBAPI2GML_Input1430204322 Input Splitter(TeeFactory): Cloned 1 input feature(s) into 1 output feature(s)
2015-04-28 08:58:47|   1.4|  0.0|STATS |NVDBAPI2GML_Input Feature Counter 0 38(TeeFactory): Cloned 1 input feature(s) into 1 output feature(s)
2015-04-28 08:58:47|   1.4|  0.0|STATS |NVDBAPI2GML_HTTPFetcher_2 <REJECTED> Output Nuker(TeeFactory): Cloned 0 input feature(s) into 0 output feature(s)
2015-04-28 08:58:47|   1.4|  0.0|STATS |NVDBAPI2GML_HTTPFetcher_2_OUTPUT Feature Counter 0 14(TeeFactory): Cloned 1 input feature(s) into 1 output feature(s)
2015-04-28 08:58:47|   1.4|  0.0|STATS |NVDBAPI2GML_HTTPFetcher_2_<REJECTED> Feature Counter 0 2147680257(TeeFactory): Cloned 0 input feature(s) into 0 output feature(s)
2015-04-28 08:58:47|   1.4|  0.0|INFORM|NVDBAPI2GML_XMLFeatureMapper(XFMapFactory): Total Results: 10 Mapped Feature(s), 1 Input Feature(s), and 0 Invalid input Feature(s)
2015-04-28 08:58:47|   1.4|  0.0|STATS |NVDBAPI2GML_XMLFeatureMapper MAPPED Splitter(TeeFactory): Cloned 10 input feature(s) into 20 output feature(s)
2015-04-28 08:58:47|   1.4|  0.0|STATS |NVDBAPI2GML_XMLFeatureMapper_MAPPED_0_wNgiki5asoU= Feature Counter 0 53(TeeFactory): Cloned 10 input feature(s) into 10 output feature(s)
2015-04-28 08:58:47|   1.4|  0.0|STATS |NVDBAPI2GML_XMLFeatureMapper_MAPPED_1_wNgiki5asoU= Feature Counter 0 15(TeeFactory): Cloned 10 input feature(s) into 10 output feature(s)
2015-04-28 08:58:47|   1.4|  0.0|STATS |NVDBAPI2GML_XMLFeatureMapper_Mapped_DirCreator(CreationFactory): Created 1 features
2015-04-28 08:58:47|   1.4|  0.0|STATS |NVDBAPI2GML_XMLFeatureMapper_Mapped_DirCreatorCleanerUpper(TeeFactory): Cloned 1 input feature(s) into 0 output feature(s)
2015-04-28 08:58:47|   1.4|  0.0|STATS |NVDBAPI2GML_XMLFeatureMapper_Mapped_FeatureDirector(TestFactory): Tested 10 input feature(s) -- 0 feature(s) passed and 10 feature(s) failed
2015-04-28 08:58:47|   1.4|  0.0|STATS |NVDBAPI2GML_XMLFeatureMapper_Mapped___FeatureDirector1(TestFactory): Tested 10 input feature(s) -- 0 feature(s) passed and 10 feature(s) failed
2015-04-28 08:58:47|   1.4|  0.0|STATS |NVDBAPI2GML_XMLFeatureMapper_Mapped_VectorSetterUpper(TeeFactory): Cloned 10 input feature(s) into 10 output feature(s)
2015-04-28 08:58:47|   1.4|  0.0|STATS |NVDBAPI2GML_XMLFeatureMapper_Mapped___PointCloudThinner(TeeFactory): Cloned 0 input feature(s) into 0 output feature(s)
2015-04-28 08:58:47|   1.4|  0.0|STATS |NVDBAPI2GML_XMLFeatureMapper_Mapped_RasterSetterUpper(TeeFactory): Cloned 0 input feature(s) into 0 output feature(s)
2015-04-28 08:58:47|   1.4|  0.0|INFORM|NVDBAPI2GML_XMLFeatureMapper_Mapped_Recorder(RecorderFactory): Recorded 10 feature(s) to file `C:\Users\knjetl\AppData\Local\Temp\NVDBAPI2GML_085844\inspector.ffs'
2015-04-28 08:58:47|   1.4|  0.0|STATS |NVDBAPI2GML_GeometryReplacer(TeeFactory): Cloned 10 input feature(s) into 10 output feature(s)
2015-04-28 08:58:47|   1.4|  0.0|STATS |NVDBAPI2GML_GeometryReplacer_OUTPUT Feature Counter 0 16(TeeFactory): Cloned 10 input feature(s) into 10 output feature(s)
2015-04-28 08:58:47|   1.4|  0.0|STATS |NVDBAPI2GML_CoordinateSystemSetter(TeeFactory): Cloned 10 input feature(s) into 10 output feature(s)
2015-04-28 08:58:47|   1.4|  0.0|STATS |NVDBAPI2GML_CoordinateSystemSetter_OUTPUT Feature Counter 0 17(TeeFactory): Cloned 10 input feature(s) into 10 output feature(s)
2015-04-28 08:58:47|   1.4|  0.0|STATS |NVDBAPI2GML_SchemaMapper_MAPPED Feature Counter 0 57(TeeFactory): Cloned 10 input feature(s) into 10 output feature(s)
2015-04-28 08:58:47|   1.4|  0.0|STATS |NVDBAPI2GML_NullAttributeMapper_3(TeeFactory): Cloned 10 input feature(s) into 10 output feature(s)
2015-04-28 08:58:47|   1.4|  0.0|STATS |NVDBAPI2GML_NullAttributeMapper_3_OUTPUT Feature Counter 0 58(TeeFactory): Cloned 10 input feature(s) into 10 output feature(s)
2015-04-28 08:58:47|   1.4|  0.0|STATS |NVDBAPI2GML_GeometryFilter_InputPassThrough(TeeFactory): Cloned 10 input feature(s) into 10 output feature(s)
2015-04-28 08:58:47|   1.4|  0.0|STATS |NVDBAPI2GML_GeometryFilter_RouterPrepper(TeeFactory): Cloned 10 input feature(s) into 10 output feature(s)
2015-04-28 08:58:47|   1.4|  0.0|STATS |NVDBAPI2GML_GeometryFilter_Router(TestFactory): Tested 10 input feature(s) -- 10 feature(s) passed and 0 feature(s) failed
2015-04-28 08:58:47|   1.4|  0.0|STATS |NVDBAPI2GML_GeometryFilter <UNFILTERED> Output Nuker(TeeFactory): Cloned 0 input feature(s) into 0 output feature(s)
2015-04-28 08:58:47|   1.4|  0.0|STATS |NVDBAPI2GML_GeometryFilter_POINT Feature Counter 0 20(TeeFactory): Cloned 10 input feature(s) into 10 output feature(s)
2015-04-28 08:58:47|   1.4|  0.0|STATS |NVDBAPI2GML_GeometryFilter_LINE Feature Counter 0 21(TeeFactory): Cloned 0 input feature(s) into 0 output feature(s)
2015-04-28 08:58:47|   1.4|  0.0|STATS |NVDBAPI2GML_GeometryFilter_AREA Feature Counter 0 22(TeeFactory): Cloned 0 input feature(s) into 0 output feature(s)
2015-04-28 08:58:47|   1.4|  0.0|STATS |NVDBAPI2GML_GeometryPropertySetter_3_Outputter(TeeFactory): Cloned 0 input feature(s) into 0 output feature(s)
2015-04-28 08:58:47|   1.4|  0.0|STATS |NVDBAPI2GML_GeometryPropertySetter_3_SET Feature Counter 0 60(TeeFactory): Cloned 0 input feature(s) into 0 output feature(s)
2015-04-28 08:58:47|   1.4|  0.0|STATS |NVDBAPI2GML_GeometryPropertySetter_2_Outputter(TeeFactory): Cloned 0 input feature(s) into 0 output feature(s)
2015-04-28 08:58:47|   1.4|  0.0|STATS |NVDBAPI2GML_GeometryPropertySetter_2_SET Feature Counter 0 61(TeeFactory): Cloned 0 input feature(s) into 0 output feature(s)
2015-04-28 08:58:47|   1.4|  0.0|STATS |NVDBAPI2GML_GeometryPropertySetter_Outputter(TeeFactory): Cloned 10 input feature(s) into 10 output feature(s)
2015-04-28 08:58:47|   1.4|  0.0|STATS |NVDBAPI2GML_GeometryPropertySetter_SET Feature Counter 0 47(TeeFactory): Cloned 10 input feature(s) into 10 output feature(s)
2015-04-28 08:58:47|   1.4|  0.0|STATS |NVDBAPI2GML_AttributeValueMapper_2(TeeFactory): Cloned 10 input feature(s) into 10 output feature(s)
2015-04-28 08:58:47|   1.4|  0.0|STATS |NVDBAPI2GML_AttributeValueMapper_2_OUTPUT Feature Counter 0 62(TeeFactory): Cloned 10 input feature(s) into 10 output feature(s)
2015-04-28 08:58:47|   1.4|  0.0|STATS |NVDBAPI2GML_AttributeExposer_2(TeeFactory): Cloned 10 input feature(s) into 10 output feature(s)
2015-04-28 08:58:47|   1.4|  0.0|STATS |NVDBAPI2GML_AttributeExposer_2 OUTPUT Splitter(TeeFactory): Cloned 10 input feature(s) into 20 output feature(s)
2015-04-28 08:58:47|   1.4|  0.0|STATS |NVDBAPI2GML_AttributeExposer_2_OUTPUT_0_BoMEsXG53J4= Feature Counter 0 49(TeeFactory): Cloned 10 input feature(s) into 10 output feature(s)
2015-04-28 08:58:47|   1.4|  0.0|STATS |NVDBAPI2GML_AttributeExposer_2_OUTPUT_0_BoMEsXG53J4= Disabled Nuker 0 49(TeeFactory): Cloned 10 input feature(s) into 0 output feature(s)
2015-04-28 08:58:47|   1.4|  0.0|STATS |NVDBAPI2GML_AttributeExposer_2_OUTPUT_1_BoMEsXG53J4= Feature Counter 0 65(TeeFactory): Cloned 10 input feature(s) into 10 output feature(s)
2015-04-28 08:58:47|   1.4|  0.0|STATS |NVDBAPI2GML_AttributeRemover(TeeFactory): Cloned 0 input feature(s) into 0 output feature(s)
2015-04-28 08:58:47|   1.4|  0.0|STATS |NVDBAPI2GML_AttributeRemover OUTPUT Splitter(TeeFactory): Cloned 0 input feature(s) into 0 output feature(s)
2015-04-28 08:58:47|   1.4|  0.0|STATS |NVDBAPI2GML_AttributeRemover_OUTPUT_0_dd3fFVkgsBo= Feature Counter 0 64(TeeFactory): Cloned 0 input feature(s) into 0 output feature(s)
2015-04-28 08:58:47|   1.4|  0.0|STATS |NVDBAPI2GML_AttributeRemover_OUTPUT_1_dd3fFVkgsBo= Feature Counter 0 55(TeeFactory): Cloned 0 input feature(s) into 0 output feature(s)
2015-04-28 08:58:47|   1.4|  0.0|STATS |NVDBAPI2GML_AttributeRemover_OUTPUT_1_dd3fFVkgsBo= Disabled Nuker 0 55(TeeFactory): Cloned 0 input feature(s) into 0 output feature(s)
2015-04-28 08:58:47|   1.4|  0.0|STATS |NVDBAPI2GML_ListExploder(ElementFactory): Split out 0 list elements from 0 input features, using mode CLASSIC
2015-04-28 08:58:47|   1.4|  0.0|STATS |NVDBAPI2GML_AttributeRenamer_3(TeeFactory): Cloned 10 input feature(s) into 10 output feature(s)
2015-04-28 08:58:47|   1.4|  0.0|STATS |NVDBAPI2GML_AttributeRenamer_3 OUTPUT Splitter(TeeFactory): Cloned 10 input feature(s) into 20 output feature(s)
2015-04-28 08:58:47|   1.4|  0.0|STATS |NVDBAPI2GML_AttributeRenamer_3_OUTPUT_0_fKohqST0PL8= Feature Counter 0 45(TeeFactory): Cloned 10 input feature(s) into 10 output feature(s)
2015-04-28 08:58:47|   1.4|  0.0|STATS |NVDBAPI2GML_AttributeRenamer_3_OUTPUT_1_fKohqST0PL8= Feature Counter 0 51(TeeFactory): Cloned 10 input feature(s) into 10 output feature(s)
2015-04-28 08:58:47|   1.4|  0.0|STATS |NVDBAPI2GML_AttributeRenamer_3_Output_2_DirCreator(CreationFactory): Created 1 features
2015-04-28 08:58:47|   1.4|  0.0|STATS |NVDBAPI2GML_AttributeRenamer_3_Output_2_DirCreatorCleanerUpper(TeeFactory): Cloned 1 input feature(s) into 0 output feature(s)
2015-04-28 08:58:47|   1.4|  0.0|STATS |NVDBAPI2GML_AttributeRenamer_3_Output_2_FeatureDirector(TestFactory): Tested 10 input feature(s) -- 0 feature(s) passed and 10 feature(s) failed
2015-04-28 08:58:47|   1.4|  0.0|STATS |NVDBAPI2GML_AttributeRenamer_3_Output_2___FeatureDirector1(TestFactory): Tested 10 input feature(s) -- 0 feature(s) passed and 10 feature(s) failed
2015-04-28 08:58:47|   1.4|  0.0|STATS |NVDBAPI2GML_AttributeRenamer_3_Output_2_VectorSetterUpper(TeeFactory): Cloned 10 input feature(s) into 10 output feature(s)
2015-04-28 08:58:47|   1.4|  0.0|STATS |NVDBAPI2GML_AttributeRenamer_3_Output_2___PointCloudThinner(TeeFactory): Cloned 0 input feature(s) into 0 output feature(s)
2015-04-28 08:58:47|   1.4|  0.0|STATS |NVDBAPI2GML_AttributeRenamer_3_Output_2_RasterSetterUpper(TeeFactory): Cloned 0 input feature(s) into 0 output feature(s)
2015-04-28 08:58:47|   1.4|  0.0|STATS |Stored 20 feature(s) to FME feature store file `C:\Users\knjetl\AppData\Local\Temp\NVDBAPI2GML_085844\inspector.ffs'
2015-04-28 08:58:47|   1.4|  0.0|INFORM|Saving spatial index into file 'C:\Users\knjetl\AppData\Local\Temp\NVDBAPI2GML_085844\inspector.fsi'
2015-04-28 08:58:47|   1.4|  0.0|INFORM|Finished saving spatial index into file 'C:\Users\knjetl\AppData\Local\Temp\NVDBAPI2GML_085844\inspector.fsi'
2015-04-28 08:58:47|   1.4|  0.0|STATS |Stored 2 feature(s) to FME feature store file `C:\Users\knjetl\AppData\Local\Temp\NVDBAPI2GML_085844\inspector.fsc'
2015-04-28 08:58:47|   1.4|  0.0|INFORM|NVDBAPI2GML_AttributeRenamer_3_Output_2_Recorder(RecorderFactory): Recorded 10 feature(s) to file `C:\Users\knjetl\AppData\Local\Temp\NVDBAPI2GML_085844\inspector.ffs'
2015-04-28 08:58:47|   1.4|  0.0|STATS |NVDBAPI2GML_NullAttributeMapper_2(TeeFactory): Cloned 10 input feature(s) into 10 output feature(s)
2015-04-28 08:58:47|   1.4|  0.0|STATS |NVDBAPI2GML_NullAttributeMapper_2_OUTPUT Feature Counter 0 46(TeeFactory): Cloned 10 input feature(s) into 10 output feature(s)
2015-04-28 08:58:47|   1.4|  0.0|STATS |NVDBAPI2GML_Output1430204322 Output Collector(TeeFactory): Cloned 10 input feature(s) into 10 output feature(s)
2015-04-28 08:58:47|   1.4|  0.0|STATS |NVDBAPI2GML Output Output Renamer/Nuker(TeeFactory): Cloned 10 input feature(s) into 10 output feature(s)
2015-04-28 08:58:47|   1.4|  0.0|STATS |NVDBAPI2GML_Output Feature Counter -1 12(TeeFactory): Cloned 10 input feature(s) into 10 output feature(s)
2015-04-28 08:58:47|   1.4|  0.0|STATS |Destination Feature Type Routing Correlator(RoutingFactory): Tested 10 input feature(s), wrote 10 output feature(s): 0 matched merge filters, 10 were routed to output, 0 could not be routed.
2015-04-28 08:58:47|   1.4|  0.0|STATS |Final Output Nuker(TeeFactory): Cloned 0 input feature(s) into 0 output feature(s)
2015-04-28 08:58:47|   1.4|  0.0|STATS |f_80(CreationFactory): Created 1 features
2015-04-28 08:58:47|   1.4|  0.0|STATS |f_81(TeeFactory): Cloned 1 input feature(s) into 0 output feature(s)
2015-04-28 08:58:47|   1.4|  0.0|INFORM|=-=-=-=-=-=-=-=-=-=-=-=-=-=-=-=-=-=-=-=-=-=-=-=-=-=-=-=-=-=-=-=-=-=-=-=-=-=-=-
2015-04-28 08:58:47|   1.4|  0.0|INFORM|Feature output statistics for `FFS' writer using keyword `W_1':
2015-04-28 08:58:47|   1.4|  0.0|STATS |=-=-=-=-=-=-=-=-=-=-=-=-=-=-=-=-=-=-=-=-=-=-=-=-=-=-=-=-=-=-=-=-=-=-=-=-=-=-=-
2015-04-28 08:58:47|   1.4|  0.0|STATS |                               Features Written
2015-04-28 08:58:47|   1.4|  0.0|STATS |=-=-=-=-=-=-=-=-=-=-=-=-=-=-=-=-=-=-=-=-=-=-=-=-=-=-=-=-=-=-=-=-=-=-=-=-=-=-=-
2015-04-28 08:58:47|   1.4|  0.0|STATS |==============================================================================
2015-04-28 08:58:47|   1.4|  0.0|STATS |Total Features Written                                                       0
2015-04-28 08:58:47|   1.4|  0.0|STATS |=-=-=-=-=-=-=-=-=-=-=-=-=-=-=-=-=-=-=-=-=-=-=-=-=-=-=-=-=-=-=-=-=-=-=-=-=-=-=-
2015-04-28 08:58:47|   1.4|  0.0|INFORM|<GML_1 Writer> - Writing the GML document 'C:\DATA\Standardisering\NVDB-GML\GML\Bomstasjon.gml'
2015-04-28 08:58:47|   1.4|  0.0|INFORM|=-=-=-=-=-=-=-=-=-=-=-=-=-=-=-=-=-=-=-=-=-=-=-=-=-=-=-=-=-=-=-=-=-=-=-=-=-=-=-
2015-04-28 08:58:47|   1.4|  0.0|INFORM|Feature output statistics for `GML' writer using keyword `GML_1':
2015-04-28 08:58:47|   1.4|  0.0|STATS |=-=-=-=-=-=-=-=-=-=-=-=-=-=-=-=-=-=-=-=-=-=-=-=-=-=-=-=-=-=-=-=-=-=-=-=-=-=-=-
2015-04-28 08:58:47|   1.4|  0.0|STATS |                               Features Written
2015-04-28 08:58:47|   1.4|  0.0|STATS |=-=-=-=-=-=-=-=-=-=-=-=-=-=-=-=-=-=-=-=-=-=-=-=-=-=-=-=-=-=-=-=-=-=-=-=-=-=-=-
2015-04-28 08:58:47|   1.4|  0.0|STATS |Bomstasjon                                                                  10
2015-04-28 08:58:47|   1.4|  0.0|STATS |==============================================================================
2015-04-28 08:58:47|   1.4|  0.0|STATS |Total Features Written                                                      10
2015-04-28 08:58:47|   1.4|  0.0|STATS |=-=-=-=-=-=-=-=-=-=-=-=-=-=-=-=-=-=-=-=-=-=-=-=-=-=-=-=-=-=-=-=-=-=-=-=-=-=-=-
2015-04-28 08:58:47|   1.4|  0.0|STATS |=-=-=-=-=-=-=-=-=-=-=-=-=-=-=-=-=-=-=-=-=-=-=-=-=-=-=-=-=-=-=-=-=-=-=-=-=-=-=-
2015-04-28 08:58:47|   1.4|  0.0|STATS |                            Features Read Summary
2015-04-28 08:58:47|   1.4|  0.0|STATS |=-=-=-=-=-=-=-=-=-=-=-=-=-=-=-=-=-=-=-=-=-=-=-=-=-=-=-=-=-=-=-=-=-=-=-=-=-=-=-
2015-04-28 08:58:47|   1.4|  0.0|STATS |==============================================================================
2015-04-28 08:58:47|   1.4|  0.0|STATS |Total Features Read                                                          0
2015-04-28 08:58:47|   1.4|  0.0|STATS |=-=-=-=-=-=-=-=-=-=-=-=-=-=-=-=-=-=-=-=-=-=-=-=-=-=-=-=-=-=-=-=-=-=-=-=-=-=-=-
2015-04-28 08:58:47|   1.4|  0.0|STATS |=-=-=-=-=-=-=-=-=-=-=-=-=-=-=-=-=-=-=-=-=-=-=-=-=-=-=-=-=-=-=-=-=-=-=-=-=-=-=-
2015-04-28 08:58:47|   1.4|  0.0|STATS |                           Features Written Summary
2015-04-28 08:58:47|   1.4|  0.0|STATS |=-=-=-=-=-=-=-=-=-=-=-=-=-=-=-=-=-=-=-=-=-=-=-=-=-=-=-=-=-=-=-=-=-=-=-=-=-=-=-
2015-04-28 08:58:47|   1.4|  0.0|STATS |Bomstasjon                                                                  10
2015-04-28 08:58:47|   1.4|  0.0|STATS |==============================================================================
2015-04-28 08:58:47|   1.4|  0.0|STATS |Total Features Written                                                      10
2015-04-28 08:58:47|   1.4|  0.0|STATS |=-=-=-=-=-=-=-=-=-=-=-=-=-=-=-=-=-=-=-=-=-=-=-=-=-=-=-=-=-=-=-=-=-=-=-=-=-=-=-
2015-04-28 08:58:47|   1.4|  0.0|INFORM|Translation was SUCCESSFUL with 25 warning(s) (10 feature(s) output)
2015-04-28 08:58:47|   1.4|  0.0|INFORM|FME Session Duration: 3.7 seconds. (CPU: 0.8s user, 0.4s system)
2015-04-28 08:58:47|   1.4|  0.0|INFORM|END - ProcessID: 2996, peak process memory usage: 176588 kB, current process memory usage: 158860 kB
