2016-10-03 15:00:26|   0.1|  0.1|INFORM|FME 2016.1.0.0 Beta (20160329 - Build 16481 - WIN64)
2016-10-03 15:00:26|   0.1|  0.0|INFORM|FME_HOME is 'C:\Program Files\FME2016.1\64\'
2016-10-03 15:00:26|   0.1|  0.0|INFORM|FME ESRI Edition (node locked-crc)
2016-10-03 15:00:26|   0.1|  0.0|INFORM|Serial Number: S0601A0917
2016-10-03 15:00:26|   0.1|  0.0|INFORM|Permanent License.
2016-10-03 15:00:26|   0.1|  0.0|INFORM|Machine host name is: SVV-55247
2016-10-03 15:00:26|   0.1|  0.0|INFORM|START - ProcessID: 11548, peak process memory usage: 44472 kB, current process memory usage: 43792 kB
2016-10-03 15:00:26|   0.1|  0.0|INFORM|FME Configuration: Command line arguments are `C:\Program Files\FME2016.1\64\fme.exe' `C:/DATA/GitHub/NVDBGML/FME\wb-xlate-147549962560_2452' `LOG_STANDARDOUT' `YES' `LogCountServerName' `{67d6fdcd-05a6-4566-9bf9-b7d5f1f3baf7}' `DEBUG_PORT' `54579'
2016-10-03 15:00:26|   0.2|  0.1|INFORM|Shared folders for formats are : C:\Program Files\FME2016.1\64\datasources;C:\Users\knjetl\AppData\Roaming\Safe Software\FME\FME Store\Formats;\\SVV1P04AUSER01\KNJETL$\documents\FME\Formats
2016-10-03 15:00:26|   0.2|  0.0|INFORM|Shared folders for transformers are : C:\Program Files\FME2016.1\64\transformers;C:\Users\knjetl\AppData\Roaming\Safe Software\FME\FME Store\Transformers;\\SVV1P04AUSER01\KNJETL$\documents\FME\Transformers
2016-10-03 15:00:26|   0.2|  0.0|INFORM|Shared folders for coordinate systems are : \\SVV1P04AUSER01\KNJETL$\documents\FME\CoordinateSystems
2016-10-03 15:00:26|   0.2|  0.0|INFORM|Shared folders for coordinate system exceptions are : \\SVV1P04AUSER01\KNJETL$\documents\FME\CoordinateSystemExceptions
2016-10-03 15:00:26|   0.2|  0.0|INFORM|Shared folders for coordinate system grid overrides are : \\SVV1P04AUSER01\KNJETL$\documents\FME\CoordinateSystemGridOverrides
2016-10-03 15:00:26|   0.2|  0.0|INFORM|Shared folders for CS-MAP transformation exceptions are : \\SVV1P04AUSER01\KNJETL$\documents\FME\CsmapTransformationExceptions
2016-10-03 15:00:26|   0.2|  0.0|INFORM|Shared folders for transformer categories are : \\SVV1P04AUSER01\KNJETL$\documents\FME\TransformerCategories
2016-10-03 15:00:26|   0.2|  0.0|INFORM|FME Configuration: Reader Keyword is `NULL_SOURCE'
2016-10-03 15:00:26|   0.2|  0.0|INFORM|FME Configuration: Writer Keyword is `MULTI_WRITER'
2016-10-03 15:00:26|   0.2|  0.0|INFORM|FME Configuration: Writer Group Definition Keyword is `MULTI_WRITER_DEF'
2016-10-03 15:00:26|   0.2|  0.0|INFORM|FME Configuration: Reader type is `NULL'
2016-10-03 15:00:26|   0.2|  0.0|INFORM|FME Configuration: Writer type is `MULTI_WRITER'
2016-10-03 15:00:26|   0.2|  0.0|INFORM|FME Configuration: No destination coordinate system set
2016-10-03 15:00:26|   0.2|  0.0|INFORM|FME Configuration: Current working folder is `C:\DATA\GitHub\NVDBGML\FME'
2016-10-03 15:00:26|   0.2|  0.0|INFORM|FME Configuration: Temporary folder is `C:\Users\knjetl\AppData\Local\Temp'
2016-10-03 15:00:26|   0.2|  0.0|INFORM|FME Configuration: FME_HOME is `C:\Program Files\FME2016.1\64\'
2016-10-03 15:00:26|   0.2|  0.0|INFORM|FME Configuration: FME_BASE is 'no'
2016-10-03 15:00:26|   0.2|  0.0|INFORM|FME Configuration: FME_MF_DIR is 'C:\DATA\GitHub\NVDBGML\FME/'
2016-10-03 15:00:26|   0.2|  0.0|INFORM|FME Configuration: FME_MF_NAME is 'NVDBAPI2GML_V2_Vegnett.fmw'
2016-10-03 15:00:26|   0.2|  0.0|INFORM|FME Configuration: FME_PRODUCT_NAME is 'FME(R) 2016.1.0.0'
2016-10-03 15:00:26|   0.2|  0.0|INFORM|System Status: 177.70 GB of disk space available in the FME temporary folder (C:\Users\knjetl\AppData\Local\Temp)
2016-10-03 15:00:26|   0.2|  0.0|INFORM|System Status: 8.00 TB of virtual memory available
2016-10-03 15:00:26|   0.2|  0.0|INFORM|Operating System: Microsoft Windows 7 64-bit Service Pack 1 (Build 7601)
2016-10-03 15:00:26|   0.2|  0.0|INFORM|FME Platform: WIN64
2016-10-03 15:00:26|   0.2|  0.0|INFORM|Locale: nb_NO
2016-10-03 15:00:26|   0.2|  0.0|INFORM|Code Page: 1252  (ANSI - latin I)
2016-10-03 15:00:26|   0.2|  0.0|INFORM|FME Configuration: Process limits are 31.91 GB of physical memory and 8.00 TB of address space
2016-10-03 15:00:26|   0.2|  0.0|INFORM|FME Configuration: Start freeing memory when process usage exceeds 95.72 GB of memory or 8.00 TB of address space
2016-10-03 15:00:26|   0.2|  0.0|INFORM|FME Configuration: Stop freeing memory when process usage is below 71.79 GB of memory and 6.00 TB of address space
2016-10-03 15:00:26|   0.2|  0.0|INFORM|Creating writer for format: 
2016-10-03 15:00:26|   0.2|  0.0|INFORM|Creating reader for format: NULL (Nothing)
2016-10-03 15:00:26|   0.2|  0.0|INFORM|Trying to find a DYNAMIC plugin for reader named `NULL'
2016-10-03 15:00:26|   0.2|  0.0|INFORM|Loaded module 'NULL' from file 'C:\Program Files\FME2016.1\64\plugins/NULL.dll'
2016-10-03 15:00:26|   0.2|  0.0|INFORM|FME API version of module 'NULL' matches current internal version (3.8 20160224)
2016-10-03 15:00:26|   0.2|  0.0|INFORM|Using MultiWriter $Revision$ ( $Date$ ) with keyword `MULTI_WRITER' to output data (ID_ATTRIBUTE is `multi_writer_id')
2016-10-03 15:00:26|   0.2|  0.0|INFORM|Writer output will be ordered by value of multi_writer_id
2016-10-03 15:00:26|   0.2|  0.0|INFORM|Loaded module 'LogCount_func' from file 'C:\Program Files\FME2016.1\64\plugins/LogCount_func.dll'
2016-10-03 15:00:26|   0.2|  0.0|INFORM|FME API version of module 'LogCount_func' matches current internal version (3.8 20160224)
2016-10-03 15:00:26|   0.3|  0.0|INFORM|Creating writer for format: FME Feature Store (FFS)
2016-10-03 15:00:26|   0.3|  0.0|INFORM|FME Configuration: No destination coordinate system set
2016-10-03 15:00:27|   0.3|  0.0|INFORM|Loaded module 'Geometry_func' from file 'C:\Program Files\FME2016.1\64\plugins/Geometry_func.dll'
2016-10-03 15:00:27|   0.3|  0.0|INFORM|FME API version of module 'Geometry_func' matches current internal version (3.8 20160224)
2016-10-03 15:00:27|   0.3|  0.0|INFORM|Loaded module 'BreakpointFactory' from file 'C:\Program Files\FME2016.1\64\plugins/BreakpointFactory.dll'
2016-10-03 15:00:27|   0.3|  0.0|INFORM|FME API version of module 'BreakpointFactory' matches current internal version (3.8 20160224)
2016-10-03 15:00:27|   0.3|  0.0|INFORM|Feature Inspection module initialized. Workbench@54579 and FME@64159
2016-10-03 15:00:27|   0.3|  0.0|INFORM|FME API version of module 'BreakpointFactory' matches current internal version (3.8 20160224)
2016-10-03 15:00:27|   0.3|  0.0|INFORM|... Last line repeated 2 times ...
2016-10-03 15:00:27|   0.3|  0.0|INFORM|Loaded module 'HTTPFactory' from file 'C:\Program Files\FME2016.1\64\plugins/HTTPFactory.dll'
2016-10-03 15:00:27|   0.3|  0.0|INFORM|FME API version of module 'HTTPFactory' matches current internal version (3.8 20160224)
2016-10-03 15:00:27|   0.3|  0.0|INFORM|FME API version of module 'BreakpointFactory' matches current internal version (3.8 20160224)
2016-10-03 15:00:27|   0.3|  0.0|INFORM|FME API version of module 'BreakpointFactory' matches current internal version (3.8 20160224)
2016-10-03 15:00:27|   0.3|  0.0|INFORM|Loaded module 'XFMapFactory' from file 'C:\Program Files\FME2016.1\64\plugins/XFMapFactory.dll'
2016-10-03 15:00:27|   0.3|  0.0|INFORM|FME API version of module 'XFMapFactory' matches current internal version (3.8 20160224)
2016-10-03 15:00:27|   0.3|  0.0|INFORM|FME API version of module 'BreakpointFactory' matches current internal version (3.8 20160224)
2016-10-03 15:00:27|   0.3|  0.0|INFORM|Loaded module 'PythonFactory' from file 'C:\Program Files\FME2016.1\64\plugins/PythonFactory.dll'
2016-10-03 15:00:27|   0.3|  0.0|INFORM|FME API version of module 'PythonFactory' matches current internal version (3.8 20160224)
2016-10-03 15:00:27|   0.3|  0.0|INFORM|Using FME's provided Python interpreter from `C:\Program Files\FME2016.1\64\fmepython27\python27.dll'
2016-10-03 15:00:27|   0.3|  0.0|INFORM|Python version 2.7 loaded successfully
2016-10-03 15:00:27|   0.3|  0.0|INFORM|Adding folder `C:\DATA\GitHub\NVDBGML\FME\' to the python path
2016-10-03 15:00:27|   0.3|  0.0|INFORM|FME API version of module 'BreakpointFactory' matches current internal version (3.8 20160224)
2016-10-03 15:00:27|   0.3|  0.0|INFORM|Loaded module 'OGCGeometry_func' from file 'C:\Program Files\FME2016.1\64\plugins/OGCGeometry_func.dll'
2016-10-03 15:00:27|   0.3|  0.0|INFORM|FME API version of module 'OGCGeometry_func' matches current internal version (3.8 20160224)
2016-10-03 15:00:27|   0.3|  0.0|INFORM|FME API version of module 'BreakpointFactory' matches current internal version (3.8 20160224)
2016-10-03 15:00:27|   0.3|  0.0|INFORM|... Last line repeated 6 times ...
2016-10-03 15:00:27|   0.3|  0.0|INFORM|FME API version of module 'XFMapFactory' matches current internal version (3.8 20160224)
2016-10-03 15:00:27|   0.3|  0.0|INFORM|FME API version of module 'BreakpointFactory' matches current internal version (3.8 20160224)
2016-10-03 15:00:27|   0.3|  0.0|INFORM|... Last line repeated 2 times ...
2016-10-03 15:00:27|   0.3|  0.0|INFORM|Loaded module 'GQueryFactory' from file 'C:\Program Files\FME2016.1\64\plugins/GQueryFactory.dll'
2016-10-03 15:00:27|   0.3|  0.0|INFORM|FME API version of module 'GQueryFactory' matches current internal version (3.8 20160224)
2016-10-03 15:00:27|   0.3|  0.0|INFORM|FME API version of module 'BreakpointFactory' matches current internal version (3.8 20160224)
2016-10-03 15:00:27|   0.3|  0.0|INFORM|Emptying factory pipeline
2016-10-03 15:00:28|   0.4|  0.0|INFORM|NVDB_Vegnettleser_HTTPCaller_2(HTTPFactory): HTTP/FTP Transfer: Downloading resource 'https://www.vegvesen.no/nvdb/api/v2/vegnett/lenker?kommune=520&antall=5000' to internal memory buffer
2016-10-03 15:00:28|   0.4|  0.0|INFORM|NVDB_Vegnettleser_HTTPCaller_2(HTTPFactory): HTTP/FTP Request - Sent so far: 1.01 MB 
2016-10-03 15:00:28|   0.4|  0.0|INFORM|NVDB_Vegnettleser_HTTPCaller_2(HTTPFactory): HTTP/FTP Request - Sent so far: 2.01 MB 
2016-10-03 15:00:28|   0.5|  0.0|INFORM|NVDB_Vegnettleser_HTTPCaller_2(HTTPFactory): HTTP/FTP Request - Sent so far: 3.04 MB 
2016-10-03 15:00:28|   0.5|  0.0|INFORM|NVDB_Vegnettleser_HTTPCaller_2(HTTPFactory): HTTP/FTP Request - Sent so far: 4.08 MB 
2016-10-03 15:00:28|   0.5|  0.0|INFORM|NVDB_Vegnettleser_HTTPCaller_2(HTTPFactory): HTTP/FTP Request - Sent so far: 5.08 MB 
2016-10-03 15:00:28|   0.5|  0.0|INFORM|NVDB_Vegnettleser_HTTPCaller_2(HTTPFactory): HTTP/FTP Request - Sent so far: 6.09 MB 
2016-10-03 15:00:28|   0.5|  0.0|INFORM|NVDB_Vegnettleser_HTTPCaller_2(HTTPFactory): HTTP/FTP Request - Sent so far: 7.11 MB 
2016-10-03 15:00:28|   0.6|  0.0|INFORM|NVDB_Vegnettleser_HTTPCaller_2(HTTPFactory): HTTP transfer summary - status code: 200, download size: '7863748 bytes', DNS lookup time: '0 seconds', total transfer time: '1.7 seconds', url: 'https://www.vegvesen.no/nvdb/api/v2/vegnett/lenker?kommune=520&antall=5000'
2016-10-03 15:00:30|   1.1|  0.5|INFORM|NVDB_Vegnettleser_HTTPCaller_2(HTTPFactory): HTTP/FTP Transfer: Downloading resource 'https://www.vegvesen.no/nvdb/api/v2/vegnett/lenker?kommune=520&antall=5000&start=7KZiN7iEAVeQ2D5HBmbydXMJB5UJs2rex3t1E5MLLWgfvmfc6GcptZZAjcVqxFu4KjVfDezkxPB7pf817p47nT5DUqALFmFv1eGTxD58' to internal memory buffer
2016-10-03 15:00:30|   1.3|  0.1|INFORM|NVDB_Vegnettleser_HTTPCaller_2(HTTPFactory): HTTP transfer summary - status code: 200, download size: '2337535 bytes', DNS lookup time: '0 seconds', total transfer time: '0.796 seconds', url: 'https://www.vegvesen.no/nvdb/api/v2/vegnett/lenker?kommune=520&antall=5000&start=7KZiN7iEAVeQ2D5HBmbydXMJB5UJs2rex3t1E5MLLWgfvmfc6GcptZZAjcVqxFu4KjVfDezkxPB7pf817p47nT5DUqALFmFv1eGTxD58'
2016-10-03 15:00:30|   1.6|  0.3|INFORM|Creating writer for format: 
2016-10-03 15:00:30|   1.6|  0.0|INFORM|FME Configuration: No destination coordinate system set
2016-10-03 15:00:30|   1.6|  0.0|INFORM|Using MultiWriter $Revision$ ( $Date$ ) with keyword `GML_1_FANOUT' to output data (ID_ATTRIBUTE is `multi_writer_id')
2016-10-03 15:00:30|   1.6|  0.0|INFORM|Writer output will be ordered by input dataset ordering
2016-10-03 15:00:30|   1.6|  0.0|INFORM|Writer `GML_1_FANOUT' of type `MULTI_WRITER' using group definition keyword `MULTI_WRITER_DEF'
2016-10-03 15:00:30|   1.6|  0.0|INFORM|Creating writer for format: GML (Geography Markup Language)
2016-10-03 15:00:30|   1.6|  0.0|INFORM|Trying to find a DYNAMIC plugin for writer named `GML'
2016-10-03 15:00:30|   1.7|  0.0|INFORM|Loaded module 'GML' from file 'C:\Program Files\FME2016.1\64\plugins/GML.dll'
2016-10-03 15:00:30|   1.7|  0.0|INFORM|FME API version of module 'GML' matches current internal version (3.8 20160224)
2016-10-03 15:00:30|   1.7|  0.0|INFORM|FME Configuration: No destination coordinate system set
2016-10-03 15:00:30|   1.7|  0.0|INFORM|FME API version of module 'GML' matches current internal version (3.8 20160224)
2016-10-03 15:00:30|   1.7|  0.0|INFORM|Writer `GML_1' of type `GML' using group definition keyword `GML_1_DEF'
2016-10-03 15:00:30|   1.7|  0.0|INFORM|FME API version of module 'GML' matches current internal version (3.8 20160224)
2016-10-03 15:00:30|   1.7|  0.0|INFORM|<GML_1 Writer> - Using GML 'GENERIC_APPLICATION_SCHEMA' profile writer
2016-10-03 15:00:30|   1.7|  0.0|INFORM|The uri-map document 'C:\Program Files\FME2016.1\64\xml\urimap\gml_aixm.xml' is being used to map from URI to URI
2016-10-03 15:00:30|   1.7|  0.0|INFORM|The uri-map document 'C:\Program Files\FME2016.1\64\xml\urimap\gml_citygml.xml' is being used to map from URI to URI
2016-10-03 15:00:30|   1.7|  0.0|INFORM|The uri-map document 'C:\Program Files\FME2016.1\64\xml\urimap\gml_inspire.xml' is being used to map from URI to URI
2016-10-03 15:00:30|   1.7|  0.0|INFORM|The uri-map document 'C:\Program Files\FME2016.1\64\xml\urimap\gml_urimap.xml' is being used to map from URI to URI
2016-10-03 15:00:30|   1.7|  0.0|INFORM|URI 'https://raw.githubusercontent.com/jetgeo/NVDBGML/master/XSD/NVDB/vegnett/vegnett.xsd' mapped to 'https://raw.githubusercontent.com/jetgeo/NVDBGML/master/XSD/NVDB/vegnett/vegnett.xsd'
2016-10-03 15:00:31|   1.7|  0.0|INFORM|Received HTTP response header: 'HTTP/1.1 404 Not Found' from '%1'
2016-10-03 15:00:31|   1.7|  0.0|INFORM|Received HTTP response header: 'Content-Security-Policy: default-src 'none'; style-src 'unsafe-inline'' from '%1'
2016-10-03 15:00:31|   1.7|  0.0|INFORM|Received HTTP response header: 'Strict-Transport-Security: max-age=31536000' from '%1'
2016-10-03 15:00:31|   1.7|  0.0|INFORM|Received HTTP response header: 'X-Content-Type-Options: nosniff' from '%1'
2016-10-03 15:00:31|   1.7|  0.0|INFORM|Received HTTP response header: 'X-Frame-Options: deny' from '%1'
2016-10-03 15:00:31|   1.7|  0.0|INFORM|Received HTTP response header: 'X-XSS-Protection: 1; mode=block' from '%1'
2016-10-03 15:00:31|   1.7|  0.0|INFORM|Received HTTP response header: 'X-GitHub-Request-Id: 17EB2B32:12AD:7CFD0F0:57F25665' from '%1'
2016-10-03 15:00:31|   1.7|  0.0|INFORM|Received HTTP response header: 'Content-Length: 15' from '%1'
2016-10-03 15:00:31|   1.7|  0.0|INFORM|Received HTTP response header: 'Accept-Ranges: bytes' from '%1'
2016-10-03 15:00:31|   1.7|  0.0|INFORM|Received HTTP response header: 'Date: Mon, 03 Oct 2016 13:00:21 GMT' from '%1'
2016-10-03 15:00:31|   1.7|  0.0|INFORM|Received HTTP response header: 'Via: 1.1 varnish' from '%1'
2016-10-03 15:00:31|   1.7|  0.0|INFORM|Received HTTP response header: 'Connection: keep-alive' from '%1'
2016-10-03 15:00:31|   1.7|  0.0|INFORM|Received HTTP response header: 'X-Served-By: cache-ams4440-AMS' from '%1'
2016-10-03 15:00:31|   1.7|  0.0|INFORM|Received HTTP response header: 'X-Cache: MISS' from '%1'
2016-10-03 15:00:31|   1.7|  0.0|INFORM|Received HTTP response header: 'X-Cache-Hits: 0' from '%1'
2016-10-03 15:00:31|   1.7|  0.0|INFORM|Received HTTP response header: 'Vary: Authorization,Accept-Encoding' from '%1'
2016-10-03 15:00:31|   1.7|  0.0|INFORM|Received HTTP response header: 'Access-Control-Allow-Origin: *' from '%1'
2016-10-03 15:00:31|   1.7|  0.0|INFORM|Received HTTP response header: 'X-Fastly-Request-ID: 709e28d51ccfeb2ca1f2dffdb18fcb50f6127e92' from '%1'
2016-10-03 15:00:31|   1.7|  0.0|INFORM|Received HTTP response header: 'Expires: Mon, 03 Oct 2016 13:05:21 GMT' from '%1'
2016-10-03 15:00:31|   1.7|  0.0|INFORM|Received HTTP response header: 'Source-Age: 0' from '%1'
2016-10-03 15:00:31|   1.7|  0.0|INFORM|HTTP/FTP Transfer: Downloading resource 'https://raw.githubusercontent.com/jetgeo/NVDBGML/master/XSD/NVDB/vegnett/vegnett.xsd' to local file 'C:\Users\knjetl\AppData\Local\Temp\FME_XSD_CACHE\fmexsd_1475499630900_11548.xml'
2016-10-03 15:00:31|   1.7|  0.0|INFORM|HTTP transfer summary - status code: 404, download size: '15 bytes', DNS lookup time: '0.046 seconds', total transfer time: '0.28 seconds', url: 'https://raw.githubusercontent.com/jetgeo/NVDBGML/master/XSD/NVDB/vegnett/vegnett.xsd'
2016-10-03 15:00:31|   1.7|  0.0|ERROR |Received HTTP response header: 'HTTP/1.1 404 Not Found' from 'https://raw.githubusercontent.com/jetgeo/NVDBGML/master/XSD/NVDB/vegnett/vegnett.xsd'
2016-10-03 15:00:31|   1.7|  0.0|ERROR |A fatal error has occurred. Check the logfile above for details
2016-10-03 15:00:31|   1.7|  0.0|ERROR |... Last line repeated 4 times ...
2016-10-03 15:00:31|   1.7|  0.0|ERROR |
2016-10-03 15:00:31|   1.7|  0.0|ERROR |A fatal error has occurred. Check the logfile above for details
2016-10-03 15:00:31|   1.7|  0.0|ERROR |
2016-10-03 15:00:31|   1.7|  0.0|ERROR |A fatal error has occurred. Check the logfile above for details
2016-10-03 15:00:31|   1.7|  0.0|ERROR |
2016-10-03 15:00:31|   1.7|  0.0|ERROR |A fatal error has occurred. Check the logfile above for details
2016-10-03 15:00:31|   1.7|  0.0|ERROR |
2016-10-03 15:00:31|   1.7|  0.0|ERROR |A fatal error has occurred. Check the logfile above for details
2016-10-03 15:00:31|   1.7|  0.0|ERROR |
2016-10-03 15:00:31|   1.7|  0.0|ERROR |A fatal error has occurred. Check the logfile above for details
2016-10-03 15:00:31|   1.7|  0.0|ERROR |
2016-10-03 15:00:31|   1.7|  0.0|ERROR |A fatal error has occurred. Check the logfile above for details
2016-10-03 15:00:31|   1.7|  0.0|ERROR |
2016-10-03 15:00:31|   1.7|  0.0|ERROR |A fatal error has occurred. Check the logfile above for details
2016-10-03 15:00:31|   1.7|  0.0|ERROR |
2016-10-03 15:00:31|   1.7|  0.0|ERROR |A fatal error has occurred. Check the logfile above for details
2016-10-03 15:00:31|   1.7|  0.0|ERROR |
2016-10-03 15:00:31|   1.7|  0.0|ERROR |A fatal error has occurred. Check the logfile above for details
2016-10-03 15:00:31|   1.7|  0.0|ERROR |Bridge failed to output feature on tag `PYOUTPUT'
2016-10-03 15:00:31|   1.7|  0.0|FATAL |f_19(PythonFactory): PythonFactory failed to process feature
2016-10-03 15:00:31|   1.7|  0.0|ERROR |A fatal error has occurred. Check the logfile above for details
2016-10-03 15:00:31|   1.7|  0.0|ERROR |
2016-10-03 15:00:31|   1.7|  0.0|ERROR |A fatal error has occurred. Check the logfile above for details
2016-10-03 15:00:31|   1.7|  0.0|ERROR |
2016-10-03 15:00:31|   1.7|  0.0|ERROR |A fatal error has occurred. Check the logfile above for details
2016-10-03 15:00:31|   1.7|  0.0|ERROR |
2016-10-03 15:00:31|   1.7|  0.0|ERROR |A fatal error has occurred. Check the logfile above for details
2016-10-03 15:00:31|   1.7|  0.0|ERROR |
2016-10-03 15:00:31|   1.7|  0.0|ERROR |A fatal error has occurred. Check the logfile above for details
2016-10-03 15:00:31|   1.7|  0.0|ERROR |
2016-10-03 15:00:31|   1.7|  0.0|ERROR |A fatal error has occurred. Check the logfile above for details
2016-10-03 15:00:31|   1.7|  0.0|ERROR |
2016-10-03 15:00:31|   1.7|  0.0|ERROR |A fatal error has occurred. Check the logfile above for details
2016-10-03 15:00:31|   1.7|  0.0|ERROR |
2016-10-03 15:00:31|   1.7|  0.0|ERROR |A fatal error has occurred. Check the logfile above for details
2016-10-03 15:00:31|   1.7|  0.0|ERROR |
2016-10-03 15:00:31|   1.7|  0.0|ERROR |A fatal error has occurred. Check the logfile above for details
2016-10-03 15:00:31|   1.7|  0.0|ERROR |
2016-10-03 15:00:31|   1.7|  0.0|INFORM|=-=-=-=-=-=-=-=-=-=-=-=-=-=-=-=-=-=-=-=-=-=-=-=-=-=-=-=-=-=-=-=-=-=-=-=-=-=-=-
2016-10-03 15:00:31|   1.7|  0.0|INFORM|Feature output statistics for `FFS' writer using keyword `W_1':
2016-10-03 15:00:31|   1.7|  0.0|STATS |=-=-=-=-=-=-=-=-=-=-=-=-=-=-=-=-=-=-=-=-=-=-=-=-=-=-=-=-=-=-=-=-=-=-=-=-=-=-=-
2016-10-03 15:00:31|   1.7|  0.0|STATS |                               Features Written
2016-10-03 15:00:31|   1.7|  0.0|STATS |=-=-=-=-=-=-=-=-=-=-=-=-=-=-=-=-=-=-=-=-=-=-=-=-=-=-=-=-=-=-=-=-=-=-=-=-=-=-=-
2016-10-03 15:00:31|   1.7|  0.0|STATS |==============================================================================
2016-10-03 15:00:31|   1.7|  0.0|STATS |Total Features Written                                                       0
2016-10-03 15:00:31|   1.7|  0.0|STATS |=-=-=-=-=-=-=-=-=-=-=-=-=-=-=-=-=-=-=-=-=-=-=-=-=-=-=-=-=-=-=-=-=-=-=-=-=-=-=-
2016-10-03 15:00:31|   1.7|  0.0|INFORM|=-=-=-=-=-=-=-=-=-=-=-=-=-=-=-=-=-=-=-=-=-=-=-=-=-=-=-=-=-=-=-=-=-=-=-=-=-=-=-
2016-10-03 15:00:31|   1.7|  0.0|INFORM|Feature output statistics for `GML' writer using keyword `GML_1':
2016-10-03 15:00:31|   1.7|  0.0|STATS |=-=-=-=-=-=-=-=-=-=-=-=-=-=-=-=-=-=-=-=-=-=-=-=-=-=-=-=-=-=-=-=-=-=-=-=-=-=-=-
2016-10-03 15:00:31|   1.7|  0.0|STATS |                               Features Written
2016-10-03 15:00:31|   1.7|  0.0|STATS |=-=-=-=-=-=-=-=-=-=-=-=-=-=-=-=-=-=-=-=-=-=-=-=-=-=-=-=-=-=-=-=-=-=-=-=-=-=-=-
2016-10-03 15:00:31|   1.7|  0.0|STATS |==============================================================================
2016-10-03 15:00:31|   1.7|  0.0|STATS |Total Features Written                                                       0
2016-10-03 15:00:31|   1.7|  0.0|STATS |=-=-=-=-=-=-=-=-=-=-=-=-=-=-=-=-=-=-=-=-=-=-=-=-=-=-=-=-=-=-=-=-=-=-=-=-=-=-=-
2016-10-03 15:00:31|   1.7|  0.0|INFORM|=-=-=-=-=-=-=-=-=-=-=-=-=-=-=-=-=-=-=-=-=-=-=-=-=-=-=-=-=-=-=-=-=-=-=-=-=-=-=-
2016-10-03 15:00:31|   1.7|  0.0|INFORM|Feature output statistics for `MULTI_WRITER' writer using keyword `GML_1_FANOUT':
2016-10-03 15:00:31|   1.7|  0.0|STATS |=-=-=-=-=-=-=-=-=-=-=-=-=-=-=-=-=-=-=-=-=-=-=-=-=-=-=-=-=-=-=-=-=-=-=-=-=-=-=-
2016-10-03 15:00:31|   1.7|  0.0|STATS |                               Features Written
2016-10-03 15:00:31|   1.7|  0.0|STATS |=-=-=-=-=-=-=-=-=-=-=-=-=-=-=-=-=-=-=-=-=-=-=-=-=-=-=-=-=-=-=-=-=-=-=-=-=-=-=-
2016-10-03 15:00:31|   1.7|  0.0|STATS |                                                                             1
2016-10-03 15:00:31|   1.7|  0.0|STATS |==============================================================================
2016-10-03 15:00:31|   1.7|  0.0|STATS |Total Features Written                                                       1
2016-10-03 15:00:31|   1.7|  0.0|STATS |=-=-=-=-=-=-=-=-=-=-=-=-=-=-=-=-=-=-=-=-=-=-=-=-=-=-=-=-=-=-=-=-=-=-=-=-=-=-=-
2016-10-03 15:00:31|   1.7|  0.0|ERROR |A fatal error has occurred. Check the logfile above for details
2016-10-03 15:00:31|   1.7|  0.0|INFORM|FME Session Duration: 4.7 seconds. (CPU: 1.2s user, 0.4s system)
2016-10-03 15:00:31|   1.7|  0.0|INFORM|END - ProcessID: 11548, peak process memory usage: 137144 kB, current process memory usage: 90072 kB
