2016-09-21 15:33:22|   0.2|  0.2|INFORM|FME 2016.1.0.0 Beta (20160329 - Build 16481 - WIN64)
2016-09-21 15:33:22|   0.2|  0.0|INFORM|FME_HOME is 'C:\Program Files\FME2016.1\64\'
2016-09-21 15:33:22|   0.2|  0.0|INFORM|FME ESRI Edition (node locked-crc)
2016-09-21 15:33:22|   0.2|  0.0|INFORM|Serial Number: S0601A0917
2016-09-21 15:33:22|   0.2|  0.0|INFORM|Permanent License.
2016-09-21 15:33:22|   0.2|  0.0|INFORM|Machine host name is: SVV-55247
2016-09-21 15:33:22|   0.2|  0.0|INFORM|START - ProcessID: 11008, peak process memory usage: 46808 kB, current process memory usage: 46808 kB
2016-09-21 15:33:22|   0.2|  0.0|INFORM|FME Configuration: Command line arguments are `C:\Program Files\FME2016.1\64\fme.exe' `C:/DATA/GitHub/NVDBGML/FME\wb-xlate-1474464788442_2492' `LOG_STANDARDOUT' `YES' `LogCountServerName' `{bd77388c-6d8b-4e29-862e-d993fbc2085f}' `DEBUG_PORT' `61196'
2016-09-21 15:33:22|   0.3|  0.1|INFORM|Shared folders for formats are : C:\Program Files\FME2016.1\64\datasources;C:\Users\knjetl\AppData\Roaming\Safe Software\FME\FME Store\Formats;\\SVV1P04AUSER01\KNJETL$\documents\FME\Formats
2016-09-21 15:33:22|   0.3|  0.0|INFORM|Shared folders for transformers are : C:\Program Files\FME2016.1\64\transformers;C:\Users\knjetl\AppData\Roaming\Safe Software\FME\FME Store\Transformers;\\SVV1P04AUSER01\KNJETL$\documents\FME\Transformers
2016-09-21 15:33:22|   0.3|  0.0|INFORM|Shared folders for coordinate systems are : \\SVV1P04AUSER01\KNJETL$\documents\FME\CoordinateSystems
2016-09-21 15:33:22|   0.3|  0.0|INFORM|Shared folders for coordinate system exceptions are : \\SVV1P04AUSER01\KNJETL$\documents\FME\CoordinateSystemExceptions
2016-09-21 15:33:22|   0.3|  0.0|INFORM|Shared folders for coordinate system grid overrides are : \\SVV1P04AUSER01\KNJETL$\documents\FME\CoordinateSystemGridOverrides
2016-09-21 15:33:22|   0.3|  0.0|INFORM|Shared folders for CS-MAP transformation exceptions are : \\SVV1P04AUSER01\KNJETL$\documents\FME\CsmapTransformationExceptions
2016-09-21 15:33:22|   0.3|  0.0|INFORM|Shared folders for transformer categories are : \\SVV1P04AUSER01\KNJETL$\documents\FME\TransformerCategories
2016-09-21 15:33:22|   0.3|  0.0|INFORM|FME Configuration: Reader Keyword is `NULL_SOURCE'
2016-09-21 15:33:22|   0.3|  0.0|INFORM|FME Configuration: Writer Keyword is `MULTI_WRITER'
2016-09-21 15:33:22|   0.3|  0.0|INFORM|FME Configuration: Writer Group Definition Keyword is `MULTI_WRITER_DEF'
2016-09-21 15:33:22|   0.3|  0.0|INFORM|FME Configuration: Reader type is `NULL'
2016-09-21 15:33:22|   0.3|  0.0|INFORM|FME Configuration: Writer type is `MULTI_WRITER'
2016-09-21 15:33:22|   0.3|  0.0|INFORM|FME Configuration: No destination coordinate system set
2016-09-21 15:33:22|   0.3|  0.0|INFORM|FME Configuration: Current working folder is `C:\DATA\GitHub\NVDBGML\FME'
2016-09-21 15:33:22|   0.3|  0.0|INFORM|FME Configuration: Temporary folder is `C:\Users\knjetl\AppData\Local\Temp'
2016-09-21 15:33:22|   0.3|  0.0|INFORM|FME Configuration: FME_HOME is `C:\Program Files\FME2016.1\64\'
2016-09-21 15:33:22|   0.3|  0.0|INFORM|FME Configuration: FME_BASE is 'no'
2016-09-21 15:33:22|   0.3|  0.0|INFORM|FME Configuration: FME_MF_DIR is 'C:\DATA\GitHub\NVDBGML\FME/'
2016-09-21 15:33:22|   0.3|  0.0|INFORM|FME Configuration: FME_MF_NAME is 'NVDBAPI2GML_V2.fmw'
2016-09-21 15:33:22|   0.3|  0.0|INFORM|FME Configuration: FME_PRODUCT_NAME is 'FME(R) 2016.1.0.0'
2016-09-21 15:33:22|   0.3|  0.0|INFORM|System Status: 180.78 GB of disk space available in the FME temporary folder (C:\Users\knjetl\AppData\Local\Temp)
2016-09-21 15:33:22|   0.3|  0.0|INFORM|System Status: 8.00 TB of virtual memory available
2016-09-21 15:33:22|   0.3|  0.0|INFORM|Operating System: Microsoft Windows 7 64-bit Service Pack 1 (Build 7601)
2016-09-21 15:33:22|   0.3|  0.0|INFORM|FME Platform: WIN64
2016-09-21 15:33:22|   0.3|  0.0|INFORM|Locale: nb_NO
2016-09-21 15:33:22|   0.3|  0.0|INFORM|Code Page: 1252  (ANSI - latin I)
2016-09-21 15:33:22|   0.3|  0.0|INFORM|FME Configuration: Process limits are 31.91 GB of physical memory and 8.00 TB of address space
2016-09-21 15:33:22|   0.3|  0.0|INFORM|FME Configuration: Start freeing memory when process usage exceeds 95.72 GB of memory or 8.00 TB of address space
2016-09-21 15:33:22|   0.3|  0.0|INFORM|FME Configuration: Stop freeing memory when process usage is below 71.79 GB of memory and 6.00 TB of address space
2016-09-21 15:33:22|   0.3|  0.0|INFORM|Creating writer for format: 
2016-09-21 15:33:22|   0.3|  0.0|INFORM|Creating reader for format: NULL (Nothing)
2016-09-21 15:33:22|   0.3|  0.0|INFORM|Trying to find a DYNAMIC plugin for reader named `NULL'
2016-09-21 15:33:22|   0.3|  0.0|INFORM|Loaded module 'NULL' from file 'C:\Program Files\FME2016.1\64\plugins/NULL.dll'
2016-09-21 15:33:22|   0.3|  0.0|INFORM|FME API version of module 'NULL' matches current internal version (3.8 20160224)
2016-09-21 15:33:22|   0.3|  0.0|INFORM|Using MultiWriter $Revision$ ( $Date$ ) with keyword `MULTI_WRITER' to output data (ID_ATTRIBUTE is `multi_writer_id')
2016-09-21 15:33:22|   0.3|  0.0|INFORM|Writer output will be ordered by value of multi_writer_id
2016-09-21 15:33:22|   0.4|  0.0|INFORM|Loaded module 'LogCount_func' from file 'C:\Program Files\FME2016.1\64\plugins/LogCount_func.dll'
2016-09-21 15:33:22|   0.4|  0.0|INFORM|FME API version of module 'LogCount_func' matches current internal version (3.8 20160224)
2016-09-21 15:33:22|   0.4|  0.0|INFORM|Creating writer for format: FME Feature Store (FFS)
2016-09-21 15:33:22|   0.4|  0.0|INFORM|FME Configuration: No destination coordinate system set
2016-09-21 15:33:22|   0.4|  0.0|INFORM|Loaded module 'Geometry_func' from file 'C:\Program Files\FME2016.1\64\plugins/Geometry_func.dll'
2016-09-21 15:33:22|   0.4|  0.0|INFORM|FME API version of module 'Geometry_func' matches current internal version (3.8 20160224)
2016-09-21 15:33:23|   0.5|  0.0|INFORM|Loaded module 'BreakpointFactory' from file 'C:\Program Files\FME2016.1\64\plugins/BreakpointFactory.dll'
2016-09-21 15:33:23|   0.5|  0.0|INFORM|FME API version of module 'BreakpointFactory' matches current internal version (3.8 20160224)
2016-09-21 15:33:23|   0.5|  0.0|INFORM|Feature Inspection module initialized. Workbench@61196 and FME@61198
2016-09-21 15:33:23|   0.5|  0.0|INFORM|FME API version of module 'BreakpointFactory' matches current internal version (3.8 20160224)
2016-09-21 15:33:23|   0.5|  0.0|INFORM|... Last line repeated 2 times ...
2016-09-21 15:33:23|   0.5|  0.0|INFORM|Loaded module 'HTTPFactory' from file 'C:\Program Files\FME2016.1\64\plugins/HTTPFactory.dll'
2016-09-21 15:33:23|   0.5|  0.0|INFORM|FME API version of module 'HTTPFactory' matches current internal version (3.8 20160224)
2016-09-21 15:33:23|   0.5|  0.0|INFORM|FME API version of module 'BreakpointFactory' matches current internal version (3.8 20160224)
2016-09-21 15:33:23|   0.5|  0.0|INFORM|FME API version of module 'BreakpointFactory' matches current internal version (3.8 20160224)
2016-09-21 15:33:23|   0.5|  0.0|INFORM|Loaded module 'XFMapFactory' from file 'C:\Program Files\FME2016.1\64\plugins/XFMapFactory.dll'
2016-09-21 15:33:23|   0.5|  0.0|INFORM|FME API version of module 'XFMapFactory' matches current internal version (3.8 20160224)
2016-09-21 15:33:23|   0.5|  0.0|INFORM|FME API version of module 'BreakpointFactory' matches current internal version (3.8 20160224)
2016-09-21 15:33:23|   0.5|  0.0|INFORM|Loaded module 'PythonFactory' from file 'C:\Program Files\FME2016.1\64\plugins/PythonFactory.dll'
2016-09-21 15:33:23|   0.5|  0.0|INFORM|FME API version of module 'PythonFactory' matches current internal version (3.8 20160224)
2016-09-21 15:33:23|   0.5|  0.0|INFORM|Using FME's provided Python interpreter from `C:\Program Files\FME2016.1\64\fmepython27\python27.dll'
2016-09-21 15:33:23|   0.5|  0.0|INFORM|Python version 2.7 loaded successfully
2016-09-21 15:33:23|   0.5|  0.0|INFORM|Adding folder `C:\DATA\GitHub\NVDBGML\FME\' to the python path
2016-09-21 15:33:23|   0.5|  0.0|INFORM|FME API version of module 'BreakpointFactory' matches current internal version (3.8 20160224)
2016-09-21 15:33:23|   0.5|  0.0|INFORM|Loaded module 'OGCGeometry_func' from file 'C:\Program Files\FME2016.1\64\plugins/OGCGeometry_func.dll'
2016-09-21 15:33:23|   0.5|  0.0|INFORM|FME API version of module 'OGCGeometry_func' matches current internal version (3.8 20160224)
2016-09-21 15:33:23|   0.5|  0.0|INFORM|FME API version of module 'BreakpointFactory' matches current internal version (3.8 20160224)
2016-09-21 15:33:23|   0.5|  0.0|INFORM|... Last line repeated 4 times ...
2016-09-21 15:33:23|   0.5|  0.0|INFORM|FME API version of module 'XFMapFactory' matches current internal version (3.8 20160224)
2016-09-21 15:33:23|   0.5|  0.0|INFORM|FME API version of module 'BreakpointFactory' matches current internal version (3.8 20160224)
2016-09-21 15:33:23|   0.5|  0.0|INFORM|... Last line repeated 6 times ...
2016-09-21 15:33:23|   0.5|  0.0|INFORM|Loaded module 'DuplicateRemoverFactory' from file 'C:\Program Files\FME2016.1\64\plugins/DuplicateRemoverFactory.dll'
2016-09-21 15:33:23|   0.5|  0.0|INFORM|FME API version of module 'DuplicateRemoverFactory' matches current internal version (3.8 20160224)
2016-09-21 15:33:23|   0.5|  0.0|INFORM|FME API version of module 'BreakpointFactory' matches current internal version (3.8 20160224)
2016-09-21 15:33:23|   0.5|  0.0|INFORM|... Last line repeated 3 times ...
2016-09-21 15:33:23|   0.5|  0.0|INFORM|FME API version of module 'HTTPFactory' matches current internal version (3.8 20160224)
2016-09-21 15:33:23|   0.5|  0.0|INFORM|FME API version of module 'BreakpointFactory' matches current internal version (3.8 20160224)
2016-09-21 15:33:23|   0.5|  0.0|INFORM|FME API version of module 'BreakpointFactory' matches current internal version (3.8 20160224)
2016-09-21 15:33:23|   0.5|  0.0|INFORM|FME API version of module 'XFMapFactory' matches current internal version (3.8 20160224)
2016-09-21 15:33:23|   0.5|  0.0|INFORM|FME API version of module 'BreakpointFactory' matches current internal version (3.8 20160224)
2016-09-21 15:33:23|   0.5|  0.0|INFORM|FME API version of module 'PythonFactory' matches current internal version (3.8 20160224)
2016-09-21 15:33:23|   0.5|  0.0|INFORM|FME API version of module 'BreakpointFactory' matches current internal version (3.8 20160224)
2016-09-21 15:33:23|   0.5|  0.0|INFORM|... Last line repeated 5 times ...
2016-09-21 15:33:23|   0.5|  0.0|INFORM|FME API version of module 'XFMapFactory' matches current internal version (3.8 20160224)
2016-09-21 15:33:23|   0.5|  0.0|INFORM|FME API version of module 'BreakpointFactory' matches current internal version (3.8 20160224)
2016-09-21 15:33:23|   0.5|  0.0|INFORM|... Last line repeated 5 times ...
2016-09-21 15:33:23|   0.5|  0.0|INFORM|Loaded module 'JoinFactory' from file 'C:\Program Files\FME2016.1\64\plugins/JoinFactory.dll'
2016-09-21 15:33:23|   0.5|  0.0|INFORM|FME API version of module 'JoinFactory' matches current internal version (3.8 20160224)
2016-09-21 15:33:23|   0.5|  0.0|INFORM|FME API version of module 'BreakpointFactory' matches current internal version (3.8 20160224)
2016-09-21 15:33:23|   0.5|  0.0|INFORM|... Last line repeated 2 times ...
2016-09-21 15:33:23|   0.5|  0.0|INFORM|FME API version of module 'PythonFactory' matches current internal version (3.8 20160224)
2016-09-21 15:33:23|   0.5|  0.0|INFORM|FME API version of module 'BreakpointFactory' matches current internal version (3.8 20160224)
2016-09-21 15:33:23|   0.5|  0.0|INFORM|... Last line repeated 4 times ...
2016-09-21 15:33:23|   0.5|  0.0|INFORM|FME API version of module 'JoinFactory' matches current internal version (3.8 20160224)
2016-09-21 15:33:23|   0.5|  0.0|INFORM|FME API version of module 'BreakpointFactory' matches current internal version (3.8 20160224)
2016-09-21 15:33:23|   0.5|  0.0|INFORM|... Last line repeated 2 times ...
2016-09-21 15:33:23|   0.5|  0.0|INFORM|FME API version of module 'PythonFactory' matches current internal version (3.8 20160224)
2016-09-21 15:33:23|   0.5|  0.0|INFORM|FME API version of module 'BreakpointFactory' matches current internal version (3.8 20160224)
2016-09-21 15:33:24|   0.5|  0.0|INFORM|... Last line repeated 14 times ...
2016-09-21 15:33:24|   0.5|  0.0|INFORM|Loaded module 'GQueryFactory' from file 'C:\Program Files\FME2016.1\64\plugins/GQueryFactory.dll'
2016-09-21 15:33:24|   0.5|  0.0|INFORM|FME API version of module 'GQueryFactory' matches current internal version (3.8 20160224)
2016-09-21 15:33:24|   0.5|  0.0|INFORM|FME API version of module 'BreakpointFactory' matches current internal version (3.8 20160224)
2016-09-21 15:33:24|   0.5|  0.0|INFORM|FME API version of module 'GQueryFactory' matches current internal version (3.8 20160224)
2016-09-21 15:33:24|   0.5|  0.0|INFORM|FME API version of module 'BreakpointFactory' matches current internal version (3.8 20160224)
2016-09-21 15:33:24|   0.5|  0.0|INFORM|FME API version of module 'GQueryFactory' matches current internal version (3.8 20160224)
2016-09-21 15:33:24|   0.5|  0.0|INFORM|FME API version of module 'BreakpointFactory' matches current internal version (3.8 20160224)
2016-09-21 15:33:24|   0.5|  0.0|INFORM|FME API version of module 'BreakpointFactory' matches current internal version (3.8 20160224)
2016-09-21 15:33:24|   0.5|  0.0|INFORM|Emptying factory pipeline
2016-09-21 15:33:25|   0.6|  0.0|INFORM|NVDB_Leser_HTTPCaller_2(HTTPFactory): HTTP/FTP Transfer: Downloading resource 'https://www.vegvesen.no/nvdb/api/v2/vegobjekter/96?kommune=520&antall=5000&inkluder=alle' to internal memory buffer
2016-09-21 15:33:25|   0.6|  0.0|INFORM|NVDB_Leser_HTTPCaller_2(HTTPFactory): HTTP/FTP Request - Sent so far: 1.02 MB 
2016-09-21 15:33:25|   0.6|  0.0|INFORM|NVDB_Leser_HTTPCaller_2(HTTPFactory): HTTP/FTP Request - Sent so far: 2.03 MB 
2016-09-21 15:33:25|   0.6|  0.0|INFORM|NVDB_Leser_HTTPCaller_2(HTTPFactory): HTTP/FTP Request - Sent so far: 3.05 MB 
2016-09-21 15:33:25|   0.7|  0.0|INFORM|NVDB_Leser_HTTPCaller_2(HTTPFactory): HTTP/FTP Request - Sent so far: 4.06 MB 
2016-09-21 15:33:25|   0.7|  0.0|INFORM|NVDB_Leser_HTTPCaller_2(HTTPFactory): HTTP/FTP Request - Sent so far: 5.07 MB 
2016-09-21 15:33:26|   0.7|  0.0|INFORM|NVDB_Leser_HTTPCaller_2(HTTPFactory): HTTP/FTP Request - Sent so far: 6.09 MB 
2016-09-21 15:33:26|   0.8|  0.0|INFORM|NVDB_Leser_HTTPCaller_2(HTTPFactory): HTTP/FTP Request - Sent so far: 7.09 MB 
2016-09-21 15:33:26|   0.8|  0.0|INFORM|NVDB_Leser_HTTPCaller_2(HTTPFactory): HTTP/FTP Request - Sent so far: 8.13 MB 
2016-09-21 15:33:26|   0.8|  0.0|INFORM|NVDB_Leser_HTTPCaller_2(HTTPFactory): HTTP transfer summary - status code: 200, download size: '8527612 bytes', DNS lookup time: '0.016 seconds', total transfer time: '2.2 seconds', url: 'https://www.vegvesen.no/nvdb/api/v2/vegobjekter/96?kommune=520&antall=5000&inkluder=alle'
2016-09-21 15:33:27|   1.7|  0.8|INFORM|NVDB_Leser_HTTPCaller_2(HTTPFactory): HTTP/FTP Transfer: Downloading resource 'https://www.vegvesen.no/nvdb/api/v2/vegobjekter/96?kommune=520&antall=5000&start=hkdVe68ULfch&inkluder=alle' to internal memory buffer
2016-09-21 15:33:27|   1.7|  0.0|INFORM|NVDB_Leser_HTTPCaller_2(HTTPFactory): HTTP transfer summary - status code: 200, download size: '302 bytes', DNS lookup time: '0 seconds', total transfer time: '0.015 seconds', url: 'https://www.vegvesen.no/nvdb/api/v2/vegobjekter/96?kommune=520&antall=5000&start=hkdVe68ULfch&inkluder=alle'
2016-09-21 15:33:27|   1.7|  0.0|INFORM|ListExploder(ElementFactory): No MODE specified.  Using default processing mode (CLASSIC)
2016-09-21 15:33:27|   1.7|  0.0|INFORM|Creating reader for format: CSV (Comma Separated Value)
2016-09-21 15:33:27|   1.7|  0.0|INFORM|Trying to find a DYNAMIC plugin for reader named `CSV'
2016-09-21 15:33:27|   1.7|  0.0|INFORM|Loaded module 'CSV' from file 'C:\Program Files\FME2016.1\64\plugins/CSV.dll'
2016-09-21 15:33:27|   1.7|  0.0|INFORM|FME API version of module 'CSV' matches current internal version (3.8 20160224)
2016-09-21 15:33:28|   1.7|  0.0|INFORM|Creating reader for format: CSV (Comma Separated Value)
2016-09-21 15:33:28|   1.7|  0.0|INFORM|Trying to find a DYNAMIC plugin for reader named `CSV'
2016-09-21 15:33:28|   1.7|  0.0|INFORM|FME API version of module 'CSV' matches current internal version (3.8 20160224)
2016-09-21 15:33:28|   1.7|  0.0|INFORM|CSV Reader: Opening CSV files in folder `C:\Users\knjetl\AppData\Local\Temp\__swizzled_url_1474464807809_11008\'
2016-09-21 15:33:28|   1.7|  0.0|INFORM|CSV Reader: Separator Character: ';'
2016-09-21 15:33:28|   1.7|  0.0|INFORM|CSV Reader: Skip Duplicate Delimiters: no
2016-09-21 15:33:28|   1.7|  0.0|INFORM|CSV Reader: Strip Quotes From Fields: yes
2016-09-21 15:33:28|   1.7|  0.0|INFORM|CSV Reader: File Has Field Names: yes
2016-09-21 15:33:28|   1.7|  0.0|INFORM|CSV Reader: Field Names Follow Header: no
2016-09-21 15:33:28|   1.7|  0.0|INFORM|CSV Reader: Number of Lines to Skip: 1
2016-09-21 15:33:28|   1.7|  0.0|INFORM|CSV Reader: Number of Footer Lines to Skip: 0
2016-09-21 15:33:28|   1.7|  0.0|INFORM|CSV Reader: Encoding name ''
2016-09-21 15:33:28|   1.7|  0.0|INFORM|CSV Reader: Allowing Spaces in Column Names: yes
2016-09-21 15:33:28|   1.7|  0.0|INFORM|CSV Reader: Max features to scan for schema: 1000
2016-09-21 15:33:28|   1.7|  0.0|INFORM|CSV Reader: Feature type names from file names: no
2016-09-21 15:33:28|   1.7|  0.0|INFORM|CSV Reader: Opening dataset 'C:\Users\knjetl\AppData\Local\Temp\__swizzled_url_1474464807809_11008\NVDB_ftMapping.csv'
2016-09-21 15:33:28|   1.8|  0.0|INFORM|Creating reader for format: Tabular Data
2016-09-21 15:33:28|   1.8|  0.0|INFORM|Using Tabular Reader $Revision$ ( $Date$ ) to read files from folder `C:\Users\knjetl\AppData\Local\Temp\__swizzled_url_1474464807809_11008'
2016-09-21 15:33:28|   1.8|  0.0|INFORM|Stripping quotes around fields in CSV File `C:\Users\knjetl\AppData\Local\Temp\__swizzled_url_1474464807809_11008\NVDB_ftMapping.csv'
2016-09-21 15:33:28|   1.8|  0.0|INFORM|Opened Separated Value File C:\Users\knjetl\AppData\Local\Temp\__swizzled_url_1474464807809_11008\NVDB_ftMapping.csv for input with delimiter `;'
2016-09-21 15:33:28|   1.8|  0.0|INFORM|Skipped line `ftid;name' in CSV File `C:\Users\knjetl\AppData\Local\Temp\__swizzled_url_1474464807809_11008\NVDB_ftMapping.csv'
2016-09-21 15:33:28|   1.8|  0.0|INFORM|CSV Reader: Closing dataset 'C:\Users\knjetl\AppData\Local\Temp\__swizzled_url_1474464807809_11008\NVDB_ftMapping.csv'
2016-09-21 15:33:28|   1.8|  0.0|INFORM|CSV Reader: Done reading CSV files in folder `C:\Users\knjetl\AppData\Local\Temp\__swizzled_url_1474464807809_11008\'
2016-09-21 15:33:28|   1.8|  0.0|INFORM|Read 373 records from table Joiner:CSV
2016-09-21 15:33:28|   1.8|  0.0|INFORM|Created index of 373 records from table Joiner:CSV on fields: `ftid' 
2016-09-21 15:33:28|   1.8|  0.0|INFORM|Processed 3 elements with mode CLASSIC
2016-09-21 15:33:32|   6.3|  4.5|STATS |Creator_XML_Creator(CreationFactory): Created 1 features
2016-09-21 15:33:32|   6.3|  0.0|STATS |Creator_Cloner(TeeFactory): Cloned 1 input feature(s) into 1 output feature(s)
2016-09-21 15:33:32|   6.3|  0.0|STATS |Creator_CREATED Brancher -1 93(BranchingFactory): Branched 1 input feature -- 1 feature routed to the target factory, and 0 features routed to the fallback factory.
2016-09-21 15:33:32|   6.3|  0.0|STATS |_CREATOR_BRANCH_TARGET(TeeFactory): Cloned 1 input feature(s) into 1 output feature(s)
2016-09-21 15:33:32|   6.3|  0.0|STATS |NVDB_Leser _Input Input Collector(TeeFactory): Cloned 1 input feature(s) into 1 output feature(s)
2016-09-21 15:33:32|   6.3|  0.0|STATS |NVDB_Leser__Input1474464801 Input Splitter(TeeFactory): Cloned 1 input feature(s) into 1 output feature(s)
2016-09-21 15:33:32|   6.3|  0.0|STATS |NVDB_Leser_Loop1474464801 Input Splitter(TeeFactory): Cloned 1 input feature(s) into 1 output feature(s)
2016-09-21 15:33:32|   6.3|  0.0|STATS |NVDB_Leser_HTTPCaller_2 Output Splitter(TeeFactory): Cloned 2 input feature(s) into 4 output feature(s)
2016-09-21 15:33:32|   6.3|  0.0|STATS |NVDB_Leser_HTTPCaller_2 <Rejected> Output Nuker(TeeFactory): Cloned 0 input feature(s) into 0 output feature(s)
2016-09-21 15:33:32|   6.3|  0.0|INFORM|NVDB_Leser_XMLFragmenter(XFMapFactory): Total Results: 2719 Mapped Feature(s), 2 Input Feature(s), and 0 Invalid input Feature(s)
2016-09-21 15:33:32|   6.3|  0.0|INFORM|Optional `close' method not present; not called
2016-09-21 15:33:32|   6.3|  0.0|STATS |NVDB_Leser_GeometryReplacer(TeeFactory): Cloned 2719 input feature(s) into 2719 output feature(s)
2016-09-21 15:33:32|   6.3|  0.0|STATS |NVDB_Leser_GeometryReplacer_Rejector(TestFactory): Tested 2719 input feature(s) -- 0 feature(s) passed and 2719 feature(s) failed
2016-09-21 15:33:32|   6.3|  0.0|STATS |NVDB_Leser_GeometryReplacer_<REJECTED> Feature Counter 0 2147680271(TeeFactory): Cloned 0 input feature(s) into 0 output feature(s)
2016-09-21 15:33:32|   6.3|  0.0|STATS |NVDB_Leser_CoordinateSystemSetter(TeeFactory): Cloned 2719 input feature(s) into 2719 output feature(s)
2016-09-21 15:33:32|   6.3|  0.0|STATS |NVDB_Leser_Deaggregator(DeaggregateFactory): Split 2719 input feature(s) into 0 point-in-polygon feature(s), 0 donut polygon(s), 0 polygon(s), 0 line(s), 2719 point(s), and 0 aggregate(s)
2016-09-21 15:33:32|   6.3|  0.0|STATS |NVDB_Leser_Deaggregator(DeaggregateFactory): 2719 non-aggregate input features were routed through the factory
2016-09-21 15:33:32|   6.3|  0.0|STATS |NVDB_Leser_NullAttributeMapper(TeeFactory): Cloned 2719 input feature(s) into 2719 output feature(s)
2016-09-21 15:33:32|   6.3|  0.0|STATS |NVDB_Leser_StringConcatenator(TeeFactory): Cloned 2719 input feature(s) into 2719 output feature(s)
2016-09-21 15:33:32|   6.3|  0.0|INFORM|NVDB_Leser_XMLFragmenter_2(XFMapFactory): Total Results: 2 Mapped Feature(s), 2 Input Feature(s), and 0 Invalid input Feature(s)
2016-09-21 15:33:32|   6.3|  0.0|STATS |NVDB_Leser_TestFilter(TeeFactory): Cloned 2 input feature(s) into 2 output feature(s)
2016-09-21 15:33:32|   6.3|  0.0|STATS |NVDB_Leser_TestFilter_TestFactory_0(TestFactory): Tested 2 input feature(s) -- 1 feature(s) passed and 1 feature(s) failed
2016-09-21 15:33:32|   6.3|  0.0|STATS |NVDB_Leser_TestFilter_<lt>UNFILTERED<gt>(TeeFactory): Cloned 1 input feature(s) into 1 output feature(s)
2016-09-21 15:33:32|   6.3|  0.0|STATS |NVDB_Leser_TestFilter <lt>UNFILTERED<gt> Output Nuker(TeeFactory): Cloned 1 input feature(s) into 0 output feature(s)
2016-09-21 15:33:32|   6.3|  0.0|STATS |Loop to NVDB_Leser_Loop1474464801 Input Splitter(BranchingFactory): Branched 1 input feature -- 1 feature routed to the target factory, and 0 features routed to the fallback factory.
2016-09-21 15:33:32|   6.3|  0.0|STATS |NVDB_Leser_Output1474464801 Output Collector(TeeFactory): Cloned 2719 input feature(s) into 2719 output feature(s)
2016-09-21 15:33:32|   6.3|  0.0|STATS |NVDB_Leser Output Output Renamer/Nuker(TeeFactory): Cloned 2719 input feature(s) into 2719 output feature(s)
2016-09-21 15:33:32|   6.3|  0.0|STATS |NVDB_Leser Output Splitter(TeeFactory): Cloned 2719 input feature(s) into 5438 output feature(s)
2016-09-21 15:33:32|   6.3|  0.0|STATS |ListExploder(ElementFactory): Split out 3755 list elements from 2719 input features, using mode CLASSIC
2016-09-21 15:33:32|   6.3|  0.0|STATS |ListExploder ELEMENTS Splitter(TeeFactory): Cloned 3755 input feature(s) into 7510 output feature(s)
2016-09-21 15:33:32|   6.3|  0.0|STATS |ListExploder_<REJECTED> Feature Counter -1 2147680336(TeeFactory): Cloned 0 input feature(s) into 0 output feature(s)
2016-09-21 15:33:32|   6.3|  0.0|STATS |TestFilter(TeeFactory): Cloned 3755 input feature(s) into 3755 output feature(s)
2016-09-21 15:33:32|   6.3|  0.0|STATS |TestFilter_TestFactory_0(TestFactory): Tested 3755 input feature(s) -- 0 feature(s) passed and 3755 feature(s) failed
2016-09-21 15:33:32|   6.3|  0.0|STATS |TestFilter_<lt>UNFILTERED<gt>(TeeFactory): Cloned 3755 input feature(s) into 3755 output feature(s)
2016-09-21 15:33:32|   6.3|  0.0|STATS |TestFilter <lt>UNFILTERED<gt> Output Nuker(TeeFactory): Cloned 3755 input feature(s) into 0 output feature(s)
2016-09-21 15:33:32|   6.3|  0.0|STATS |NVDB_Leser_2 _Input Input Collector(TeeFactory): Cloned 0 input feature(s) into 0 output feature(s)
2016-09-21 15:33:32|   6.3|  0.0|STATS |NVDB_Leser_2__Input1474464801 Input Splitter(TeeFactory): Cloned 0 input feature(s) into 0 output feature(s)
2016-09-21 15:33:32|   6.3|  0.0|STATS |NVDB_Leser_2_Loop1474464801 Input Splitter(TeeFactory): Cloned 0 input feature(s) into 0 output feature(s)
2016-09-21 15:33:32|   6.3|  0.0|STATS |NVDB_Leser_2_HTTPCaller_2 Output Splitter(TeeFactory): Cloned 0 input feature(s) into 0 output feature(s)
2016-09-21 15:33:32|   6.3|  0.0|STATS |NVDB_Leser_2_HTTPCaller_2 <Rejected> Output Nuker(TeeFactory): Cloned 0 input feature(s) into 0 output feature(s)
2016-09-21 15:33:32|   6.3|  0.0|INFORM|NVDB_Leser_2_XMLFragmenter(XFMapFactory): Total Results: 0 Mapped Feature(s), 0 Input Feature(s), and 0 Invalid input Feature(s)
2016-09-21 15:33:32|   6.3|  0.0|INFORM|Optional `close' method not present; not called
2016-09-21 15:33:32|   6.3|  0.0|STATS |NVDB_Leser_2_GeometryReplacer(TeeFactory): Cloned 0 input feature(s) into 0 output feature(s)
2016-09-21 15:33:32|   6.3|  0.0|STATS |NVDB_Leser_2_GeometryReplacer_Rejector(TestFactory): Tested 0 input feature(s) -- 0 feature(s) passed and 0 feature(s) failed
2016-09-21 15:33:32|   6.3|  0.0|STATS |NVDB_Leser_2_GeometryReplacer_<REJECTED> Feature Counter 0 2147680271(TeeFactory): Cloned 0 input feature(s) into 0 output feature(s)
2016-09-21 15:33:32|   6.3|  0.0|STATS |NVDB_Leser_2_CoordinateSystemSetter(TeeFactory): Cloned 0 input feature(s) into 0 output feature(s)
2016-09-21 15:33:32|   6.3|  0.0|STATS |NVDB_Leser_2_Deaggregator(DeaggregateFactory): Split 0 input feature(s) into 0 point-in-polygon feature(s), 0 donut polygon(s), 0 polygon(s), 0 line(s), 0 point(s), and 0 aggregate(s)
2016-09-21 15:33:32|   6.3|  0.0|STATS |NVDB_Leser_2_NullAttributeMapper(TeeFactory): Cloned 0 input feature(s) into 0 output feature(s)
2016-09-21 15:33:32|   6.3|  0.0|STATS |NVDB_Leser_2_StringConcatenator(TeeFactory): Cloned 0 input feature(s) into 0 output feature(s)
2016-09-21 15:33:32|   6.3|  0.0|INFORM|NVDB_Leser_2_XMLFragmenter_2(XFMapFactory): Total Results: 0 Mapped Feature(s), 0 Input Feature(s), and 0 Invalid input Feature(s)
2016-09-21 15:33:32|   6.3|  0.0|STATS |NVDB_Leser_2_TestFilter(TeeFactory): Cloned 0 input feature(s) into 0 output feature(s)
2016-09-21 15:33:32|   6.3|  0.0|STATS |NVDB_Leser_2_TestFilter_TestFactory_0(TestFactory): Tested 0 input feature(s) -- 0 feature(s) passed and 0 feature(s) failed
2016-09-21 15:33:32|   6.3|  0.0|STATS |NVDB_Leser_2_TestFilter_<lt>UNFILTERED<gt>(TeeFactory): Cloned 0 input feature(s) into 0 output feature(s)
2016-09-21 15:33:32|   6.3|  0.0|STATS |NVDB_Leser_2_TestFilter <lt>UNFILTERED<gt> Output Nuker(TeeFactory): Cloned 0 input feature(s) into 0 output feature(s)
2016-09-21 15:33:32|   6.3|  0.0|STATS |Loop to NVDB_Leser_2_Loop1474464801 Input Splitter(BranchingFactory): Branched 0 input features -- 0 features routed to the target factory, and 0 features routed to the fallback factory.
2016-09-21 15:33:32|   6.3|  0.0|STATS |NVDB_Leser_2_Output1474464801 Output Collector(TeeFactory): Cloned 0 input feature(s) into 0 output feature(s)
2016-09-21 15:33:32|   6.3|  0.0|STATS |NVDB_Leser_2 Output Output Renamer/Nuker(TeeFactory): Cloned 0 input feature(s) into 0 output feature(s)
2016-09-21 15:33:32|   6.3|  0.0|STATS |NVDB_Leser_2 Output Splitter(TeeFactory): Cloned 0 input feature(s) into 0 output feature(s)
2016-09-21 15:33:32|   6.3|  0.0|STATS |ListExploder_2(ElementFactory): Split out 0 list elements from 0 input features, using mode CLASSIC
2016-09-21 15:33:32|   6.3|  0.0|STATS |ListExploder_2_<REJECTED> Feature Counter -1 2147680370(TeeFactory): Cloned 0 input feature(s) into 0 output feature(s)
2016-09-21 15:33:32|   6.3|  0.0|STATS |AttributeKeeper_3(TeeFactory): Cloned 0 input feature(s) into 0 output feature(s)
2016-09-21 15:33:32|   6.3|  0.0|STATS |StringConcatenator_2(TeeFactory): Cloned 0 input feature(s) into 0 output feature(s)
2016-09-21 15:33:32|   6.3|  0.0|STATS |ListBuilder_2_fme_type_remover(TeeFactory): Cloned 0 input feature(s) into 0 output feature(s)
2016-09-21 15:33:32|   6.3|  0.0|STATS |ListBuilder_2(ListFactory): Combined 0 input feature(s) into 0 output feature(s), including 0 singleton(s)
2016-09-21 15:33:32|   6.3|  0.0|INFORM|Optional `close' method not present; not called
2016-09-21 15:33:32|   6.3|  0.0|STATS |AttributeRemover_3(TeeFactory): Cloned 0 input feature(s) into 0 output feature(s)
2016-09-21 15:33:32|   6.3|  0.0|STATS |FeatureMerger_4(ReferenceFactory): Total Results: 0 Complete Feature(s), 0 Incomplete Feature(s), 0 Referenced Feature(s), 0 Unreferenced Feature(s), 0 Referencer Feature(s) (NO REFERENCES), 0 Referencee Feature(s) (NO Referencee fields defined), and 0 Duplicate Referencee Feature(s)
2016-09-21 15:33:32|   6.3|  0.0|STATS |AttributeKeeper_2(TeeFactory): Cloned 3755 input feature(s) into 3755 output feature(s)
2016-09-21 15:33:32|   6.3|  0.0|STATS |StringConcatenator(TeeFactory): Cloned 3755 input feature(s) into 3755 output feature(s)
2016-09-21 15:33:32|   6.3|  0.0|STATS |ListBuilder_fme_type_remover(TeeFactory): Cloned 3755 input feature(s) into 3755 output feature(s)
2016-09-21 15:33:33|   6.7|  0.4|STATS |ListBuilder(ListFactory): Combined 3755 input feature(s) into 3754 output feature(s), including 0 singleton(s)
2016-09-21 15:33:33|   6.7|  0.0|INFORM|Optional `close' method not present; not called
2016-09-21 15:33:33|   6.7|  0.0|STATS |AttributeRemover_2(TeeFactory): Cloned 3754 input feature(s) into 3754 output feature(s)
2016-09-21 15:33:33|   6.7|  0.1|INFORM|Creating reader for format: CSV (Comma Separated Value)
2016-09-21 15:33:33|   6.7|  0.0|INFORM|Trying to find a DYNAMIC plugin for reader named `CSV'
2016-09-21 15:33:33|   6.7|  0.0|INFORM|FME API version of module 'CSV' matches current internal version (3.8 20160224)
2016-09-21 15:33:33|   6.7|  0.0|INFORM|CSV Reader: Opening CSV files in folder `C:\Users\knjetl\AppData\Local\Temp\__swizzled_url_1474464813165_11008\'
2016-09-21 15:33:33|   6.7|  0.0|INFORM|CSV Reader: Separator Character: ';'
2016-09-21 15:33:33|   6.7|  0.0|INFORM|CSV Reader: Skip Duplicate Delimiters: no
2016-09-21 15:33:33|   6.7|  0.0|INFORM|CSV Reader: Strip Quotes From Fields: yes
2016-09-21 15:33:33|   6.7|  0.0|INFORM|CSV Reader: File Has Field Names: yes
2016-09-21 15:33:33|   6.7|  0.0|INFORM|CSV Reader: Field Names Follow Header: no
2016-09-21 15:33:33|   6.7|  0.0|INFORM|CSV Reader: Number of Lines to Skip: 1
2016-09-21 15:33:33|   6.7|  0.0|INFORM|CSV Reader: Number of Footer Lines to Skip: 0
2016-09-21 15:33:33|   6.7|  0.0|INFORM|CSV Reader: Encoding name ''
2016-09-21 15:33:33|   6.7|  0.0|INFORM|CSV Reader: Allowing Spaces in Column Names: yes
2016-09-21 15:33:33|   6.7|  0.0|INFORM|CSV Reader: Max features to scan for schema: 1000
2016-09-21 15:33:33|   6.7|  0.0|INFORM|CSV Reader: Feature type names from file names: no
2016-09-21 15:33:33|   6.7|  0.0|INFORM|CSV Reader: Opening dataset 'C:\Users\knjetl\AppData\Local\Temp\__swizzled_url_1474464813165_11008\NVDB_enMapping.csv'
2016-09-21 15:33:33|   6.8|  0.0|INFORM|Creating reader for format: Tabular Data
2016-09-21 15:33:33|   6.8|  0.0|INFORM|Using Tabular Reader $Revision$ ( $Date$ ) to read files from folder `C:\Users\knjetl\AppData\Local\Temp\__swizzled_url_1474464813165_11008'
2016-09-21 15:33:33|   6.8|  0.0|INFORM|Stripping quotes around fields in CSV File `C:\Users\knjetl\AppData\Local\Temp\__swizzled_url_1474464813165_11008\NVDB_enMapping.csv'
2016-09-21 15:33:33|   6.8|  0.0|INFORM|Opened Separated Value File C:\Users\knjetl\AppData\Local\Temp\__swizzled_url_1474464813165_11008\NVDB_enMapping.csv for input with delimiter `;'
2016-09-21 15:33:33|   6.8|  0.0|INFORM|Skipped line `ptid;enid;name;fullname' in CSV File `C:\Users\knjetl\AppData\Local\Temp\__swizzled_url_1474464813165_11008\NVDB_enMapping.csv'
2016-09-21 15:33:33|   6.9|  0.1|INFORM|CSV Reader: Closing dataset 'C:\Users\knjetl\AppData\Local\Temp\__swizzled_url_1474464813165_11008\NVDB_enMapping.csv'
2016-09-21 15:33:33|   6.9|  0.0|INFORM|CSV Reader: Done reading CSV files in folder `C:\Users\knjetl\AppData\Local\Temp\__swizzled_url_1474464813165_11008\'
2016-09-21 15:33:34|   6.9|  0.0|INFORM|Creating reader for format: CSV (Comma Separated Value)
2016-09-21 15:33:34|   6.9|  0.0|INFORM|Trying to find a DYNAMIC plugin for reader named `CSV'
2016-09-21 15:33:34|   6.9|  0.0|INFORM|FME API version of module 'CSV' matches current internal version (3.8 20160224)
2016-09-21 15:33:34|   6.9|  0.0|INFORM|CSV Reader: Opening CSV files in folder `C:\Users\knjetl\AppData\Local\Temp\__swizzled_url_1474464813815_11008\'
2016-09-21 15:33:34|   6.9|  0.0|INFORM|CSV Reader: Separator Character: ';'
2016-09-21 15:33:34|   6.9|  0.0|INFORM|CSV Reader: Skip Duplicate Delimiters: no
2016-09-21 15:33:34|   6.9|  0.0|INFORM|CSV Reader: Strip Quotes From Fields: yes
2016-09-21 15:33:34|   6.9|  0.0|INFORM|CSV Reader: File Has Field Names: yes
2016-09-21 15:33:34|   6.9|  0.0|INFORM|CSV Reader: Field Names Follow Header: no
2016-09-21 15:33:34|   6.9|  0.0|INFORM|CSV Reader: Number of Lines to Skip: 1
2016-09-21 15:33:34|   6.9|  0.0|INFORM|CSV Reader: Number of Footer Lines to Skip: 0
2016-09-21 15:33:34|   6.9|  0.0|INFORM|CSV Reader: Encoding name ''
2016-09-21 15:33:34|   6.9|  0.0|INFORM|CSV Reader: Allowing Spaces in Column Names: yes
2016-09-21 15:33:34|   6.9|  0.0|INFORM|CSV Reader: Max features to scan for schema: 1000
2016-09-21 15:33:34|   6.9|  0.0|INFORM|CSV Reader: Feature type names from file names: no
2016-09-21 15:33:34|   6.9|  0.0|INFORM|CSV Reader: Opening dataset 'C:\Users\knjetl\AppData\Local\Temp\__swizzled_url_1474464813815_11008\NVDB_ptMapping.csv'
2016-09-21 15:33:34|   6.9|  0.0|INFORM|Creating reader for format: Tabular Data
2016-09-21 15:33:34|   6.9|  0.0|INFORM|Using Tabular Reader $Revision$ ( $Date$ ) to read files from folder `C:\Users\knjetl\AppData\Local\Temp\__swizzled_url_1474464813815_11008'
2016-09-21 15:33:34|   6.9|  0.0|INFORM|Stripping quotes around fields in CSV File `C:\Users\knjetl\AppData\Local\Temp\__swizzled_url_1474464813815_11008\NVDB_ptMapping.csv'
2016-09-21 15:33:34|   6.9|  0.0|INFORM|Opened Separated Value File C:\Users\knjetl\AppData\Local\Temp\__swizzled_url_1474464813815_11008\NVDB_ptMapping.csv for input with delimiter `;'
2016-09-21 15:33:34|   6.9|  0.0|INFORM|Skipped line `ft_attr;ftid;ptid;name' in CSV File `C:\Users\knjetl\AppData\Local\Temp\__swizzled_url_1474464813815_11008\NVDB_ptMapping.csv'
2016-09-21 15:33:34|   6.9|  0.1|INFORM|CSV Reader: Closing dataset 'C:\Users\knjetl\AppData\Local\Temp\__swizzled_url_1474464813815_11008\NVDB_ptMapping.csv'
2016-09-21 15:33:34|   6.9|  0.0|INFORM|CSV Reader: Done reading CSV files in folder `C:\Users\knjetl\AppData\Local\Temp\__swizzled_url_1474464813815_11008\'
2016-09-21 15:33:34|   6.9|  0.0|INFORM|Creating reader for format: CSV (Comma Separated Value)
2016-09-21 15:33:34|   6.9|  0.0|INFORM|Trying to find a DYNAMIC plugin for reader named `CSV'
2016-09-21 15:33:34|   6.9|  0.0|INFORM|FME API version of module 'CSV' matches current internal version (3.8 20160224)
2016-09-21 15:33:34|   6.9|  0.0|INFORM|CSV Reader: Opening CSV files in folder `C:\Users\knjetl\AppData\Local\Temp\__swizzled_url_1474464807809_11008\'
2016-09-21 15:33:34|   6.9|  0.0|INFORM|CSV Reader: Separator Character: ';'
2016-09-21 15:33:34|   6.9|  0.0|INFORM|CSV Reader: Skip Duplicate Delimiters: no
2016-09-21 15:33:34|   6.9|  0.0|INFORM|CSV Reader: Strip Quotes From Fields: yes
2016-09-21 15:33:34|   6.9|  0.0|INFORM|CSV Reader: File Has Field Names: yes
2016-09-21 15:33:34|   6.9|  0.0|INFORM|CSV Reader: Field Names Follow Header: no
2016-09-21 15:33:34|   6.9|  0.0|INFORM|CSV Reader: Number of Lines to Skip: 1
2016-09-21 15:33:34|   6.9|  0.0|INFORM|CSV Reader: Number of Footer Lines to Skip: 0
2016-09-21 15:33:34|   6.9|  0.0|INFORM|CSV Reader: Encoding name ''
2016-09-21 15:33:34|   6.9|  0.0|INFORM|CSV Reader: Allowing Spaces in Column Names: yes
2016-09-21 15:33:34|   6.9|  0.0|INFORM|CSV Reader: Max features to scan for schema: 1000
2016-09-21 15:33:34|   6.9|  0.0|INFORM|CSV Reader: Feature type names from file names: no
2016-09-21 15:33:34|   6.9|  0.0|INFORM|CSV Reader: Opening dataset 'C:\Users\knjetl\AppData\Local\Temp\__swizzled_url_1474464807809_11008\NVDB_ftMapping.csv'
2016-09-21 15:33:34|   7.0|  0.0|INFORM|Creating reader for format: Tabular Data
2016-09-21 15:33:34|   7.0|  0.0|INFORM|Using Tabular Reader $Revision$ ( $Date$ ) to read files from folder `C:\Users\knjetl\AppData\Local\Temp\__swizzled_url_1474464807809_11008'
2016-09-21 15:33:34|   7.0|  0.0|INFORM|Stripping quotes around fields in CSV File `C:\Users\knjetl\AppData\Local\Temp\__swizzled_url_1474464807809_11008\NVDB_ftMapping.csv'
2016-09-21 15:33:34|   7.0|  0.0|INFORM|Opened Separated Value File C:\Users\knjetl\AppData\Local\Temp\__swizzled_url_1474464807809_11008\NVDB_ftMapping.csv for input with delimiter `;'
2016-09-21 15:33:34|   7.0|  0.0|INFORM|Skipped line `ftid;name' in CSV File `C:\Users\knjetl\AppData\Local\Temp\__swizzled_url_1474464807809_11008\NVDB_ftMapping.csv'
2016-09-21 15:33:34|   7.0|  0.0|INFORM|CSV Reader: Closing dataset 'C:\Users\knjetl\AppData\Local\Temp\__swizzled_url_1474464807809_11008\NVDB_ftMapping.csv'
2016-09-21 15:33:34|   7.0|  0.0|INFORM|CSV Reader: Done reading CSV files in folder `C:\Users\knjetl\AppData\Local\Temp\__swizzled_url_1474464807809_11008\'
2016-09-21 15:33:34|   7.0|  0.0|INFORM|Creating writer for format: 
2016-09-21 15:33:34|   7.0|  0.0|INFORM|FME Configuration: No destination coordinate system set
2016-09-21 15:33:34|   7.0|  0.0|INFORM|Using MultiWriter $Revision$ ( $Date$ ) with keyword `GML_1_FANOUT' to output data (ID_ATTRIBUTE is `multi_writer_id')
2016-09-21 15:33:34|   7.0|  0.0|INFORM|Writer output will be ordered by input dataset ordering
2016-09-21 15:33:34|   7.0|  0.0|INFORM|Writer `GML_1_FANOUT' of type `MULTI_WRITER' using group definition keyword `MULTI_WRITER_DEF'
2016-09-21 15:33:34|   7.0|  0.0|INFORM|Creating writer for format: GML (Geography Markup Language)
2016-09-21 15:33:34|   7.1|  0.0|INFORM|Trying to find a DYNAMIC plugin for writer named `GML'
2016-09-21 15:33:34|   7.1|  0.1|INFORM|Loaded module 'GML' from file 'C:\Program Files\FME2016.1\64\plugins/GML.dll'
2016-09-21 15:33:34|   7.1|  0.0|INFORM|FME API version of module 'GML' matches current internal version (3.8 20160224)
2016-09-21 15:33:34|   7.1|  0.0|INFORM|FME Configuration: No destination coordinate system set
2016-09-21 15:33:34|   7.1|  0.0|INFORM|FME API version of module 'GML' matches current internal version (3.8 20160224)
2016-09-21 15:33:34|   7.1|  0.0|INFORM|Writer `GML_1' of type `GML' using group definition keyword `GML_1_DEF'
2016-09-21 15:33:34|   7.1|  0.0|INFORM|FME API version of module 'GML' matches current internal version (3.8 20160224)
2016-09-21 15:33:34|   7.1|  0.0|INFORM|<GML_1 Writer> - Using GML 'GENERIC_APPLICATION_SCHEMA' profile writer
2016-09-21 15:33:34|   7.1|  0.0|INFORM|The uri-map document 'C:\Program Files\FME2016.1\64\xml\urimap\gml_aixm.xml' is being used to map from URI to URI
2016-09-21 15:33:34|   7.1|  0.0|INFORM|The uri-map document 'C:\Program Files\FME2016.1\64\xml\urimap\gml_citygml.xml' is being used to map from URI to URI
2016-09-21 15:33:34|   7.1|  0.0|INFORM|The uri-map document 'C:\Program Files\FME2016.1\64\xml\urimap\gml_inspire.xml' is being used to map from URI to URI
2016-09-21 15:33:34|   7.1|  0.0|INFORM|The uri-map document 'C:\Program Files\FME2016.1\64\xml\urimap\gml_urimap.xml' is being used to map from URI to URI
2016-09-21 15:33:34|   7.1|  0.0|INFORM|URI 'https://raw.githubusercontent.com/jetgeo/NVDBGML/master/XSD/NVDB/96/96.xsd' mapped to 'https://raw.githubusercontent.com/jetgeo/NVDBGML/master/XSD/NVDB/96/96.xsd'
2016-09-21 15:33:34|   7.1|  0.0|INFORM|Received HTTP response header: 'HTTP/1.1 200 OK' from '%1'
2016-09-21 15:33:34|   7.1|  0.0|INFORM|Received HTTP response header: 'Content-Security-Policy: default-src 'none'; style-src 'unsafe-inline'' from '%1'
2016-09-21 15:33:34|   7.1|  0.0|INFORM|Received HTTP response header: 'Strict-Transport-Security: max-age=31536000' from '%1'
2016-09-21 15:33:34|   7.1|  0.0|INFORM|Received HTTP response header: 'X-Content-Type-Options: nosniff' from '%1'
2016-09-21 15:33:34|   7.1|  0.0|INFORM|Received HTTP response header: 'X-Frame-Options: deny' from '%1'
2016-09-21 15:33:34|   7.1|  0.0|INFORM|Received HTTP response header: 'X-XSS-Protection: 1; mode=block' from '%1'
2016-09-21 15:33:34|   7.1|  0.0|INFORM|Received HTTP response header: 'ETag: "eee6ce1d406eea34de925d464ca8aeda16b30d04"' from '%1'
2016-09-21 15:33:34|   7.1|  0.0|INFORM|Received HTTP response header: 'Content-Type: text/plain; charset=utf-8' from '%1'
2016-09-21 15:33:34|   7.1|  0.0|INFORM|Received HTTP response header: 'Cache-Control: max-age=300' from '%1'
2016-09-21 15:33:34|   7.1|  0.0|INFORM|Received HTTP response header: 'X-Geo-Block-List:' from '%1'
2016-09-21 15:33:34|   7.1|  0.0|INFORM|Received HTTP response header: 'X-GitHub-Request-Id: 17EB2B18:25BD2:D628F2:57E28C25' from '%1'
2016-09-21 15:33:34|   7.1|  0.0|INFORM|Received HTTP response header: 'Content-Encoding: gzip' from '%1'
2016-09-21 15:33:34|   7.1|  0.0|INFORM|Received HTTP response header: 'Content-Length: 25364' from '%1'
2016-09-21 15:33:34|   7.1|  0.0|INFORM|Received HTTP response header: 'Accept-Ranges: bytes' from '%1'
2016-09-21 15:33:34|   7.1|  0.0|INFORM|Received HTTP response header: 'Date: Wed, 21 Sep 2016 13:33:26 GMT' from '%1'
2016-09-21 15:33:34|   7.1|  0.0|INFORM|Received HTTP response header: 'Via: 1.1 varnish' from '%1'
2016-09-21 15:33:34|   7.1|  0.0|INFORM|Received HTTP response header: 'Connection: keep-alive' from '%1'
2016-09-21 15:33:34|   7.1|  0.0|INFORM|Received HTTP response header: 'X-Served-By: cache-ams4126-AMS' from '%1'
2016-09-21 15:33:34|   7.1|  0.0|INFORM|Received HTTP response header: 'X-Cache: MISS' from '%1'
2016-09-21 15:33:34|   7.1|  0.0|INFORM|Received HTTP response header: 'X-Cache-Hits: 0' from '%1'
2016-09-21 15:33:34|   7.1|  0.0|INFORM|Received HTTP response header: 'Vary: Authorization,Accept-Encoding' from '%1'
2016-09-21 15:33:34|   7.1|  0.0|INFORM|Received HTTP response header: 'Access-Control-Allow-Origin: *' from '%1'
2016-09-21 15:33:34|   7.1|  0.0|INFORM|Received HTTP response header: 'X-Fastly-Request-ID: 4ba46de264df4f2bce466a4beb08bef052082b6f' from '%1'
2016-09-21 15:33:34|   7.1|  0.0|INFORM|Received HTTP response header: 'Expires: Wed, 21 Sep 2016 13:38:26 GMT' from '%1'
2016-09-21 15:33:34|   7.1|  0.0|INFORM|Received HTTP response header: 'Source-Age: 0' from '%1'
2016-09-21 15:33:34|   7.1|  0.0|INFORM|HTTP/FTP Transfer: Downloading resource 'https://raw.githubusercontent.com/jetgeo/NVDBGML/master/XSD/NVDB/96/96.xsd' to local file 'C:\Users\knjetl\AppData\Local\Temp\FME_XSD_CACHE\fmexsd_1474464814633_11008.xml'
2016-09-21 15:33:35|   7.1|  0.0|INFORM|HTTP transfer summary - status code: 200, download size: '25364 bytes', DNS lookup time: '0 seconds', total transfer time: '0.374 seconds', url: 'https://raw.githubusercontent.com/jetgeo/NVDBGML/master/XSD/NVDB/96/96.xsd'
2016-09-21 15:33:35|   7.1|  0.0|INFORM|'https://raw.githubusercontent.com/jetgeo/NVDBGML/master/XSD/NVDB/96/96.xsd' mapped to 'C:\Users\knjetl\AppData\Local\Temp\FME_XSD_CACHE\fmexsd_1474464814633_11008.xml'
2016-09-21 15:33:35|   7.1|  0.0|INFORM|Parsing schema document 'C:\Users\knjetl\AppData\Local\Temp\FME_XSD_CACHE\fmexsd_1474464814633_11008.xml' ...
2016-09-21 15:33:35|   7.1|  0.0|INFORM|Received HTTP response header: 'HTTP/1.1 200 OK' from '%1'
2016-09-21 15:33:35|   7.1|  0.0|INFORM|Received HTTP response header: 'Content-Security-Policy: default-src 'none'; style-src 'unsafe-inline'' from '%1'
2016-09-21 15:33:35|   7.1|  0.0|INFORM|Received HTTP response header: 'Strict-Transport-Security: max-age=31536000' from '%1'
2016-09-21 15:33:35|   7.1|  0.0|INFORM|Received HTTP response header: 'X-Content-Type-Options: nosniff' from '%1'
2016-09-21 15:33:35|   7.1|  0.0|INFORM|Received HTTP response header: 'X-Frame-Options: deny' from '%1'
2016-09-21 15:33:35|   7.1|  0.0|INFORM|Received HTTP response header: 'X-XSS-Protection: 1; mode=block' from '%1'
2016-09-21 15:33:35|   7.1|  0.0|INFORM|Received HTTP response header: 'ETag: "68775e3ae698e0a0ac589f44a5f4c697c85da854"' from '%1'
2016-09-21 15:33:35|   7.1|  0.0|INFORM|Received HTTP response header: 'Content-Type: text/plain; charset=utf-8' from '%1'
2016-09-21 15:33:35|   7.1|  0.0|INFORM|Received HTTP response header: 'Cache-Control: max-age=300' from '%1'
2016-09-21 15:33:35|   7.1|  0.0|INFORM|Received HTTP response header: 'X-Geo-Block-List:' from '%1'
2016-09-21 15:33:35|   7.1|  0.0|INFORM|Received HTTP response header: 'X-GitHub-Request-Id: 17EB2B2E:1CAF:ADBD81:57E28C25' from '%1'
2016-09-21 15:33:35|   7.1|  0.0|INFORM|Received HTTP response header: 'Content-Encoding: gzip' from '%1'
2016-09-21 15:33:35|   7.1|  0.0|INFORM|Received HTTP response header: 'Content-Length: 318' from '%1'
2016-09-21 15:33:35|   7.1|  0.0|INFORM|Received HTTP response header: 'Accept-Ranges: bytes' from '%1'
2016-09-21 15:33:35|   7.1|  0.0|INFORM|Received HTTP response header: 'Date: Wed, 21 Sep 2016 13:33:26 GMT' from '%1'
2016-09-21 15:33:35|   7.1|  0.0|INFORM|Received HTTP response header: 'Via: 1.1 varnish' from '%1'
2016-09-21 15:33:35|   7.1|  0.0|INFORM|Received HTTP response header: 'Connection: keep-alive' from '%1'
2016-09-21 15:33:35|   7.1|  0.0|INFORM|Received HTTP response header: 'X-Served-By: cache-ams4126-AMS' from '%1'
2016-09-21 15:33:35|   7.1|  0.0|INFORM|Received HTTP response header: 'X-Cache: MISS' from '%1'
2016-09-21 15:33:35|   7.1|  0.0|INFORM|Received HTTP response header: 'X-Cache-Hits: 0' from '%1'
2016-09-21 15:33:35|   7.1|  0.0|INFORM|Received HTTP response header: 'Vary: Authorization,Accept-Encoding' from '%1'
2016-09-21 15:33:35|   7.1|  0.0|INFORM|Received HTTP response header: 'Access-Control-Allow-Origin: *' from '%1'
2016-09-21 15:33:35|   7.1|  0.0|INFORM|Received HTTP response header: 'X-Fastly-Request-ID: bd242a2a4d9c35e2bf1eada5b515255b632a55be' from '%1'
2016-09-21 15:33:35|   7.1|  0.0|INFORM|Received HTTP response header: 'Expires: Wed, 21 Sep 2016 13:38:26 GMT' from '%1'
2016-09-21 15:33:35|   7.1|  0.0|INFORM|Received HTTP response header: 'Source-Age: 0' from '%1'
2016-09-21 15:33:35|   7.1|  0.0|INFORM|HTTP/FTP Transfer: Downloading resource 'https://raw.githubusercontent.com/jetgeo/NVDBGML/master/XSD/NVDB/96/Skiltplate.xsd' to local file 'C:\Users\knjetl\AppData\Local\Temp\FME_XSD_CACHE\fmexsd_147446481543_11008.xml'
2016-09-21 15:33:35|   7.1|  0.0|INFORM|HTTP transfer summary - status code: 200, download size: '318 bytes', DNS lookup time: '0 seconds', total transfer time: '0.141 seconds', url: 'https://raw.githubusercontent.com/jetgeo/NVDBGML/master/XSD/NVDB/96/Skiltplate.xsd'
2016-09-21 15:33:35|   7.1|  0.0|INFORM|'https://raw.githubusercontent.com/jetgeo/NVDBGML/master/XSD/NVDB/96/Skiltplate.xsd' mapped to 'C:\Users\knjetl\AppData\Local\Temp\FME_XSD_CACHE\fmexsd_147446481543_11008.xml'
2016-09-21 15:33:35|   7.1|  0.0|INFORM|Received HTTP response header: 'HTTP/1.1 200 OK' from '%1'
2016-09-21 15:33:35|   7.1|  0.0|INFORM|Received HTTP response header: 'Content-Security-Policy: default-src 'none'; style-src 'unsafe-inline'' from '%1'
2016-09-21 15:33:35|   7.1|  0.0|INFORM|Received HTTP response header: 'Strict-Transport-Security: max-age=31536000' from '%1'
2016-09-21 15:33:35|   7.1|  0.0|INFORM|Received HTTP response header: 'X-Content-Type-Options: nosniff' from '%1'
2016-09-21 15:33:35|   7.1|  0.0|INFORM|Received HTTP response header: 'X-Frame-Options: deny' from '%1'
2016-09-21 15:33:35|   7.1|  0.0|INFORM|Received HTTP response header: 'X-XSS-Protection: 1; mode=block' from '%1'
2016-09-21 15:33:35|   7.1|  0.0|INFORM|Received HTTP response header: 'ETag: "77564a18171d7f32c70c0b8f4bd352d80bce36d3"' from '%1'
2016-09-21 15:33:35|   7.1|  0.0|INFORM|Received HTTP response header: 'Content-Type: text/plain; charset=utf-8' from '%1'
2016-09-21 15:33:35|   7.1|  0.0|INFORM|Received HTTP response header: 'Cache-Control: max-age=300' from '%1'
2016-09-21 15:33:35|   7.1|  0.0|INFORM|Received HTTP response header: 'X-Geo-Block-List:' from '%1'
2016-09-21 15:33:35|   7.1|  0.0|INFORM|Received HTTP response header: 'X-GitHub-Request-Id: 17EB2B2C:135A4:D60AED:57E28C25' from '%1'
2016-09-21 15:33:35|   7.1|  0.0|INFORM|Received HTTP response header: 'Content-Encoding: gzip' from '%1'
2016-09-21 15:33:35|   7.1|  0.0|INFORM|Received HTTP response header: 'Content-Length: 1217' from '%1'
2016-09-21 15:33:35|   7.1|  0.0|INFORM|Received HTTP response header: 'Accept-Ranges: bytes' from '%1'
2016-09-21 15:33:35|   7.1|  0.0|INFORM|Received HTTP response header: 'Date: Wed, 21 Sep 2016 13:33:26 GMT' from '%1'
2016-09-21 15:33:35|   7.1|  0.0|INFORM|Received HTTP response header: 'Via: 1.1 varnish' from '%1'
2016-09-21 15:33:35|   7.1|  0.0|INFORM|Received HTTP response header: 'Connection: keep-alive' from '%1'
2016-09-21 15:33:35|   7.1|  0.0|INFORM|Received HTTP response header: 'X-Served-By: cache-ams4126-AMS' from '%1'
2016-09-21 15:33:35|   7.1|  0.0|INFORM|Received HTTP response header: 'X-Cache: MISS' from '%1'
2016-09-21 15:33:35|   7.1|  0.0|INFORM|Received HTTP response header: 'X-Cache-Hits: 0' from '%1'
2016-09-21 15:33:35|   7.1|  0.0|INFORM|Received HTTP response header: 'Vary: Authorization,Accept-Encoding' from '%1'
2016-09-21 15:33:35|   7.1|  0.0|INFORM|Received HTTP response header: 'Access-Control-Allow-Origin: *' from '%1'
2016-09-21 15:33:35|   7.1|  0.0|INFORM|Received HTTP response header: 'X-Fastly-Request-ID: 42bd8363df31ee5e8e06e1e7354422a5d264a36e' from '%1'
2016-09-21 15:33:35|   7.1|  0.0|INFORM|Received HTTP response header: 'Expires: Wed, 21 Sep 2016 13:38:26 GMT' from '%1'
2016-09-21 15:33:35|   7.1|  0.0|INFORM|Received HTTP response header: 'Source-Age: 0' from '%1'
2016-09-21 15:33:35|   7.1|  0.0|INFORM|HTTP/FTP Transfer: Downloading resource 'https://raw.githubusercontent.com/jetgeo/NVDBGML/master/XSD/NVDB/96/114.xsd' to local file 'C:\Users\knjetl\AppData\Local\Temp\FME_XSD_CACHE\fmexsd_1474464815191_11008.xml'
2016-09-21 15:33:35|   7.1|  0.0|INFORM|HTTP transfer summary - status code: 200, download size: '1217 bytes', DNS lookup time: '0 seconds', total transfer time: '0.141 seconds', url: 'https://raw.githubusercontent.com/jetgeo/NVDBGML/master/XSD/NVDB/96/114.xsd'
2016-09-21 15:33:35|   7.1|  0.0|INFORM|'https://raw.githubusercontent.com/jetgeo/NVDBGML/master/XSD/NVDB/96/114.xsd' mapped to 'C:\Users\knjetl\AppData\Local\Temp\FME_XSD_CACHE\fmexsd_1474464815191_11008.xml'
2016-09-21 15:33:35|   7.1|  0.0|INFORM|'https://raw.githubusercontent.com/jetgeo/NVDBGML/master/XSD/NVDB/96/Skiltplate.xsd' mapped to 'C:\Users\knjetl\AppData\Local\Temp\FME_XSD_CACHE\fmexsd_147446481543_11008.xml'
2016-09-21 15:33:35|   7.1|  0.0|INFORM|A <schemaLocation> in the uri-map is overriding the namespace 'http://www.w3.org/1999/xlink' xsd location from '../../xlink/1.0.0/xlinks.xsd' to 'xlink.xsd'
2016-09-21 15:33:35|   7.1|  0.0|INFORM|A <schemaLocation> in the uri-map is overriding the namespace 'http://www.w3.org/1999/xlink' xsd location from '../../../../xlink/1.0.0/xlinks.xsd' to 'xlink.xsd'
2016-09-21 15:33:35|   7.2|  0.0|INFORM|A <schemaLocation> in the uri-map is overriding the namespace 'http://www.w3.org/1999/xlink' xsd location from '../../../../xlink/1.0.0/xlinks.xsd' to 'xlink.xsd'
2016-09-21 15:33:35|   7.2|  0.0|INFORM|Received HTTP response header: 'HTTP/1.1 200 OK' from '%1'
2016-09-21 15:33:35|   7.2|  0.0|INFORM|Received HTTP response header: 'Content-Security-Policy: default-src 'none'; style-src 'unsafe-inline'' from '%1'
2016-09-21 15:33:35|   7.2|  0.0|INFORM|Received HTTP response header: 'Strict-Transport-Security: max-age=31536000' from '%1'
2016-09-21 15:33:35|   7.2|  0.0|INFORM|Received HTTP response header: 'X-Content-Type-Options: nosniff' from '%1'
2016-09-21 15:33:35|   7.2|  0.0|INFORM|Received HTTP response header: 'X-Frame-Options: deny' from '%1'
2016-09-21 15:33:35|   7.2|  0.0|INFORM|Received HTTP response header: 'X-XSS-Protection: 1; mode=block' from '%1'
2016-09-21 15:33:35|   7.2|  0.0|INFORM|Received HTTP response header: 'ETag: "5011f35ed40f7d2c1b17fd74f88d689b27d75d63"' from '%1'
2016-09-21 15:33:35|   7.2|  0.0|INFORM|Received HTTP response header: 'Content-Type: text/plain; charset=utf-8' from '%1'
2016-09-21 15:33:35|   7.2|  0.0|INFORM|Received HTTP response header: 'Cache-Control: max-age=300' from '%1'
2016-09-21 15:33:35|   7.2|  0.0|INFORM|Received HTTP response header: 'X-Geo-Block-List:' from '%1'
2016-09-21 15:33:35|   7.2|  0.0|INFORM|Received HTTP response header: 'X-GitHub-Request-Id: 17EB2B24:25BD2:D62964:57E28C26' from '%1'
2016-09-21 15:33:35|   7.2|  0.0|INFORM|Received HTTP response header: 'Content-Encoding: gzip' from '%1'
2016-09-21 15:33:35|   7.2|  0.0|INFORM|Received HTTP response header: 'Content-Length: 1086' from '%1'
2016-09-21 15:33:35|   7.2|  0.0|INFORM|Received HTTP response header: 'Accept-Ranges: bytes' from '%1'
2016-09-21 15:33:35|   7.2|  0.0|INFORM|Received HTTP response header: 'Date: Wed, 21 Sep 2016 13:33:26 GMT' from '%1'
2016-09-21 15:33:35|   7.2|  0.0|INFORM|Received HTTP response header: 'Via: 1.1 varnish' from '%1'
2016-09-21 15:33:35|   7.2|  0.0|INFORM|Received HTTP response header: 'Connection: keep-alive' from '%1'
2016-09-21 15:33:35|   7.2|  0.0|INFORM|Received HTTP response header: 'X-Served-By: cache-ams4126-AMS' from '%1'
2016-09-21 15:33:35|   7.2|  0.0|INFORM|Received HTTP response header: 'X-Cache: MISS' from '%1'
2016-09-21 15:33:35|   7.2|  0.0|INFORM|Received HTTP response header: 'X-Cache-Hits: 0' from '%1'
2016-09-21 15:33:35|   7.2|  0.0|INFORM|Received HTTP response header: 'Vary: Authorization,Accept-Encoding' from '%1'
2016-09-21 15:33:35|   7.2|  0.0|INFORM|Received HTTP response header: 'Access-Control-Allow-Origin: *' from '%1'
2016-09-21 15:33:35|   7.2|  0.0|INFORM|Received HTTP response header: 'X-Fastly-Request-ID: ab433de933125e47f95bd8af9f2bb1cdb6a68d4c' from '%1'
2016-09-21 15:33:35|   7.2|  0.0|INFORM|Received HTTP response header: 'Expires: Wed, 21 Sep 2016 13:38:26 GMT' from '%1'
2016-09-21 15:33:35|   7.2|  0.0|INFORM|Received HTTP response header: 'Source-Age: 0' from '%1'
2016-09-21 15:33:35|   7.2|  0.0|INFORM|HTTP/FTP Transfer: Downloading resource 'https://raw.githubusercontent.com/jetgeo/NVDBGML/master/XSD/NVDB/96/297.xsd' to local file 'C:\Users\knjetl\AppData\Local\Temp\FME_XSD_CACHE\fmexsd_1474464815596_11008.xml'
2016-09-21 15:33:35|   7.2|  0.0|INFORM|HTTP transfer summary - status code: 200, download size: '1086 bytes', DNS lookup time: '0 seconds', total transfer time: '0.14 seconds', url: 'https://raw.githubusercontent.com/jetgeo/NVDBGML/master/XSD/NVDB/96/297.xsd'
2016-09-21 15:33:35|   7.2|  0.0|INFORM|'https://raw.githubusercontent.com/jetgeo/NVDBGML/master/XSD/NVDB/96/297.xsd' mapped to 'C:\Users\knjetl\AppData\Local\Temp\FME_XSD_CACHE\fmexsd_1474464815596_11008.xml'
2016-09-21 15:33:35|   7.2|  0.0|INFORM|'https://raw.githubusercontent.com/jetgeo/NVDBGML/master/XSD/NVDB/96/Skiltplate.xsd' mapped to 'C:\Users\knjetl\AppData\Local\Temp\FME_XSD_CACHE\fmexsd_147446481543_11008.xml'
2016-09-21 15:33:35|   7.2|  0.0|INFORM|Received HTTP response header: 'HTTP/1.1 200 OK' from '%1'
2016-09-21 15:33:35|   7.2|  0.0|INFORM|Received HTTP response header: 'Content-Security-Policy: default-src 'none'; style-src 'unsafe-inline'' from '%1'
2016-09-21 15:33:35|   7.2|  0.0|INFORM|Received HTTP response header: 'Strict-Transport-Security: max-age=31536000' from '%1'
2016-09-21 15:33:35|   7.2|  0.0|INFORM|Received HTTP response header: 'X-Content-Type-Options: nosniff' from '%1'
2016-09-21 15:33:35|   7.2|  0.0|INFORM|Received HTTP response header: 'X-Frame-Options: deny' from '%1'
2016-09-21 15:33:35|   7.2|  0.0|INFORM|Received HTTP response header: 'X-XSS-Protection: 1; mode=block' from '%1'
2016-09-21 15:33:35|   7.2|  0.0|INFORM|Received HTTP response header: 'ETag: "5b6b2007fd897dd689f7c3b8b28bcd3743fdb169"' from '%1'
2016-09-21 15:33:35|   7.2|  0.0|INFORM|Received HTTP response header: 'Content-Type: text/plain; charset=utf-8' from '%1'
2016-09-21 15:33:35|   7.2|  0.0|INFORM|Received HTTP response header: 'Cache-Control: max-age=300' from '%1'
2016-09-21 15:33:35|   7.2|  0.0|INFORM|Received HTTP response header: 'X-Geo-Block-List:' from '%1'
2016-09-21 15:33:35|   7.2|  0.0|INFORM|Received HTTP response header: 'X-GitHub-Request-Id: 17EB2B22:135A1:2653CA:57E28C26' from '%1'
2016-09-21 15:33:35|   7.2|  0.0|INFORM|Received HTTP response header: 'Content-Encoding: gzip' from '%1'
2016-09-21 15:33:35|   7.2|  0.0|INFORM|Received HTTP response header: 'Content-Length: 1994' from '%1'
2016-09-21 15:33:35|   7.2|  0.0|INFORM|Received HTTP response header: 'Accept-Ranges: bytes' from '%1'
2016-09-21 15:33:35|   7.2|  0.0|INFORM|Received HTTP response header: 'Date: Wed, 21 Sep 2016 13:33:27 GMT' from '%1'
2016-09-21 15:33:35|   7.2|  0.0|INFORM|Received HTTP response header: 'Via: 1.1 varnish' from '%1'
2016-09-21 15:33:35|   7.2|  0.0|INFORM|Received HTTP response header: 'Connection: keep-alive' from '%1'
2016-09-21 15:33:35|   7.2|  0.0|INFORM|Received HTTP response header: 'X-Served-By: cache-ams4126-AMS' from '%1'
2016-09-21 15:33:35|   7.2|  0.0|INFORM|Received HTTP response header: 'X-Cache: MISS' from '%1'
2016-09-21 15:33:35|   7.2|  0.0|INFORM|Received HTTP response header: 'X-Cache-Hits: 0' from '%1'
2016-09-21 15:33:35|   7.2|  0.0|INFORM|Received HTTP response header: 'Vary: Authorization,Accept-Encoding' from '%1'
2016-09-21 15:33:35|   7.2|  0.0|INFORM|Received HTTP response header: 'Access-Control-Allow-Origin: *' from '%1'
2016-09-21 15:33:35|   7.2|  0.0|INFORM|Received HTTP response header: 'X-Fastly-Request-ID: ff3566cc5707b01f48274d07d0ffcededb50c5fc' from '%1'
2016-09-21 15:33:35|   7.2|  0.0|INFORM|Received HTTP response header: 'Expires: Wed, 21 Sep 2016 13:38:27 GMT' from '%1'
2016-09-21 15:33:35|   7.2|  0.0|INFORM|Received HTTP response header: 'Source-Age: 0' from '%1'
2016-09-21 15:33:35|   7.2|  0.0|INFORM|HTTP/FTP Transfer: Downloading resource 'https://raw.githubusercontent.com/jetgeo/NVDBGML/master/XSD/NVDB/96/438.xsd' to local file 'C:\Users\knjetl\AppData\Local\Temp\FME_XSD_CACHE\fmexsd_1474464815744_11008.xml'
2016-09-21 15:33:35|   7.2|  0.0|INFORM|HTTP transfer summary - status code: 200, download size: '1994 bytes', DNS lookup time: '0 seconds', total transfer time: '0.172 seconds', url: 'https://raw.githubusercontent.com/jetgeo/NVDBGML/master/XSD/NVDB/96/438.xsd'
2016-09-21 15:33:35|   7.2|  0.0|INFORM|'https://raw.githubusercontent.com/jetgeo/NVDBGML/master/XSD/NVDB/96/438.xsd' mapped to 'C:\Users\knjetl\AppData\Local\Temp\FME_XSD_CACHE\fmexsd_1474464815744_11008.xml'
2016-09-21 15:33:35|   7.2|  0.0|INFORM|'https://raw.githubusercontent.com/jetgeo/NVDBGML/master/XSD/NVDB/96/Skiltplate.xsd' mapped to 'C:\Users\knjetl\AppData\Local\Temp\FME_XSD_CACHE\fmexsd_147446481543_11008.xml'
2016-09-21 15:33:36|   7.2|  0.0|INFORM|Received HTTP response header: 'HTTP/1.1 200 OK' from '%1'
2016-09-21 15:33:36|   7.2|  0.0|INFORM|Received HTTP response header: 'Content-Security-Policy: default-src 'none'; style-src 'unsafe-inline'' from '%1'
2016-09-21 15:33:36|   7.2|  0.0|INFORM|Received HTTP response header: 'Strict-Transport-Security: max-age=31536000' from '%1'
2016-09-21 15:33:36|   7.2|  0.0|INFORM|Received HTTP response header: 'X-Content-Type-Options: nosniff' from '%1'
2016-09-21 15:33:36|   7.2|  0.0|INFORM|Received HTTP response header: 'X-Frame-Options: deny' from '%1'
2016-09-21 15:33:36|   7.2|  0.0|INFORM|Received HTTP response header: 'X-XSS-Protection: 1; mode=block' from '%1'
2016-09-21 15:33:36|   7.2|  0.0|INFORM|Received HTTP response header: 'ETag: "2cde4ce5f763c94a3566222cf6227311ded5b646"' from '%1'
2016-09-21 15:33:36|   7.2|  0.0|INFORM|Received HTTP response header: 'Content-Type: text/plain; charset=utf-8' from '%1'
2016-09-21 15:33:36|   7.2|  0.0|INFORM|Received HTTP response header: 'Cache-Control: max-age=300' from '%1'
2016-09-21 15:33:36|   7.2|  0.0|INFORM|Received HTTP response header: 'X-Geo-Block-List:' from '%1'
2016-09-21 15:33:36|   7.2|  0.0|INFORM|Received HTTP response header: 'X-GitHub-Request-Id: 17EB2B1E:4C72:4C7B68:57E28C26' from '%1'
2016-09-21 15:33:36|   7.2|  0.0|INFORM|Received HTTP response header: 'Content-Encoding: gzip' from '%1'
2016-09-21 15:33:36|   7.2|  0.0|INFORM|Received HTTP response header: 'Content-Length: 1853' from '%1'
2016-09-21 15:33:36|   7.2|  0.0|INFORM|Received HTTP response header: 'Accept-Ranges: bytes' from '%1'
2016-09-21 15:33:36|   7.2|  0.0|INFORM|Received HTTP response header: 'Date: Wed, 21 Sep 2016 13:33:27 GMT' from '%1'
2016-09-21 15:33:36|   7.2|  0.0|INFORM|Received HTTP response header: 'Via: 1.1 varnish' from '%1'
2016-09-21 15:33:36|   7.2|  0.0|INFORM|Received HTTP response header: 'Connection: keep-alive' from '%1'
2016-09-21 15:33:36|   7.2|  0.0|INFORM|Received HTTP response header: 'X-Served-By: cache-ams4126-AMS' from '%1'
2016-09-21 15:33:36|   7.2|  0.0|INFORM|Received HTTP response header: 'X-Cache: MISS' from '%1'
2016-09-21 15:33:36|   7.2|  0.0|INFORM|Received HTTP response header: 'X-Cache-Hits: 0' from '%1'
2016-09-21 15:33:36|   7.2|  0.0|INFORM|Received HTTP response header: 'Vary: Authorization,Accept-Encoding' from '%1'
2016-09-21 15:33:36|   7.2|  0.0|INFORM|Received HTTP response header: 'Access-Control-Allow-Origin: *' from '%1'
2016-09-21 15:33:36|   7.2|  0.0|INFORM|Received HTTP response header: 'X-Fastly-Request-ID: 7c49054bfbcee22654896b97527c6c0f5c4dd4e9' from '%1'
2016-09-21 15:33:36|   7.2|  0.0|INFORM|Received HTTP response header: 'Expires: Wed, 21 Sep 2016 13:38:27 GMT' from '%1'
2016-09-21 15:33:36|   7.2|  0.0|INFORM|Received HTTP response header: 'Source-Age: 0' from '%1'
2016-09-21 15:33:36|   7.2|  0.0|INFORM|HTTP/FTP Transfer: Downloading resource 'https://raw.githubusercontent.com/jetgeo/NVDBGML/master/XSD/NVDB/96/446.xsd' to local file 'C:\Users\knjetl\AppData\Local\Temp\FME_XSD_CACHE\fmexsd_1474464815926_11008.xml'
2016-09-21 15:33:36|   7.2|  0.0|INFORM|HTTP transfer summary - status code: 200, download size: '1853 bytes', DNS lookup time: '0 seconds', total transfer time: '0.188 seconds', url: 'https://raw.githubusercontent.com/jetgeo/NVDBGML/master/XSD/NVDB/96/446.xsd'
2016-09-21 15:33:36|   7.2|  0.0|INFORM|'https://raw.githubusercontent.com/jetgeo/NVDBGML/master/XSD/NVDB/96/446.xsd' mapped to 'C:\Users\knjetl\AppData\Local\Temp\FME_XSD_CACHE\fmexsd_1474464815926_11008.xml'
2016-09-21 15:33:36|   7.2|  0.0|INFORM|'https://raw.githubusercontent.com/jetgeo/NVDBGML/master/XSD/NVDB/96/Skiltplate.xsd' mapped to 'C:\Users\knjetl\AppData\Local\Temp\FME_XSD_CACHE\fmexsd_147446481543_11008.xml'
2016-09-21 15:33:36|   7.2|  0.0|INFORM|Received HTTP response header: 'HTTP/1.1 200 OK' from '%1'
2016-09-21 15:33:36|   7.2|  0.0|INFORM|Received HTTP response header: 'Content-Security-Policy: default-src 'none'; style-src 'unsafe-inline'' from '%1'
2016-09-21 15:33:36|   7.2|  0.0|INFORM|Received HTTP response header: 'Strict-Transport-Security: max-age=31536000' from '%1'
2016-09-21 15:33:36|   7.2|  0.0|INFORM|Received HTTP response header: 'X-Content-Type-Options: nosniff' from '%1'
2016-09-21 15:33:36|   7.2|  0.0|INFORM|Received HTTP response header: 'X-Frame-Options: deny' from '%1'
2016-09-21 15:33:36|   7.2|  0.0|INFORM|Received HTTP response header: 'X-XSS-Protection: 1; mode=block' from '%1'
2016-09-21 15:33:36|   7.2|  0.0|INFORM|Received HTTP response header: 'ETag: "92e22b1067f1638381d9c9bb714781131834491b"' from '%1'
2016-09-21 15:33:36|   7.2|  0.0|INFORM|Received HTTP response header: 'Content-Type: text/plain; charset=utf-8' from '%1'
2016-09-21 15:33:36|   7.2|  0.0|INFORM|Received HTTP response header: 'Cache-Control: max-age=300' from '%1'
2016-09-21 15:33:36|   7.2|  0.0|INFORM|Received HTTP response header: 'X-Geo-Block-List:' from '%1'
2016-09-21 15:33:36|   7.2|  0.0|INFORM|Received HTTP response header: 'X-GitHub-Request-Id: 17EB2B2B:25BD2:D6292F:57E28C26' from '%1'
2016-09-21 15:33:36|   7.2|  0.0|INFORM|Received HTTP response header: 'Content-Encoding: gzip' from '%1'
2016-09-21 15:33:36|   7.2|  0.0|INFORM|Received HTTP response header: 'Content-Length: 1467' from '%1'
2016-09-21 15:33:36|   7.2|  0.0|INFORM|Received HTTP response header: 'Accept-Ranges: bytes' from '%1'
2016-09-21 15:33:36|   7.2|  0.0|INFORM|Received HTTP response header: 'Date: Wed, 21 Sep 2016 13:33:27 GMT' from '%1'
2016-09-21 15:33:36|   7.2|  0.0|INFORM|Received HTTP response header: 'Via: 1.1 varnish' from '%1'
2016-09-21 15:33:36|   7.2|  0.0|INFORM|Received HTTP response header: 'Connection: keep-alive' from '%1'
2016-09-21 15:33:36|   7.2|  0.0|INFORM|Received HTTP response header: 'X-Served-By: cache-ams4126-AMS' from '%1'
2016-09-21 15:33:36|   7.2|  0.0|INFORM|Received HTTP response header: 'X-Cache: MISS' from '%1'
2016-09-21 15:33:36|   7.2|  0.0|INFORM|Received HTTP response header: 'X-Cache-Hits: 0' from '%1'
2016-09-21 15:33:36|   7.2|  0.0|INFORM|Received HTTP response header: 'Vary: Authorization,Accept-Encoding' from '%1'
2016-09-21 15:33:36|   7.2|  0.0|INFORM|Received HTTP response header: 'Access-Control-Allow-Origin: *' from '%1'
2016-09-21 15:33:36|   7.2|  0.0|INFORM|Received HTTP response header: 'X-Fastly-Request-ID: ddfa200158b8d7fd53fe2438d5cede78b61d1595' from '%1'
2016-09-21 15:33:36|   7.2|  0.0|INFORM|Received HTTP response header: 'Expires: Wed, 21 Sep 2016 13:38:27 GMT' from '%1'
2016-09-21 15:33:36|   7.2|  0.0|INFORM|Received HTTP response header: 'Source-Age: 0' from '%1'
2016-09-21 15:33:36|   7.2|  0.0|INFORM|HTTP/FTP Transfer: Downloading resource 'https://raw.githubusercontent.com/jetgeo/NVDBGML/master/XSD/NVDB/96/762.xsd' to local file 'C:\Users\knjetl\AppData\Local\Temp\FME_XSD_CACHE\fmexsd_1474464816131_11008.xml'
2016-09-21 15:33:36|   7.2|  0.0|INFORM|HTTP transfer summary - status code: 200, download size: '1467 bytes', DNS lookup time: '0 seconds', total transfer time: '0.141 seconds', url: 'https://raw.githubusercontent.com/jetgeo/NVDBGML/master/XSD/NVDB/96/762.xsd'
2016-09-21 15:33:36|   7.2|  0.0|INFORM|'https://raw.githubusercontent.com/jetgeo/NVDBGML/master/XSD/NVDB/96/762.xsd' mapped to 'C:\Users\knjetl\AppData\Local\Temp\FME_XSD_CACHE\fmexsd_1474464816131_11008.xml'
2016-09-21 15:33:36|   7.2|  0.0|INFORM|'https://raw.githubusercontent.com/jetgeo/NVDBGML/master/XSD/NVDB/96/Skiltplate.xsd' mapped to 'C:\Users\knjetl\AppData\Local\Temp\FME_XSD_CACHE\fmexsd_147446481543_11008.xml'
2016-09-21 15:33:36|   7.2|  0.0|INFORM|Received HTTP response header: 'HTTP/1.1 200 OK' from '%1'
2016-09-21 15:33:36|   7.2|  0.0|INFORM|Received HTTP response header: 'Content-Security-Policy: default-src 'none'; style-src 'unsafe-inline'' from '%1'
2016-09-21 15:33:36|   7.2|  0.0|INFORM|Received HTTP response header: 'Strict-Transport-Security: max-age=31536000' from '%1'
2016-09-21 15:33:36|   7.2|  0.0|INFORM|Received HTTP response header: 'X-Content-Type-Options: nosniff' from '%1'
2016-09-21 15:33:36|   7.2|  0.0|INFORM|Received HTTP response header: 'X-Frame-Options: deny' from '%1'
2016-09-21 15:33:36|   7.2|  0.0|INFORM|Received HTTP response header: 'X-XSS-Protection: 1; mode=block' from '%1'
2016-09-21 15:33:36|   7.2|  0.0|INFORM|Received HTTP response header: 'ETag: "8dbf10a9bec6e99e421a043faec700c05a14b405"' from '%1'
2016-09-21 15:33:36|   7.2|  0.0|INFORM|Received HTTP response header: 'Content-Type: text/plain; charset=utf-8' from '%1'
2016-09-21 15:33:36|   7.2|  0.0|INFORM|Received HTTP response header: 'Cache-Control: max-age=300' from '%1'
2016-09-21 15:33:36|   7.2|  0.0|INFORM|Received HTTP response header: 'X-Geo-Block-List:' from '%1'
2016-09-21 15:33:36|   7.2|  0.0|INFORM|Received HTTP response header: 'X-GitHub-Request-Id: 17EB2B2A:12B0:4FB314:57E28C27' from '%1'
2016-09-21 15:33:36|   7.2|  0.0|INFORM|Received HTTP response header: 'Content-Encoding: gzip' from '%1'
2016-09-21 15:33:36|   7.2|  0.0|INFORM|Received HTTP response header: 'Content-Length: 5612' from '%1'
2016-09-21 15:33:36|   7.2|  0.0|INFORM|Received HTTP response header: 'Accept-Ranges: bytes' from '%1'
2016-09-21 15:33:36|   7.2|  0.0|INFORM|Received HTTP response header: 'Date: Wed, 21 Sep 2016 13:33:27 GMT' from '%1'
2016-09-21 15:33:36|   7.2|  0.0|INFORM|Received HTTP response header: 'Via: 1.1 varnish' from '%1'
2016-09-21 15:33:36|   7.2|  0.0|INFORM|Received HTTP response header: 'Connection: keep-alive' from '%1'
2016-09-21 15:33:36|   7.2|  0.0|INFORM|Received HTTP response header: 'X-Served-By: cache-ams4126-AMS' from '%1'
2016-09-21 15:33:36|   7.2|  0.0|INFORM|Received HTTP response header: 'X-Cache: MISS' from '%1'
2016-09-21 15:33:36|   7.2|  0.0|INFORM|Received HTTP response header: 'X-Cache-Hits: 0' from '%1'
2016-09-21 15:33:36|   7.2|  0.0|INFORM|Received HTTP response header: 'Vary: Authorization,Accept-Encoding' from '%1'
2016-09-21 15:33:36|   7.2|  0.0|INFORM|Received HTTP response header: 'Access-Control-Allow-Origin: *' from '%1'
2016-09-21 15:33:36|   7.2|  0.0|INFORM|Received HTTP response header: 'X-Fastly-Request-ID: 54e79670ff27efaaffc2be182b28add50377d1e8' from '%1'
2016-09-21 15:33:36|   7.2|  0.0|INFORM|Received HTTP response header: 'Expires: Wed, 21 Sep 2016 13:38:27 GMT' from '%1'
2016-09-21 15:33:36|   7.2|  0.0|INFORM|Received HTTP response header: 'Source-Age: 0' from '%1'
2016-09-21 15:33:36|   7.2|  0.0|INFORM|HTTP/FTP Transfer: Downloading resource 'https://raw.githubusercontent.com/jetgeo/NVDBGML/master/XSD/NVDB/96/95.xsd' to local file 'C:\Users\knjetl\AppData\Local\Temp\FME_XSD_CACHE\fmexsd_1474464816293_11008.xml'
2016-09-21 15:33:36|   7.2|  0.0|INFORM|HTTP transfer summary - status code: 200, download size: '5612 bytes', DNS lookup time: '0 seconds', total transfer time: '0.312 seconds', url: 'https://raw.githubusercontent.com/jetgeo/NVDBGML/master/XSD/NVDB/96/95.xsd'
2016-09-21 15:33:36|   7.2|  0.0|INFORM|'https://raw.githubusercontent.com/jetgeo/NVDBGML/master/XSD/NVDB/96/95.xsd' mapped to 'C:\Users\knjetl\AppData\Local\Temp\FME_XSD_CACHE\fmexsd_1474464816293_11008.xml'
2016-09-21 15:33:36|   7.2|  0.0|INFORM|'https://raw.githubusercontent.com/jetgeo/NVDBGML/master/XSD/NVDB/96/Skiltplate.xsd' mapped to 'C:\Users\knjetl\AppData\Local\Temp\FME_XSD_CACHE\fmexsd_147446481543_11008.xml'
2016-09-21 15:33:36|   7.2|  0.0|INFORM|'https://raw.githubusercontent.com/jetgeo/NVDBGML/master/XSD/NVDB/96/96.xsd' mapped to 'C:\Users\knjetl\AppData\Local\Temp\FME_XSD_CACHE\fmexsd_1474464814633_11008.xml'
2016-09-21 15:33:36|   7.2|  0.0|INFORM|Received HTTP response header: 'HTTP/1.1 200 OK' from '%1'
2016-09-21 15:33:36|   7.2|  0.0|INFORM|Received HTTP response header: 'Content-Security-Policy: default-src 'none'; style-src 'unsafe-inline'' from '%1'
2016-09-21 15:33:36|   7.2|  0.0|INFORM|Received HTTP response header: 'Strict-Transport-Security: max-age=31536000' from '%1'
2016-09-21 15:33:36|   7.2|  0.0|INFORM|Received HTTP response header: 'X-Content-Type-Options: nosniff' from '%1'
2016-09-21 15:33:36|   7.2|  0.0|INFORM|Received HTTP response header: 'X-Frame-Options: deny' from '%1'
2016-09-21 15:33:36|   7.2|  0.0|INFORM|Received HTTP response header: 'X-XSS-Protection: 1; mode=block' from '%1'
2016-09-21 15:33:36|   7.2|  0.0|INFORM|Received HTTP response header: 'ETag: "c7758de0a06311d622660b56600493edc50b4253"' from '%1'
2016-09-21 15:33:36|   7.2|  0.0|INFORM|Received HTTP response header: 'Content-Type: text/plain; charset=utf-8' from '%1'
2016-09-21 15:33:36|   7.2|  0.0|INFORM|Received HTTP response header: 'Cache-Control: max-age=300' from '%1'
2016-09-21 15:33:36|   7.2|  0.0|INFORM|Received HTTP response header: 'X-Geo-Block-List:' from '%1'
2016-09-21 15:33:36|   7.2|  0.0|INFORM|Received HTTP response header: 'X-GitHub-Request-Id: 17EB2B30:1071F:529AF7:57E28C27' from '%1'
2016-09-21 15:33:36|   7.2|  0.0|INFORM|Received HTTP response header: 'Content-Encoding: gzip' from '%1'
2016-09-21 15:33:36|   7.2|  0.0|INFORM|Received HTTP response header: 'Content-Length: 12534' from '%1'
2016-09-21 15:33:36|   7.2|  0.0|INFORM|Received HTTP response header: 'Accept-Ranges: bytes' from '%1'
2016-09-21 15:33:36|   7.2|  0.0|INFORM|Received HTTP response header: 'Date: Wed, 21 Sep 2016 13:33:27 GMT' from '%1'
2016-09-21 15:33:36|   7.2|  0.0|INFORM|Received HTTP response header: 'Via: 1.1 varnish' from '%1'
2016-09-21 15:33:36|   7.2|  0.0|INFORM|Received HTTP response header: 'Connection: keep-alive' from '%1'
2016-09-21 15:33:36|   7.2|  0.0|INFORM|Received HTTP response header: 'X-Served-By: cache-ams4126-AMS' from '%1'
2016-09-21 15:33:36|   7.2|  0.0|INFORM|Received HTTP response header: 'X-Cache: MISS' from '%1'
2016-09-21 15:33:36|   7.2|  0.0|INFORM|Received HTTP response header: 'X-Cache-Hits: 0' from '%1'
2016-09-21 15:33:36|   7.2|  0.0|INFORM|Received HTTP response header: 'Vary: Authorization,Accept-Encoding' from '%1'
2016-09-21 15:33:36|   7.2|  0.0|INFORM|Received HTTP response header: 'Access-Control-Allow-Origin: *' from '%1'
2016-09-21 15:33:36|   7.2|  0.0|INFORM|Received HTTP response header: 'X-Fastly-Request-ID: 45b034b1c58d761238c44dfef355622d653cc42a' from '%1'
2016-09-21 15:33:36|   7.2|  0.0|INFORM|Received HTTP response header: 'Expires: Wed, 21 Sep 2016 13:38:27 GMT' from '%1'
2016-09-21 15:33:36|   7.2|  0.0|INFORM|Received HTTP response header: 'Source-Age: 0' from '%1'
2016-09-21 15:33:36|   7.2|  0.0|INFORM|HTTP/FTP Transfer: Downloading resource 'https://raw.githubusercontent.com/jetgeo/NVDBGML/master/XSD/NVDB/96/SOSIFelles.xsd' to local file 'C:\Users\knjetl\AppData\Local\Temp\FME_XSD_CACHE\fmexsd_1474464816649_11008.xml'
2016-09-21 15:33:36|   7.2|  0.0|INFORM|HTTP transfer summary - status code: 200, download size: '12534 bytes', DNS lookup time: '0 seconds', total transfer time: '0.156 seconds', url: 'https://raw.githubusercontent.com/jetgeo/NVDBGML/master/XSD/NVDB/96/SOSIFelles.xsd'
2016-09-21 15:33:36|   7.2|  0.0|INFORM|'https://raw.githubusercontent.com/jetgeo/NVDBGML/master/XSD/NVDB/96/SOSIFelles.xsd' mapped to 'C:\Users\knjetl\AppData\Local\Temp\FME_XSD_CACHE\fmexsd_1474464816649_11008.xml'
2016-09-21 15:33:36|   7.2|  0.0|INFORM|'https://raw.githubusercontent.com/jetgeo/NVDBGML/master/XSD/NVDB/96/Skiltplate.xsd' mapped to 'C:\Users\knjetl\AppData\Local\Temp\FME_XSD_CACHE\fmexsd_147446481543_11008.xml'
2016-09-21 15:33:36|   7.2|  0.0|INFORM|<GML_1 Writer> - Map Embedded Object as: 'ATTRIBUTES'
2016-09-21 15:33:36|   7.2|  0.0|INFORM|<GML_1 Writer> - Map Predefined Properties: 'NO'
2016-09-21 15:33:36|   7.2|  0.0|INFORM|<GML_1 Writer> - Map All Substitutable Properties: 'YES'
2016-09-21 15:33:36|   7.2|  0.0|INFORM|<GML_1 Writer> - Map Complex Properties as: 'NESTED_ATTRIBUTES'
2016-09-21 15:33:36|   7.2|  0.0|INFORM|<GML_1 Writer> - Add XML Namespace Prefix to: 'UNSET'
2016-09-21 15:33:36|   7.2|  0.0|INFORM|<GML_1 Writer> - Limit Number of Lists in Nested Attributes: 'UNSET'
2016-09-21 15:33:36|   7.2|  0.0|INFORM|Using XSD semantics configuration file 'file:///C:/Program Files/FME2016.1/64/xml/gml_v3.2/gml_config.xml'.
2016-09-21 15:33:36|   7.3|  0.1|INFORM|FME Configuration: Destination coordinate system set to input coordinate system `EPSG:25833'
2016-09-21 15:33:37|   7.5|  0.2|INFORM|<GML_1 Writer> - Calculating dataset bounding box, please wait...
2016-09-21 15:33:38|   8.3|  0.8|INFORM|FeatureMerger_3(ReferenceFactory): Processing requestors: Completed 36.77% of intermediate processing
2016-09-21 15:33:39|   9.5|  1.2|INFORM|FeatureMerger_3(ReferenceFactory): Processing requestors: Completed 100% of intermediate processing
2016-09-21 15:33:39|   9.5|  0.0|STATS |FeatureMerger_3(ReferenceFactory): Total Results: 2719 Complete Feature(s), 0 Incomplete Feature(s), 0 Referenced Feature(s), 0 Unreferenced Feature(s), 0 Referencer Feature(s) (NO REFERENCES), 0 Referencee Feature(s) (NO Referencee fields defined), and 0 Duplicate Referencee Feature(s)
2016-09-21 15:33:39|   9.5|  0.0|STATS |FeatureMerger_3_NOT_MERGED_-__SchemaMapper(TeeFactory): Cloned 2719 input feature(s) into 2719 output feature(s)
2016-09-21 15:33:39|   9.5|  0.0|STATS |NullAttributeMapper_3(TeeFactory): Cloned 2719 input feature(s) into 2719 output feature(s)
2016-09-21 15:33:39|   9.5|  0.0|STATS |GeometryFilter_InputPassThrough(TeeFactory): Cloned 2719 input feature(s) into 2719 output feature(s)
2016-09-21 15:33:39|   9.5|  0.0|STATS |GeometryFilter_RouterPrepper(TeeFactory): Cloned 2719 input feature(s) into 2719 output feature(s)
2016-09-21 15:33:39|   9.5|  0.0|STATS |GeometryFilter_Router(TestFactory): Tested 2719 input feature(s) -- 2719 feature(s) passed and 0 feature(s) failed
2016-09-21 15:33:39|   9.5|  0.0|STATS |GeometryFilter <UNFILTERED> Output Nuker(TeeFactory): Cloned 0 input feature(s) into 0 output feature(s)
2016-09-21 15:33:39|   9.5|  0.0|STATS |GeometryPropertySetter_3_Outputter(TeeFactory): Cloned 0 input feature(s) into 0 output feature(s)
2016-09-21 15:33:39|   9.5|  0.0|STATS |GeometryPropertySetter_4_Outputter(TeeFactory): Cloned 0 input feature(s) into 0 output feature(s)
2016-09-21 15:33:39|   9.5|  0.0|STATS |GeometryPropertySetter_Outputter(TeeFactory): Cloned 2719 input feature(s) into 2719 output feature(s)
2016-09-21 15:33:39|   9.5|  0.0|STATS |GeometryPropertySetter_SET(TeeFactory): Cloned 2719 input feature(s) into 2719 output feature(s)
2016-09-21 15:33:39|   9.5|  0.0|STATS |Destination Feature Type Routing Correlator(RoutingFactory): Tested 2719 input feature(s), wrote 2719 output feature(s): 0 matched merge filters, 2719 were routed to output, 0 could not be routed.
2016-09-21 15:33:39|   9.5|  0.0|STATS |Final Output Nuker(TeeFactory): Cloned 0 input feature(s) into 0 output feature(s)
2016-09-21 15:33:39|   9.5|  0.0|INFORM|=-=-=-=-=-=-=-=-=-=-=-=-=-=-=-=-=-=-=-=-=-=-=-=-=-=-=-=-=-=-=-=-=-=-=-=-=-=-=-
2016-09-21 15:33:39|   9.5|  0.0|INFORM|Feature output statistics for `FFS' writer using keyword `W_1':
2016-09-21 15:33:39|   9.5|  0.0|STATS |=-=-=-=-=-=-=-=-=-=-=-=-=-=-=-=-=-=-=-=-=-=-=-=-=-=-=-=-=-=-=-=-=-=-=-=-=-=-=-
2016-09-21 15:33:39|   9.5|  0.0|STATS |                               Features Written
2016-09-21 15:33:39|   9.5|  0.0|STATS |=-=-=-=-=-=-=-=-=-=-=-=-=-=-=-=-=-=-=-=-=-=-=-=-=-=-=-=-=-=-=-=-=-=-=-=-=-=-=-
2016-09-21 15:33:39|   9.5|  0.0|STATS |==============================================================================
2016-09-21 15:33:39|   9.5|  0.0|STATS |Total Features Written                                                       0
2016-09-21 15:33:39|   9.5|  0.0|STATS |=-=-=-=-=-=-=-=-=-=-=-=-=-=-=-=-=-=-=-=-=-=-=-=-=-=-=-=-=-=-=-=-=-=-=-=-=-=-=-
2016-09-21 15:33:39|   9.5|  0.0|INFORM|<GML_1 Writer> - Writing the GML document 'C:\DATA\GitHub\NVDBGML\GML\Test\kommune\520\96\Skiltplate.gml'
2016-09-21 15:33:40|  10.5|  1.0|INFORM|=-=-=-=-=-=-=-=-=-=-=-=-=-=-=-=-=-=-=-=-=-=-=-=-=-=-=-=-=-=-=-=-=-=-=-=-=-=-=-
2016-09-21 15:33:40|  10.5|  0.0|INFORM|Feature output statistics for `GML' writer using keyword `GML_1':
2016-09-21 15:33:40|  10.5|  0.0|STATS |=-=-=-=-=-=-=-=-=-=-=-=-=-=-=-=-=-=-=-=-=-=-=-=-=-=-=-=-=-=-=-=-=-=-=-=-=-=-=-
2016-09-21 15:33:40|  10.5|  0.0|STATS |                               Features Written
2016-09-21 15:33:40|  10.5|  0.0|STATS |=-=-=-=-=-=-=-=-=-=-=-=-=-=-=-=-=-=-=-=-=-=-=-=-=-=-=-=-=-=-=-=-=-=-=-=-=-=-=-
2016-09-21 15:33:40|  10.5|  0.0|STATS |Skiltplate                                                                2719
2016-09-21 15:33:40|  10.5|  0.0|STATS |==============================================================================
2016-09-21 15:33:40|  10.5|  0.0|STATS |Total Features Written                                                    2719
2016-09-21 15:33:40|  10.5|  0.0|STATS |=-=-=-=-=-=-=-=-=-=-=-=-=-=-=-=-=-=-=-=-=-=-=-=-=-=-=-=-=-=-=-=-=-=-=-=-=-=-=-
2016-09-21 15:33:40|  10.5|  0.0|INFORM|=-=-=-=-=-=-=-=-=-=-=-=-=-=-=-=-=-=-=-=-=-=-=-=-=-=-=-=-=-=-=-=-=-=-=-=-=-=-=-
2016-09-21 15:33:40|  10.5|  0.0|INFORM|Feature output statistics for `MULTI_WRITER' writer using keyword `GML_1_FANOUT':
2016-09-21 15:33:40|  10.5|  0.0|STATS |=-=-=-=-=-=-=-=-=-=-=-=-=-=-=-=-=-=-=-=-=-=-=-=-=-=-=-=-=-=-=-=-=-=-=-=-=-=-=-
2016-09-21 15:33:40|  10.5|  0.0|STATS |                               Features Written
2016-09-21 15:33:40|  10.5|  0.0|STATS |=-=-=-=-=-=-=-=-=-=-=-=-=-=-=-=-=-=-=-=-=-=-=-=-=-=-=-=-=-=-=-=-=-=-=-=-=-=-=-
2016-09-21 15:33:40|  10.5|  0.0|STATS |Skiltplate                                                                2719
2016-09-21 15:33:40|  10.5|  0.0|STATS |==============================================================================
2016-09-21 15:33:40|  10.5|  0.0|STATS |Total Features Written                                                    2719
2016-09-21 15:33:40|  10.5|  0.0|STATS |=-=-=-=-=-=-=-=-=-=-=-=-=-=-=-=-=-=-=-=-=-=-=-=-=-=-=-=-=-=-=-=-=-=-=-=-=-=-=-
2016-09-21 15:33:40|  10.5|  0.0|STATS |=-=-=-=-=-=-=-=-=-=-=-=-=-=-=-=-=-=-=-=-=-=-=-=-=-=-=-=-=-=-=-=-=-=-=-=-=-=-=-
2016-09-21 15:33:40|  10.5|  0.0|STATS |                            Features Read Summary
2016-09-21 15:33:40|  10.5|  0.0|STATS |=-=-=-=-=-=-=-=-=-=-=-=-=-=-=-=-=-=-=-=-=-=-=-=-=-=-=-=-=-=-=-=-=-=-=-=-=-=-=-
2016-09-21 15:33:40|  10.5|  0.0|STATS |==============================================================================
2016-09-21 15:33:40|  10.5|  0.0|STATS |Total Features Read                                                          0
2016-09-21 15:33:40|  10.5|  0.0|STATS |=-=-=-=-=-=-=-=-=-=-=-=-=-=-=-=-=-=-=-=-=-=-=-=-=-=-=-=-=-=-=-=-=-=-=-=-=-=-=-
2016-09-21 15:33:40|  10.5|  0.0|STATS |=-=-=-=-=-=-=-=-=-=-=-=-=-=-=-=-=-=-=-=-=-=-=-=-=-=-=-=-=-=-=-=-=-=-=-=-=-=-=-
2016-09-21 15:33:40|  10.5|  0.0|STATS |                           Features Written Summary
2016-09-21 15:33:40|  10.5|  0.0|STATS |=-=-=-=-=-=-=-=-=-=-=-=-=-=-=-=-=-=-=-=-=-=-=-=-=-=-=-=-=-=-=-=-=-=-=-=-=-=-=-
2016-09-21 15:33:40|  10.5|  0.0|STATS |Skiltplate                                                                2719
2016-09-21 15:33:40|  10.5|  0.0|STATS |==============================================================================
2016-09-21 15:33:40|  10.5|  0.0|STATS |Total Features Written                                                    2719
2016-09-21 15:33:40|  10.5|  0.0|STATS |=-=-=-=-=-=-=-=-=-=-=-=-=-=-=-=-=-=-=-=-=-=-=-=-=-=-=-=-=-=-=-=-=-=-=-=-=-=-=-
2016-09-21 15:33:40|  10.5|  0.0|INFORM|Translation was SUCCESSFUL with 0 warning(s) (2719 feature(s) output)
2016-09-21 15:33:40|  10.5|  0.0|INFORM|FME Session Duration: 18.4 seconds. (CPU: 9.6s user, 0.6s system)
2016-09-21 15:33:40|  10.5|  0.0|INFORM|END - ProcessID: 11008, peak process memory usage: 301452 kB, current process memory usage: 195116 kB
