2017-02-16 14:10:00|   0.6|  0.6|INFORM|FME 2017.0.0.0 RC (20170207 - Build 17245 - WIN64)
2017-02-16 14:10:00|   0.6|  0.0|INFORM|FME_HOME is 'C:\Program Files\FME\'
2017-02-16 14:10:00|   0.6|  0.0|INFORM|FME Desktop ESRI Edition (floating)
2017-02-16 14:10:00|   0.6|  0.0|INFORM|Permanent License.
2017-02-16 14:10:00|   0.6|  0.0|INFORM|Machine host name is: svv-84323
2017-02-16 14:10:00|   0.6|  0.0|INFORM|START - ProcessID: 11652, peak process memory usage: 46236 kB, current process memory usage: 44428 kB
2017-02-16 14:10:00|   0.6|  0.0|INFORM|FME Configuration: Command line arguments are `C:\Program Files\FME\fme.exe' `C:/DATA/GitHub/NVDBGML/FME\wb-xlate-1487250599100_7132' `LOG_STANDARDOUT' `YES' `LogCountServerName' `{ec69af5f-c1b2-4dac-9aff-25f5f14eb4e2}'
2017-02-16 14:10:00|   0.7|  0.1|INFORM|Shared folders for formats are : C:\Program Files\FME\datasources;C:\Users\knjetl\Documents\FME\Formats
2017-02-16 14:10:00|   0.7|  0.0|INFORM|Shared folders for transformers are : C:\Program Files\FME\transformers;C:\Users\knjetl\Documents\FME\Transformers
2017-02-16 14:10:00|   0.7|  0.0|INFORM|Shared folders for coordinate systems are : C:\Users\knjetl\Documents\FME\CoordinateSystems
2017-02-16 14:10:00|   0.7|  0.0|INFORM|Shared folders for coordinate system exceptions are : C:\Users\knjetl\Documents\FME\CoordinateSystemExceptions
2017-02-16 14:10:00|   0.7|  0.0|INFORM|Shared folders for coordinate system grid overrides are : C:\Users\knjetl\Documents\FME\CoordinateSystemGridOverrides
2017-02-16 14:10:00|   0.7|  0.0|INFORM|Shared folders for CS-MAP transformation exceptions are : C:\Users\knjetl\Documents\FME\CsmapTransformationExceptions
2017-02-16 14:10:00|   0.7|  0.0|INFORM|Shared folders for transformer categories are : C:\Users\knjetl\Documents\FME\TransformerCategories
2017-02-16 14:10:00|   0.7|  0.0|INFORM|FME Configuration: Reader Keyword is `NULL_SOURCE'
2017-02-16 14:10:00|   0.7|  0.0|INFORM|FME Configuration: Writer Keyword is `WBROUTER_OUT'
2017-02-16 14:10:00|   0.7|  0.0|INFORM|FME Configuration: Writer Group Definition Keyword is `WBROUTER_OUT_DEF'
2017-02-16 14:10:00|   0.7|  0.0|INFORM|FME Configuration: Reader type is `NULL'
2017-02-16 14:10:00|   0.7|  0.0|INFORM|FME Configuration: Writer type is `NULL'
2017-02-16 14:10:00|   0.7|  0.0|INFORM|FME Configuration: No destination coordinate system set
2017-02-16 14:10:00|   0.7|  0.0|INFORM|FME Configuration: Current working folder is `C:\DATA\GitHub\NVDBGML\FME'
2017-02-16 14:10:00|   0.7|  0.0|INFORM|FME Configuration: Temporary folder is `C:\Users\knjetl\AppData\Local\Temp', set from environment variable `TEMP'
2017-02-16 14:10:00|   0.7|  0.0|INFORM|FME Configuration: FME_HOME is `C:\Program Files\FME\'
2017-02-16 14:10:00|   0.7|  0.0|INFORM|FME Configuration: FME_BASE is 'no'
2017-02-16 14:10:00|   0.7|  0.0|INFORM|FME Configuration: FME_MF_DIR is 'C:\DATA\GitHub\NVDBGML\FME/'
2017-02-16 14:10:00|   0.7|  0.0|INFORM|FME Configuration: FME_MF_NAME is 'NVDBAPI2GML_V2_Vegnett_2017.fmw'
2017-02-16 14:10:00|   0.7|  0.0|INFORM|FME Configuration: FME_PRODUCT_NAME is 'FME(R) 2017.0.0.0'
2017-02-16 14:10:00|   0.7|  0.0|INFORM|System Status: 165.34 GB of disk space available in the FME temporary folder (C:\Users\knjetl\AppData\Local\Temp)
2017-02-16 14:10:00|   0.7|  0.0|INFORM|System Status: 128.00 TB of virtual memory available
2017-02-16 14:10:00|   0.7|  0.0|INFORM|Operating System: Microsoft Windows 10 64-bit  (Build 10586)
2017-02-16 14:10:00|   0.7|  0.0|INFORM|FME Platform: WIN64
2017-02-16 14:10:00|   0.7|  0.0|INFORM|Locale: nb_NO
2017-02-16 14:10:00|   0.7|  0.0|INFORM|Code Page: 1252  (ANSI - latinsk I)
2017-02-16 14:10:00|   0.7|  0.0|INFORM|FME Configuration: Process limit is 7.88 GB of physical memory
2017-02-16 14:10:00|   0.7|  0.0|INFORM|FME Configuration: Start freeing memory when process usage exceeds 23.65 GB of virtual memory
2017-02-16 14:10:00|   0.7|  0.0|INFORM|FME Configuration: Stop freeing memory when process usage is below 17.74 GB of virtual memory
2017-02-16 14:10:00|   0.8|  0.0|INFORM|Creating writer for format: NULL (Nothing)
2017-02-16 14:10:00|   0.8|  0.0|INFORM|Trying to find a DYNAMIC plugin for writer named `NULL'
2017-02-16 14:10:00|   0.8|  0.0|INFORM|Loaded module 'NULL' from file 'C:\Program Files\FME\plugins/NULL.dll'
2017-02-16 14:10:00|   0.8|  0.0|INFORM|FME API version of module 'NULL' matches current internal version (3.8 20161222)
2017-02-16 14:10:00|   0.8|  0.0|INFORM|Creating reader for format: NULL (Nothing)
2017-02-16 14:10:00|   0.8|  0.0|INFORM|Trying to find a DYNAMIC plugin for reader named `NULL'
2017-02-16 14:10:00|   0.8|  0.0|INFORM|FME API version of module 'NULL' matches current internal version (3.8 20161222)
2017-02-16 14:10:00|   0.8|  0.0|INFORM|Loaded module 'LogCount_func' from file 'C:\Program Files\FME\plugins/LogCount_func.dll'
2017-02-16 14:10:00|   0.8|  0.0|INFORM|FME API version of module 'LogCount_func' matches current internal version (3.8 20161222)
2017-02-16 14:10:00|   0.9|  0.1|INFORM|Creating writer for format: FME Feature Store (FFS)
2017-02-16 14:10:00|   0.9|  0.0|INFORM|FME Configuration: No destination coordinate system set
2017-02-16 14:10:00|   0.9|  0.0|INFORM|FME API version of module 'NULL' matches current internal version (3.8 20161222)
2017-02-16 14:10:01|   0.9|  0.0|INFORM|FME API version of module 'NULL' matches current internal version (3.8 20161222)
2017-02-16 14:10:01|   0.9|  0.0|INFORM|Loaded module 'Geometry_func' from file 'C:\Program Files\FME\plugins/Geometry_func.dll'
2017-02-16 14:10:01|   0.9|  0.0|INFORM|FME API version of module 'Geometry_func' matches current internal version (3.8 20161222)
2017-02-16 14:10:01|   0.9|  0.0|INFORM|Loaded module 'HTTPFactory' from file 'C:\Program Files\FME\plugins/HTTPFactory.dll'
2017-02-16 14:10:01|   0.9|  0.0|INFORM|FME API version of module 'HTTPFactory' matches current internal version (3.8 20161222)
2017-02-16 14:10:01|   0.9|  0.0|INFORM|Loaded module 'XFMapFactory' from file 'C:\Program Files\FME\plugins/XFMapFactory.dll'
2017-02-16 14:10:01|   0.9|  0.0|INFORM|FME API version of module 'XFMapFactory' matches current internal version (3.8 20161222)
2017-02-16 14:10:01|   0.9|  0.0|INFORM|FME API version of module 'XFMapFactory' matches current internal version (3.8 20161222)
2017-02-16 14:10:01|   0.9|  0.0|INFORM|Loaded module 'PythonFactory' from file 'C:\Program Files\FME\plugins/PythonFactory.dll'
2017-02-16 14:10:01|   0.9|  0.0|INFORM|FME API version of module 'PythonFactory' matches current internal version (3.8 20161222)
2017-02-16 14:10:01|   0.9|  0.0|INFORM|Adding folder `C:\DATA\GitHub\NVDBGML\FME\' to the python path
2017-02-16 14:10:02|   0.9|  0.0|INFORM|FME API version of module 'PythonFactory' matches current internal version (3.8 20161222)
2017-02-16 14:10:02|   0.9|  0.0|INFORM|Loaded module 'OGCGeometry_func' from file 'C:\Program Files\FME\plugins/OGCGeometry_func.dll'
2017-02-16 14:10:02|   0.9|  0.0|INFORM|FME API version of module 'OGCGeometry_func' matches current internal version (3.8 20161222)
2017-02-16 14:10:02|   0.9|  0.0|INFORM|Loaded module 'GQueryFactory' from file 'C:\Program Files\FME\plugins/GQueryFactory.dll'
2017-02-16 14:10:02|   0.9|  0.0|INFORM|FME API version of module 'GQueryFactory' matches current internal version (3.8 20161222)
2017-02-16 14:10:03|   0.9|  0.0|INFORM|Loaded module 'DuplicateRemoverFactory' from file 'C:\Program Files\FME\plugins/DuplicateRemoverFactory.dll'
2017-02-16 14:10:03|   0.9|  0.0|INFORM|FME API version of module 'DuplicateRemoverFactory' matches current internal version (3.8 20161222)
2017-02-16 14:10:03|   0.9|  0.0|INFORM|Loaded module 'VertexCreatorFactory' from file 'C:\Program Files\FME\plugins/VertexCreatorFactory.dll'
2017-02-16 14:10:03|   0.9|  0.0|INFORM|FME API version of module 'VertexCreatorFactory' matches current internal version (3.8 20161222)
2017-02-16 14:10:03|   0.9|  0.0|INFORM|FME API version of module 'GQueryFactory' matches current internal version (3.8 20161222)
2017-02-16 14:10:03|   0.9|  0.0|INFORM|Loaded module 'InlineQueryFactory' from file 'C:\Program Files\FME\plugins/InlineQueryFactory.dll'
2017-02-16 14:10:03|   0.9|  0.0|INFORM|FME API version of module 'InlineQueryFactory' matches current internal version (3.8 20161222)
2017-02-16 14:10:03|   0.9|  0.0|INFORM|Emptying factory pipeline
2017-02-16 14:10:03|   1.1|  0.1|STATS |Storing feature(s) to FME feature store file `C:\Users\knjetl\AppData\Local\Temp\NVDBAPI2GML_V2_Vegnett_2017_141000\inspector.ffs'
2017-02-16 14:10:06|   1.1|  0.0|INFORM|NVDB_Vegnettleser_HTTPCaller_2(HTTPFactory): HTTP/FTP Transfer: Downloading resource 'https://www.utv.vegvesen.no/nvdb/api/v2/vegnett/lenker?kommune=403&antall=5000' to internal memory buffer
2017-02-16 14:10:06|   1.1|  0.0|INFORM|NVDB_Vegnettleser_HTTPCaller_2(HTTPFactory): HTTP/FTP Request - Sent so far: 1.00 MB 
2017-02-16 14:10:06|   1.1|  0.0|INFORM|NVDB_Vegnettleser_HTTPCaller_2(HTTPFactory): HTTP/FTP Request - Sent so far: 2.00 MB 
2017-02-16 14:10:07|   1.2|  0.1|INFORM|NVDB_Vegnettleser_HTTPCaller_2(HTTPFactory): HTTP/FTP Request - Sent so far: 3.01 MB 
2017-02-16 14:10:08|   1.2|  0.0|INFORM|NVDB_Vegnettleser_HTTPCaller_2(HTTPFactory): HTTP/FTP Request - Sent so far: 4.01 MB 
2017-02-16 14:10:10|   1.3|  0.0|INFORM|NVDB_Vegnettleser_HTTPCaller_2(HTTPFactory): HTTP/FTP Request - Sent so far: 5.02 MB 
2017-02-16 14:10:12|   1.3|  0.0|INFORM|NVDB_Vegnettleser_HTTPCaller_2(HTTPFactory): HTTP/FTP Request - Sent so far: 6.03 MB 
2017-02-16 14:10:12|   1.3|  0.0|INFORM|NVDB_Vegnettleser_HTTPCaller_2(HTTPFactory): HTTP/FTP Request - Sent so far: 7.04 MB 
2017-02-16 14:10:12|   1.4|  0.0|INFORM|NVDB_Vegnettleser_HTTPCaller_2(HTTPFactory): HTTP transfer summary - status code: 200, download size: '7202764 bytes', DNS lookup time: '0.031 seconds', total transfer time: '9.078 seconds', url: 'https://www.utv.vegvesen.no/nvdb/api/v2/vegnett/lenker?kommune=403&antall=5000'
2017-02-16 14:10:12|   1.4|  0.0|INFORM|FME Configuration: Using FME Reprojection Engine
2017-02-16 14:10:14|   1.9|  0.5|INFORM|NVDB_Vegnettleser_HTTPCaller_2(HTTPFactory): HTTP/FTP Transfer: Downloading resource 'https://www.utv.vegvesen.no/nvdb/api/v2/vegnett/lenker?kommune=403&antall=5000&start=XXrEv28s1PG5iT8QKnd3vsTDsnG2hink2X2zLMWSAd2wpn1gjJMAPs1gt7v3bQ87LeQe7ixPKwupNaFRsW7K7BW2qjy6MB4wFs7LDCb8e6dPvyixVHcD5zXn' to internal memory buffer
2017-02-16 14:10:17|   2.0|  0.1|INFORM|NVDB_Vegnettleser_HTTPCaller_2(HTTPFactory): HTTP transfer summary - status code: 200, download size: '5688432 bytes', DNS lookup time: '0 seconds', total transfer time: '4.453 seconds', url: 'https://www.utv.vegvesen.no/nvdb/api/v2/vegnett/lenker?kommune=403&antall=5000&start=XXrEv28s1PG5iT8QKnd3vsTDsnG2hink2X2zLMWSAd2wpn1gjJMAPs1gt7v3bQ87LeQe7ixPKwupNaFRsW7K7BW2qjy6MB4wFs7LDCb8e6dPvyixVHcD5zXn'
2017-02-16 14:10:20|   5.1|  3.1|INFORM|NVDB_Vegnettleser_HTTPCaller_2(HTTPFactory): HTTP/FTP Transfer: Downloading resource 'https://www.utv.vegvesen.no/nvdb/api/v2/vegnett/lenker?kommune=403&antall=5000&start=XXrEv28s1PG5iT8QKnd3vsTDsnG2hirk7YWTgTmfJgC5U4wSSvJyZaQY6asUhWPhojKb83j4vkoKW2EZJpR8wRv8UZeta5HPc8jvtuHAEDK31VibGY28UCAY' to internal memory buffer
2017-02-16 14:10:20|   5.1|  0.0|INFORM|NVDB_Vegnettleser_HTTPCaller_2(HTTPFactory): HTTP transfer summary - status code: 200, download size: '504 bytes', DNS lookup time: '0 seconds', total transfer time: '0.156 seconds', url: 'https://www.utv.vegvesen.no/nvdb/api/v2/vegnett/lenker?kommune=403&antall=5000&start=XXrEv28s1PG5iT8QKnd3vsTDsnG2hirk7YWTgTmfJgC5U4wSSvJyZaQY6asUhWPhojKb83j4vkoKW2EZJpR8wRv8UZeta5HPc8jvtuHAEDK31VibGY28UCAY'
2017-02-16 14:10:24|   8.5|  3.4|INFORM|XML Reader mapped feature # 5000
2017-02-16 14:10:24|   8.5|  0.0|STATS |Creator_XML_Creator(CreationFactory): Created 1 features
2017-02-16 14:10:24|   8.5|  0.0|STATS |Creator_Cloner(TeeFactory): Cloned 1 input feature(s) into 1 output feature(s)
2017-02-16 14:10:24|   8.5|  0.0|STATS |Creator_CREATED Feature Counter -1 19(TeeFactory): Cloned 1 input feature(s) into 1 output feature(s)
2017-02-16 14:10:24|   8.5|  0.0|STATS |Creator_CREATED Brancher -1 19(BranchingFactory): Branched 1 input feature -- 1 feature routed to the target factory, and 0 features routed to the fallback factory.
2017-02-16 14:10:24|   8.5|  0.0|STATS |Creator_2_XML_Creator(CreationFactory): Created 1 features
2017-02-16 14:10:24|   8.5|  0.0|STATS |Creator_2_Cloner(TeeFactory): Cloned 1 input feature(s) into 1 output feature(s)
2017-02-16 14:10:24|   8.5|  0.0|STATS |Creator_2_CREATED Feature Counter -1 20(TeeFactory): Cloned 1 input feature(s) into 1 output feature(s)
2017-02-16 14:10:24|   8.5|  0.0|STATS |Creator_2_CREATED Brancher -1 20(BranchingFactory): Branched 1 input feature -- 1 feature routed to the target factory, and 0 features routed to the fallback factory.
2017-02-16 14:10:24|   8.5|  0.0|STATS |Creator_3_XML_Creator(CreationFactory): Created 1 features
2017-02-16 14:10:24|   8.5|  0.0|STATS |Creator_3_Cloner(TeeFactory): Cloned 1 input feature(s) into 1 output feature(s)
2017-02-16 14:10:24|   8.5|  0.0|STATS |Creator_3_CREATED Feature Counter -1 21(TeeFactory): Cloned 1 input feature(s) into 1 output feature(s)
2017-02-16 14:10:24|   8.5|  0.0|STATS |Creator_3_CREATED Brancher -1 21(BranchingFactory): Branched 1 input feature -- 1 feature routed to the target factory, and 0 features routed to the fallback factory.
2017-02-16 14:10:24|   8.5|  0.0|STATS |_CREATOR_BRANCH_TARGET(TeeFactory): Cloned 3 input feature(s) into 3 output feature(s)
2017-02-16 14:10:24|   8.5|  0.0|STATS |AttributeManager_2_OUTPUT Feature Counter -1 27(TeeFactory): Cloned 1 input feature(s) into 1 output feature(s)
2017-02-16 14:10:24|   8.5|  0.0|STATS |AttributeManager_OUTPUT Feature Counter -1 26(TeeFactory): Cloned 1 input feature(s) into 1 output feature(s)
2017-02-16 14:10:24|   8.5|  0.0|STATS |AttributeCreator_2_OUTPUT Feature Counter -1 24(TeeFactory): Cloned 2 input feature(s) into 2 output feature(s)
2017-02-16 14:10:24|   8.5|  0.0|STATS |NVDB_Leser (Disabled) Nuker(TeeFactory): Cloned 2 input feature(s) into 0 output feature(s)
2017-02-16 14:10:24|   8.5|  0.0|STATS |NVDB_Leser_Output Feature Counter -1 25(TeeFactory): Cloned 0 input feature(s) into 0 output feature(s)
2017-02-16 14:10:24|   8.5|  0.0|STATS |SchemaMapper_MAPPED Feature Counter -1 28(TeeFactory): Cloned 0 input feature(s) into 0 output feature(s)
2017-02-16 14:10:24|   8.5|  0.0|STATS |SchemaMapper_UNMAPPED Feature Counter -1 34(TeeFactory): Cloned 0 input feature(s) into 0 output feature(s)
2017-02-16 14:10:24|   8.5|  0.0|STATS |SchemaMapper_2_MAPPED Feature Counter -1 29(TeeFactory): Cloned 0 input feature(s) into 0 output feature(s)
2017-02-16 14:10:24|   8.5|  0.0|STATS |SchemaMapper_2_UNMAPPED Feature Counter -1 35(TeeFactory): Cloned 0 input feature(s) into 0 output feature(s)
2017-02-16 14:10:24|   8.5|  0.0|STATS |NullAttributeMapper_3(TeeFactory): Cloned 0 input feature(s) into 0 output feature(s)
2017-02-16 14:10:24|   8.5|  0.0|STATS |NullAttributeMapper_3_OUTPUT Feature Counter -1 30(TeeFactory): Cloned 0 input feature(s) into 0 output feature(s)
2017-02-16 14:10:24|   8.5|  0.0|STATS |SchemaMapper_3 MAPPED Splitter(TeeFactory): Cloned 0 input feature(s) into 0 output feature(s)
2017-02-16 14:10:24|   8.5|  0.0|STATS |SchemaMapper_3_MAPPED_0_A6VLVtEogEg= Feature Counter -1 31(TeeFactory): Cloned 0 input feature(s) into 0 output feature(s)
2017-02-16 14:10:24|   8.5|  0.0|STATS |SchemaMapper_3_MAPPED_1_qGHAZ1qzLRk= Feature Counter -1 32(TeeFactory): Cloned 0 input feature(s) into 0 output feature(s)
2017-02-16 14:10:24|   8.5|  0.0|STATS |NVDB_Leser_Output_DirCreator(CreationFactory): Created 1 features
2017-02-16 14:10:24|   8.5|  0.0|STATS |NVDB_Leser_Output_DirCreatorCleanerUpper(TeeFactory): Cloned 1 input feature(s) into 0 output feature(s)
2017-02-16 14:10:24|   8.5|  0.0|STATS |NVDB_Leser_Output_FeatureDirector(TestFactory): Tested 0 input feature(s) -- 0 feature(s) passed and 0 feature(s) failed
2017-02-16 14:10:24|   8.5|  0.0|STATS |NVDB_Leser_Output___FeatureDirector1(TestFactory): Tested 0 input feature(s) -- 0 feature(s) passed and 0 feature(s) failed
2017-02-16 14:10:24|   8.5|  0.0|STATS |NVDB_Leser_Output_VectorSetterUpper(TeeFactory): Cloned 0 input feature(s) into 0 output feature(s)
2017-02-16 14:10:24|   8.5|  0.0|STATS |NVDB_Leser_Output___PointCloudThinner(TeeFactory): Cloned 0 input feature(s) into 0 output feature(s)
2017-02-16 14:10:24|   8.5|  0.0|STATS |NVDB_Leser_Output_RasterSetterUpper(TeeFactory): Cloned 0 input feature(s) into 0 output feature(s)
2017-02-16 14:10:24|   8.5|  0.0|INFORM|NVDB_Leser_Output_Recorder(RecorderFactory): Recorded 0 feature(s) to file `C:\Users\knjetl\AppData\Local\Temp\NVDBAPI2GML_V2_Vegnett_2017_141000\inspector.ffs'
2017-02-16 14:10:24|   8.5|  0.0|STATS |AttributeCreator_OUTPUT Feature Counter -1 22(TeeFactory): Cloned 1 input feature(s) into 1 output feature(s)
2017-02-16 14:10:24|   8.5|  0.0|STATS |NVDB_Vegnettleser _Input Input Collector(TeeFactory): Cloned 1 input feature(s) into 1 output feature(s)
2017-02-16 14:10:24|   8.5|  0.0|STATS |NVDB_Vegnettleser__Input1487250599 Input Splitter(TeeFactory): Cloned 1 input feature(s) into 1 output feature(s)
2017-02-16 14:10:24|   8.5|  0.0|STATS |NVDB_Vegnettleser__Input Feature Counter 0 41(TeeFactory): Cloned 1 input feature(s) into 1 output feature(s)
2017-02-16 14:10:24|   8.5|  0.0|STATS |NVDB_Vegnettleser_Loop1487250599 Input Splitter(TeeFactory): Cloned 2 input feature(s) into 2 output feature(s)
2017-02-16 14:10:24|   8.5|  0.0|STATS |NVDB_Vegnettleser_Loop Feature Counter 0 42(TeeFactory): Cloned 2 input feature(s) into 2 output feature(s)
2017-02-16 14:10:24|   8.5|  0.0|STATS |NVDB_Vegnettleser_Creator_XML_Creator(CreationFactory): Created 1 features
2017-02-16 14:10:24|   8.5|  0.0|STATS |NVDB_Vegnettleser_Creator_Cloner(TeeFactory): Cloned 1 input feature(s) into 1 output feature(s)
2017-02-16 14:10:24|   8.5|  0.0|STATS |NVDB_Vegnettleser_Creator_CREATED Feature Counter 0 40(TeeFactory): Cloned 1 input feature(s) into 1 output feature(s)
2017-02-16 14:10:24|   8.5|  0.0|STATS |NVDB_Vegnettleser_Creator_CREATED Brancher 0 40(BranchingFactory): Branched 1 input feature -- 1 feature routed to the target factory, and 0 features routed to the fallback factory.
2017-02-16 14:10:24|   8.5|  0.0|STATS |NVDB_Vegnettleser_CREATOR_BRANCH_TARGET(TeeFactory): Cloned 4 input feature(s) into 4 output feature(s)
2017-02-16 14:10:24|   8.5|  0.0|STATS |NVDB_Vegnettleser_AttributeManager_OUTPUT Feature Counter 0 54(TeeFactory): Cloned 1 input feature(s) into 1 output feature(s)
2017-02-16 14:10:24|   8.5|  0.0|STATS |NVDB_Vegnettleser_HTTPCaller_2 Output Splitter(TeeFactory): Cloned 3 input feature(s) into 6 output feature(s)
2017-02-16 14:10:24|   8.5|  0.0|STATS |NVDB_Vegnettleser_HTTPCaller_2_Output_0_6zWy7AuGkwA= Feature Counter 0 45(TeeFactory): Cloned 3 input feature(s) into 3 output feature(s)
2017-02-16 14:10:24|   8.5|  0.0|STATS |NVDB_Vegnettleser_HTTPCaller_2_Output_1_OHGB2lJi0F8= Feature Counter 0 46(TeeFactory): Cloned 3 input feature(s) into 3 output feature(s)
2017-02-16 14:10:24|   8.5|  0.0|STATS |NVDB_Vegnettleser_HTTPCaller_2_<Rejected> Feature Counter 0 2147680260(TeeFactory): Cloned 0 input feature(s) into 0 output feature(s)
2017-02-16 14:10:24|   8.5|  0.0|INFORM|NVDB_Vegnettleser_XMLFragmenter_2(XFMapFactory): Total Results: 3 Mapped Feature(s), 3 Input Feature(s), and 0 Invalid input Feature(s)
2017-02-16 14:10:24|   8.5|  0.0|STATS |NVDB_Vegnettleser_XMLFragmenter_2_FRAGMENTS Feature Counter 0 43(TeeFactory): Cloned 3 input feature(s) into 3 output feature(s)
2017-02-16 14:10:24|   8.5|  0.0|STATS |NVDB_Vegnettleser_TestFilter(TeeFactory): Cloned 3 input feature(s) into 3 output feature(s)
2017-02-16 14:10:24|   8.5|  0.0|STATS |NVDB_Vegnettleser_TestFilter_TestFactory_0(TestFactory): Tested 3 input feature(s) -- 2 feature(s) passed and 1 feature(s) failed
2017-02-16 14:10:24|   8.5|  0.0|STATS |NVDB_Vegnettleser_TestFilter_<lt>UNFILTERED<gt>(TeeFactory): Cloned 1 input feature(s) into 1 output feature(s)
2017-02-16 14:10:24|   8.5|  0.0|STATS |NVDB_Vegnettleser_TestFilter <lt>UNFILTERED<gt> Output Nuker(TeeFactory): Cloned 1 input feature(s) into 0 output feature(s)
2017-02-16 14:10:24|   8.5|  0.0|STATS |NVDB_Vegnettleser_TestFilter_Flere Feature Counter 0 44(TeeFactory): Cloned 2 input feature(s) into 2 output feature(s)
2017-02-16 14:10:24|   8.5|  0.0|INFORM|NVDB_Vegnettleser_XMLFragmenter(XFMapFactory): Total Results: 8933 Mapped Feature(s), 3 Input Feature(s), and 1 Invalid input Feature(s)
2017-02-16 14:10:24|   8.5|  0.0|STATS |NVDB_Vegnettleser_XMLFragmenter_FRAGMENTS Feature Counter 0 48(TeeFactory): Cloned 8933 input feature(s) into 8933 output feature(s)
2017-02-16 14:10:24|   8.5|  0.0|STATS |NVDB_Vegnettleser_StringReplacer(TeeFactory): Cloned 8933 input feature(s) into 8933 output feature(s)
2017-02-16 14:10:24|   8.5|  0.0|STATS |NVDB_Vegnettleser_StringReplacer_OUTPUT Feature Counter 0 75(TeeFactory): Cloned 8933 input feature(s) into 8933 output feature(s)
2017-02-16 14:10:24|   8.5|  0.0|INFORM|Optional `close' method not present; not called
2017-02-16 14:10:24|   8.5|  0.0|STATS |NVDB_Vegnettleser_NVDBTranslator_OUTPUT Feature Counter 0 52(TeeFactory): Cloned 8933 input feature(s) into 8933 output feature(s)
2017-02-16 14:10:24|   8.5|  0.0|STATS |NVDB_Vegnettleser_ListBuilder_fme_type_remover(TeeFactory): Cloned 8933 input feature(s) into 8933 output feature(s)
2017-02-16 14:10:24|   8.5|  0.0|INFORM|NVDB_Vegnettleser_ListExploder(ElementFactory): No MODE specified.  Using default processing mode (CLASSIC)
2017-02-16 14:10:24|   8.5|  0.0|INFORM|Processed 2 elements with mode CLASSIC
2017-02-16 14:10:24|   9.0|  0.5|INFORM|Processing attribute 2 for LEAN or LEAN_AND_MEAN usage
2017-02-16 14:10:29|  13.0|  4.0|INFORM|Processed 1357 elements with mode CLASSIC
2017-02-16 14:10:29|  13.1|  0.1|INFORM|Processing attribute 2 for LEAN or LEAN_AND_MEAN usage
2017-02-16 14:10:34|  18.0|  4.9|INFORM|Processed 3102 elements with mode CLASSIC
2017-02-16 14:10:34|  18.0|  0.0|INFORM|Processing attribute 2 for LEAN or LEAN_AND_MEAN usage
2017-02-16 14:10:39|  23.0|  5.0|INFORM|Processing attribute 2 for LEAN or LEAN_AND_MEAN usage
2017-02-16 14:10:39|  23.0|  0.0|INFORM|Processed 4892 elements with mode CLASSIC
2017-02-16 14:10:44|  28.0|  5.0|INFORM|Processed 6667 elements with mode CLASSIC
2017-02-16 14:10:44|  28.0|  0.1|INFORM|Processing attribute 2 for LEAN or LEAN_AND_MEAN usage
2017-02-16 14:10:49|  32.9|  4.9|INFORM|Processed 8427 elements with mode CLASSIC
2017-02-16 14:10:49|  32.9|  0.0|INFORM|Processing attribute 2 for LEAN or LEAN_AND_MEAN usage
2017-02-16 14:10:50|  34.5|  1.6|STATS |NVDB_Vegnettleser_ListBuilder(ListFactory): Combined 8933 input feature(s) into 4047 output feature(s), including 0 singleton(s)
2017-02-16 14:10:50|  34.5|  0.0|STATS |NVDB_Vegnettleser_ListBuilder_OUTPUT Feature Counter 0 55(TeeFactory): Cloned 4047 input feature(s) into 4047 output feature(s)
2017-02-16 14:10:50|  34.5|  0.0|STATS |NVDB_Vegnettleser_ListSorter(TeeFactory): Cloned 4047 input feature(s) into 4047 output feature(s)
2017-02-16 14:10:50|  34.5|  0.0|STATS |NVDB_Vegnettleser_ListSorter_OUTPUT Feature Counter 0 59(TeeFactory): Cloned 4047 input feature(s) into 4047 output feature(s)
2017-02-16 14:10:50|  34.5|  0.0|STATS |NVDB_Vegnettleser_AttributeCreator_OUTPUT Feature Counter 0 58(TeeFactory): Cloned 4047 input feature(s) into 4047 output feature(s)
2017-02-16 14:10:50|  34.5|  0.0|INFORM|Optional `close' method not present; not called
2017-02-16 14:10:50|  34.5|  0.0|STATS |NVDB_Vegnettleser_Veglenkereferanser OUTPUT Splitter(TeeFactory): Cloned 4047 input feature(s) into 8094 output feature(s)
2017-02-16 14:10:50|  34.5|  0.0|STATS |NVDB_Vegnettleser_Veglenkereferanser_OUTPUT_0_wQ+1cLsV8dA= Feature Counter 0 56(TeeFactory): Cloned 4047 input feature(s) into 4047 output feature(s)
2017-02-16 14:10:50|  34.5|  0.0|STATS |NVDB_Vegnettleser_Veglenkereferanser_OUTPUT_1_5/AYlbxkirA= Feature Counter 0 57(TeeFactory): Cloned 4047 input feature(s) into 4047 output feature(s)
2017-02-16 14:10:50|  34.5|  0.0|STATS |NVDB_Vegnettleser_ListExploder(ElementFactory): Split out 8933 list elements from 4047 input features, using mode CLASSIC
2017-02-16 14:10:50|  34.5|  0.0|STATS |NVDB_Vegnettleser_ListExploder_ELEMENTS Feature Counter 0 60(TeeFactory): Cloned 8933 input feature(s) into 8933 output feature(s)
2017-02-16 14:10:50|  34.5|  0.0|STATS |NVDB_Vegnettleser_ListExploder_<REJECTED> Feature Counter 0 2147680272(TeeFactory): Cloned 0 input feature(s) into 0 output feature(s)
2017-02-16 14:10:50|  34.5|  0.0|STATS |NVDB_Vegnettleser_GeometryReplacer(TeeFactory): Cloned 8933 input feature(s) into 8933 output feature(s)
2017-02-16 14:10:50|  34.5|  0.0|STATS |NVDB_Vegnettleser_GeometryReplacer_Rejector(TestFactory): Tested 8933 input feature(s) -- 0 feature(s) passed and 8933 feature(s) failed
2017-02-16 14:10:50|  34.5|  0.0|STATS |NVDB_Vegnettleser_GeometryReplacer_OUTPUT Feature Counter 0 47(TeeFactory): Cloned 8933 input feature(s) into 8933 output feature(s)
2017-02-16 14:10:50|  34.5|  0.0|STATS |NVDB_Vegnettleser_GeometryReplacer_<REJECTED> Feature Counter 0 2147680261(TeeFactory): Cloned 0 input feature(s) into 0 output feature(s)
2017-02-16 14:10:50|  34.5|  0.0|STATS |NVDB_Vegnettleser_CoordinateSystemSetter(TeeFactory): Cloned 8933 input feature(s) into 8933 output feature(s)
2017-02-16 14:10:50|  34.5|  0.0|STATS |NVDB_Vegnettleser_CoordinateSystemSetter OUTPUT Splitter(TeeFactory): Cloned 8933 input feature(s) into 26799 output feature(s)
2017-02-16 14:10:50|  34.5|  0.0|STATS |NVDB_Vegnettleser_CoordinateSystemSetter_OUTPUT_0_cm4t/4VQLRY= Feature Counter 0 49(TeeFactory): Cloned 8933 input feature(s) into 8933 output feature(s)
2017-02-16 14:10:50|  34.5|  0.0|STATS |NVDB_Vegnettleser_CoordinateSystemSetter_OUTPUT_1_UKiLBOGisdI= Feature Counter 0 50(TeeFactory): Cloned 8933 input feature(s) into 8933 output feature(s)
2017-02-16 14:10:50|  34.5|  0.0|STATS |NVDB_Vegnettleser_CoordinateSystemSetter_OUTPUT_2_vNXcMnUJ+AU= Feature Counter 0 51(TeeFactory): Cloned 8933 input feature(s) into 8933 output feature(s)
2017-02-16 14:10:50|  34.5|  0.0|STATS |NVDB_Vegnettleser_GeometryPropertySetter_4_Outputter(TeeFactory): Cloned 8933 input feature(s) into 8933 output feature(s)
2017-02-16 14:10:50|  34.5|  0.0|STATS |NVDB_Vegnettleser_GeometryPropertySetter_4_SET Feature Counter 0 53(TeeFactory): Cloned 8933 input feature(s) into 8933 output feature(s)
2017-02-16 14:10:50|  34.5|  0.0|STATS |NVDB_Vegnettleser_DateFormatter(TeeFactory): Cloned 8933 input feature(s) into 8933 output feature(s)
2017-02-16 14:10:50|  34.5|  0.0|STATS |NVDB_Vegnettleser_DateFormatter_OUTPUT Feature Counter 0 61(TeeFactory): Cloned 8933 input feature(s) into 8933 output feature(s)
2017-02-16 14:10:50|  34.5|  0.0|STATS |NVDB_Vegnettleser_AttributeValueMapper(TeeFactory): Cloned 8933 input feature(s) into 8933 output feature(s)
2017-02-16 14:10:50|  34.5|  0.0|STATS |NVDB_Vegnettleser_AttributeValueMapper OUTPUT Splitter(TeeFactory): Cloned 8933 input feature(s) into 17866 output feature(s)
2017-02-16 14:10:50|  34.5|  0.0|STATS |NVDB_Vegnettleser_AttributeValueMapper_OUTPUT_0_cxV86hGTAu4= Feature Counter 0 62(TeeFactory): Cloned 8933 input feature(s) into 8933 output feature(s)
2017-02-16 14:10:50|  34.5|  0.0|STATS |NVDB_Vegnettleser_AttributeValueMapper_OUTPUT_1_i7sqXoYVi3U= Feature Counter 0 63(TeeFactory): Cloned 8933 input feature(s) into 8933 output feature(s)
2017-02-16 14:10:50|  34.5|  0.0|STATS |NVDB_Vegnettleser_AttributeValueMapper_2(TeeFactory): Cloned 8933 input feature(s) into 8933 output feature(s)
2017-02-16 14:10:50|  34.5|  0.0|STATS |NVDB_Vegnettleser_AttributeValueMapper_2_OUTPUT Feature Counter 0 65(TeeFactory): Cloned 8933 input feature(s) into 8933 output feature(s)
2017-02-16 14:10:50|  34.5|  0.0|STATS |NVDB_Vegnettleser_AttributeCreator_2_OUTPUT Feature Counter 0 64(TeeFactory): Cloned 8933 input feature(s) into 8933 output feature(s)
2017-02-16 14:10:50|  34.5|  0.0|STATS |NVDB_Vegnettleser_AttributeRemover(TeeFactory): Cloned 8933 input feature(s) into 8933 output feature(s)
2017-02-16 14:10:50|  34.5|  0.0|STATS |NVDB_Vegnettleser_AttributeRemover_OUTPUT Feature Counter 0 76(TeeFactory): Cloned 8933 input feature(s) into 8933 output feature(s)
2017-02-16 14:10:50|  34.5|  0.0|STATS |NVDB_Vegnettleser_AttributeValueMapper_Output_DirCreator(CreationFactory): Created 1 features
2017-02-16 14:10:50|  34.5|  0.0|STATS |NVDB_Vegnettleser_AttributeValueMapper_Output_DirCreatorCleanerUpper(TeeFactory): Cloned 1 input feature(s) into 0 output feature(s)
2017-02-16 14:10:50|  34.5|  0.0|STATS |NVDB_Vegnettleser_AttributeValueMapper_Output_FeatureDirector(TestFactory): Tested 8933 input feature(s) -- 0 feature(s) passed and 8933 feature(s) failed
2017-02-16 14:10:50|  34.5|  0.0|STATS |NVDB_Vegnettleser_AttributeValueMapper_Output___FeatureDirector1(TestFactory): Tested 8933 input feature(s) -- 0 feature(s) passed and 8933 feature(s) failed
2017-02-16 14:10:50|  34.5|  0.0|STATS |NVDB_Vegnettleser_AttributeValueMapper_Output_VectorSetterUpper(TeeFactory): Cloned 8933 input feature(s) into 8933 output feature(s)
2017-02-16 14:10:50|  34.5|  0.0|STATS |NVDB_Vegnettleser_AttributeValueMapper_Output___PointCloudThinner(TeeFactory): Cloned 0 input feature(s) into 0 output feature(s)
2017-02-16 14:10:50|  34.5|  0.0|STATS |NVDB_Vegnettleser_AttributeValueMapper_Output_RasterSetterUpper(TeeFactory): Cloned 0 input feature(s) into 0 output feature(s)
2017-02-16 14:10:50|  34.5|  0.0|INFORM|NVDB_Vegnettleser_AttributeValueMapper_Output_Recorder(RecorderFactory): Recorded 8933 feature(s) to file `C:\Users\knjetl\AppData\Local\Temp\NVDBAPI2GML_V2_Vegnett_2017_141000\inspector.ffs'
2017-02-16 14:10:50|  34.5|  0.0|STATS |NVDB_Vegnettleser_AttributeManager_3_OUTPUT Feature Counter 0 69(TeeFactory): Cloned 8933 input feature(s) into 8933 output feature(s)
2017-02-16 14:10:50|  34.5|  0.0|STATS |f_121(TestFactory): Tested 8933 input feature(s) -- 0 feature(s) passed and 8933 feature(s) failed
2017-02-16 14:10:50|  34.5|  0.0|STATS |NVDB_Vegnettleser_CoordinateExtractor_PASSED(TestFactory): Tested 0 input feature(s) -- 0 feature(s) passed and 0 feature(s) failed
2017-02-16 14:10:50|  34.5|  0.0|STATS |NVDB_Vegnettleser_CoordinateExtractor_FAILED(TestFactory): Tested 8933 input feature(s) -- 67 feature(s) passed and 8866 feature(s) failed
2017-02-16 14:10:50|  34.5|  0.0|STATS |NVDB_Vegnettleser_CoordinateExtractor_FAILED_PASSED(TestFactory): Tested 67 input feature(s) -- 67 feature(s) passed and 0 feature(s) failed
2017-02-16 14:10:50|  34.5|  0.0|STATS |NVDB_Vegnettleser_CoordinateExtractor_OUTPUT Feature Counter 0 66(TeeFactory): Cloned 8933 input feature(s) into 8933 output feature(s)
2017-02-16 14:10:50|  34.5|  0.0|STATS |NVDB_Vegnettleser_AttributeManager_2_OUTPUT Feature Counter 0 68(TeeFactory): Cloned 8933 input feature(s) into 8933 output feature(s)
2017-02-16 14:10:50|  34.5|  0.0|STATS |f_128(TestFactory): Tested 8933 input feature(s) -- 0 feature(s) passed and 8933 feature(s) failed
2017-02-16 14:10:50|  34.5|  0.0|STATS |NVDB_Vegnettleser_CoordinateExtractor_2_PASSED(TestFactory): Tested 0 input feature(s) -- 0 feature(s) passed and 0 feature(s) failed
2017-02-16 14:10:50|  34.5|  0.0|STATS |NVDB_Vegnettleser_CoordinateExtractor_2_FAILED(TestFactory): Tested 8933 input feature(s) -- 67 feature(s) passed and 8866 feature(s) failed
2017-02-16 14:10:50|  34.5|  0.0|STATS |NVDB_Vegnettleser_CoordinateExtractor_2_FAILED_PASSED(TestFactory): Tested 67 input feature(s) -- 67 feature(s) passed and 0 feature(s) failed
2017-02-16 14:10:50|  34.5|  0.0|STATS |NVDB_Vegnettleser_CoordinateExtractor_2_OUTPUT Feature Counter 0 67(TeeFactory): Cloned 8933 input feature(s) into 8933 output feature(s)
2017-02-16 14:10:50|  34.5|  0.0|STATS |NVDB_Vegnettleser_AttributeKeeper(TeeFactory): Cloned 17866 input feature(s) into 17866 output feature(s)
2017-02-16 14:10:50|  34.5|  0.0|STATS |NVDB_Vegnettleser_AttributeKeeper_OUTPUT Feature Counter 0 72(TeeFactory): Cloned 17866 input feature(s) into 17866 output feature(s)
2017-02-16 14:10:50|  34.5|  0.0|STATS |NVDB_Vegnettleser_DuplicateFilter_UNIQUE Feature Counter 0 71(TeeFactory): Cloned 7267 input feature(s) into 7267 output feature(s)
2017-02-16 14:10:50|  34.5|  0.0|STATS |NVDB_Vegnettleser_VertexCreator_OUTPUT Feature Counter 0 70(TeeFactory): Cloned 7267 input feature(s) into 7267 output feature(s)
2017-02-16 14:10:50|  34.5|  0.0|STATS |NVDB_Vegnettleser_VertexCreator_<REJECTED> Feature Counter 0 2147680281(TeeFactory): Cloned 0 input feature(s) into 0 output feature(s)
2017-02-16 14:10:50|  34.5|  0.0|STATS |NVDB_Vegnettleser_GeometryPropertySetter_2_Outputter(TeeFactory): Cloned 7267 input feature(s) into 7267 output feature(s)
2017-02-16 14:10:50|  34.5|  0.0|STATS |NVDB_Vegnettleser_GeometryPropertySetter_2_SET Feature Counter 0 74(TeeFactory): Cloned 7267 input feature(s) into 7267 output feature(s)
2017-02-16 14:10:50|  34.5|  0.0|STATS |NVDB_Vegnettleser_AttributeManager_4_OUTPUT Feature Counter 0 73(TeeFactory): Cloned 7267 input feature(s) into 7267 output feature(s)
2017-02-16 14:10:50|  34.5|  0.0|STATS |Loop to NVDB_Vegnettleser_Loop1487250599 Input Splitter(BranchingFactory): Branched 2 input features -- 2 features routed to the target factory, and 0 features routed to the fallback factory.
2017-02-16 14:10:50|  34.5|  0.0|STATS |NVDB_Vegnettleser_Veglenke1487250599 Output Collector(TeeFactory): Cloned 8933 input feature(s) into 8933 output feature(s)
2017-02-16 14:10:50|  34.5|  0.0|STATS |NVDB_Vegnettleser_Nettverk1487250599 Output Collector(TeeFactory): Cloned 1 input feature(s) into 1 output feature(s)
2017-02-16 14:10:50|  34.5|  0.0|STATS |NVDB_Vegnettleser_Veglenkesekvens1487250599 Output Collector(TeeFactory): Cloned 4047 input feature(s) into 4047 output feature(s)
2017-02-16 14:10:50|  34.5|  0.0|STATS |NVDB_Vegnettleser_Vegnode1487250599 Output Collector(TeeFactory): Cloned 7267 input feature(s) into 7267 output feature(s)
2017-02-16 14:10:50|  34.5|  0.0|STATS |NVDB_Vegnettleser Nettverk Output Renamer/Nuker(TeeFactory): Cloned 1 input feature(s) into 1 output feature(s)
2017-02-16 14:10:50|  34.5|  0.0|STATS |NVDB_Vegnettleser Veglenkesekvens Output Renamer/Nuker(TeeFactory): Cloned 4047 input feature(s) into 4047 output feature(s)
2017-02-16 14:10:50|  34.5|  0.0|STATS |NVDB_Vegnettleser Veglenke Output Renamer/Nuker(TeeFactory): Cloned 8933 input feature(s) into 8933 output feature(s)
2017-02-16 14:10:50|  34.5|  0.0|STATS |NVDB_Vegnettleser Vegnode Output Renamer/Nuker(TeeFactory): Cloned 7267 input feature(s) into 7267 output feature(s)
2017-02-16 14:10:50|  34.5|  0.0|STATS |NVDB_Vegnettleser Veglenke Splitter(TeeFactory): Cloned 8933 input feature(s) into 26799 output feature(s)
2017-02-16 14:10:50|  34.5|  0.0|STATS |NVDB_Vegnettleser_Nettverk Feature Counter -1 23(TeeFactory): Cloned 1 input feature(s) into 1 output feature(s)
2017-02-16 14:10:50|  34.5|  0.0|STATS |NVDB_Vegnettleser_Veglenkesekvens Feature Counter -1 33(TeeFactory): Cloned 4047 input feature(s) into 4047 output feature(s)
2017-02-16 14:10:50|  34.5|  0.0|STATS |NVDB_Vegnettleser_Veglenke_0_loGdQLWzaNA= Feature Counter -1 36(TeeFactory): Cloned 8933 input feature(s) into 8933 output feature(s)
2017-02-16 14:10:50|  34.5|  0.0|STATS |NVDB_Vegnettleser_Veglenke_1_f7LQ57cxIWQ= Feature Counter -1 37(TeeFactory): Cloned 8933 input feature(s) into 8933 output feature(s)
2017-02-16 14:10:50|  34.5|  0.0|STATS |NVDB_Vegnettleser_Veglenke_2_461Fboibkwg= Feature Counter -1 38(TeeFactory): Cloned 8933 input feature(s) into 8933 output feature(s)
2017-02-16 14:10:50|  34.5|  0.0|STATS |NVDB_Vegnettleser_Vegnode Feature Counter -1 39(TeeFactory): Cloned 7267 input feature(s) into 7267 output feature(s)
2017-02-16 14:10:50|  34.7|  0.2|STATS |NVDB_Vegnettleser_Veglenke_DirCreator(CreationFactory): Created 1 features
2017-02-16 14:10:50|  34.7|  0.0|STATS |NVDB_Vegnettleser_Veglenke_DirCreatorCleanerUpper(TeeFactory): Cloned 1 input feature(s) into 0 output feature(s)
2017-02-16 14:10:50|  34.7|  0.0|STATS |NVDB_Vegnettleser_Veglenke_FeatureDirector(TestFactory): Tested 8933 input feature(s) -- 0 feature(s) passed and 8933 feature(s) failed
2017-02-16 14:10:50|  34.7|  0.0|STATS |NVDB_Vegnettleser_Veglenke___FeatureDirector1(TestFactory): Tested 8933 input feature(s) -- 0 feature(s) passed and 8933 feature(s) failed
2017-02-16 14:10:50|  34.7|  0.0|STATS |NVDB_Vegnettleser_Veglenke_VectorSetterUpper(TeeFactory): Cloned 8933 input feature(s) into 8933 output feature(s)
2017-02-16 14:10:50|  34.7|  0.0|STATS |NVDB_Vegnettleser_Veglenke___PointCloudThinner(TeeFactory): Cloned 0 input feature(s) into 0 output feature(s)
2017-02-16 14:10:50|  34.7|  0.0|STATS |NVDB_Vegnettleser_Veglenke_RasterSetterUpper(TeeFactory): Cloned 0 input feature(s) into 0 output feature(s)
2017-02-16 14:10:50|  34.7|  0.0|INFORM|NVDB_Vegnettleser_Veglenke_Recorder(RecorderFactory): Recorded 8933 feature(s) to file `C:\Users\knjetl\AppData\Local\Temp\NVDBAPI2GML_V2_Vegnett_2017_141000\inspector.ffs'
2017-02-16 14:10:50|  34.7|  0.0|STATS |Destination Feature Type Routing Correlator(RoutingFactory): Tested 20248 input feature(s), wrote 20248 output feature(s): 0 matched merge filters, 20248 were routed to output, 0 could not be routed.
2017-02-16 14:10:50|  34.7|  0.0|STATS |Final Output Nuker(TeeFactory): Cloned 0 input feature(s) into 0 output feature(s)
2017-02-16 14:10:50|  34.7|  0.0|STATS |_Value_fme_feature_type__DirCreator(CreationFactory): Created 1 features
2017-02-16 14:10:50|  34.7|  0.0|STATS |_Value_fme_feature_type__DirCreatorCleanerUpper(TeeFactory): Cloned 1 input feature(s) into 0 output feature(s)
2017-02-16 14:10:50|  34.7|  0.0|STATS |_Value_fme_feature_type__FeatureDirector(TestFactory): Tested 20248 input feature(s) -- 0 feature(s) passed and 20248 feature(s) failed
2017-02-16 14:10:50|  34.7|  0.0|STATS |_Value_fme_feature_type____FeatureDirector1(TestFactory): Tested 20248 input feature(s) -- 0 feature(s) passed and 20248 feature(s) failed
2017-02-16 14:10:50|  34.7|  0.0|STATS |_Value_fme_feature_type__VectorSetterUpper(TeeFactory): Cloned 20248 input feature(s) into 20248 output feature(s)
2017-02-16 14:10:50|  34.7|  0.0|STATS |_Value_fme_feature_type____PointCloudThinner(TeeFactory): Cloned 0 input feature(s) into 0 output feature(s)
2017-02-16 14:10:50|  34.7|  0.0|STATS |_Value_fme_feature_type__RasterSetterUpper(TeeFactory): Cloned 0 input feature(s) into 0 output feature(s)
2017-02-16 14:10:50|  34.7|  0.0|INFORM|Saving spatial index into file 'C:\Users\knjetl\AppData\Local\Temp\NVDBAPI2GML_V2_Vegnett_2017_141000\inspector.fsi'
2017-02-16 14:10:50|  34.8|  0.0|INFORM|Finished saving spatial index into file 'C:\Users\knjetl\AppData\Local\Temp\NVDBAPI2GML_V2_Vegnett_2017_141000\inspector.fsi'
2017-02-16 14:10:50|  34.8|  0.0|STATS |Stored 38114 feature(s) to FME feature store file `C:\Users\knjetl\AppData\Local\Temp\NVDBAPI2GML_V2_Vegnett_2017_141000\inspector.ffs'
2017-02-16 14:10:50|  34.8|  0.0|INFORM|_Value_fme_feature_type__Recorder(RecorderFactory): Recorded 20248 feature(s) to file `C:\Users\knjetl\AppData\Local\Temp\NVDBAPI2GML_V2_Vegnett_2017_141000\inspector.ffs'
2017-02-16 14:10:50|  34.8|  0.0|STATS |@Value(fme_feature_type) Output Nuker(TeeFactory): Cloned 0 input feature(s) into 0 output feature(s)
2017-02-16 14:10:50|  34.8|  0.0|STATS |f_181(CreationFactory): Created 1 features
2017-02-16 14:10:50|  34.8|  0.0|STATS |f_182(TeeFactory): Cloned 1 input feature(s) into 0 output feature(s)
2017-02-16 14:10:50|  34.8|  0.0|INFORM|=-=-=-=-=-=-=-=-=-=-=-=-=-=-=-=-=-=-=-=-=-=-=-=-=-=-=-=-=-=-=-=-=-=-=-=-=-=-=-
2017-02-16 14:10:50|  34.8|  0.0|INFORM|Feature output statistics for `FFS' writer using keyword `W_1':
2017-02-16 14:10:50|  34.8|  0.0|STATS |=-=-=-=-=-=-=-=-=-=-=-=-=-=-=-=-=-=-=-=-=-=-=-=-=-=-=-=-=-=-=-=-=-=-=-=-=-=-=-
2017-02-16 14:10:50|  34.8|  0.0|STATS |                               Features Written
2017-02-16 14:10:50|  34.8|  0.0|STATS |=-=-=-=-=-=-=-=-=-=-=-=-=-=-=-=-=-=-=-=-=-=-=-=-=-=-=-=-=-=-=-=-=-=-=-=-=-=-=-
2017-02-16 14:10:50|  34.8|  0.0|STATS |==============================================================================
2017-02-16 14:10:50|  34.8|  0.0|STATS |Total Features Written                                                       0
2017-02-16 14:10:50|  34.8|  0.0|STATS |=-=-=-=-=-=-=-=-=-=-=-=-=-=-=-=-=-=-=-=-=-=-=-=-=-=-=-=-=-=-=-=-=-=-=-=-=-=-=-
2017-02-16 14:10:50|  34.8|  0.0|STATS |=-=-=-=-=-=-=-=-=-=-=-=-=-=-=-=-=-=-=-=-=-=-=-=-=-=-=-=-=-=-=-=-=-=-=-=-=-=-=-
2017-02-16 14:10:50|  34.8|  0.0|STATS |                            Features Read Summary
2017-02-16 14:10:50|  34.8|  0.0|STATS |=-=-=-=-=-=-=-=-=-=-=-=-=-=-=-=-=-=-=-=-=-=-=-=-=-=-=-=-=-=-=-=-=-=-=-=-=-=-=-
2017-02-16 14:10:50|  34.8|  0.0|STATS |==============================================================================
2017-02-16 14:10:50|  34.8|  0.0|STATS |Total Features Read                                                          0
2017-02-16 14:10:50|  34.8|  0.0|STATS |=-=-=-=-=-=-=-=-=-=-=-=-=-=-=-=-=-=-=-=-=-=-=-=-=-=-=-=-=-=-=-=-=-=-=-=-=-=-=-
2017-02-16 14:10:50|  34.8|  0.0|STATS |=-=-=-=-=-=-=-=-=-=-=-=-=-=-=-=-=-=-=-=-=-=-=-=-=-=-=-=-=-=-=-=-=-=-=-=-=-=-=-
2017-02-16 14:10:50|  34.8|  0.0|STATS |                           Features Written Summary
2017-02-16 14:10:50|  34.8|  0.0|STATS |=-=-=-=-=-=-=-=-=-=-=-=-=-=-=-=-=-=-=-=-=-=-=-=-=-=-=-=-=-=-=-=-=-=-=-=-=-=-=-
2017-02-16 14:10:50|  34.8|  0.0|STATS |==============================================================================
2017-02-16 14:10:50|  34.8|  0.0|STATS |Total Features Written                                                       0
2017-02-16 14:10:50|  34.8|  0.0|STATS |=-=-=-=-=-=-=-=-=-=-=-=-=-=-=-=-=-=-=-=-=-=-=-=-=-=-=-=-=-=-=-=-=-=-=-=-=-=-=-
2017-02-16 14:10:50|  34.8|  0.0|WARN  |-~-~-~-~-~-~-~-~-~-~-~-~-~-~-~-~-~-~-~-~-~-~-~-~-~-~-~-~-~-~-~-~-~-~-~-~-~-~-~-~-
2017-02-16 14:10:50|  34.8|  0.0|WARN  |-~                                                                             ~-
2017-02-16 14:10:50|  34.8|  0.0|WARN  |-~     *** All writer output has been redirected to the Data Inspector ***     ~-
2017-02-16 14:10:50|  34.8|  0.0|WARN  |-~                                                                             ~-
2017-02-16 14:10:50|  34.8|  0.0|WARN  |-~-~-~-~-~-~-~-~-~-~-~-~-~-~-~-~-~-~-~-~-~-~-~-~-~-~-~-~-~-~-~-~-~-~-~-~-~-~-~-~-
2017-02-16 14:10:50|  34.8|  0.0|INFORM|Translation was SUCCESSFUL with 5 warning(s) (0 feature(s) output)
2017-02-16 14:10:50|  34.8|  0.0|INFORM|FME Session Duration: 51.4 seconds. (CPU: 32.1s user, 2.1s system)
2017-02-16 14:10:50|  34.8|  0.0|INFORM|END - ProcessID: 11652, peak process memory usage: 328172 kB, current process memory usage: 171388 kB
