2015-10-05 08:46:06|   0.0|  0.0|INFORM|FME 2016.0.0.0 Beta (20150909 - Build 16085 - WIN64)
2015-10-05 08:46:06|   0.0|  0.0|INFORM|FME_HOME is 'C:\Program Files\FME2016\64\'
2015-10-05 08:46:06|   0.0|  0.0|INFORM|FME ESRI Edition (node locked-crc)
2015-10-05 08:46:06|   0.0|  0.0|INFORM|Serial Number: S0601A0917
2015-10-05 08:46:06|   0.0|  0.0|INFORM|Permanent License.
2015-10-05 08:46:06|   0.0|  0.0|INFORM|Machine host name is: SVV-55247
2015-10-05 08:46:06|   0.0|  0.0|INFORM|START - ProcessID: 9316, peak process memory usage: 38724 kB, current process memory usage: 38724 kB
2015-10-05 08:46:06|   0.0|  0.0|INFORM|FME Configuration: Command line arguments are `C:\Program Files\FME2016\64\fme.exe' `C:/DATA/Standardisering/NVDBGML/FME\wb-xlate-1444027566280_8984' `LOG_STANDARDOUT' `YES' `LogCountServerName' `{a8fa78f7-2465-484c-a441-7f49026d30ae}'
2015-10-05 08:46:06|   0.1|  0.0|INFORM|Shared folders for formats are : C:\Program Files\FME2016\64\datasources;C:\Users\knjetl\AppData\Roaming\Safe Software\FME\FME Store\Formats;\\SVV1P04AUSER01\KNJETL$\documents\FME\Formats
2015-10-05 08:46:06|   0.1|  0.0|INFORM|Shared folders for transformers are : C:\Program Files\FME2016\64\transformers;C:\Users\knjetl\AppData\Roaming\Safe Software\FME\FME Store\Transformers;\\SVV1P04AUSER01\KNJETL$\documents\FME\Transformers
2015-10-05 08:46:06|   0.1|  0.0|INFORM|Shared folders for coordinate systems are : \\SVV1P04AUSER01\KNJETL$\documents\FME\CoordinateSystems
2015-10-05 08:46:06|   0.1|  0.0|INFORM|Shared folders for coordinate system exceptions are : \\SVV1P04AUSER01\KNJETL$\documents\FME\CoordinateSystemExceptions
2015-10-05 08:46:06|   0.1|  0.0|INFORM|Shared folders for coordinate system grid overrides are : \\SVV1P04AUSER01\KNJETL$\documents\FME\CoordinateSystemGridOverrides
2015-10-05 08:46:06|   0.1|  0.0|INFORM|Shared folders for CS-MAP transformation exceptions are : \\SVV1P04AUSER01\KNJETL$\documents\FME\CsmapTransformationExceptions
2015-10-05 08:46:06|   0.1|  0.0|INFORM|Shared folders for transformer categories are : \\SVV1P04AUSER01\KNJETL$\documents\FME\TransformerCategories
2015-10-05 08:46:06|   0.1|  0.0|INFORM|FME Configuration: Reader Keyword is `NULL_SOURCE'
2015-10-05 08:46:06|   0.1|  0.0|INFORM|FME Configuration: Writer Keyword is `MULTI_WRITER'
2015-10-05 08:46:06|   0.1|  0.0|INFORM|FME Configuration: Writer Group Definition Keyword is `MULTI_WRITER_DEF'
2015-10-05 08:46:06|   0.1|  0.0|INFORM|FME Configuration: Reader type is `NULL'
2015-10-05 08:46:06|   0.1|  0.0|INFORM|FME Configuration: Writer type is `MULTI_WRITER'
2015-10-05 08:46:06|   0.1|  0.0|INFORM|FME Configuration: No destination coordinate system set
2015-10-05 08:46:06|   0.1|  0.0|INFORM|FME Configuration: Current working folder is `C:\DATA\Standardisering\NVDBGML\FME'
2015-10-05 08:46:06|   0.1|  0.0|INFORM|FME Configuration: Temporary folder is `C:\Users\knjetl\AppData\Local\Temp'
2015-10-05 08:46:06|   0.1|  0.0|INFORM|FME Configuration: FME_HOME is `C:\Program Files\FME2016\64\'
2015-10-05 08:46:06|   0.1|  0.0|INFORM|FME Configuration: FME_BASE is 'no'
2015-10-05 08:46:06|   0.1|  0.0|INFORM|FME Configuration: FME_MF_DIR is 'C:\DATA\Standardisering\NVDBGML\FME/'
2015-10-05 08:46:06|   0.1|  0.0|INFORM|FME Configuration: FME_MF_NAME is 'Vegnett_TNE2GML.fmw'
2015-10-05 08:46:06|   0.1|  0.0|INFORM|FME Configuration: FME_PRODUCT_NAME is 'FME(R) 2016.0.0.0'
2015-10-05 08:46:06|   0.1|  0.0|INFORM|System Status: 110.40 GB of disk space available in the FME temporary folder (C:\Users\knjetl\AppData\Local\Temp)
2015-10-05 08:46:06|   0.1|  0.0|INFORM|System Status: 8.00 TB of virtual memory available
2015-10-05 08:46:06|   0.1|  0.0|INFORM|Operating System: Microsoft Windows 7 64-bit Service Pack 1 (Build 7601)
2015-10-05 08:46:06|   0.1|  0.0|INFORM|FME Platform: WIN64
2015-10-05 08:46:06|   0.1|  0.0|INFORM|Locale: nb_NO
2015-10-05 08:46:06|   0.1|  0.0|INFORM|Code Page: 1252  (ANSI - latin I)
2015-10-05 08:46:06|   0.1|  0.0|INFORM|FME Configuration: Process limits are 31.91 GB of physical memory and 8.00 TB of address space
2015-10-05 08:46:06|   0.1|  0.0|INFORM|FME Configuration: Start freeing memory when process usage exceeds 12.00 GB of memory or 8.00 TB of address space
2015-10-05 08:46:06|   0.1|  0.0|INFORM|FME Configuration: Stop freeing memory when process usage is below 9.00 GB of memory and 6.00 TB of address space
2015-10-05 08:46:06|   0.1|  0.0|INFORM|Creating writer for format: 
2015-10-05 08:46:06|   0.1|  0.0|INFORM|Creating reader for format: NULL (Nothing)
2015-10-05 08:46:06|   0.1|  0.0|INFORM|Trying to find a DYNAMIC plugin for reader named `NULL'
2015-10-05 08:46:06|   0.1|  0.0|INFORM|Loaded module 'NULL' from file 'C:\Program Files\FME2016\64\plugins/NULL.dll'
2015-10-05 08:46:06|   0.1|  0.0|INFORM|FME API version of module 'NULL' matches current internal version (3.8 20150716)
2015-10-05 08:46:06|   0.1|  0.0|INFORM|Using MultiWriter $Revision$ ( $Date$ ) with keyword `MULTI_WRITER' to output data (ID_ATTRIBUTE is `multi_writer_id')
2015-10-05 08:46:06|   0.1|  0.0|INFORM|Writer output will be ordered by value of multi_writer_id
2015-10-05 08:46:06|   0.1|  0.0|INFORM|Loaded module 'LogCount_func' from file 'C:\Program Files\FME2016\64\plugins/LogCount_func.dll'
2015-10-05 08:46:06|   0.1|  0.0|INFORM|FME API version of module 'LogCount_func' matches current internal version (3.8 20150716)
2015-10-05 08:46:06|   0.1|  0.0|INFORM|Creating writer for format: FME Feature Store (FFS)
2015-10-05 08:46:06|   0.1|  0.0|INFORM|FME Configuration: No destination coordinate system set
2015-10-05 08:46:06|   0.2|  0.0|INFORM|Loaded module 'Geometry_func' from file 'C:\Program Files\FME2016\64\plugins/Geometry_func.dll'
2015-10-05 08:46:06|   0.2|  0.0|INFORM|FME API version of module 'Geometry_func' matches current internal version (3.8 20150716)
2015-10-05 08:46:06|   0.2|  0.0|INFORM|Loaded module 'QueryFactory' from file 'C:\Program Files\FME2016\64\plugins/QueryFactory.dll'
2015-10-05 08:46:06|   0.2|  0.0|INFORM|FME API version of module 'QueryFactory' matches current internal version (3.8 20150716)
2015-10-05 08:46:06|   0.2|  0.0|INFORM|... Last line repeated 2 times ...
2015-10-05 08:46:06|   0.2|  0.0|INFORM|Loaded module 'GQueryFactory' from file 'C:\Program Files\FME2016\64\plugins/GQueryFactory.dll'
2015-10-05 08:46:06|   0.2|  0.0|INFORM|FME API version of module 'GQueryFactory' matches current internal version (3.8 20150716)
2015-10-05 08:46:06|   0.2|  0.0|INFORM|Loaded module 'PythonFactory' from file 'C:\Program Files\FME2016\64\plugins/PythonFactory.dll'
2015-10-05 08:46:06|   0.2|  0.0|INFORM|FME API version of module 'PythonFactory' matches current internal version (3.8 20150716)
2015-10-05 08:46:07|   0.2|  0.0|INFORM|Python version 2.7 loaded successfully
2015-10-05 08:46:07|   0.2|  0.0|INFORM|Adding folder `C:\DATA\Standardisering\NVDBGML\FME\' to the python path
2015-10-05 08:46:07|   0.2|  0.0|INFORM|Loaded module 'InlineQueryFactory' from file 'C:\Program Files\FME2016\64\plugins/InlineQueryFactory.dll'
2015-10-05 08:46:07|   0.2|  0.0|INFORM|FME API version of module 'InlineQueryFactory' matches current internal version (3.8 20150716)
2015-10-05 08:46:07|   0.2|  0.0|INFORM|FME API version of module 'GQueryFactory' matches current internal version (3.8 20150716)
2015-10-05 08:46:07|   0.2|  0.0|INFORM|FME API version of module 'PythonFactory' matches current internal version (3.8 20150716)
2015-10-05 08:46:07|   0.2|  0.0|INFORM|Emptying factory pipeline
2015-10-05 08:46:07|   0.3|  0.1|INFORM|Creating writer for format: GML (Geography Markup Language)
2015-10-05 08:46:07|   0.3|  0.0|INFORM|Trying to find a DYNAMIC plugin for writer named `GML'
2015-10-05 08:46:07|   0.3|  0.0|INFORM|Loaded module 'GML' from file 'C:\Program Files\FME2016\64\plugins/GML.dll'
2015-10-05 08:46:07|   0.3|  0.0|INFORM|FME API version of module 'GML' matches current internal version (3.8 20150716)
2015-10-05 08:46:07|   0.3|  0.0|INFORM|FME Configuration: No destination coordinate system set
2015-10-05 08:46:07|   0.3|  0.0|INFORM|FME API version of module 'GML' matches current internal version (3.8 20150716)
2015-10-05 08:46:07|   0.3|  0.0|INFORM|Writer `GML_1' of type `GML' using group definition keyword `GML_1_DEF'
2015-10-05 08:46:07|   0.3|  0.0|INFORM|FME API version of module 'GML' matches current internal version (3.8 20150716)
2015-10-05 08:46:07|   0.4|  0.0|INFORM|<GML_1 Writer> - Using GML 'GENERIC_APPLICATION_SCHEMA' profile writer
2015-10-05 08:46:07|   0.4|  0.0|INFORM|The uri-map document 'C:\Program Files\FME2016\64\xml\urimap\gml_aixm.xml' is being used to map from URI to URI
2015-10-05 08:46:07|   0.4|  0.0|INFORM|The uri-map document 'C:\Program Files\FME2016\64\xml\urimap\gml_citygml.xml' is being used to map from URI to URI
2015-10-05 08:46:07|   0.4|  0.0|INFORM|The uri-map document 'C:\Program Files\FME2016\64\xml\urimap\gml_inspire.xml' is being used to map from URI to URI
2015-10-05 08:46:07|   0.4|  0.0|INFORM|The uri-map document 'C:\Program Files\FME2016\64\xml\urimap\gml_urimap.xml' is being used to map from URI to URI
2015-10-05 08:46:07|   0.4|  0.0|INFORM|URI 'file:///C:/DATA/Standardisering/NVDBGML/XSD/Vegnett/vegnett.xsd' mapped to 'file:///C:/DATA/Standardisering/NVDBGML/XSD/Vegnett/vegnett.xsd'
2015-10-05 08:46:07|   0.4|  0.0|INFORM|Parsing schema document 'file:///C:/DATA/Standardisering/NVDBGML/XSD/Vegnett/vegnett.xsd' ...
2015-10-05 08:46:07|   0.4|  0.0|INFORM|<GML_1 Writer> - Map Embedded Object as: 'ATTRIBUTES'
2015-10-05 08:46:07|   0.4|  0.0|INFORM|<GML_1 Writer> - Map Predefined Properties: 'NO'
2015-10-05 08:46:07|   0.4|  0.0|INFORM|<GML_1 Writer> - Map All Substitutable Properties: 'YES'
2015-10-05 08:46:07|   0.4|  0.0|INFORM|<GML_1 Writer> - Map Complex Properties as: 'NESTED_ATTRIBUTES'
2015-10-05 08:46:07|   0.4|  0.0|INFORM|<GML_1 Writer> - Add XML Namespace Prefix to: 'UNSET'
2015-10-05 08:46:07|   0.4|  0.0|INFORM|<GML_1 Writer> - Limit Number of Lists in Nested Attributes: 'UNSET'
2015-10-05 08:46:07|   0.4|  0.0|INFORM|Using XSD semantics configuration file 'file:///C:/Program Files/FME2016/64/xml/gml_v3.2/gml_config.xml'.
2015-10-05 08:46:07|   0.5|  0.1|INFORM|<GML_1 Writer> - Calculating dataset bounding box, please wait...
2015-10-05 08:46:07|   0.6|  0.1|INFORM|Creating reader for format: Esri Geodatabase (File Geodb ArcObjects)
2015-10-05 08:46:07|   0.6|  0.0|INFORM|Trying to find a DYNAMIC plugin for reader named `GEODATABASE_FILE'
2015-10-05 08:46:07|   0.6|  0.0|INFORM|Loaded module 'GEODATABASE_FILE' from file 'C:\Program Files\FME2016\64\GEODATABASE9.dll'
2015-10-05 08:46:07|   0.6|  0.0|INFORM|FME API version of module 'GEODATABASE_FILE' matches current internal version (3.8 20150716)
2015-10-05 08:46:07|   0.6|  0.0|INFORM|Performing query against GEODATABASE_FILE dataset `K:\Vektor\00\23-N250\00\EsriGDB\N250.gdb'
2015-10-05 08:46:07|   0.6|  0.0|INFORM|Opening the Geodatabase reader
2015-10-05 08:46:08|   1.2|  0.5|INFORM|FME has checked out an Esri license. The product checked out is 'ArcInfo'
2015-10-05 08:46:08|   1.2|  0.0|INFORM|Installed ArcGIS version is '10.2'
2015-10-05 08:46:08|   1.3|  0.1|INFORM|Connected to the File Geodatabase at 'K:\Vektor\00\23-N250\00\EsriGDB\N250.gdb'
2015-10-05 08:46:08|   1.3|  0.0|INFORM|File Geodatabase release: '10.0'
2015-10-05 08:46:08|   1.3|  0.0|INFORM|R_1 Reader: Using Enhanced geometry
2015-10-05 08:46:08|   1.3|  0.0|INFORM|All relationship information will be ignored. As a result, simple relationships will not be read, and attributed relationships will be read as tables
2015-10-05 08:46:09|   1.4|  0.1|INFORM|The OGC definition of the FME coordinate system 'UTM84-33N' is 'PROJCS["WGS_1984_UTM_Zone_33N",GEOGCS["GCS_WGS_1984",DATUM["D_WGS_1984",SPHEROID["WGS_1984",6378137.0,298.257223563]],PRIMEM["Greenwich",0.0],UNIT["Degree",0.0174532925199433]],PROJECTION["Transverse_Mercator"],PARAMETER["False_Easting",500000.0],PARAMETER["False_Northing",0.0],PARAMETER["Central_Meridian",15.0],PARAMETER["Scale_Factor",0.9996],PARAMETER["Latitude_Of_Origin",0.0],UNIT["Meter",1.0]]'
2015-10-05 08:46:09|   1.4|  0.0|INFORM|Reading table/feature class 'N250_AdminFlate'
2015-10-05 08:46:09|   1.5|  0.0|INFORM|FME Configuration: Source coordinate system for reader R_1[GEODATABASE_FILE] set to `UTM84-33N' as read from input data
2015-10-05 08:46:09|   1.5|  0.0|INFORM|Coordinate System `UTM84-33N' parameters: CS_NAME=`UTM84-33N' DESC_NM=`UTM-WGS 1984 datum, Zone 33 North, Meter; Cent. Meridian 15d E' DT_NAME=`WGS84' GROUP=`UTMN' MAP_SCL=`1' MAX_LAT=`90' MAX_LNG=`18.75' MIN_LAT=`-8.4' MIN_LNG=`11.25' PARM1=`15' PROJ=`TM' QUAD=`1' SCL_RED=`0.9996' SOURCE=`Snyder, J.P, 1987, Map Projections - A Working Manual' UNIT=`METER' X_OFF=`500000.0' Y_OFF=`0.0' 
2015-10-05 08:46:09|   1.5|  0.0|STATS |Creator_2_XML_Creator(CreationFactory): Created 1 features
2015-10-05 08:46:09|   1.5|  0.0|STATS |Creator_2_Cloner(TeeFactory): Cloned 1 input feature(s) into 1 output feature(s)
2015-10-05 08:46:09|   1.5|  0.0|STATS |Creator_2_CREATED Feature Counter -1 63(TeeFactory): Cloned 1 input feature(s) into 1 output feature(s)
2015-10-05 08:46:09|   1.5|  0.0|STATS |AttributeCreator_3 OUTPUT Splitter(TeeFactory): Cloned 1 input feature(s) into 2 output feature(s)
2015-10-05 08:46:09|   1.5|  0.0|STATS |AttributeCreator_3_OUTPUT_0_kOM1Bcf6Tmc= Feature Counter -1 76(TeeFactory): Cloned 1 input feature(s) into 1 output feature(s)
2015-10-05 08:46:09|   1.5|  0.0|STATS |AttributeCreator_3_OUTPUT_1_kOM1Bcf6Tmc= Feature Counter -1 64(TeeFactory): Cloned 1 input feature(s) into 1 output feature(s)
2015-10-05 08:46:09|   1.5|  0.0|STATS |AttributeRenamer_OUTPUT Feature Counter -1 66(TeeFactory): Cloned 1 input feature(s) into 1 output feature(s)
2015-10-05 08:46:09|   1.5|  0.0|STATS |StringConcatenator_6(TeeFactory): Cloned 1 input feature(s) into 1 output feature(s)
2015-10-05 08:46:09|   1.5|  0.0|STATS |StringConcatenator_6_OUTPUT Feature Counter -1 57(TeeFactory): Cloned 1 input feature(s) into 1 output feature(s)
2015-10-05 08:46:09|   1.5|  0.0|STATS |StringConcatenator(TeeFactory): Cloned 1 input feature(s) into 1 output feature(s)
2015-10-05 08:46:09|   1.5|  0.0|STATS |StringConcatenator_OUTPUT Feature Counter -1 59(TeeFactory): Cloned 1 input feature(s) into 1 output feature(s)
2015-10-05 08:46:09|   1.5|  0.0|INFORM|Closing the Geodatabase reader
2015-10-05 08:46:09|   1.5|  0.0|STATS |FeatureReader_N250_AdminFlate Feature Counter -1 28(TeeFactory): Cloned 1 input feature(s) into 1 output feature(s)
2015-10-05 08:46:09|   1.5|  0.0|STATS |FeatureReader_<REJECTED> Feature Counter -1 2147876868(TeeFactory): Cloned 0 input feature(s) into 0 output feature(s)
2015-10-05 08:46:09|   1.5|  0.0|STATS |Dissolver(PolygonDissolveFactory_base_factory): Dissolving 1 input polygon(s) across 1 group(s)
2015-10-05 08:46:09|   1.5|  0.0|INFORM|Dissolver(PolygonDissolveFactory_base_factory): If the input dataset is large or complex, the dissolver could run for extended periods of time without logging
2015-10-05 08:46:09|   1.5|  0.0|INFORM|Creating reader for format: Esri Geodatabase (ArcSDE Geodb)
2015-10-05 08:46:09|   1.5|  0.0|INFORM|Trying to find a DYNAMIC plugin for reader named `GEODATABASE_SDE'
2015-10-05 08:46:09|   1.5|  0.0|INFORM|Loaded module 'GEODATABASE_SDE' from file 'C:\Program Files\FME2016\64\GEODATABASE9.dll'
2015-10-05 08:46:09|   1.5|  0.0|INFORM|FME API version of module 'GEODATABASE_SDE' matches current internal version (3.8 20150716)
2015-10-05 08:46:09|   1.5|  0.0|INFORM|Performing query against GEODATABASE_SDE dataset `<Unused>'
2015-10-05 08:46:09|   1.5|  0.0|INFORM|Notice - reader format `GEODATABASE_SDE' does not support querying by spatial predicate, but supports envelope queries.  FME will create equivalent results by performing spatial predicate calculations locally.  Performance should not be affected.
2015-10-05 08:46:09|   1.5|  0.0|INFORM|Opening the Geodatabase reader
2015-10-05 08:46:09|   1.5|  0.0|INFORM|An ArcGIS license is already checked out. The product checked out is 'Advanced'
2015-10-05 08:46:09|   1.5|  0.0|INFORM|Installed ArcGIS version is '10.2'
2015-10-05 08:46:09|   1.5|  0.0|INFORM|Connection made to server 'svvkartp.vegvesen.no' for dataset '' (transactional version 'sde.DEFAULT') using instance '5156' and user ID 'sde_tne_read'
2015-10-05 08:46:09|   1.5|  0.0|INFORM|ArcSDE release: '9.3'. Underlying database: 'Oracle'
2015-10-05 08:46:09|   1.5|  0.0|INFORM|R_2 Reader: Using Enhanced geometry
2015-10-05 08:46:09|   1.5|  0.0|INFORM|Multipatch texture caching has been disabled
2015-10-05 08:46:09|   1.5|  0.0|INFORM|The minimum (x,y) and maximum (x,y) bounds, respectively, of the search envelope being used are: (189494.49, 6808692.33) , (245934.52, 6874435.04)
2015-10-05 08:46:10|   1.5|  0.0|INFORM|The OGC definition of the FME coordinate system 'ETRS89.UTM-33N' is 'PROJCS["ETRS_1989_UTM_Zone_33N",GEOGCS["GCS_ETRS_1989",DATUM["D_ETRS_1989",SPHEROID["GRS_1980",6378137.0,298.257222101]],PRIMEM["Greenwich",0.0],UNIT["Degree",0.0174532925199433]],PROJECTION["Transverse_Mercator"],PARAMETER["False_Easting",500000.0],PARAMETER["False_Northing",0.0],PARAMETER["Central_Meridian",15.0],PARAMETER["Scale_Factor",0.9996],PARAMETER["Latitude_Of_Origin",0.0],UNIT["Meter",1.0]]'
2015-10-05 08:46:10|   1.5|  0.0|INFORM|Reading table/feature class 'SDE_TNE.TNE_RefLink'
2015-10-05 08:46:10|   1.5|  0.0|INFORM|FME Configuration: Source coordinate system for reader R_2[GEODATABASE_SDE] set to `ETRS89.UTM-33N' as read from input data
2015-10-05 08:46:10|   1.5|  0.0|INFORM|Coordinate System `ETRS89.UTM-33N' parameters: CS_NAME=`ETRS89.UTM-33N' DESC_NM=`Transverse Mercator (ETRS89-TM33)' DT_NAME=`ETRS89/01' GROUP=`UTMN' MAP_SCL=`1' MAX_LAT=`84.5' MAX_LNG=`22.1333333333333' MIN_LAT=`31.05' MIN_LNG=`10.8833333333333' PARM1=`15' PROJ=`TM' QUAD=`1' SCL_RED=`0.9996' SOURCE=`EPSG, V6.3, 25833 [Large and medium scale topographic mappi]' UNIT=`Meter' X_OFF=`500000' Y_OFF=`0.0' ZERO_X=`0.0001' ZERO_Y=`0.0001' 
2015-10-05 08:46:14|   4.3|  2.7|INFORM|QueryFactory_SpatialFilterFactory::SpatialFilter(SpatialFilterFactory): Processed 'Candidate' 9632
2015-10-05 08:46:16|   5.8|  1.5|INFORM|Creating reader for format: Esri Geodatabase (ArcSDE Geodb)
2015-10-05 08:46:16|   5.8|  0.0|INFORM|Trying to find a DYNAMIC plugin for reader named `GEODATABASE_SDE'
2015-10-05 08:46:16|   5.8|  0.0|INFORM|FME API version of module 'GEODATABASE_SDE' matches current internal version (3.8 20150716)
2015-10-05 08:46:16|   5.8|  0.0|INFORM|Performing query against GEODATABASE_SDE dataset `<Unused>'
2015-10-05 08:46:16|   5.8|  0.0|INFORM|Notice - reader format `GEODATABASE_SDE' does not support querying by spatial predicate, but supports envelope queries.  FME will create equivalent results by performing spatial predicate calculations locally.  Performance should not be affected.
2015-10-05 08:46:16|   5.8|  0.0|INFORM|Opening the Geodatabase reader
2015-10-05 08:46:16|   5.8|  0.0|INFORM|An ArcGIS license is already checked out. The product checked out is 'Advanced'
2015-10-05 08:46:16|   5.8|  0.0|INFORM|Installed ArcGIS version is '10.2'
2015-10-05 08:46:16|   5.8|  0.0|INFORM|Connection made to server 'svvkartp.vegvesen.no' for dataset '' (transactional version 'sde.DEFAULT') using instance '5156' and user ID 'sde_tne_read'
2015-10-05 08:46:16|   5.8|  0.0|INFORM|ArcSDE release: '9.3'. Underlying database: 'Oracle'
2015-10-05 08:46:16|   5.8|  0.0|INFORM|R_3 Reader: Using Enhanced geometry
2015-10-05 08:46:16|   5.8|  0.0|INFORM|Multipatch texture caching has been disabled
2015-10-05 08:46:16|   5.8|  0.0|INFORM|The minimum (x,y) and maximum (x,y) bounds, respectively, of the search envelope being used are: (189494.49, 6808692.33) , (245934.52, 6874435.04)
2015-10-05 08:46:16|   5.8|  0.0|INFORM|Reading table/feature class 'SDE_TNE.TNE_CurveSegment'
2015-10-05 08:46:16|   5.9|  0.0|INFORM|FME Configuration: Source coordinate system for reader R_3[GEODATABASE_SDE] set to `ETRS89.UTM-33N' as read from input data
2015-10-05 08:46:16|   5.9|  0.0|INFORM|Coordinate System `ETRS89.UTM-33N' parameters: CS_NAME=`ETRS89.UTM-33N' DESC_NM=`Transverse Mercator (ETRS89-TM33)' DT_NAME=`ETRS89/01' GROUP=`UTMN' MAP_SCL=`1' MAX_LAT=`84.5' MAX_LNG=`22.1333333333333' MIN_LAT=`31.05' MIN_LNG=`10.8833333333333' PARM1=`15' PROJ=`TM' QUAD=`1' SCL_RED=`0.9996' SOURCE=`EPSG, V6.3, 25833 [Large and medium scale topographic mappi]' UNIT=`Meter' X_OFF=`500000' Y_OFF=`0.0' ZERO_X=`0.0001' ZERO_Y=`0.0001' 
2015-10-05 08:46:21|   8.8|  3.0|INFORM|QueryFactory_SpatialFilterFactory::SpatialFilter(SpatialFilterFactory): Processed 'Candidate' 15031
2015-10-05 08:46:24|  10.5|  1.7|INFORM|Reading table/feature class 'SDE_TNE.TNE_RefLinkPart'
2015-10-05 08:46:26|  12.1|  1.6|INFORM|QueryFactory_SpatialFilterFactory::SpatialFilter(SpatialFilterFactory): Processed 'Candidate' 29767
2015-10-05 08:46:31|  16.2|  4.2|INFORM|QueryFactory_SpatialFilterFactory::SpatialFilter(SpatialFilterFactory): Processed 'Candidate' 43942
2015-10-05 08:46:32|  17.0|  0.8|INFORM|Reading table/feature class 'SDE_TNE.TNE_RefNode'
2015-10-05 08:46:34|  18.4|  1.4|STATS |Dissolver(PolygonDissolveFactory_base_factory): Completed polygon dissolve on all groups
2015-10-05 08:46:34|  18.4|  0.0|STATS |Dissolver_AREA Feature Counter -1 7(TeeFactory): Cloned 1 input feature(s) into 1 output feature(s)
2015-10-05 08:46:34|  18.4|  0.0|STATS |Dissolver_<REJECTED> Feature Counter -1 2147745793(TeeFactory): Cloned 0 input feature(s) into 0 output feature(s)
2015-10-05 08:46:34|  18.4|  0.0|STATS |DonutHoleExtractor(DonutHoleFactory): Split 0 hole(s) from 1 input feature(s)
2015-10-05 08:46:34|  18.4|  0.0|STATS |DonutHoleExtractor OUTERSHELL Splitter(TeeFactory): Cloned 1 input feature(s) into 2 output feature(s)
2015-10-05 08:46:34|  18.4|  0.0|STATS |DonutHoleExtractor_OUTERSHELL_0_6/R/lAJiCM4= Feature Counter -1 73(TeeFactory): Cloned 1 input feature(s) into 1 output feature(s)
2015-10-05 08:46:34|  18.4|  0.0|STATS |DonutHoleExtractor_OUTERSHELL_1_6/R/lAJiCM4= Feature Counter -1 68(TeeFactory): Cloned 1 input feature(s) into 1 output feature(s)
2015-10-05 08:46:34|  18.4|  0.0|INFORM|Closing the Geodatabase reader
2015-10-05 08:46:34|  18.4|  0.0|STATS |FeatureReader_3_SDE_TNE.TNE_RefLink Feature Counter -1 71(TeeFactory): Cloned 2691 input feature(s) into 2691 output feature(s)
2015-10-05 08:46:34|  18.4|  0.0|STATS |FeatureReader_3_<REJECTED> Feature Counter -1 2147876925(TeeFactory): Cloned 0 input feature(s) into 0 output feature(s)
2015-10-05 08:46:34|  18.4|  0.0|STATS |AttributeCreator_5_OUTPUT Feature Counter -1 77(TeeFactory): Cloned 2691 input feature(s) into 2691 output feature(s)
2015-10-05 08:46:34|  18.4|  0.0|INFORM|Closing the Geodatabase reader
2015-10-05 08:46:34|  18.4|  0.0|STATS |FeatureReader_2_SDE_TNE.TNE_CurveSegment Feature Counter -1 49(TeeFactory): Cloned 4023 input feature(s) into 4023 output feature(s)
2015-10-05 08:46:34|  18.4|  0.0|STATS |FeatureReader_2_SDE_TNE.TNE_RefLinkPart Feature Counter -1 20(TeeFactory): Cloned 4024 input feature(s) into 4024 output feature(s)
2015-10-05 08:46:34|  18.4|  0.0|STATS |FeatureReader_2_SDE_TNE.TNE_RefNode Feature Counter -1 33(TeeFactory): Cloned 3463 input feature(s) into 3463 output feature(s)
2015-10-05 08:46:34|  18.4|  0.0|STATS |FeatureReader_2_<REJECTED> Feature Counter -1 2148007947(TeeFactory): Cloned 0 input feature(s) into 0 output feature(s)
2015-10-05 08:46:34|  18.4|  0.0|STATS |CoordinateRounder(TeeFactory): Cloned 3463 input feature(s) into 3463 output feature(s)
2015-10-05 08:46:34|  18.4|  0.0|STATS |CoordinateRounder_ROUNDED Feature Counter -1 36(TeeFactory): Cloned 3463 input feature(s) into 3463 output feature(s)
2015-10-05 08:46:34|  18.4|  0.0|STATS |GeometryPropertySetter_Outputter(TeeFactory): Cloned 3463 input feature(s) into 3463 output feature(s)
2015-10-05 08:46:34|  18.4|  0.0|STATS |GeometryPropertySetter_SET Feature Counter -1 38(TeeFactory): Cloned 3463 input feature(s) into 3463 output feature(s)
2015-10-05 08:46:34|  18.4|  0.0|STATS |AttributeCreator_OUTPUT Feature Counter -1 39(TeeFactory): Cloned 3463 input feature(s) into 3463 output feature(s)
2015-10-05 08:46:34|  18.4|  0.0|INFORM|Optional `close' method not present; not called
2015-10-05 08:46:34|  18.4|  0.0|STATS |PythonCaller_3_OUTPUT Feature Counter -1 14(TeeFactory): Cloned 4024 input feature(s) into 4024 output feature(s)
2015-10-05 08:46:34|  18.4|  0.0|STATS |TestFilter_4(TeeFactory): Cloned 4024 input feature(s) into 4024 output feature(s)
2015-10-05 08:46:34|  18.4|  0.0|STATS |TestFilter_4_TestFactory_0(TestFactory): Tested 4024 input feature(s) -- 4002 feature(s) passed and 22 feature(s) failed
2015-10-05 08:46:34|  18.4|  0.0|STATS |TestFilter_4_<lt>UNFILTERED<gt>(TeeFactory): Cloned 22 input feature(s) into 22 output feature(s)
2015-10-05 08:46:34|  18.4|  0.0|STATS |TestFilter_4 <lt>UNFILTERED<gt> Output Nuker(TeeFactory): Cloned 22 input feature(s) into 0 output feature(s)
2015-10-05 08:46:34|  18.4|  0.0|STATS |TestFilter_4_TOPOLEVEL Feature Counter -1 48(TeeFactory): Cloned 4002 input feature(s) into 4002 output feature(s)
2015-10-05 08:46:34|  18.4|  0.0|INFORM|InlineQuerier(InlineQueryFactory): Generating output 'RefLinkPartExtended' using query 'SELECT DISTINCT * FROM RefLinkPart
INNER JOIN CurveSegment ON RefLinkPart.REFLINK_OID = CurveSegment.REFLINK_OID
WHERE (RefLinkPart.FROM_MEASURE < CurveSegment.TO_MEASURE AND RefLinkPart.TO_MEASURE > CurveSegment.FROM_MEASURE) '
2015-10-05 08:46:36|  20.6|  2.2|INFORM|InlineQuerier(InlineQueryFactory): Wrote 5462 features to output 'RefLinkPartExtended'
2015-10-05 08:46:36|  20.6|  0.0|STATS |InlineQuerier_RefLinkPartExtended Feature Counter -1 45(TeeFactory): Cloned 5462 input feature(s) into 5462 output feature(s)
2015-10-05 08:46:36|  20.6|  0.0|STATS |DuplicateRemover(TestFactory): Tested 5462 input feature(s) -- 1460 feature(s) passed and 4002 feature(s) failed
2015-10-05 08:46:36|  20.6|  0.0|STATS |DuplicateRemover_UNIQUE Feature Counter -1 94(TeeFactory): Cloned 4002 input feature(s) into 4002 output feature(s)
2015-10-05 08:46:36|  20.6|  0.0|STATS |GeometryPropertySetter_2_Outputter(TeeFactory): Cloned 4002 input feature(s) into 4002 output feature(s)
2015-10-05 08:46:36|  20.6|  0.0|STATS |GeometryPropertySetter_2_SET Feature Counter -1 92(TeeFactory): Cloned 4002 input feature(s) into 4002 output feature(s)
2015-10-05 08:46:36|  20.6|  0.0|STATS |CoordinateRounder_2(TeeFactory): Cloned 4002 input feature(s) into 4002 output feature(s)
2015-10-05 08:46:36|  20.6|  0.0|STATS |CoordinateRounder_2_ROUNDED Feature Counter -1 93(TeeFactory): Cloned 4002 input feature(s) into 4002 output feature(s)
2015-10-05 08:46:36|  20.6|  0.0|STATS |AttributeCreator_2 OUTPUT Splitter(TeeFactory): Cloned 4002 input feature(s) into 8004 output feature(s)
2015-10-05 08:46:36|  20.6|  0.0|STATS |AttributeCreator_2_OUTPUT_0_KpUyI6tMDVI= Feature Counter -1 80(TeeFactory): Cloned 4002 input feature(s) into 4002 output feature(s)
2015-10-05 08:46:36|  20.6|  0.0|STATS |AttributeCreator_2_OUTPUT_1_KpUyI6tMDVI= Feature Counter -1 85(TeeFactory): Cloned 4002 input feature(s) into 4002 output feature(s)
2015-10-05 08:46:36|  20.6|  0.0|STATS |StringConcatenator_3(TeeFactory): Cloned 4002 input feature(s) into 4002 output feature(s)
2015-10-05 08:46:36|  20.6|  0.0|STATS |StringConcatenator_3_OUTPUT Feature Counter -1 114(TeeFactory): Cloned 4002 input feature(s) into 4002 output feature(s)
2015-10-05 08:46:36|  20.6|  0.0|INFORM|Optional `close' method not present; not called
2015-10-05 08:46:36|  20.6|  0.0|STATS |PythonCaller_OUTPUT Feature Counter -1 105(TeeFactory): Cloned 4002 input feature(s) into 4002 output feature(s)
2015-10-05 08:46:36|  20.6|  0.0|STATS |AttributeRenamer_2(TeeFactory): Cloned 4002 input feature(s) into 4002 output feature(s)
2015-10-05 08:46:36|  20.6|  0.0|STATS |AttributeRenamer_2_OUTPUT Feature Counter -1 117(TeeFactory): Cloned 4002 input feature(s) into 4002 output feature(s)
2015-10-05 08:46:36|  20.6|  0.0|STATS |AttributeValueMapper_3(TeeFactory): Cloned 4002 input feature(s) into 4002 output feature(s)
2015-10-05 08:46:36|  20.6|  0.0|STATS |AttributeValueMapper_3_OUTPUT Feature Counter -1 106(TeeFactory): Cloned 4002 input feature(s) into 4002 output feature(s)
2015-10-05 08:46:36|  20.6|  0.0|STATS |AttributeCopier(TeeFactory): Cloned 4002 input feature(s) into 4002 output feature(s)
2015-10-05 08:46:36|  20.6|  0.0|STATS |AttributeCopier_OUTPUT Feature Counter -1 107(TeeFactory): Cloned 4002 input feature(s) into 4002 output feature(s)
2015-10-05 08:46:36|  20.6|  0.0|STATS |AttributeValueMapper(TeeFactory): Cloned 4002 input feature(s) into 4002 output feature(s)
2015-10-05 08:46:36|  20.6|  0.0|STATS |AttributeValueMapper_OUTPUT Feature Counter -1 104(TeeFactory): Cloned 4002 input feature(s) into 4002 output feature(s)
2015-10-05 08:46:36|  20.6|  0.0|STATS |AttributeValueMapper_2(TeeFactory): Cloned 4002 input feature(s) into 4002 output feature(s)
2015-10-05 08:46:36|  20.6|  0.0|STATS |AttributeValueMapper_2_OUTPUT Feature Counter -1 118(TeeFactory): Cloned 4002 input feature(s) into 4002 output feature(s)
2015-10-05 08:46:36|  20.6|  0.0|STATS |NullAttributeMapper(TeeFactory): Cloned 4002 input feature(s) into 4002 output feature(s)
2015-10-05 08:46:36|  20.6|  0.0|STATS |NullAttributeMapper OUTPUT Splitter(TeeFactory): Cloned 4002 input feature(s) into 8004 output feature(s)
2015-10-05 08:46:36|  20.6|  0.0|STATS |NullAttributeMapper_OUTPUT_0_VP6m0XjJS8Y= Feature Counter -1 120(TeeFactory): Cloned 4002 input feature(s) into 4002 output feature(s)
2015-10-05 08:46:36|  20.6|  0.0|STATS |NullAttributeMapper_OUTPUT_1_VP6m0XjJS8Y= Feature Counter -1 119(TeeFactory): Cloned 4002 input feature(s) into 4002 output feature(s)
2015-10-05 08:46:36|  20.6|  0.0|STATS |AttributeValueMapper_2_Output (Disabled) Nuker(TeeFactory): Cloned 4002 input feature(s) into 0 output feature(s)
2015-10-05 08:46:36|  20.6|  0.0|STATS |StringConcatenator_2(TeeFactory): Cloned 4002 input feature(s) into 4002 output feature(s)
2015-10-05 08:46:36|  20.6|  0.0|STATS |StringConcatenator_2_OUTPUT Feature Counter -1 82(TeeFactory): Cloned 4002 input feature(s) into 4002 output feature(s)
2015-10-05 08:46:36|  20.6|  0.0|STATS |AttributeKeeper(TeeFactory): Cloned 4002 input feature(s) into 4002 output feature(s)
2015-10-05 08:46:36|  20.6|  0.0|STATS |AttributeKeeper_OUTPUT Feature Counter -1 83(TeeFactory): Cloned 4002 input feature(s) into 4002 output feature(s)
2015-10-05 08:46:36|  20.8|  0.2|STATS |FeatureMerger(ReferenceFactory): Total Results: 2539 Complete Feature(s), 0 Incomplete Feature(s), 0 Referenced Feature(s), 0 Unreferenced Feature(s), 0 Referencer Feature(s) (NO REFERENCES), 0 Referencee Feature(s) (NO Referencee fields defined), and 0 Duplicate Referencee Feature(s)
2015-10-05 08:46:36|  20.8|  0.0|STATS |FeatureMerger_MERGED Feature Counter -1 78(TeeFactory): Cloned 2539 input feature(s) into 2539 output feature(s)
2015-10-05 08:46:36|  20.8|  0.0|STATS |Destination Feature Type Routing Correlator(RoutingFactory): Tested 10005 input feature(s), wrote 10005 output feature(s): 0 matched merge filters, 10005 were routed to output, 0 could not be routed.
2015-10-05 08:46:36|  20.8|  0.0|STATS |Final Output Nuker(TeeFactory): Cloned 0 input feature(s) into 0 output feature(s)
2015-10-05 08:46:36|  20.8|  0.0|INFORM|=-=-=-=-=-=-=-=-=-=-=-=-=-=-=-=-=-=-=-=-=-=-=-=-=-=-=-=-=-=-=-=-=-=-=-=-=-=-=-
2015-10-05 08:46:36|  20.8|  0.0|INFORM|Feature output statistics for `FFS' writer using keyword `W_1':
2015-10-05 08:46:36|  20.8|  0.0|STATS |=-=-=-=-=-=-=-=-=-=-=-=-=-=-=-=-=-=-=-=-=-=-=-=-=-=-=-=-=-=-=-=-=-=-=-=-=-=-=-
2015-10-05 08:46:36|  20.8|  0.0|STATS |                               Features Written
2015-10-05 08:46:36|  20.8|  0.0|STATS |=-=-=-=-=-=-=-=-=-=-=-=-=-=-=-=-=-=-=-=-=-=-=-=-=-=-=-=-=-=-=-=-=-=-=-=-=-=-=-
2015-10-05 08:46:36|  20.8|  0.0|STATS |==============================================================================
2015-10-05 08:46:36|  20.8|  0.0|STATS |Total Features Written                                                       0
2015-10-05 08:46:36|  20.8|  0.0|STATS |=-=-=-=-=-=-=-=-=-=-=-=-=-=-=-=-=-=-=-=-=-=-=-=-=-=-=-=-=-=-=-=-=-=-=-=-=-=-=-
2015-10-05 08:46:36|  20.8|  0.0|INFORM|<GML_1 Writer> - Writing the GML document 'C:\DATA\Standardisering\NVDBGML\GML\Vegnettstest.gml'
2015-10-05 08:46:39|  23.3|  2.5|INFORM|=-=-=-=-=-=-=-=-=-=-=-=-=-=-=-=-=-=-=-=-=-=-=-=-=-=-=-=-=-=-=-=-=-=-=-=-=-=-=-
2015-10-05 08:46:39|  23.3|  0.0|INFORM|Feature output statistics for `GML' writer using keyword `GML_1':
2015-10-05 08:46:39|  23.3|  0.0|STATS |=-=-=-=-=-=-=-=-=-=-=-=-=-=-=-=-=-=-=-=-=-=-=-=-=-=-=-=-=-=-=-=-=-=-=-=-=-=-=-
2015-10-05 08:46:39|  23.3|  0.0|STATS |                               Features Written
2015-10-05 08:46:39|  23.3|  0.0|STATS |=-=-=-=-=-=-=-=-=-=-=-=-=-=-=-=-=-=-=-=-=-=-=-=-=-=-=-=-=-=-=-=-=-=-=-=-=-=-=-
2015-10-05 08:46:39|  23.3|  0.0|STATS |Nettverk                                                                     1
2015-10-05 08:46:39|  23.3|  0.0|STATS |Veglenke                                                                  4002
2015-10-05 08:46:39|  23.3|  0.0|STATS |Veglenkesekvens                                                           2539
2015-10-05 08:46:39|  23.3|  0.0|STATS |Vegnode                                                                   3463
2015-10-05 08:46:39|  23.3|  0.0|STATS |==============================================================================
2015-10-05 08:46:39|  23.3|  0.0|STATS |Total Features Written                                                   10005
2015-10-05 08:46:39|  23.3|  0.0|STATS |=-=-=-=-=-=-=-=-=-=-=-=-=-=-=-=-=-=-=-=-=-=-=-=-=-=-=-=-=-=-=-=-=-=-=-=-=-=-=-
2015-10-05 08:46:39|  23.3|  0.0|STATS |=-=-=-=-=-=-=-=-=-=-=-=-=-=-=-=-=-=-=-=-=-=-=-=-=-=-=-=-=-=-=-=-=-=-=-=-=-=-=-
2015-10-05 08:46:39|  23.3|  0.0|STATS |                            Features Read Summary
2015-10-05 08:46:39|  23.3|  0.0|STATS |=-=-=-=-=-=-=-=-=-=-=-=-=-=-=-=-=-=-=-=-=-=-=-=-=-=-=-=-=-=-=-=-=-=-=-=-=-=-=-
2015-10-05 08:46:39|  23.3|  0.0|STATS |==============================================================================
2015-10-05 08:46:39|  23.3|  0.0|STATS |Total Features Read                                                          0
2015-10-05 08:46:39|  23.3|  0.0|STATS |=-=-=-=-=-=-=-=-=-=-=-=-=-=-=-=-=-=-=-=-=-=-=-=-=-=-=-=-=-=-=-=-=-=-=-=-=-=-=-
2015-10-05 08:46:39|  23.3|  0.0|STATS |=-=-=-=-=-=-=-=-=-=-=-=-=-=-=-=-=-=-=-=-=-=-=-=-=-=-=-=-=-=-=-=-=-=-=-=-=-=-=-
2015-10-05 08:46:39|  23.3|  0.0|STATS |                           Features Written Summary
2015-10-05 08:46:39|  23.3|  0.0|STATS |=-=-=-=-=-=-=-=-=-=-=-=-=-=-=-=-=-=-=-=-=-=-=-=-=-=-=-=-=-=-=-=-=-=-=-=-=-=-=-
2015-10-05 08:46:39|  23.3|  0.0|STATS |Nettverk                                                                     1
2015-10-05 08:46:39|  23.3|  0.0|STATS |Veglenke                                                                  4002
2015-10-05 08:46:39|  23.3|  0.0|STATS |Veglenkesekvens                                                           2539
2015-10-05 08:46:39|  23.3|  0.0|STATS |Vegnode                                                                   3463
2015-10-05 08:46:39|  23.3|  0.0|STATS |==============================================================================
2015-10-05 08:46:39|  23.3|  0.0|STATS |Total Features Written                                                   10005
2015-10-05 08:46:39|  23.3|  0.0|STATS |=-=-=-=-=-=-=-=-=-=-=-=-=-=-=-=-=-=-=-=-=-=-=-=-=-=-=-=-=-=-=-=-=-=-=-=-=-=-=-
2015-10-05 08:46:39|  23.3|  0.0|INFORM|Translation was SUCCESSFUL with 0 warning(s) (10005 feature(s) output)
2015-10-05 08:46:39|  23.3|  0.0|INFORM|FME Session Duration: 32.7 seconds. (CPU: 22.5s user, 0.7s system)
2015-10-05 08:46:39|  23.3|  0.0|INFORM|END - ProcessID: 9316, peak process memory usage: 371912 kB, current process memory usage: 351000 kB
